Archive : test/unit_test_files/lib_stat/libftprintf32.a
test/unit_test_files/lib_stat/libftprintf32.a(ft_printf.o):
Contents of (__TEXT,__text) section
00000000	55 89 e5 83 ec 18 8b 45 08 89 45 f0 c7 45 ec 00 
00000010	00 00 00 e9 b0 00 00 00 8b 45 f0 0f b6 00 3c 25 
00000020	75 6f 8b 45 10 8d 50 ff 89 55 10 85 c0 7e 62 8b 
00000030	45 f0 83 c0 01 89 45 f0 83 ec 0c 8d 45 f0 50 e8 
00000040	bc ff ff ff 83 c4 10 89 45 f4 83 7d f4 00 74 22 
00000050	8b 45 f0 50 ff 75 0c ff 75 f4 8d 45 ec 50 e8 9d 
00000060	ff ff ff 83 c4 10 83 f8 01 74 07 b8 ff ff ff ff 
00000070	eb 67 83 7d f4 00 75 09 8b 45 0c 83 c0 04 89 45 
00000080	0c 83 ec 0c ff 75 f4 e8 74 ff ff ff 83 c4 10 eb 
00000090	25 8b 45 f0 0f b6 00 3c 25 74 1b 8b 45 f0 83 ec 
000000a0	04 6a 01 50 6a 01 e8 55 ff ff ff 83 c4 10 8b 55 
000000b0	ec 01 d0 89 45 ec 8b 45 f0 8d 50 01 89 55 f0 0f 
000000c0	b6 00 84 c0 75 02 eb 0e 8b 45 f0 0f b6 00 84 c0 
000000d0	0f 85 42 ff ff ff 8b 45 ec c9 c3 55 89 e5 83 ec 
000000e0	18 8d 45 0c 89 45 ec 83 ec 08 8d 45 e8 50 ff 75 
000000f0	08 e8 0a ff ff ff 83 c4 10 89 45 f4 8b 45 e8 8b 
00000100	55 f4 29 c2 8b 45 ec 83 ec 04 52 50 ff 75 08 e8 
00000110	ec fe ff ff 83 c4 10 89 45 f0 8b 45 f0 c9 c3 
test/unit_test_files/lib_stat/libftprintf32.a(check_flag.o):
Contents of (__TEXT,__text) section
00000000	55 89 e5 83 ec 04 8b 45 08 88 45 fc 80 7d fc 63 
00000010	74 06 80 7d fc 43 75 07 b8 01 00 00 00 eb 05 b8 
00000020	00 00 00 00 c9 c3 55 89 e5 83 ec 04 8b 45 08 88 
00000030	45 fc 80 7d fc 64 74 06 80 7d fc 44 75 07 b8 01 
00000040	00 00 00 eb 05 b8 00 00 00 00 c9 c3 55 89 e5 83 
00000050	ec 04 8b 45 08 88 45 fc 80 7d fc 53 74 06 80 7d 
00000060	fc 73 75 07 b8 01 00 00 00 eb 05 b8 00 00 00 00 
00000070	c9 c3 55 89 e5 83 ec 04 8b 45 08 88 45 fc 80 7d 
00000080	fc 6f 74 06 80 7d fc 4f 75 07 b8 01 00 00 00 eb 
00000090	05 b8 00 00 00 00 c9 c3 55 89 e5 83 ec 04 8b 45 
000000a0	08 88 45 fc 80 7d fc 78 74 06 80 7d fc 58 75 07 
000000b0	b8 01 00 00 00 eb 05 b8 00 00 00 00 c9 c3 
test/unit_test_files/lib_stat/libftprintf32.a(check_more_flag.o):
Contents of (__TEXT,__text) section
00000000	55 89 e5 83 ec 04 8b 45 08 88 45 fc 80 7d fc 75 
00000010	74 06 80 7d fc 55 75 07 b8 01 00 00 00 eb 05 b8 
00000020	00 00 00 00 c9 c3 
test/unit_test_files/lib_stat/libftprintf32.a(attr.o):
Contents of (__TEXT,__text) section
00000000	55 89 e5 83 ec 08 8b 45 08 8b 40 14 85 c0 74 0a 
00000010	8b 45 08 c7 40 10 00 00 00 00 83 ec 0c ff 75 08 
00000020	e8 db ff ff ff 83 c4 10 85 c0 74 0a 8b 45 08 c7 
00000030	40 04 00 00 00 00 83 ec 0c ff 75 08 e8 bf ff ff 
00000040	ff 83 c4 10 85 c0 74 0a 8b 45 08 c7 40 08 00 00 
00000050	00 00 8b 45 08 0f b6 00 0f be c0 83 ec 0c 50 e8 
00000060	9c ff ff ff 83 c4 10 85 c0 75 14 8b 45 08 0f b6 
00000070	00 3c 69 74 0a 8b 45 08 c7 40 10 00 00 00 00 8b 
00000080	45 08 0f b6 00 3c 70 75 0a 8b 45 08 c7 40 04 01 
00000090	00 00 00 8b 45 08 0f b6 00 3c 70 75 0a 8b 45 08 
000000a0	c7 40 18 03 00 00 00 8b 45 08 8b 40 0c 85 c0 74 
000000b0	0a 8b 45 08 c7 40 08 00 00 00 00 83 ec 0c ff 75 
000000c0	08 e8 3a ff ff ff 83 c4 10 85 c0 74 0a 8b 45 08 
000000d0	c7 40 08 01 00 00 00 83 ec 0c ff 75 08 e8 1e ff 
000000e0	ff ff 83 c4 10 85 c0 74 0a 8b 45 08 c7 40 18 00 
000000f0	00 00 00 83 ec 0c ff 75 08 e8 02 ff ff ff 83 c4 
00000100	10 85 c0 74 0a 8b 45 08 c7 40 18 00 00 00 00 c9 
00000110	c3 55 89 e5 8b 45 0c 8b 00 0f b6 00 3c 2f 7e 78 
00000120	8b 45 0c 8b 00 0f b6 00 3c 39 7f 6c 83 7d 10 00 
00000130	74 66 8b 45 08 c7 00 00 00 00 00 eb 3c 8b 45 08 
00000140	8b 10 89 d0 c1 e0 02 01 d0 01 c0 89 c2 8b 45 08 
00000150	89 10 8b 45 08 8b 10 8b 45 0c 8b 00 0f b6 00 0f 
00000160	be c0 83 e8 30 01 c2 8b 45 08 89 10 8b 45 0c 8b 
00000170	00 8d 50 01 8b 45 0c 89 10 8b 45 0c 8b 00 0f b6 
00000180	00 3c 2f 7e 0c 8b 45 0c 8b 00 0f b6 00 3c 39 7e 
00000190	ac b8 01 00 00 00 eb 05 b8 00 00 00 00 5d c3 55 
000001a0	89 e5 83 ec 18 e9 91 00 00 00 8b 45 0c 8b 40 24 
000001b0	83 f8 ff 0f 94 c0 0f b6 c0 8b 55 0c 83 c2 24 50 
000001c0	ff 75 08 52 e8 48 ff ff ff 83 c4 0c 89 45 f4 8b 
000001d0	45 08 8b 00 0f b6 00 3c 2e 75 35 83 7d f4 00 75 
000001e0	2f 8b 45 0c c7 40 20 00 00 00 00 8b 45 08 8b 10 
000001f0	8b 45 f0 01 c2 8b 45 08 89 10 8b 45 0c 83 c0 20 
00000200	6a 01 ff 75 08 50 e8 06 ff ff ff 83 c4 0c eb 2b 
00000210	8b 45 08 8b 00 0f b6 00 3c 2e 75 0a 8b 45 0c c7 
00000220	40 20 ff ff ff ff 83 7d f4 00 75 0f 8b 45 08 8b 
00000230	10 8b 45 f0 01 c2 8b 45 08 89 10 8b 45 08 8b 00 
00000240	83 ec 04 ff 75 0c 8d 55 f0 52 50 e8 b0 fd ff ff 
00000250	83 c4 10 85 c0 0f 85 4f ff ff ff 8b 45 08 8b 00 
00000260	83 ec 04 ff 75 0c 8d 55 f0 52 50 e8 90 fd ff ff 
00000270	83 c4 10 85 c0 0f 85 2f ff ff ff 8b 45 08 8b 00 
00000280	83 ec 08 8d 55 f0 52 50 e8 73 fd ff ff 83 c4 10 
00000290	85 c0 0f 85 12 ff ff ff 8b 45 08 8b 00 83 ec 08 
000002a0	8d 55 f0 52 50 e8 56 fd ff ff 83 c4 10 85 c0 0f 
000002b0	85 f5 fe ff ff c9 c3 55 89 e5 83 ec 18 e8 3e fd 
000002c0	ff ff 89 45 f4 83 7d f4 00 75 07 b8 00 00 00 00 
000002d0	eb 77 83 ec 08 ff 75 f4 ff 75 08 e8 20 fd ff ff 
000002e0	83 c4 10 83 ec 08 ff 75 f4 ff 75 08 e8 0f fd ff 
000002f0	ff 83 c4 10 83 ec 08 ff 75 f4 ff 75 08 e8 fe fc 
00000300	ff ff 83 c4 10 83 ec 08 ff 75 f4 ff 75 08 e8 ed 
00000310	fc ff ff 83 c4 10 83 ec 08 ff 75 f4 ff 75 08 e8 
00000320	7b fe ff ff 83 c4 10 83 ec 08 ff 75 f4 ff 75 08 
00000330	e8 cb fc ff ff 83 c4 10 83 ec 0c ff 75 f4 e8 bd 
00000340	fc ff ff 83 c4 10 8b 45 f4 c9 c3 
test/unit_test_files/lib_stat/libftprintf32.a(attr_check.o):
Contents of (__TEXT,__text) section
00000000	55 89 e5 83 ec 14 8b 45 08 88 45 ec 80 7d ec 73 
00000010	0f 94 c0 0f b6 c0 89 45 fc 80 7d ec 53 0f 94 c0 
00000020	0f b6 c0 09 45 fc 80 7d ec 70 0f 94 c0 0f b6 c0 
00000030	09 45 fc 80 7d ec 64 0f 94 c0 0f b6 c0 09 45 fc 
00000040	80 7d ec 44 0f 94 c0 0f b6 c0 09 45 fc 80 7d ec 
00000050	69 0f 94 c0 0f b6 c0 09 45 fc 80 7d ec 6f 0f 94 
00000060	c0 0f b6 c0 09 45 fc 80 7d ec 4f 0f 94 c0 0f b6 
00000070	c0 09 45 fc 80 7d ec 75 0f 94 c0 0f b6 c0 09 45 
00000080	fc 80 7d ec 55 0f 94 c0 0f b6 c0 09 45 fc 80 7d 
00000090	ec 78 0f 94 c0 0f b6 c0 09 45 fc 80 7d ec 58 0f 
000000a0	94 c0 0f b6 c0 09 45 fc 80 7d ec 63 0f 94 c0 0f 
000000b0	b6 c0 09 45 fc 80 7d ec 43 0f 94 c0 0f b6 c0 09 
000000c0	45 fc 8b 45 fc c9 c3 55 89 e5 83 ec 04 8b 45 08 
000000d0	88 45 fc 80 7d fc 2f 7e 0d 80 7d fc 39 7f 07 b8 
000000e0	01 00 00 00 eb 05 b8 00 00 00 00 c9 c3 55 89 e5 
000000f0	83 ec 10 c7 45 fc 00 00 00 00 8b 45 08 0f b6 00 
00000100	3c 2a 74 0a 8b 45 08 0f b6 00 3c 2e 75 10 c7 45 
00000110	fc 01 00 00 00 8b 45 0c c7 00 01 00 00 00 8b 45 
00000120	fc c9 c3 55 89 e5 83 ec 10 c7 45 fc 00 00 00 00 
00000130	8b 45 08 0f b6 00 3c 2f 7e 1a 8b 45 08 0f b6 00 
00000140	3c 39 7f 10 8b 45 0c c7 00 01 00 00 00 c7 45 fc 
00000150	01 00 00 00 8b 45 fc c9 c3 55 89 e5 83 ec 10 c7 
00000160	45 fc 00 00 00 00 8b 45 08 0f b6 00 3c 20 75 0c 
00000170	8b 45 10 c7 40 10 01 00 00 00 eb 56 8b 45 08 0f 
00000180	b6 00 3c 2b 75 0c 8b 45 10 c7 40 14 01 00 00 00 
00000190	eb 40 8b 45 08 0f b6 00 3c 2d 75 0c 8b 45 10 c7 
000001a0	40 0c 01 00 00 00 eb 2a 8b 45 08 0f b6 00 3c 23 
000001b0	75 0c 8b 45 10 c7 40 04 01 00 00 00 eb 14 8b 45 
000001c0	08 0f b6 00 3c 30 75 0a 8b 45 10 c7 40 08 01 00 
000001d0	00 00 8b 45 08 0f b6 00 3c 20 74 28 8b 45 08 0f 
000001e0	b6 00 3c 2d 74 1e 8b 45 08 0f b6 00 3c 2b 74 14 
000001f0	8b 45 08 0f b6 00 3c 30 74 0a 8b 45 08 0f b6 00 
00000200	3c 23 75 10 c7 45 fc 01 00 00 00 8b 45 0c c7 00 
00000210	01 00 00 00 8b 45 fc c9 c3 
test/unit_test_files/lib_stat/libftprintf32.a(attr_conversion.o):
Contents of (__TEXT,__text) section
00000000	55 89 e5 53 83 ec 04 e8 f4 ff ff ff 83 ec 08 8d 
00000010	83 f8 01 00 00 50 ff 75 08 e8 e2 ff ff ff 83 c4 
00000020	10 85 c0 75 0a b8 01 00 00 00 e9 a8 00 00 00 83 
00000030	ec 08 8d 83 fb 01 00 00 50 ff 75 08 e8 bf ff ff 
00000040	ff 83 c4 10 85 c0 75 0a b8 02 00 00 00 e9 85 00 
00000050	00 00 83 ec 08 8d 83 fd 01 00 00 50 ff 75 08 e8 
00000060	9c ff ff ff 83 c4 10 85 c0 75 07 b8 03 00 00 00 
00000070	eb 65 83 ec 08 8d 83 ff 01 00 00 50 ff 75 08 e8 
00000080	7c ff ff ff 83 c4 10 85 c0 75 07 b8 04 00 00 00 
00000090	eb 45 83 ec 08 8d 83 02 02 00 00 50 ff 75 08 e8 
000000a0	5c ff ff ff 83 c4 10 85 c0 75 07 b8 06 00 00 00 
000000b0	eb 25 83 ec 08 8d 83 04 02 00 00 50 ff 75 08 e8 
000000c0	3c ff ff ff 83 c4 10 85 c0 75 07 b8 05 00 00 00 
000000d0	eb 05 b8 00 00 00 00 8b 5d fc c9 c3 55 89 e5 83 
000000e0	ec 08 83 ec 0c ff 75 0c e8 13 ff ff ff 83 c4 10 
000000f0	83 ec 04 50 ff 75 0c ff 75 08 e8 01 ff ff ff 83 
00000100	c4 10 85 c0 75 3a 8b 45 14 8b 40 18 85 c0 75 14 
00000110	83 ec 0c ff 75 0c e8 e5 fe ff ff 83 c4 10 8b 55 
00000120	14 89 42 18 83 ec 0c ff 75 0c e8 d1 fe ff ff 83 
00000130	c4 10 89 c2 8b 45 10 89 10 b8 01 00 00 00 eb 05 
00000140	b8 00 00 00 00 c9 c3 55 89 e5 53 83 ec 14 e8 ad 
00000150	fe ff ff c7 45 f4 00 00 00 00 ff 75 10 ff 75 0c 
00000160	8d 83 b1 00 00 00 50 ff 75 08 e8 6d ff ff ff 83 
00000170	c4 10 09 45 f4 ff 75 10 ff 75 0c 8d 83 b4 00 00 
00000180	00 50 ff 75 08 e8 52 ff ff ff 83 c4 10 09 45 f4 
00000190	ff 75 10 ff 75 0c 8d 83 b6 00 00 00 50 ff 75 08 
000001a0	e8 37 ff ff ff 83 c4 10 09 45 f4 ff 75 10 ff 75 
000001b0	0c 8d 83 b8 00 00 00 50 ff 75 08 e8 1c ff ff ff 
000001c0	83 c4 10 09 45 f4 ff 75 10 ff 75 0c 8d 83 bb 00 
000001d0	00 00 50 ff 75 08 e8 01 ff ff ff 83 c4 10 09 45 
000001e0	f4 ff 75 10 ff 75 0c 8d 83 bd 00 00 00 50 ff 75 
000001f0	08 e8 e6 fe ff ff 83 c4 10 09 45 f4 8b 45 f4 8b 
00000200	5d fc c9 c3 
test/unit_test_files/lib_stat/libftprintf32.a(attr_mgmt.o):
Contents of (__TEXT,__text) section
00000000	55 89 e5 83 ec 08 eb 55 8b 45 0c 8b 40 24 83 f8 
00000010	ff 75 0a 8b 45 0c c7 40 24 00 00 00 00 8b 45 0c 
00000020	8b 50 24 89 d0 c1 e0 02 01 d0 01 c0 89 c2 8b 45 
00000030	0c 89 50 24 8b 45 0c 8b 50 24 8b 45 08 8b 00 0f 
00000040	b6 00 0f be c0 83 e8 30 01 c2 8b 45 0c 89 50 24 
00000050	8b 45 08 8b 00 8d 50 01 8b 45 08 89 10 8b 45 08 
00000060	8b 00 0f b6 00 0f be c0 83 ec 0c 50 e8 8f ff ff 
00000070	ff 83 c4 10 85 c0 75 90 c9 c3 55 89 e5 83 ec 08 
00000080	8b 45 08 8b 00 0f b6 00 3c 2a 75 17 8b 45 0c c7 
00000090	40 2c 01 00 00 00 8b 45 08 8b 00 8d 50 01 8b 45 
000000a0	08 89 10 8b 45 08 8b 00 0f b6 00 3c 2e 75 74 8b 
000000b0	45 0c c7 40 20 00 00 00 00 8b 45 08 8b 00 8d 50 
000000c0	01 8b 45 08 89 10 eb 40 8b 45 0c 8b 50 20 89 d0 
000000d0	c1 e0 02 01 d0 01 c0 89 c2 8b 45 0c 89 50 20 8b 
000000e0	45 0c 8b 50 20 8b 45 08 8b 00 0f b6 00 0f be c0 
000000f0	83 e8 30 01 c2 8b 45 0c 89 50 20 8b 45 08 8b 00 
00000100	8d 50 01 8b 45 08 89 10 8b 45 08 8b 00 0f b6 00 
00000110	0f be c0 83 ec 0c 50 e8 e4 fe ff ff 83 c4 10 85 
00000120	c0 75 a5 8b 45 08 8b 00 0f b6 00 3c 2a 75 17 8b 
00000130	45 0c c7 40 28 01 00 00 00 8b 45 08 8b 00 8d 50 
00000140	01 8b 45 08 89 10 c9 c3 55 89 e5 83 ec 18 8b 45 
00000150	08 8b 00 83 ec 04 ff 75 0c 8d 55 f4 52 50 e8 9d 
00000160	fe ff ff 83 c4 10 85 c0 74 0f 8b 45 08 8b 10 8b 
00000170	45 f4 01 c2 8b 45 08 89 10 c9 c3 55 89 e5 83 ec 
00000180	18 eb 0d 8b 45 08 8b 00 8d 50 01 8b 45 08 89 10 
00000190	8b 45 08 8b 00 83 ec 04 ff 75 0c 8d 55 f4 52 50 
000001a0	e8 5b fe ff ff 83 c4 10 85 c0 75 d7 c9 c3 55 89 
000001b0	e5 83 ec 08 8b 45 08 8b 00 0f b6 00 0f be c0 83 
000001c0	ec 0c 50 e8 38 fe ff ff 83 c4 10 85 c0 75 12 8b 
000001d0	45 0c c7 40 30 01 00 00 00 8b 45 0c c6 00 63 eb 
000001e0	0d 8b 45 08 8b 00 0f b6 10 8b 45 0c 88 10 c9 c3 
test/unit_test_files/lib_stat/libftprintf32.a(attr_conditions.o):
Contents of (__TEXT,__text) section
00000000	55 89 e5 83 ec 18 8b 45 08 0f b6 00 0f be c0 83 
00000010	ec 0c 50 e8 e8 ff ff ff 83 c4 10 89 45 f4 8b 45 
00000020	08 0f b6 00 0f be c0 83 ec 0c 50 e8 d0 ff ff ff 
00000030	83 c4 10 09 45 f4 8b 45 08 0f b6 00 3c 69 0f 94 
00000040	c0 0f b6 c0 09 45 f4 8b 45 08 0f b6 00 3c 70 0f 
00000050	94 c0 0f b6 c0 09 45 f4 8b 45 f4 c9 c3 55 89 e5 
00000060	83 ec 18 8b 45 08 0f b6 00 0f be c0 83 ec 0c 50 
00000070	e8 8b ff ff ff 83 c4 10 89 45 f4 8b 45 08 0f b6 
00000080	00 3c 69 0f 94 c0 0f b6 c0 09 45 f4 8b 45 08 0f 
00000090	b6 00 0f be c0 83 ec 0c 50 e8 62 ff ff ff 83 c4 
000000a0	10 09 45 f4 8b 45 08 0f b6 00 0f be c0 83 ec 0c 
000000b0	50 e8 4a ff ff ff 83 c4 10 09 45 f4 8b 45 08 0f 
000000c0	b6 00 0f be c0 83 ec 0c 50 e8 32 ff ff ff 83 c4 
000000d0	10 09 45 f4 8b 45 08 8b 40 20 85 c0 0f 9f c0 0f 
000000e0	b6 c0 21 45 f4 8b 45 f4 c9 c3 55 89 e5 83 ec 18 
000000f0	8b 45 08 0f b6 00 0f be c0 83 ec 0c 50 e8 fe fe 
00000100	ff ff 83 c4 10 85 c0 74 11 8b 45 08 8b 40 20 85 
00000110	c0 7e 07 b8 01 00 00 00 eb 05 b8 00 00 00 00 89 
00000120	45 f4 8b 45 08 0f b6 00 3c 75 0f 94 c0 0f b6 c0 
00000130	09 45 f4 8b 45 f4 c9 c3 55 89 e5 83 ec 10 8b 45 
00000140	08 0f b6 00 3c 4f 0f 94 c0 0f b6 c0 89 45 fc 8b 
00000150	45 08 0f b6 00 3c 44 0f 94 c0 0f b6 c0 09 45 fc 
00000160	8b 45 08 0f b6 00 3c 55 0f 94 c0 0f b6 c0 09 45 
00000170	fc 8b 45 08 0f b6 00 3c 53 0f 94 c0 0f b6 c0 09 
00000180	45 fc 8b 45 08 0f b6 00 3c 43 0f 94 c0 0f b6 c0 
00000190	09 45 fc 8b 45 fc c9 c3 55 89 e5 83 ec 10 8b 45 
000001a0	08 0f b6 00 3c 73 75 12 8b 45 08 8b 40 18 83 f8 
000001b0	03 74 07 b8 01 00 00 00 eb 05 b8 00 00 00 00 89 
000001c0	45 fc 8b 45 08 0f b6 00 3c 63 75 12 8b 45 08 8b 
000001d0	40 18 83 f8 03 74 07 b8 01 00 00 00 eb 05 b8 00 
000001e0	00 00 00 09 45 fc 8b 45 fc c9 c3 
test/unit_test_files/lib_stat/libftprintf32.a(dispatch_helper.o):
Contents of (__TEXT,__text) section
00000000	55 89 e5 8b 45 08 8b 40 24 83 f8 ff 75 0a 8b 45 
00000010	08 c7 40 24 00 00 00 00 8b 45 08 8b 40 2c 85 c0 
00000020	74 11 8b 45 0c 8d 50 04 89 55 0c 8b 10 8b 45 08 
00000030	89 50 24 8b 45 08 8b 40 28 85 c0 74 11 8b 45 0c 
00000040	8d 50 04 89 55 0c 8b 10 8b 45 08 89 50 20 8b 45 
00000050	08 8b 40 24 85 c0 79 24 8b 45 08 8b 40 24 f7 d8 
00000060	89 c2 8b 45 08 89 50 24 8b 45 08 c7 40 0c 01 00 
00000070	00 00 8b 45 08 c7 40 08 00 00 00 00 8b 45 08 8b 
00000080	40 20 85 c0 79 0a 8b 45 08 c7 40 20 ff ff ff ff 
00000090	5d c3 55 89 e5 83 ec 18 6a 01 6a 00 8d 45 f0 50 
000000a0	8d 45 f4 50 e8 57 ff ff ff 83 c4 10 89 45 ec eb 
000000b0	68 8b 45 f4 85 c0 75 25 8b 45 08 0f b6 00 3c 25 
000000c0	75 1b 8b 45 f4 83 c0 01 89 45 f4 8b 45 f0 83 c0 
000000d0	01 89 45 f0 c7 45 ec 00 00 00 00 eb 29 8b 45 08 
000000e0	0f b6 00 3c 25 75 0b 8b 45 f4 83 c0 01 89 45 f4 
000000f0	eb 14 6a 01 6a 00 8d 45 ec 50 8d 45 f4 50 e8 fd 
00000100	fe ff ff 83 c4 10 8b 45 f4 83 f8 01 7e 07 c7 45 
00000110	f4 00 00 00 00 83 45 08 01 8b 45 08 0f b6 00 84 
00000120	c0 75 8e 8b 45 ec 85 c0 0f 94 c0 0f b6 d0 8b 45 
00000130	0c 89 10 8b 45 f0 c9 c3 55 89 e5 83 ec 18 ff 75 
00000140	10 ff 75 0c e8 b7 fe ff ff 83 c4 08 83 ec 04 ff 
00000150	75 10 ff 75 0c ff 75 08 e8 a3 fe ff ff 83 c4 10 
00000160	89 45 f4 83 7d f4 00 75 17 83 ec 04 ff 75 10 ff 
00000170	75 0c ff 75 08 e8 86 fe ff ff 83 c4 10 89 45 f4 
00000180	83 7d f4 00 75 17 83 ec 04 ff 75 10 ff 75 0c ff 
00000190	75 08 e8 69 fe ff ff 83 c4 10 89 45 f4 83 7d f4 
000001a0	00 75 17 83 ec 04 ff 75 10 ff 75 0c ff 75 08 e8 
000001b0	4c fe ff ff 83 c4 10 89 45 f4 83 7d f4 00 75 17 
000001c0	83 ec 04 ff 75 10 ff 75 0c ff 75 08 e8 2f fe ff 
000001d0	ff 83 c4 10 89 45 f4 83 7d f4 00 75 17 83 ec 04 
000001e0	ff 75 10 ff 75 0c ff 75 08 e8 12 fe ff ff 83 c4 
000001f0	10 89 45 f4 83 7d f4 00 75 17 83 ec 04 ff 75 10 
00000200	ff 75 0c ff 75 08 e8 f5 fd ff ff 83 c4 10 89 45 
00000210	f4 83 7d f4 00 75 1e 8b 45 14 0f b6 00 0f be c0 
00000220	50 ff 75 10 ff 75 0c ff 75 08 e8 d1 fd ff ff 83 
00000230	c4 10 89 45 f4 83 7d f4 00 75 17 83 ec 04 ff 75 
00000240	10 ff 75 0c ff 75 08 e8 b4 fd ff ff 83 c4 10 89 
00000250	45 f4 83 7d f4 ff 75 07 b8 ff ff ff ff eb 05 b8 
00000260	01 00 00 00 c9 c3 
test/unit_test_files/lib_stat/libftprintf32.a(dispatch.o):
Contents of (__TEXT,__text) section
00000000	55 89 e5 83 ec 18 c7 45 f4 00 00 00 00 8b 45 0c 
00000010	0f b6 00 3c 73 75 6a 8b 45 0c 8b 40 18 83 f8 03 
00000020	75 1f 8b 45 10 8d 50 04 89 55 10 8b 00 83 ec 08 
00000030	50 ff 75 0c e8 c7 ff ff ff 83 c4 10 89 45 f4 eb 
00000040	1d 8b 45 10 8d 50 04 89 55 10 8b 00 83 ec 08 50 
00000050	ff 75 0c e8 a8 ff ff ff 83 c4 10 89 45 f4 83 7d 
00000060	f4 ff 75 07 b8 ff ff ff ff eb 1b 8b 45 08 8b 10 
00000070	8b 45 f4 01 c2 8b 45 08 89 10 b8 01 00 00 00 eb 
00000080	05 b8 00 00 00 00 c9 c3 55 89 e5 83 ec 18 c7 45 
00000090	f4 00 00 00 00 8b 45 0c 0f b6 00 3c 53 75 40 8b 
000000a0	45 10 8d 50 04 89 55 10 8b 00 83 ec 08 50 ff 75 
000000b0	0c e8 4a ff ff ff 83 c4 10 89 45 f4 83 7d f4 ff 
000000c0	75 07 b8 ff ff ff ff eb 1b 8b 45 08 8b 10 8b 45 
000000d0	f4 01 c2 8b 45 08 89 10 b8 01 00 00 00 eb 05 b8 
000000e0	00 00 00 00 c9 c3 55 89 e5 83 ec 18 c7 45 f4 00 
000000f0	00 00 00 8b 45 0c 0f b6 00 3c 64 74 1e 8b 45 0c 
00000100	0f b6 00 3c 44 74 14 8b 45 0c 0f b6 00 3c 69 74 
00000110	0a b8 00 00 00 00 e9 91 01 00 00 8b 45 0c 8b 40 
00000120	18 83 f8 01 75 29 8b 45 10 8d 50 04 89 55 10 8b 
00000130	00 89 c1 0f be c1 99 83 ec 04 52 50 ff 75 0c e8 
00000140	bc fe ff ff 83 c4 10 89 45 f4 e9 3c 01 00 00 8b 
00000150	45 0c 8b 40 18 83 f8 02 75 29 8b 45 10 8d 50 04 
00000160	89 55 10 8b 00 89 c1 0f bf c1 99 83 ec 04 52 50 
00000170	ff 75 0c e8 88 fe ff ff 83 c4 10 89 45 f4 e9 08 
00000180	01 00 00 8b 45 0c 8b 40 18 83 f8 03 75 24 8b 45 
00000190	10 8d 50 04 89 55 10 8b 00 99 83 ec 04 52 50 ff 
000001a0	75 0c e8 59 fe ff ff 83 c4 10 89 45 f4 e9 d9 00 
000001b0	00 00 8b 45 0c 8b 40 18 83 f8 04 75 26 8b 45 10 
000001c0	8d 50 08 89 55 10 8b 50 04 8b 00 83 ec 04 52 50 
000001d0	ff 75 0c e8 28 fe ff ff 83 c4 10 89 45 f4 e9 a8 
000001e0	00 00 00 8b 45 0c 8b 40 18 83 f8 05 75 23 8b 45 
000001f0	10 8d 50 08 89 55 10 8b 50 04 8b 00 83 ec 04 52 
00000200	50 ff 75 0c e8 f7 fd ff ff 83 c4 10 89 45 f4 eb 
00000210	7a 8b 45 0c 8b 40 18 83 f8 06 75 25 8b 45 10 8d 
00000220	50 04 89 55 10 8b 00 ba 00 00 00 00 83 ec 04 52 
00000230	50 ff 75 0c e8 c7 fd ff ff 83 c4 10 89 45 f4 eb 
00000240	4a 8b 45 0c 0f b6 00 3c 44 75 21 8b 45 10 8d 50 
00000250	04 89 55 10 8b 00 99 83 ec 04 52 50 ff 75 0c e8 
00000260	9c fd ff ff 83 c4 10 89 45 f4 eb 1f 8b 45 10 8d 
00000270	50 04 89 55 10 8b 00 99 83 ec 04 52 50 ff 75 0c 
00000280	e8 7b fd ff ff 83 c4 10 89 45 f4 83 7d f4 ff 75 
00000290	07 b8 ff ff ff ff eb 14 8b 45 08 8b 10 8b 45 f4 
000002a0	01 c2 8b 45 08 89 10 b8 01 00 00 00 c9 c3 55 89 
000002b0	e5 83 ec 18 c7 45 f4 00 00 00 00 8b 45 0c 0f b6 
000002c0	00 3c 6f 74 14 8b 45 0c 0f b6 00 3c 4f 74 0a b8 
000002d0	00 00 00 00 e9 a8 01 00 00 8b 45 0c 8b 40 18 83 
000002e0	f8 01 75 2d 8b 45 10 8d 50 04 89 55 10 8b 00 89 
000002f0	c1 0f b6 c1 ba 00 00 00 00 83 ec 04 52 50 ff 75 
00000300	0c e8 fa fc ff ff 83 c4 10 89 45 f4 e9 4f 01 00 
00000310	00 8b 45 0c 8b 40 18 83 f8 02 75 2d 8b 45 10 8d 
00000320	50 04 89 55 10 8b 00 89 c1 0f b7 c1 ba 00 00 00 
00000330	00 83 ec 04 52 50 ff 75 0c e8 c2 fc ff ff 83 c4 
00000340	10 89 45 f4 e9 17 01 00 00 8b 45 0c 8b 40 18 83 
00000350	f8 03 75 28 8b 45 10 8d 50 04 89 55 10 8b 00 ba 
00000360	00 00 00 00 83 ec 04 52 50 ff 75 0c e8 8f fc ff 
00000370	ff 83 c4 10 89 45 f4 e9 e4 00 00 00 8b 45 0c 8b 
00000380	40 18 83 f8 04 75 26 8b 45 10 8d 50 08 89 55 10 
00000390	8b 50 04 8b 00 83 ec 04 52 50 ff 75 0c e8 5e fc 
000003a0	ff ff 83 c4 10 89 45 f4 e9 b3 00 00 00 8b 45 0c 
000003b0	8b 40 18 83 f8 05 75 26 8b 45 10 8d 50 08 89 55 
000003c0	10 8b 50 04 8b 00 83 ec 04 52 50 ff 75 0c e8 2d 
000003d0	fc ff ff 83 c4 10 89 45 f4 e9 82 00 00 00 8b 45 
000003e0	0c 8b 40 18 83 f8 06 75 25 8b 45 10 8d 50 04 89 
000003f0	55 10 8b 00 ba 00 00 00 00 83 ec 04 52 50 ff 75 
00000400	0c e8 fa fb ff ff 83 c4 10 89 45 f4 eb 52 8b 45 
00000410	0c 0f b6 00 3c 4f 75 25 8b 45 10 8d 50 04 89 55 
00000420	10 8b 00 ba 00 00 00 00 83 ec 04 52 50 ff 75 0c 
00000430	e8 cb fb ff ff 83 c4 10 89 45 f4 eb 23 8b 45 10 
00000440	8d 50 04 89 55 10 8b 00 ba 00 00 00 00 83 ec 04 
00000450	52 50 ff 75 0c e8 a6 fb ff ff 83 c4 10 89 45 f4 
00000460	83 7d f4 ff 75 07 b8 ff ff ff ff eb 14 8b 45 08 
00000470	8b 10 8b 45 f4 01 c2 8b 45 08 89 10 b8 01 00 00 
00000480	00 c9 c3 55 89 e5 83 ec 18 c7 45 f4 00 00 00 00 
00000490	8b 45 0c 0f b6 00 3c 75 74 14 8b 45 0c 0f b6 00 
000004a0	3c 55 74 0a b8 00 00 00 00 e9 a0 01 00 00 8b 45 
000004b0	0c 8b 40 18 83 f8 01 75 25 8b 45 10 8d 50 04 89 
000004c0	55 10 8b 00 0f b6 c0 83 ec 08 50 ff 75 0c e8 2d 
000004d0	fb ff ff 83 c4 10 89 45 f4 e9 4f 01 00 00 8b 45 
000004e0	0c 8b 40 18 83 f8 02 75 2d 8b 45 10 8d 50 04 89 
000004f0	55 10 8b 00 89 c1 0f b7 c1 ba 00 00 00 00 83 ec 
00000500	04 52 50 ff 75 0c e8 f5 fa ff ff 83 c4 10 89 45 
00000510	f4 e9 17 01 00 00 8b 45 0c 8b 40 18 83 f8 03 75 
00000520	28 8b 45 10 8d 50 04 89 55 10 8b 00 ba 00 00 00 
00000530	00 83 ec 04 52 50 ff 75 0c e8 c2 fa ff ff 83 c4 
00000540	10 89 45 f4 e9 e4 00 00 00 8b 45 0c 8b 40 18 83 
00000550	f8 04 75 26 8b 45 10 8d 50 08 89 55 10 8b 50 04 
00000560	8b 00 83 ec 04 52 50 ff 75 0c e8 91 fa ff ff 83 
00000570	c4 10 89 45 f4 e9 b3 00 00 00 8b 45 0c 8b 40 18 
00000580	83 f8 05 75 26 8b 45 10 8d 50 08 89 55 10 8b 50 
00000590	04 8b 00 83 ec 04 52 50 ff 75 0c e8 60 fa ff ff 
000005a0	83 c4 10 89 45 f4 e9 82 00 00 00 8b 45 0c 8b 40 
000005b0	18 83 f8 06 75 25 8b 45 10 8d 50 04 89 55 10 8b 
000005c0	00 ba 00 00 00 00 83 ec 04 52 50 ff 75 0c e8 2d 
000005d0	fa ff ff 83 c4 10 89 45 f4 eb 52 8b 45 0c 0f b6 
000005e0	00 3c 55 75 25 8b 45 10 8d 50 04 89 55 10 8b 00 
000005f0	ba 00 00 00 00 83 ec 04 52 50 ff 75 0c e8 fe f9 
00000600	ff ff 83 c4 10 89 45 f4 eb 23 8b 45 10 8d 50 04 
00000610	89 55 10 8b 00 ba 00 00 00 00 83 ec 04 52 50 ff 
00000620	75 0c e8 d9 f9 ff ff 83 c4 10 89 45 f4 83 7d f4 
00000630	ff 75 07 b8 ff ff ff ff eb 14 8b 45 08 8b 10 8b 
00000640	45 f4 01 c2 8b 45 08 89 10 b8 01 00 00 00 c9 c3 
test/unit_test_files/lib_stat/libftprintf32.a(dispatch_next.o):
Contents of (__TEXT,__text) section
00000000	55 89 e5 83 ec 18 c7 45 f4 00 00 00 00 8b 45 0c 
00000010	0f b6 00 3c 70 75 46 8b 45 10 8d 50 04 89 55 10 
00000020	8b 00 ba 00 00 00 00 83 ec 04 52 50 ff 75 0c e8 
00000030	cc ff ff ff 83 c4 10 89 45 f4 83 7d f4 ff 75 07 
00000040	b8 ff ff ff ff eb 1b 8b 45 08 8b 10 8b 45 f4 01 
00000050	c2 8b 45 08 89 10 b8 01 00 00 00 eb 05 b8 00 00 
00000060	00 00 c9 c3 55 89 e5 83 ec 18 c7 45 f4 00 00 00 
00000070	00 8b 45 0c 0f b6 00 3c 78 74 0e 8b 45 0c 0f b6 
00000080	00 3c 58 0f 85 78 01 00 00 8b 45 0c 8b 40 18 83 
00000090	f8 01 75 2d 8b 45 10 8d 50 04 89 55 10 8b 00 89 
000000a0	c1 0f b6 c1 ba 00 00 00 00 83 ec 04 52 50 ff 75 
000000b0	0c e8 4a ff ff ff 83 c4 10 89 45 f4 e9 1d 01 00 
000000c0	00 8b 45 0c 8b 40 18 83 f8 02 75 2d 8b 45 10 8d 
000000d0	50 04 89 55 10 8b 00 89 c1 0f b7 c1 ba 00 00 00 
000000e0	00 83 ec 04 52 50 ff 75 0c e8 12 ff ff ff 83 c4 
000000f0	10 89 45 f4 e9 e5 00 00 00 8b 45 0c 8b 40 18 83 
00000100	f8 03 75 28 8b 45 10 8d 50 04 89 55 10 8b 00 ba 
00000110	00 00 00 00 83 ec 04 52 50 ff 75 0c e8 df fe ff 
00000120	ff 83 c4 10 89 45 f4 e9 b2 00 00 00 8b 45 0c 8b 
00000130	40 18 83 f8 04 75 26 8b 45 10 8d 50 08 89 55 10 
00000140	8b 50 04 8b 00 83 ec 04 52 50 ff 75 0c e8 ae fe 
00000150	ff ff 83 c4 10 89 45 f4 e9 81 00 00 00 8b 45 0c 
00000160	8b 40 18 83 f8 05 75 23 8b 45 10 8d 50 08 89 55 
00000170	10 8b 50 04 8b 00 83 ec 04 52 50 ff 75 0c e8 7d 
00000180	fe ff ff 83 c4 10 89 45 f4 eb 53 8b 45 0c 8b 40 
00000190	18 83 f8 06 75 25 8b 45 10 8d 50 04 89 55 10 8b 
000001a0	00 ba 00 00 00 00 83 ec 04 52 50 ff 75 0c e8 4d 
000001b0	fe ff ff 83 c4 10 89 45 f4 eb 23 8b 45 10 8d 50 
000001c0	04 89 55 10 8b 00 ba 00 00 00 00 83 ec 04 52 50 
000001d0	ff 75 0c e8 28 fe ff ff 83 c4 10 89 45 f4 83 7d 
000001e0	f4 ff 75 07 b8 ff ff ff ff eb 1b 8b 45 08 8b 10 
000001f0	8b 45 f4 01 c2 8b 45 08 89 10 b8 01 00 00 00 eb 
00000200	05 b8 00 00 00 00 c9 c3 55 89 e5 83 ec 28 8b 45 
00000210	14 88 45 e4 c7 45 f4 00 00 00 00 8b 45 0c 0f b6 
00000220	00 3c 63 0f 85 8f 00 00 00 8b 45 0c 8b 40 30 85 
00000230	c0 74 18 0f be 45 e4 83 ec 08 50 ff 75 0c e8 bd 
00000240	fd ff ff 83 c4 10 89 45 f4 eb 4a 8b 45 0c 8b 40 
00000250	18 83 f8 03 75 1f 8b 45 10 8d 50 04 89 55 10 8b 
00000260	00 83 ec 08 50 ff 75 0c e8 93 fd ff ff 83 c4 10 
00000270	89 45 f4 eb 20 8b 45 10 8d 50 04 89 55 10 8b 00 
00000280	0f be c0 83 ec 08 50 ff 75 0c e8 71 fd ff ff 83 
00000290	c4 10 89 45 f4 83 7d f4 ff 75 07 b8 ff ff ff ff 
000002a0	eb 1b 8b 45 08 8b 10 8b 45 f4 01 c2 8b 45 08 89 
000002b0	10 b8 01 00 00 00 eb 05 b8 00 00 00 00 c9 c3 55 
000002c0	89 e5 83 ec 18 c7 45 f4 00 00 00 00 8b 45 0c 0f 
000002d0	b6 00 3c 43 75 40 8b 45 10 8d 50 04 89 55 10 8b 
000002e0	00 83 ec 08 50 ff 75 0c e8 13 fd ff ff 83 c4 10 
000002f0	89 45 f4 83 7d f4 ff 75 07 b8 ff ff ff ff eb 1b 
00000300	8b 45 08 8b 10 8b 45 f4 01 c2 8b 45 08 89 10 b8 
00000310	01 00 00 00 eb 05 b8 00 00 00 00 c9 c3 
test/unit_test_files/lib_stat/libftprintf32.a(secondary_call.o):
Contents of (__TEXT,__text) section
00000000	55 89 e5 83 ec 28 8b 45 0c 88 45 e4 0f be 45 e4 
00000010	83 ec 0c 50 e8 e7 ff ff ff 83 c4 10 89 45 f4 80 
00000020	7d e4 00 75 0a 8b 45 08 c7 40 34 01 00 00 00 83 
00000030	ec 08 ff 75 f4 ff 75 08 e8 c3 ff ff ff 83 c4 10 
00000040	89 45 f0 83 ec 0c ff 75 f4 e8 b2 ff ff ff 83 c4 
00000050	10 8b 45 f0 c9 c3 55 89 e5 83 ec 18 8b 45 0c 99 
00000060	89 45 f0 89 55 f4 83 ec 08 ff 75 f4 ff 75 f0 e8 
00000070	8c ff ff ff 83 c4 10 83 c0 01 83 ec 0c 50 e8 7d 
00000080	ff ff ff 83 c4 10 89 45 ec 6a 00 ff 75 ec ff 75 
00000090	f4 ff 75 f0 e8 67 ff ff ff 83 c4 10 83 ec 08 ff 
000000a0	75 ec ff 75 08 e8 56 ff ff ff 83 c4 10 89 45 e8 
000000b0	83 ec 0c ff 75 ec e8 45 ff ff ff 83 c4 10 8b 45 
000000c0	e8 c9 c3 55 89 e5 83 ec 18 81 7d 0c ff ff 10 00 
000000d0	7f 06 83 7d 0c 00 79 07 b8 ff ff ff ff eb 46 83 
000000e0	7d 0c 00 75 0a 8b 45 08 c7 40 34 01 00 00 00 83 
000000f0	ec 0c ff 75 0c e8 06 ff ff ff 83 c4 10 89 45 f4 
00000100	83 ec 08 ff 75 f4 ff 75 08 e8 f2 fe ff ff 83 c4 
00000110	10 89 45 f0 83 ec 0c ff 75 f4 e8 e1 fe ff ff 83 
00000120	c4 10 8b 45 f0 c9 c3 55 89 e5 83 ec 28 8b 45 0c 
00000130	88 45 e4 0f b6 45 e4 83 ec 0c 50 e8 c0 fe ff ff 
00000140	83 c4 10 89 45 f4 83 ec 08 ff 75 f4 ff 75 08 e8 
00000150	19 00 00 00 83 c4 10 89 45 f0 83 ec 0c ff 75 f4 
00000160	e8 9b fe ff ff 83 c4 10 8b 45 f0 c9 c3 55 89 e5 
00000170	57 56 83 ec 20 8b 45 08 8b 40 20 85 c0 78 1c 8b 
00000180	45 08 8b 40 20 83 ec 04 50 6a 00 ff 75 0c e8 6d 
00000190	fe ff ff 83 c4 10 89 45 f4 eb 11 83 ec 0c ff 75 
000001a0	0c e8 5a fe ff ff 83 c4 10 89 45 f4 8b 45 08 8b 
000001b0	40 08 85 c0 74 06 c6 45 ef 30 eb 04 c6 45 ef 20 
000001c0	0f b6 75 ef 8b 45 08 8b 78 24 83 ec 0c ff 75 f4 
000001d0	e8 2b fe ff ff 83 c4 10 29 c7 89 f8 83 ec 08 56 
000001e0	50 e8 1a fe ff ff 83 c4 10 89 45 e8 8b 45 08 8b 
000001f0	40 0c 85 c0 74 16 83 ec 08 ff 75 e8 ff 75 f4 e8 
00000200	fc fd ff ff 83 c4 10 89 45 f0 eb 14 83 ec 08 ff 
00000210	75 f4 ff 75 e8 e8 e6 fd ff ff 83 c4 10 89 45 f0 
00000220	83 ec 0c ff 75 f0 e8 d5 fd ff ff 83 c4 10 83 ec 
00000230	0c ff 75 f0 e8 c7 fd ff ff 83 c4 10 89 45 e4 83 
00000240	ec 0c ff 75 f0 e8 b6 fd ff ff 83 c4 10 83 ec 0c 
00000250	ff 75 e8 e8 a8 fd ff ff 83 c4 10 83 ec 0c ff 75 
00000260	f4 e8 9a fd ff ff 83 c4 10 8b 45 e4 8d 65 f8 5e 
00000270	5f 5d c3 
test/unit_test_files/lib_stat/libftprintf32.a(wstr_call.o):
Contents of (__TEXT,__text) section
00000000	55 89 e5 83 ec 18 c7 45 f0 00 00 00 00 8b 45 08 
00000010	8b 40 34 85 c0 75 3a 8b 45 08 8b 40 0c 85 c0 74 
00000020	18 83 ec 08 ff 75 10 ff 75 0c e8 d1 ff ff ff 83 
00000030	c4 10 8b 55 14 89 02 eb 56 83 ec 08 ff 75 0c ff 
00000040	75 10 e8 b9 ff ff ff 83 c4 10 8b 55 14 89 02 eb 
00000050	3e 8b 45 08 8b 40 0c 85 c0 74 1b 8d 45 f0 50 6a 
00000060	00 ff 75 10 ff 75 0c e8 94 ff ff ff 83 c4 10 8b 
00000070	55 14 89 02 eb 19 8d 45 f0 50 6a 01 ff 75 0c ff 
00000080	75 10 e8 79 ff ff ff 83 c4 10 8b 55 14 89 02 8b 
00000090	45 08 8b 40 34 85 c0 75 16 8b 45 14 8b 00 83 ec 
000000a0	0c 50 e8 59 ff ff ff 83 c4 10 89 45 f4 eb 18 8b 
000000b0	55 f0 8b 45 14 8b 00 83 ec 08 52 50 e8 3f ff ff 
000000c0	ff 83 c4 10 89 45 f4 8b 45 f4 c9 c3 55 89 e5 53 
000000d0	83 ec 04 e8 28 ff ff ff 8b 45 08 0f b6 00 3c 73 
000000e0	74 0a 8b 45 08 0f b6 00 3c 53 75 28 8b 45 08 8b 
000000f0	40 20 85 c0 78 1e 8b 45 08 8b 40 20 83 ec 04 50 
00000100	6a 00 ff 75 10 e8 f6 fe ff ff 83 c4 10 8b 55 0c 
00000110	89 02 eb 41 8b 45 08 8b 40 34 85 c0 75 15 83 ec 
00000120	0c ff 75 10 e8 d7 fe ff ff 83 c4 10 8b 55 0c 89 
00000130	02 eb 22 83 ec 0c 8d 83 7c 01 00 00 50 e8 be fe 
00000140	ff ff 83 c4 10 8b 55 0c 89 02 8b 45 0c 8b 00 c7 
00000150	00 00 00 00 00 8b 5d fc c9 c3 55 89 e5 56 83 ec 
00000160	14 8b 45 08 8b 40 08 85 c0 74 13 8b 45 08 0f b6 
00000170	00 3c 75 74 09 c7 45 f4 30 00 00 00 eb 07 c7 45 
00000180	f4 20 00 00 00 8b 45 08 8b 70 24 83 ec 0c ff 75 
00000190	10 e8 6a fe ff ff 83 c4 10 8b 55 08 8b 52 34 01 
000001a0	d0 29 c6 89 f0 83 ec 08 ff 75 f4 50 e8 4f fe ff 
000001b0	ff 83 c4 10 8b 55 0c 89 02 8b 75 fc c9 c3 55 89 
000001c0	e5 53 83 ec 14 e8 36 fe ff ff 83 7d 0c 00 75 09 
000001d0	8d 83 92 00 00 00 89 45 0c 83 ec 04 ff 75 0c 8d 
000001e0	45 f0 50 ff 75 08 e8 e1 fe ff ff 83 c4 10 8b 45 
000001f0	f0 83 ec 04 50 8d 45 e8 50 ff 75 08 e8 59 ff ff 
00000200	ff 83 c4 10 8b 55 e8 8b 45 f0 8d 4d ec 51 52 50 
00000210	ff 75 08 e8 e8 fd ff ff 83 c4 10 89 45 f4 8b 45 
00000220	ec 83 ec 0c 50 e8 d6 fd ff ff 83 c4 10 8b 45 e8 
00000230	83 ec 0c 50 e8 c7 fd ff ff 83 c4 10 8b 45 f0 83 
00000240	ec 0c 50 e8 b8 fd ff ff 83 c4 10 8b 45 f4 8b 5d 
00000250	fc c9 c3 
test/unit_test_files/lib_stat/libftprintf32.a(str_call.o):
Contents of (__TEXT,__text) section
00000000	55 89 e5 53 83 ec 04 e8 f4 ff ff ff 8b 45 08 0f 
00000010	b6 00 3c 73 74 0a 8b 45 08 0f b6 00 3c 53 75 28 
00000020	8b 45 08 8b 40 20 85 c0 78 1e 8b 45 08 8b 40 20 
00000030	83 ec 04 50 6a 00 ff 75 0c e8 c2 ff ff ff 83 c4 
00000040	10 8b 55 10 89 02 eb 3e 8b 45 08 8b 40 34 85 c0 
00000050	75 15 83 ec 0c ff 75 0c e8 a3 ff ff ff 83 c4 10 
00000060	8b 55 10 89 02 eb 1f 83 ec 0c 8d 83 63 02 00 00 
00000070	50 e8 8a ff ff ff 83 c4 10 8b 55 10 89 02 8b 45 
00000080	10 8b 00 c6 00 00 8b 5d fc c9 c3 55 89 e5 57 56 
00000090	83 ec 10 8b 45 08 8b 40 08 85 c0 74 10 8b 45 08 
000000a0	0f b6 00 3c 75 74 06 c6 45 f7 30 eb 04 c6 45 f7 
000000b0	20 0f be 75 f7 8b 45 08 8b 40 24 89 c7 83 ec 0c 
000000c0	ff 75 0c e8 38 ff ff ff 83 c4 10 8b 55 08 8b 52 
000000d0	34 01 d0 29 c7 89 f8 83 ec 08 56 50 e8 1f ff ff 
000000e0	ff 83 c4 10 8b 55 10 89 02 8d 65 f8 5e 5f 5d c3 
000000f0	55 89 e5 83 ec 18 c7 45 f0 00 00 00 00 8b 45 08 
00000100	8b 40 0c 85 c0 74 22 8b 45 08 8b 40 34 85 c0 75 
00000110	18 83 ec 08 ff 75 14 ff 75 10 e8 e1 fe ff ff 83 
00000120	c4 10 8b 55 0c 89 02 eb 60 8b 45 08 8b 40 34 85 
00000130	c0 75 18 83 ec 08 ff 75 10 ff 75 14 e8 bf fe ff 
00000140	ff 83 c4 10 8b 55 0c 89 02 eb 3e 8b 45 08 8b 40 
00000150	0c 85 c0 74 1b 8d 45 f0 50 6a 00 ff 75 14 ff 75 
00000160	10 e8 9a fe ff ff 83 c4 10 8b 55 0c 89 02 eb 19 
00000170	8d 45 f0 50 6a 01 ff 75 10 ff 75 14 e8 7f fe ff 
00000180	ff 83 c4 10 8b 55 0c 89 02 8b 45 08 8b 40 34 85 
00000190	c0 75 27 8b 45 0c 8b 00 83 ec 0c 50 e8 5f fe ff 
000001a0	ff 83 c4 10 8b 45 0c 8b 00 83 ec 0c 50 e8 4e fe 
000001b0	ff ff 83 c4 10 89 45 f4 eb 1b 8b 55 f0 8b 45 0c 
000001c0	8b 00 83 ec 08 52 50 e8 34 fe ff ff 83 c4 10 8b 
000001d0	45 f0 89 45 f4 8b 45 f4 c9 c3 55 89 e5 53 83 ec 
000001e0	14 e8 1a fe ff ff 83 7d 0c 00 75 09 8d 83 8b 00 
000001f0	00 00 89 45 0c 83 ec 04 8d 45 f0 50 ff 75 0c ff 
00000200	75 08 e8 f9 fd ff ff 83 c4 10 8b 45 f0 83 ec 04 
00000210	8d 55 e8 52 50 ff 75 08 e8 6e fe ff ff 83 c4 10 
00000220	8b 55 e8 8b 45 f0 52 50 8d 45 ec 50 ff 75 08 e8 
00000230	bc fe ff ff 83 c4 10 89 45 f4 8b 45 ec 83 ec 0c 
00000240	50 e8 ba fd ff ff 83 c4 10 8b 45 e8 83 ec 0c 50 
00000250	e8 ab fd ff ff 83 c4 10 8b 45 f0 83 ec 0c 50 e8 
00000260	9c fd ff ff 83 c4 10 8b 45 f4 8b 5d fc c9 c3 
test/unit_test_files/lib_stat/libftprintf32.a(hex_call.o):
Contents of (__TEXT,__text) section
00000000	55 89 e5 53 83 ec 24 e8 f4 ff ff ff 8b 45 0c 89 
00000010	45 e0 8b 45 10 89 45 e4 8b 45 e4 0b 45 e0 85 c0 
00000020	75 1b 8b 45 08 8b 40 20 85 c0 75 11 8b 45 08 8b 
00000030	40 24 85 c0 74 07 b8 01 00 00 00 eb 05 b8 00 00 
00000040	00 00 89 45 f4 8b 45 e4 0b 45 e0 85 c0 75 1b 8b 
00000050	45 08 8b 40 20 85 c0 75 11 8b 45 08 8b 40 24 85 
00000060	c0 75 07 b8 01 00 00 00 eb 05 b8 00 00 00 00 89 
00000070	45 f0 8b 45 08 0f b6 00 3c 58 75 18 8b 45 14 8b 
00000080	00 6a 01 50 ff 75 e4 ff 75 e0 e8 71 ff ff ff 83 
00000090	c4 10 eb 2a 8b 45 08 0f b6 00 3c 78 74 0a 8b 45 
000000a0	08 0f b6 00 3c 70 75 16 8b 45 14 8b 00 6a 00 50 
000000b0	ff 75 e4 ff 75 e0 e8 45 ff ff ff 83 c4 10 8b 45 
000000c0	08 0f b6 00 3c 78 74 0a 8b 45 08 0f b6 00 3c 58 
000000d0	75 30 83 7d f4 00 74 2a 8b 45 14 8b 00 83 ec 0c 
000000e0	50 e8 1a ff ff ff 83 c4 10 83 ec 0c 8d 83 0c 05 
000000f0	00 00 50 e8 08 ff ff ff 83 c4 10 8b 55 14 89 02 
00000100	eb 42 8b 45 08 0f b6 00 3c 78 74 0a 8b 45 08 0f 
00000110	b6 00 3c 58 75 2e 83 7d f0 00 74 28 8b 45 14 8b 
00000120	00 83 ec 0c 50 e8 d6 fe ff ff 83 c4 10 83 ec 0c 
00000130	8d 83 0e 05 00 00 50 e8 c4 fe ff ff 83 c4 10 8b 
00000140	55 14 89 02 8b 5d fc c9 c3 55 89 e5 83 ec 28 8b 
00000150	45 14 89 45 e0 8b 45 18 89 45 e4 8b 45 08 8b 40 
00000160	20 85 c0 7e 5a 8b 45 08 8b 40 20 2b 45 10 83 ec 
00000170	08 6a 30 50 e8 87 fe ff ff 83 c4 10 89 45 f4 8b 
00000180	45 0c 8b 00 83 ec 08 50 ff 75 f4 e8 70 fe ff ff 
00000190	83 c4 10 89 45 f0 8b 45 0c 8b 00 83 ec 0c 50 e8 
000001a0	5c fe ff ff 83 c4 10 8b 45 0c 8b 55 f0 89 10 83 
000001b0	ec 0c ff 75 f4 e8 46 fe ff ff 83 c4 10 eb 49 8b 
000001c0	45 08 8b 40 20 85 c0 75 3f 8b 45 08 0f b6 00 3c 
000001d0	70 75 35 8b 45 e4 0b 45 e0 85 c0 75 2b 83 ec 08 
000001e0	6a 00 6a 00 e8 17 fe ff ff 83 c4 10 89 45 f4 8b 
000001f0	45 0c 8b 00 83 ec 0c 50 e8 03 fe ff ff 83 c4 10 
00000200	8b 45 0c 8b 55 f4 89 10 c9 c3 55 89 e5 56 53 83 
00000210	ec 20 e8 e9 fd ff ff 8b 45 0c 89 45 e0 8b 45 10 
00000220	89 45 e4 8b 45 08 0f b6 00 3c 70 0f 94 c0 0f b6 
00000230	c0 89 45 f0 8b 45 08 8b 40 24 85 c0 7e 11 8b 45 
00000240	08 8b 40 08 85 c0 74 07 b8 01 00 00 00 eb 05 b8 
00000250	00 00 00 00 21 45 f0 8b 45 08 8b 40 20 85 c0 0f 
00000260	95 c0 0f b6 c0 21 45 f0 8b 45 08 8b 40 04 83 f8 
00000270	01 0f 85 e8 00 00 00 8b 45 e4 0b 45 e0 85 c0 75 
00000280	0e 8b 45 08 0f b6 00 3c 70 0f 85 d0 00 00 00 83 
00000290	7d f0 00 74 6f 8b 45 08 8b 40 24 89 c6 8b 45 14 
000002a0	8b 00 83 ec 0c 50 e8 55 fd ff ff 83 c4 10 29 c6 
000002b0	89 f0 83 e8 02 83 ec 08 6a 30 50 e8 40 fd ff ff 
000002c0	83 c4 10 89 45 ec 8b 45 14 8b 00 83 ec 08 50 ff 
000002d0	75 ec e8 29 fd ff ff 83 c4 10 89 45 f4 8b 45 14 
000002e0	8b 00 83 ec 0c 50 e8 15 fd ff ff 83 c4 10 8b 45 
000002f0	14 8b 55 f4 89 10 83 ec 0c ff 75 ec e8 ff fc ff 
00000300	ff 83 c4 10 8b 45 08 0f b6 00 3c 58 75 1d 8b 45 
00000310	14 8b 00 83 ec 08 50 8d 83 04 03 00 00 50 e8 dd 
00000320	fc ff ff 83 c4 10 89 45 f4 eb 1b 8b 45 14 8b 00 
00000330	83 ec 08 50 8d 83 07 03 00 00 50 e8 c0 fc ff ff 
00000340	83 c4 10 89 45 f4 8b 45 14 8b 00 83 ec 0c 50 e8 
00000350	ac fc ff ff 83 c4 10 8b 45 14 8b 55 f4 89 10 8d 
00000360	65 f8 5b 5e 5d c3 55 89 e5 56 83 ec 14 8b 45 08 
00000370	8b 40 24 85 c0 0f 84 dd 00 00 00 8b 45 08 8b 40 
00000380	08 85 c0 74 3a 8b 45 08 8b 40 20 85 c0 79 30 8b 
00000390	45 08 8b 40 24 89 c6 8b 45 0c 8b 00 83 ec 0c 50 
000003a0	e8 5b fc ff ff 83 c4 10 29 c6 89 f0 83 ec 08 6a 
000003b0	30 50 e8 49 fc ff ff 83 c4 10 89 45 f4 eb 2e 8b 
000003c0	45 08 8b 40 24 89 c6 8b 45 0c 8b 00 83 ec 0c 50 
000003d0	e8 2b fc ff ff 83 c4 10 29 c6 89 f0 83 ec 08 6a 
000003e0	20 50 e8 19 fc ff ff 83 c4 10 89 45 f4 8b 45 08 
000003f0	8b 40 24 85 c0 7e 23 8b 45 08 8b 40 0c 85 c0 75 
00000400	19 8b 45 0c 8b 00 83 ec 08 50 ff 75 f4 e8 ee fb 
00000410	ff ff 83 c4 10 89 45 f0 eb 17 8b 45 0c 8b 00 83 
00000420	ec 08 ff 75 f4 50 e8 d5 fb ff ff 83 c4 10 89 45 
00000430	f0 8b 45 0c 8b 00 83 ec 0c 50 e8 c1 fb ff ff 83 
00000440	c4 10 8b 45 0c 8b 55 f0 89 10 83 ec 0c ff 75 f4 
00000450	e8 ab fb ff ff 83 c4 10 8b 75 fc c9 c3 55 89 e5 
00000460	83 ec 28 8b 45 0c 89 45 e0 8b 45 10 89 45 e4 83 
00000470	ec 08 ff 75 e4 ff 75 e0 e8 83 fb ff ff 83 c4 10 
00000480	89 45 f4 8b 45 f4 83 c0 01 83 ec 0c 50 e8 6e fb 
00000490	ff ff 83 c4 10 89 45 ec 8d 45 ec 50 ff 75 e4 ff 
000004a0	75 e0 ff 75 08 e8 56 fb ff ff 83 c4 10 83 ec 0c 
000004b0	ff 75 e4 ff 75 e0 ff 75 f4 8d 45 ec 50 ff 75 08 
000004c0	e8 84 fc ff ff 83 c4 20 8d 45 ec 50 ff 75 e4 ff 
000004d0	75 e0 ff 75 08 e8 30 fd ff ff 83 c4 10 83 ec 08 
000004e0	8d 45 ec 50 ff 75 08 e8 7a fe ff ff 83 c4 10 8b 
000004f0	45 ec 83 ec 08 50 ff 75 08 e8 02 fb ff ff 83 c4 
00000500	10 89 45 f0 8b 45 ec 83 ec 0c 50 e8 f0 fa ff ff 
00000510	83 c4 10 8b 45 f0 c9 c3 
test/unit_test_files/lib_stat/libftprintf32.a(oct_call.o):
Contents of (__TEXT,__text) section
00000000	55 89 e5 83 ec 28 8b 45 10 89 45 e0 8b 45 14 89 
00000010	45 e4 8b 45 08 8b 40 20 2b 45 0c 89 45 f4 8b 45 
00000020	08 8b 40 04 83 f8 01 75 11 8b 45 e4 0b 45 e0 85 
00000030	c0 74 07 b8 01 00 00 00 eb 05 b8 00 00 00 00 29 
00000040	45 f4 8b 45 08 8b 40 20 85 c0 7e 51 83 ec 08 6a 
00000050	30 ff 75 f4 e8 a7 ff ff ff 83 c4 10 89 45 f0 8b 
00000060	45 18 8b 00 83 ec 08 50 ff 75 f0 e8 90 ff ff ff 
00000070	83 c4 10 89 45 ec 8b 45 18 8b 00 83 ec 0c 50 e8 
00000080	7c ff ff ff 83 c4 10 8b 45 18 8b 55 ec 89 10 83 
00000090	ec 0c ff 75 f0 e8 66 ff ff ff 83 c4 10 c9 c3 55 
000000a0	89 e5 53 83 ec 24 e8 55 ff ff ff 8b 45 0c 89 45 
000000b0	e0 8b 45 10 89 45 e4 8b 45 08 8b 40 04 83 f8 01 
000000c0	75 3e 8b 45 e4 0b 45 e0 85 c0 74 34 8b 45 14 8b 
000000d0	00 83 ec 08 50 8d 83 c8 01 00 00 50 e8 1f ff ff 
000000e0	ff 83 c4 10 89 45 f4 8b 45 14 8b 00 83 ec 0c 50 
000000f0	e8 0b ff ff ff 83 c4 10 8b 45 14 8b 55 f4 89 10 
00000100	8b 5d fc c9 c3 55 89 e5 56 83 ec 14 8b 45 08 8b 
00000110	40 24 85 c0 0f 84 99 00 00 00 8b 45 08 8b 40 24 
00000120	89 c6 8b 45 0c 8b 00 83 ec 0c 50 e8 d0 fe ff ff 
00000130	83 c4 10 29 c6 89 f0 83 ec 08 6a 20 50 e8 be fe 
00000140	ff ff 83 c4 10 89 45 f0 8b 45 08 8b 40 24 85 c0 
00000150	7e 23 8b 45 08 8b 40 0c 85 c0 75 19 8b 45 0c 8b 
00000160	00 83 ec 08 50 ff 75 f0 e8 93 fe ff ff 83 c4 10 
00000170	89 45 f4 eb 17 8b 45 0c 8b 00 83 ec 08 ff 75 f0 
00000180	50 e8 7a fe ff ff 83 c4 10 89 45 f4 8b 45 0c 8b 
00000190	00 83 ec 0c 50 e8 66 fe ff ff 83 c4 10 8b 45 0c 
000001a0	8b 55 f4 89 10 83 ec 0c ff 75 f0 e8 50 fe ff ff 
000001b0	83 c4 10 8b 75 fc c9 c3 55 89 e5 83 ec 28 8b 45 
000001c0	0c 89 45 e0 8b 45 10 89 45 e4 83 ec 08 ff 75 e4 
000001d0	ff 75 e0 e8 28 fe ff ff 83 c4 10 89 45 f4 8b 45 
000001e0	f4 83 c0 01 83 ec 0c 50 e8 13 fe ff ff 83 c4 10 
000001f0	89 45 ec 8b 45 ec 83 ec 04 50 ff 75 e4 ff 75 e0 
00000200	e8 fb fd ff ff 83 c4 10 83 ec 0c 8d 45 ec 50 ff 
00000210	75 e4 ff 75 e0 ff 75 f4 ff 75 08 e8 e0 fd ff ff 
00000220	83 c4 20 8d 45 ec 50 ff 75 e4 ff 75 e0 ff 75 08 
00000230	e8 6a fe ff ff 83 c4 10 83 ec 08 8d 45 ec 50 ff 
00000240	75 08 e8 be fe ff ff 83 c4 10 8b 45 ec 83 ec 08 
00000250	50 ff 75 08 e8 a7 fd ff ff 83 c4 10 89 45 f0 8b 
00000260	45 ec 83 ec 0c 50 e8 95 fd ff ff 83 c4 10 8b 45 
00000270	f0 c9 c3 
test/unit_test_files/lib_stat/libftprintf32.a(uintmax_call.o):
Contents of (__TEXT,__text) section
00000000	55 89 e5 53 83 ec 14 e8 f4 ff ff ff 8b 45 0c 89 
00000010	45 f0 8b 45 10 89 45 f4 8b 45 08 8b 40 20 85 c0 
00000020	75 32 8b 45 f4 0b 45 f0 85 c0 75 28 8b 45 14 8b 
00000030	00 83 ec 0c 50 e8 c6 ff ff ff 83 c4 10 83 ec 0c 
00000040	8d 83 35 02 00 00 50 e8 b4 ff ff ff 83 c4 10 8b 
00000050	55 14 89 02 8b 5d fc c9 c3 55 89 e5 83 ec 18 8b 
00000060	45 08 8b 40 20 85 c0 78 67 8b 45 08 8b 40 20 2b 
00000070	45 10 83 ec 08 6a 30 50 e8 83 ff ff ff 83 c4 10 
00000080	89 45 f4 8b 45 0c 8b 00 83 ec 08 50 ff 75 f4 e8 
00000090	6c ff ff ff 83 c4 10 89 45 f0 8b 45 0c 8b 00 83 
000000a0	ec 0c 50 e8 58 ff ff ff 83 c4 10 8b 45 0c 8b 55 
000000b0	f0 89 10 8b 45 08 8b 40 20 8d 50 01 8b 45 08 89 
000000c0	50 20 83 ec 0c ff 75 f4 e8 33 ff ff ff 83 c4 10 
000000d0	c9 c3 55 89 e5 53 83 ec 14 e8 22 ff ff ff 8b 45 
000000e0	08 8b 40 14 83 f8 01 75 34 8b 45 0c 8b 00 83 ec 
000000f0	08 50 8d 83 64 01 00 00 50 e8 02 ff ff ff 83 c4 
00000100	10 89 45 f0 8b 45 0c 8b 00 83 ec 0c 50 e8 ee fe 
00000110	ff ff 83 c4 10 8b 45 0c 8b 55 f0 89 10 8b 45 08 
00000120	8b 40 10 83 f8 01 75 3f 8b 45 0c 8b 00 83 ec 08 
00000130	50 8d 83 66 01 00 00 50 e8 c3 fe ff ff 83 c4 10 
00000140	89 45 f0 83 ec 08 ff 75 f0 ff 75 08 e8 af fe ff 
00000150	ff 83 c4 10 89 45 f4 83 ec 0c ff 75 f0 e8 9e fe 
00000160	ff ff 83 c4 10 eb 17 8b 45 0c 8b 00 83 ec 08 50 
00000170	ff 75 08 e8 88 fe ff ff 83 c4 10 89 45 f4 8b 45 
00000180	f4 8b 5d fc c9 c3 55 89 e5 83 ec 28 8b 45 0c 89 
00000190	45 e0 8b 45 10 89 45 e4 83 ec 08 ff 75 e4 ff 75 
000001a0	e0 e8 5a fe ff ff 83 c4 10 89 45 e8 83 ec 08 ff 
000001b0	75 e4 ff 75 e0 e8 46 fe ff ff 83 c4 10 89 45 f0 
000001c0	89 55 f4 8b 45 08 8b 40 08 85 c0 74 20 8b 45 08 
000001d0	8b 40 20 99 3b 55 f4 77 14 3b 55 f4 72 05 3b 45 
000001e0	f0 77 0a 8b 45 08 c7 40 08 00 00 00 00 8d 45 e8 
000001f0	50 ff 75 e4 ff 75 e0 ff 75 08 e8 01 fe ff ff 83 
00000200	c4 10 8b 45 f0 83 ec 04 50 8d 45 e8 50 ff 75 08 
00000210	e8 44 fe ff ff 83 c4 10 83 ec 08 8d 45 e8 50 ff 
00000220	75 08 e8 ab fe ff ff 83 c4 10 89 45 ec 8b 45 e8 
00000230	83 ec 0c 50 e8 c7 fd ff ff 83 c4 10 8b 45 ec c9 
00000240	c3 
test/unit_test_files/lib_stat/libftprintf32.a(intmax_call.o):
Contents of (__TEXT,__text) section
00000000	55 89 e5 53 83 ec 24 e8 f4 ff ff ff 8b 45 08 89 
00000010	45 e0 8b 45 0c 89 45 e4 83 7d e4 00 79 55 8b 45 
00000020	10 8b 00 83 c0 01 83 ec 08 50 ff 75 14 e8 ce ff 
00000030	ff ff 83 c4 10 89 45 f4 8b 45 10 8b 00 83 ec 0c 
00000040	50 e8 ba ff ff ff 83 c4 10 83 ec 08 ff 75 f4 8d 
00000050	83 0e 05 00 00 50 e8 a5 ff ff ff 83 c4 10 8b 55 
00000060	10 89 02 83 ec 0c ff 75 f4 e8 92 ff ff ff 83 c4 
00000070	10 eb 30 8b 45 10 8b 00 83 ec 08 50 ff 75 14 e8 
00000080	7c ff ff ff 83 c4 10 89 45 f4 8b 45 10 8b 00 83 
00000090	ec 0c 50 e8 68 ff ff ff 83 c4 10 8b 45 10 8b 55 
000000a0	f4 89 10 8b 5d fc c9 c3 55 89 e5 53 83 ec 24 e8 
000000b0	4c ff ff ff 8b 45 0c 89 45 e0 8b 45 10 89 45 e4 
000000c0	8b 45 08 8b 40 20 85 c0 75 1b 8b 45 e4 0b 45 e0 
000000d0	85 c0 75 11 8b 45 14 8b 00 83 ec 0c 50 e8 1e ff 
000000e0	ff ff 83 c4 10 8b 45 08 8b 40 08 85 c0 74 2d 8b 
000000f0	45 08 8b 40 20 85 c0 75 23 8b 45 e4 0b 45 e0 85 
00000100	c0 75 19 83 ec 0c 8d 83 68 04 00 00 50 e8 ee fe 
00000110	ff ff 83 c4 10 8b 55 14 89 02 eb 2b 8b 45 08 8b 
00000120	40 20 85 c0 75 21 8b 45 e4 0b 45 e0 85 c0 75 17 
00000130	83 ec 0c 8d 83 6a 04 00 00 50 e8 c1 fe ff ff 83 
00000140	c4 10 8b 55 14 89 02 8b 45 08 8b 40 20 85 c0 79 
00000150	07 b8 00 00 00 00 eb 50 8b 45 08 8b 40 20 2b 45 
00000160	18 83 ec 08 6a 30 50 e8 94 fe ff ff 83 c4 10 89 
00000170	45 f4 ff 75 f4 ff 75 14 ff 75 e4 ff 75 e0 e8 7d 
00000180	fe ff ff 83 c4 10 8b 45 08 8b 40 20 8d 50 01 8b 
00000190	45 08 89 50 20 83 ec 0c ff 75 f4 e8 60 fe ff ff 
000001a0	83 c4 10 b8 01 00 00 00 8b 5d fc c9 c3 55 89 e5 
000001b0	53 83 ec 24 e8 47 fe ff ff 8b 45 0c 89 45 e0 8b 
000001c0	45 10 89 45 e4 83 ec 0c ff 75 08 e8 30 fe ff ff 
000001d0	83 c4 10 85 c0 75 0a b8 00 00 00 00 e9 26 01 00 
000001e0	00 8b 45 e4 c1 e8 1f 0f b6 c0 01 45 18 8b 45 08 
000001f0	8b 40 24 3b 45 18 0f 8e 06 01 00 00 8b 45 08 8b 
00000200	40 08 85 c0 0f 84 f8 00 00 00 8b 45 08 8b 40 14 
00000210	85 c0 0f 85 ea 00 00 00 8b 45 08 8b 40 20 85 c0 
00000220	7f 24 83 ec 08 ff 75 18 ff 75 08 e8 d0 fd ff ff 
00000230	83 c4 10 83 ec 08 6a 30 50 e8 c2 fd ff ff 83 c4 
00000240	10 89 45 f4 eb 22 83 ec 08 ff 75 18 ff 75 08 e8 
00000250	ac fd ff ff 83 c4 10 83 ec 08 6a 20 50 e8 9e fd 
00000260	ff ff 83 c4 10 89 45 f4 83 7d e4 00 79 64 8b 45 
00000270	08 8b 40 20 85 c0 7f 5a 8b 45 14 8b 00 83 c0 01 
00000280	83 ec 08 50 ff 75 f4 e8 74 fd ff ff 83 c4 10 89 
00000290	45 f0 8b 45 14 8b 00 83 ec 0c 50 e8 60 fd ff ff 
000002a0	83 c4 10 83 ec 08 ff 75 f0 8d 83 61 03 00 00 50 
000002b0	e8 4b fd ff ff 83 c4 10 8b 55 14 89 02 83 ec 0c 
000002c0	ff 75 f0 e8 38 fd ff ff 83 c4 10 b8 00 00 00 00 
000002d0	eb 35 8b 45 14 8b 00 83 ec 08 50 ff 75 f4 e8 1d 
000002e0	fd ff ff 83 c4 10 89 45 f0 8b 45 14 8b 00 83 ec 
000002f0	0c 50 e8 09 fd ff ff 83 c4 10 8b 45 14 8b 55 f0 
00000300	89 10 b8 01 00 00 00 8b 5d fc c9 c3 55 89 e5 57 
00000310	56 83 ec 20 8b 45 0c 89 45 e0 8b 45 10 89 45 e4 
00000320	83 7d e4 00 78 0b 8b 45 08 8b 40 14 83 f8 01 74 
00000330	0a b8 00 00 00 00 e9 c2 00 00 00 8b 45 08 8b 40 
00000340	08 85 c0 74 10 8b 45 08 8b 40 20 85 c0 79 06 c6 
00000350	45 f7 30 eb 04 c6 45 f7 20 8b 45 08 8b 40 24 8d 
00000360	50 ff 8b 45 08 89 50 24 0f be 75 f7 8b 45 08 8b 
00000370	40 24 89 c7 8b 45 14 8b 00 83 ec 0c 50 e8 7e fc 
00000380	ff ff 83 c4 10 29 c7 89 f8 83 ec 08 56 50 e8 6d 
00000390	fc ff ff 83 c4 10 89 45 f0 8b 45 08 8b 40 0c 85 
000003a0	c0 74 13 83 ec 08 ff 75 f0 ff 75 14 e8 4f fc ff 
000003b0	ff 83 c4 10 eb 42 8b 45 08 8b 40 20 85 c0 79 27 
000003c0	8b 45 08 8b 40 08 85 c0 74 1d 8b 45 08 8b 40 20 
000003d0	85 c0 79 13 83 ec 08 ff 75 f0 ff 75 14 e8 1e fc 
000003e0	ff ff 83 c4 10 eb 11 83 ec 08 ff 75 f0 ff 75 14 
000003f0	e8 0b fc ff ff 83 c4 10 b8 01 00 00 00 8d 65 f8 
00000400	5e 5f 5d c3 55 89 e5 53 83 ec 34 e8 f0 fb ff ff 
00000410	8b 45 0c 89 45 d0 8b 45 10 89 45 d4 83 ec 08 ff 
00000420	75 d4 ff 75 d0 e8 d6 fb ff ff 83 c4 10 89 45 e8 
00000430	89 55 ec 83 ec 08 ff 75 d4 ff 75 d0 e8 bf fb ff 
00000440	ff 83 c4 10 89 45 e0 8b 45 e8 83 ec 0c 50 8d 45 
00000450	e0 50 ff 75 d4 ff 75 d0 ff 75 08 e8 48 fc ff ff 
00000460	83 c4 20 8b 45 e8 83 ec 0c 50 8d 45 e0 50 ff 75 
00000470	d4 ff 75 d0 ff 75 08 e8 31 fd ff ff 83 c4 20 8d 
00000480	45 e0 50 ff 75 d4 ff 75 d0 ff 75 08 e8 7b fe ff 
00000490	ff 83 c4 10 83 7d d4 00 78 54 83 7d d4 00 7f 06 
000004a0	83 7d d0 00 76 48 8b 45 08 8b 40 10 83 f8 01 75 
000004b0	3d 8b 45 e0 83 ec 08 50 8d 83 0c 01 00 00 50 e8 
000004c0	3c fb ff ff 83 c4 10 89 45 e4 83 ec 08 ff 75 e4 
000004d0	ff 75 08 e8 28 fb ff ff 83 c4 10 89 45 f4 83 ec 
000004e0	0c ff 75 e4 e8 17 fb ff ff 83 c4 10 eb 15 8b 45 
000004f0	e0 83 ec 08 50 ff 75 08 e8 03 fb ff ff 83 c4 10 
00000500	89 45 f4 8b 45 e0 83 ec 0c 50 e8 f1 fa ff ff 83 
00000510	c4 10 8b 45 f4 8b 5d fc c9 c3 
test/unit_test_files/lib_stat/libftprintf32.a(intmax_call_helper.o):
Contents of (__TEXT,__text) section
00000000	55 89 e5 83 ec 10 8b 45 08 0f b6 00 3c 64 0f 94 
00000010	c0 0f b6 c0 89 45 fc 8b 45 08 0f b6 00 3c 44 0f 
00000020	94 c0 0f b6 c0 09 45 fc 8b 45 08 0f b6 00 3c 69 
00000030	0f 94 c0 0f b6 c0 09 45 fc 8b 45 fc c9 c3 55 89 
00000040	e5 83 ec 10 8b 45 08 8b 40 24 89 45 fc 8b 45 08 
00000050	8b 40 10 29 45 fc 8b 45 08 8b 40 14 29 45 fc 8b 
00000060	45 0c 29 45 fc 8b 45 fc c9 c3 55 89 e5 53 83 ec 
00000070	14 e8 8a ff ff ff 8b 45 08 8b 00 83 ec 08 ff 75 
00000080	0c 50 e8 79 ff ff ff 83 c4 10 89 45 f4 8b 45 08 
00000090	8b 00 83 ec 0c 50 e8 65 ff ff ff 83 c4 10 8b 45 
000000a0	08 8b 55 f4 89 10 8b 45 08 8b 00 83 ec 08 50 8d 
000000b0	83 53 01 00 00 50 e8 45 ff ff ff 83 c4 10 89 45 
000000c0	f4 8b 45 08 8b 00 83 ec 0c 50 e8 31 ff ff ff 83 
000000d0	c4 10 8b 45 08 8b 55 f4 89 10 8b 5d fc c9 c3 55 
000000e0	89 e5 53 83 ec 14 e8 15 ff ff ff 8b 45 08 8b 00 
000000f0	83 ec 08 50 ff 75 0c e8 04 ff ff ff 83 c4 10 89 
00000100	45 f4 8b 45 08 8b 00 83 ec 0c 50 e8 f0 fe ff ff 
00000110	83 c4 10 8b 45 08 8b 55 f4 89 10 8b 45 08 8b 00 
00000120	83 ec 08 50 8d 83 de 00 00 00 50 e8 d0 fe ff ff 
00000130	83 c4 10 89 45 f4 8b 45 08 8b 00 83 ec 0c 50 e8 
00000140	bc fe ff ff 83 c4 10 8b 45 08 8b 55 f4 89 10 8b 
00000150	5d fc c9 c3 55 89 e5 53 83 ec 14 e8 a0 fe ff ff 
00000160	8b 45 08 8b 00 83 ec 08 50 8d 83 69 00 00 00 50 
00000170	e8 8b fe ff ff 83 c4 10 89 45 f4 8b 45 08 8b 00 
00000180	83 ec 0c 50 e8 77 fe ff ff 83 c4 10 8b 45 08 8b 
00000190	55 f4 89 10 8b 45 08 8b 00 83 ec 08 50 ff 75 0c 
000001a0	e8 5b fe ff ff 83 c4 10 89 45 f4 8b 45 08 8b 00 
000001b0	83 ec 0c 50 e8 47 fe ff ff 83 c4 10 8b 45 08 8b 
000001c0	55 f4 89 10 8b 5d fc c9 c3 
test/unit_test_files/lib_stat/libftprintf32.a(string_helper.o):
Contents of (__TEXT,__text) section
00000000	55 89 e5 83 ec 18 8b 45 08 89 45 f4 83 ec 0c ff 
00000010	75 08 e8 e9 ff ff ff 83 c4 10 8d 50 ff 8b 45 f4 
00000020	01 d0 89 45 f0 eb 29 8b 45 f4 0f b6 00 88 45 ef 
00000030	8b 45 f4 8d 50 01 89 55 f4 8b 55 f0 0f b6 12 88 
00000040	10 8b 45 f0 8d 50 ff 89 55 f0 0f b6 55 ef 88 10 
00000050	8b 45 f4 3b 45 f0 72 cf 8b 45 08 c9 c3 55 89 e5 
00000060	83 ec 28 8b 45 0c 88 45 e4 8b 45 08 83 c0 01 83 
00000070	ec 0c 50 e8 88 ff ff ff 83 c4 10 89 45 f0 83 7d 
00000080	f0 00 74 32 c7 45 f4 00 00 00 00 eb 16 8b 45 f4 
00000090	8d 50 01 89 55 f4 89 c2 8b 45 f0 01 c2 0f b6 45 
000000a0	e4 88 02 8b 45 f4 3b 45 08 7c e2 8b 55 f4 8b 45 
000000b0	f0 01 d0 c6 00 00 8b 45 f0 c9 c3 55 89 e5 83 ec 
000000c0	28 8b 45 08 88 45 e4 83 ec 0c 6a 02 e8 2f ff ff 
000000d0	ff 83 c4 10 89 45 f4 83 7d f4 00 74 12 8b 45 f4 
000000e0	0f b6 55 e4 88 10 8b 45 f4 83 c0 01 c6 00 00 8b 
000000f0	45 f4 c9 c3 55 89 e5 83 ec 18 83 7d 08 00 75 10 
00000100	83 7d 0c 00 75 0a b8 00 00 00 00 e9 9f 00 00 00 
00000110	83 ec 0c ff 75 08 e8 e5 fe ff ff 83 c4 10 89 45 
00000120	f4 83 ec 0c ff 75 0c e8 d4 fe ff ff 83 c4 10 89 
00000130	45 f0 83 7d 10 00 75 06 83 45 f4 01 eb 04 83 45 
00000140	f0 01 8b 55 f4 8b 45 f0 01 d0 83 ec 0c 50 e8 ad 
00000150	fe ff ff 83 c4 10 89 45 ec 8b 55 f4 8b 45 f0 01 
00000160	d0 89 c2 8b 45 14 89 10 83 7d ec 00 74 3e 83 7d 
00000170	08 00 74 14 83 ec 04 ff 75 f4 ff 75 08 ff 75 ec 
00000180	e8 7b fe ff ff 83 c4 10 83 7d 0c 00 74 1e 8b 45 
00000190	f0 8d 50 01 8b 4d ec 8b 45 f4 01 c8 83 ec 04 52 
000001a0	ff 75 0c 50 e8 57 fe ff ff 83 c4 10 8b 45 ec c9 
000001b0	c3 55 89 e5 83 ec 08 8b 45 0c 83 ec 04 50 ff 75 
000001c0	08 6a 01 e8 38 fe ff ff 83 c4 10 c9 c3 
test/unit_test_files/lib_stat/libftprintf32.a(int_helper.o):
Contents of (__TEXT,__text) section
00000000	55 89 e5 83 ec 28 8b 45 08 89 45 e0 8b 45 0c 89 
00000010	45 e4 c7 45 f0 00 00 00 00 c7 45 f4 00 00 00 00 
00000020	8b 45 e4 0b 45 e0 85 c0 75 0e c7 45 f0 01 00 00 
00000030	00 c7 45 f4 00 00 00 00 eb 22 8b 45 e0 8b 55 e4 
00000040	6a 00 6a 0a 52 50 e8 b5 ff ff ff 83 c4 10 89 45 
00000050	e0 89 55 e4 83 45 f0 01 83 55 f4 00 8b 45 e4 0b 
00000060	45 e0 85 c0 75 d4 8b 45 f0 8b 55 f4 c9 c3 55 89 
00000070	e5 83 ec 28 8b 45 08 89 45 e0 8b 45 0c 89 45 e4 
00000080	c7 45 f0 00 00 00 00 c7 45 f4 00 00 00 00 83 7d 
00000090	e4 00 79 0a f7 5d e0 83 55 e4 00 f7 5d e4 8b 45 
000000a0	e4 0b 45 e0 85 c0 75 0e c7 45 f0 01 00 00 00 c7 
000000b0	45 f4 00 00 00 00 eb 22 8b 45 e0 8b 55 e4 6a 00 
000000c0	6a 0a 52 50 e8 37 ff ff ff 83 c4 10 89 45 e0 89 
000000d0	55 e4 83 45 f0 01 83 55 f4 00 8b 45 e4 0b 45 e0 
000000e0	85 c0 75 d4 8b 45 f0 8b 55 f4 c9 c3 55 89 e5 57 
000000f0	56 83 ec 20 8b 45 08 89 45 e0 8b 45 0c 89 45 e4 
00000100	83 ec 08 ff 75 e4 ff 75 e0 e8 f2 fe ff ff 83 c4 
00000110	10 89 45 f0 89 55 f4 8b 45 f0 83 ec 0c 50 e8 dd 
00000120	fe ff ff 83 c4 10 89 45 ec 83 7d ec 00 74 71 8b 
00000130	45 ec 89 45 e8 eb 3c 8b 75 e8 8d 46 01 89 45 e8 
00000140	8b 45 e0 8b 55 e4 6a 00 6a 0a 52 50 e8 af fe ff 
00000150	ff 83 c4 10 83 c0 30 88 06 8b 45 e0 8b 55 e4 6a 
00000160	00 6a 0a 52 50 e8 96 fe ff ff 83 c4 10 89 45 e0 
00000170	89 55 e4 8b 45 f0 8b 55 f4 89 c6 89 d7 83 c6 ff 
00000180	83 d7 ff 89 75 f0 89 7d f4 09 d0 85 c0 75 a8 83 
00000190	ec 0c ff 75 ec e8 66 fe ff ff 83 c4 10 89 45 ec 
000001a0	8b 45 ec 8d 65 f8 5e 5f 5d c3 55 89 e5 57 56 83 
000001b0	ec 30 8b 45 08 89 45 d0 8b 45 0c 89 45 d4 8b 45 
000001c0	d4 c1 e8 1f 0f b6 c0 89 45 e0 c7 45 e4 00 00 00 
000001d0	00 8b 45 e4 0b 45 e0 85 c0 74 0a f7 5d d0 83 55 
000001e0	d4 00 f7 5d d4 83 ec 08 ff 75 d4 ff 75 d0 e8 7b 
000001f0	fe ff ff 83 c4 10 89 45 f0 89 55 f4 8b 55 f0 8b 
00000200	45 e0 01 d0 83 ec 0c 50 e8 f3 fd ff ff 83 c4 10 
00000210	89 45 ec 83 7d ec 00 0f 84 88 00 00 00 8b 45 ec 
00000220	89 45 e8 eb 3c 8b 75 e8 8d 46 01 89 45 e8 8b 45 
00000230	d0 8b 55 d4 6a 00 6a 0a 52 50 e8 c1 fd ff ff 83 
00000240	c4 10 83 c0 30 88 06 8b 45 d0 8b 55 d4 6a 00 6a 
00000250	0a 52 50 e8 a8 fd ff ff 83 c4 10 89 45 d0 89 55 
00000260	d4 8b 45 f0 8b 55 f4 89 c6 89 d7 83 c6 ff 83 d7 
00000270	ff 89 75 f0 89 7d f4 85 d2 7f aa 85 d2 78 05 83 
00000280	f8 00 77 a1 8b 45 e4 0b 45 e0 85 c0 74 06 8b 45 
00000290	e8 c6 00 2d 83 ec 0c ff 75 ec e8 61 fd ff ff 83 
000002a0	c4 10 89 45 ec 8b 45 ec 8d 65 f8 5e 5f 5d c3 
test/unit_test_files/lib_stat/libftprintf32.a(ustr_helper.o):
Contents of (__TEXT,__text) section
00000000	55 89 e5 83 ec 18 83 7d 08 00 75 07 b8 00 00 00 
00000010	00 eb 53 83 ec 0c ff 75 08 e8 e2 ff ff ff 83 c4 
00000020	10 89 45 f4 8b 45 10 3b 45 f4 76 06 8b 45 f4 89 
00000030	45 10 83 ec 0c ff 75 10 e8 dd 00 00 00 83 c4 10 
00000040	89 45 f0 83 7d f0 00 74 1a 8b 55 08 8b 45 0c 01 
00000050	d0 83 ec 04 ff 75 10 50 ff 75 f0 e8 a0 ff ff ff 
00000060	83 c4 10 8b 45 f0 c9 c3 55 89 e5 83 ec 28 8b 45 
00000070	0c 88 45 e4 8b 45 08 83 c0 01 83 ec 0c 50 e8 7d 
00000080	ff ff ff 83 c4 10 89 45 f0 83 7d f0 00 74 32 c7 
00000090	45 f4 00 00 00 00 eb 16 8b 45 f4 8d 50 01 89 55 
000000a0	f4 89 c2 8b 45 f0 01 c2 0f b6 45 e4 88 02 8b 45 
000000b0	f4 3b 45 08 7c e2 8b 55 f4 8b 45 f0 01 d0 c6 00 
000000c0	00 8b 45 f0 c9 c3 55 89 e5 83 ec 18 83 ec 0c ff 
000000d0	75 08 e8 29 ff ff ff 83 c4 10 83 c0 01 83 ec 0c 
000000e0	50 e8 1a ff ff ff 83 c4 10 89 45 f4 83 7d f4 00 
000000f0	74 23 83 ec 0c ff 75 08 e8 03 ff ff ff 83 c4 10 
00000100	83 c0 01 83 ec 04 50 ff 75 08 ff 75 f4 e8 ee fe 
00000110	ff ff 83 c4 10 8b 45 f4 c9 c3 55 89 e5 83 ec 18 
00000120	8b 45 08 83 c0 01 89 45 f4 83 7d f4 00 75 06 8b 
00000130	45 08 89 45 f4 83 ec 0c ff 75 f4 e8 c0 fe ff ff 
00000140	83 c4 10 89 45 f0 83 7d f0 00 75 07 b8 00 00 00 
00000150	00 eb 03 8b 45 f0 c9 c3 55 89 e5 83 ec 28 8b 45 
00000160	08 88 45 e4 83 ec 0c 6a 02 e8 92 fe ff ff 83 c4 
00000170	10 89 45 f4 83 7d f4 00 74 12 8b 45 f4 0f b6 55 
00000180	e4 88 10 8b 45 f4 83 c0 01 c6 00 00 8b 45 f4 c9 
00000190	c3 
test/unit_test_files/lib_stat/libftprintf32.a(ustr_next_helper.o):
Contents of (__TEXT,__text) section
00000000	55 89 e5 83 ec 10 c7 45 fc 00 00 00 00 8b 45 08 
00000010	89 45 f8 eb 04 83 45 fc 01 83 7d f8 00 74 10 8b 
00000020	45 f8 8d 50 01 89 55 f8 0f b6 00 84 c0 75 e6 8b 
00000030	45 fc c9 c3 55 89 e5 83 ec 08 ff 75 08 e8 be ff 
00000040	ff ff 83 c4 04 83 ec 04 50 ff 75 08 6a 01 e8 ad 
00000050	ff ff ff 83 c4 10 c9 c3 55 89 e5 83 ec 18 83 7d 
00000060	08 00 75 0d 83 7d 0c 00 75 07 b8 00 00 00 00 eb 
00000070	7a ff 75 08 e8 87 ff ff ff 83 c4 04 89 45 f4 ff 
00000080	75 0c e8 79 ff ff ff 83 c4 04 89 45 f0 8b 55 f4 
00000090	8b 45 f0 01 d0 83 ec 0c 50 e8 62 ff ff ff 83 c4 
000000a0	10 89 45 ec 83 7d ec 00 74 3e 83 7d 08 00 74 14 
000000b0	83 ec 04 ff 75 f4 ff 75 08 ff 75 ec e8 3f ff ff 
000000c0	ff 83 c4 10 83 7d 0c 00 74 1e 8b 45 f0 8d 50 01 
000000d0	8b 4d ec 8b 45 f4 01 c8 83 ec 04 52 ff 75 0c 50 
000000e0	e8 1b ff ff ff 83 c4 10 8b 45 ec c9 c3 
test/unit_test_files/lib_stat/libftprintf32.a(wstr_helper.o):
Contents of (__TEXT,__text) section
00000000	55 89 e5 83 ec 18 83 7d 08 00 75 07 b8 00 00 00 
00000010	00 eb 76 83 ec 08 ff 75 10 ff 75 08 e8 df ff ff 
00000020	ff 83 c4 10 89 45 f0 8b 45 f0 83 c0 01 c1 e0 02 
00000030	83 ec 0c 50 e8 c7 ff ff ff 83 c4 10 89 45 f4 83 
00000040	7d f4 00 74 41 8b 45 f0 8d 14 85 00 00 00 00 8b 
00000050	45 f4 01 d0 c7 00 00 00 00 00 8b 45 f0 8d 14 85 
00000060	00 00 00 00 8b 45 0c 8d 0c 85 00 00 00 00 8b 45 
00000070	08 01 c8 83 ec 04 52 50 ff 75 f4 e8 80 ff ff ff 
00000080	83 c4 10 89 45 f4 8b 45 f4 c9 c3 55 89 e5 83 ec 
00000090	18 83 7d 08 00 75 10 83 7d 0c 00 75 0a b8 00 00 
000000a0	00 00 e9 b2 00 00 00 83 ec 0c ff 75 08 e8 4e ff 
000000b0	ff ff 83 c4 10 89 45 f4 83 ec 0c ff 75 0c e8 3d 
000000c0	ff ff ff 83 c4 10 89 45 f0 8b 55 f4 8b 45 f0 01 
000000d0	d0 83 c0 01 c1 e0 02 83 ec 0c 50 e8 20 ff ff ff 
000000e0	83 c4 10 89 45 ec 83 7d ec 00 74 6a 8b 55 f4 8b 
000000f0	45 f0 01 d0 8d 14 85 00 00 00 00 8b 45 ec 01 d0 
00000100	c7 00 00 00 00 00 83 7d 08 00 74 18 8b 45 f4 c1 
00000110	e0 02 83 ec 04 50 ff 75 08 ff 75 ec e8 df fe ff 
00000120	ff 83 c4 10 83 7d 0c 00 74 2c 8b 45 f0 83 c0 01 
00000130	8d 14 85 00 00 00 00 8b 45 f4 8d 0c 85 00 00 00 
00000140	00 8b 45 ec 01 c8 83 ec 04 52 ff 75 0c 50 e8 ad 
00000150	fe ff ff 83 c4 10 8b 45 ec c9 c3 55 89 e5 83 ec 
00000160	18 83 ec 0c ff 75 08 e8 94 fe ff ff 83 c4 10 83 
00000170	c0 01 c1 e0 02 83 ec 0c 50 e8 82 fe ff ff 83 c4 
00000180	10 89 45 f4 83 7d f4 00 74 26 83 ec 0c ff 75 08 
00000190	e8 6b fe ff ff 83 c4 10 83 c0 01 c1 e0 02 83 ec 
000001a0	04 50 ff 75 08 ff 75 f4 e8 53 fe ff ff 83 c4 10 
000001b0	8b 45 f4 c9 c3 55 89 e5 83 ec 18 83 ec 0c 6a 08 
000001c0	e8 3b fe ff ff 83 c4 10 89 45 f4 83 7d f4 00 74 
000001d0	14 8b 45 f4 8b 55 08 89 10 8b 45 f4 83 c0 04 c7 
000001e0	00 00 00 00 00 8b 45 f4 c9 c3 55 89 e5 83 ec 18 
000001f0	8b 45 08 83 c0 01 c1 e0 02 83 ec 0c 50 e8 fe fd 
00000200	ff ff 83 c4 10 89 45 f0 83 7d f0 00 74 40 c7 45 
00000210	f4 00 00 00 00 eb 1a 8b 45 f4 8d 50 01 89 55 f4 
00000220	8d 14 85 00 00 00 00 8b 45 f0 01 c2 8b 45 0c 89 
00000230	02 8b 45 f4 3b 45 08 7c de 8b 45 f4 8d 14 85 00 
00000240	00 00 00 8b 45 f0 01 d0 c7 00 00 00 00 00 8b 45 
00000250	f0 c9 c3 
test/unit_test_files/lib_stat/libftprintf32.a(wstr_next_helper.o):
Contents of (__TEXT,__text) section
00000000	55 89 e5 83 ec 18 83 7d 08 00 75 10 83 7d 0c 00 
00000010	75 0a b8 00 00 00 00 e9 d1 00 00 00 83 ec 0c ff 
00000020	75 08 e8 d9 ff ff ff 83 c4 10 89 45 f4 83 ec 0c 
00000030	ff 75 0c e8 c8 ff ff ff 83 c4 10 89 45 f0 83 7d 
00000040	10 00 75 06 83 45 f4 01 eb 04 83 45 f0 01 8b 55 
00000050	f4 8b 45 f0 01 d0 83 c0 01 c1 e0 02 83 ec 0c 50 
00000060	e8 9b ff ff ff 83 c4 10 89 45 ec 8b 55 f4 8b 45 
00000070	f0 01 d0 89 c2 8b 45 14 89 10 83 7d ec 00 74 6a 
00000080	8b 55 f4 8b 45 f0 01 d0 8d 14 85 00 00 00 00 8b 
00000090	45 ec 01 d0 c7 00 00 00 00 00 83 7d 08 00 74 18 
000000a0	8b 45 f4 c1 e0 02 83 ec 04 50 ff 75 08 ff 75 ec 
000000b0	e8 4b ff ff ff 83 c4 10 83 7d 0c 00 74 2c 8b 45 
000000c0	f0 83 c0 01 8d 14 85 00 00 00 00 8b 45 f4 8d 0c 
000000d0	85 00 00 00 00 8b 45 ec 01 c8 83 ec 04 52 ff 75 
000000e0	0c 50 e8 19 ff ff ff 83 c4 10 8b 45 ec c9 c3 
test/unit_test_files/lib_stat/libftprintf32.a(wstr_size_helper.o):
Contents of (__TEXT,__text) section
00000000	55 89 e5 83 7d 08 0b 7f 07 b8 02 00 00 00 eb 12 
00000010	83 7d 08 10 7f 07 b8 03 00 00 00 eb 05 b8 04 00 
00000020	00 00 5d c3 55 89 e5 83 ec 10 c7 45 fc 00 00 00 
00000030	00 eb 07 83 45 fc 01 d1 6d 08 83 7d 08 00 75 f3 
00000040	8b 45 fc c9 c3 55 89 e5 83 ec 10 8b 45 08 89 45 
00000050	f8 c7 45 fc 00 00 00 00 eb 3d 8b 45 f8 8b 00 50 
00000060	e8 bf ff ff ff 83 c4 04 89 45 f4 83 7d f4 07 7f 
00000070	06 83 45 fc 01 eb 1c 83 7d f4 0b 7f 06 83 45 fc 
00000080	02 eb 10 83 7d f4 10 7f 06 83 45 fc 03 eb 04 83 
00000090	45 fc 04 83 45 f8 04 8b 45 f8 8b 00 85 c0 75 ba 
000000a0	8b 45 fc c9 c3 55 89 e5 83 ec 10 8b 45 08 89 45 
000000b0	f4 c7 45 fc 00 00 00 00 c7 45 f8 00 00 00 00 eb 
000000c0	4f 8b 45 f4 8d 50 04 89 55 f4 8b 00 50 e8 52 ff 
000000d0	ff ff 83 c4 04 89 45 f0 83 7d f0 07 7f 06 83 45 
000000e0	fc 01 eb 1c 83 7d f0 0b 7f 06 83 45 fc 02 eb 10 
000000f0	83 7d f0 10 7f 06 83 45 fc 03 eb 04 83 45 fc 04 
00000100	8b 45 fc 3b 45 0c 77 06 83 45 f8 01 eb 02 eb 09 
00000110	8b 45 f4 8b 00 85 c0 75 a8 8b 45 f8 c9 c3 55 89 
00000120	e5 83 ec 10 c7 45 fc 00 00 00 00 8b 45 08 89 45 
00000130	f8 eb 08 83 45 f8 04 83 45 fc 01 83 7d f8 00 74 
00000140	09 8b 45 f8 8b 00 85 c0 75 e9 8b 45 fc c9 c3 
test/unit_test_files/lib_stat/libftprintf32.a(wstr_byte_helper.o):
Contents of (__TEXT,__text) section
00000000	55 89 e5 83 ec 10 8b 45 0c 89 45 fc 8b 45 10 83 
00000010	e8 01 01 45 fc c7 45 f8 1f 00 00 00 eb 1b 8b 45 
00000020	fc 8d 50 ff 89 55 fc 8b 55 08 83 e2 01 83 c2 30 
00000030	88 10 83 6d f8 01 d1 6d 08 83 7d f8 00 79 df c9 
00000040	c3 55 89 e5 8b 45 0c 8b 00 89 c2 8b 45 08 01 d0 
00000050	c6 00 30 8b 45 0c 8b 00 8d 50 ff 8b 45 0c 89 10 
00000060	8b 45 0c 8b 00 89 c2 8b 45 08 01 d0 c6 00 31 8b 
00000070	45 0c 8b 00 8d 50 ff 8b 45 0c 89 10 8b 45 10 8b 
00000080	00 8d 50 ff 8b 45 10 89 10 8b 45 14 c7 00 00 00 
00000090	00 00 5d c3 55 89 e5 8b 45 10 8b 00 89 c2 8b 45 
000000a0	08 01 c2 8b 45 14 8b 00 89 c1 8b 45 0c 01 c8 0f 
000000b0	b6 00 88 02 8b 45 10 8b 00 8d 50 ff 8b 45 10 89 
000000c0	10 8b 45 14 8b 00 8d 50 ff 8b 45 14 89 10 b8 01 
000000d0	00 00 00 5d c3 55 89 e5 83 ec 20 c7 45 f0 00 00 
000000e0	00 00 8b 45 10 89 45 f8 8b 45 10 c1 e0 03 83 e8 
000000f0	01 89 45 f4 c7 45 ec 1f 00 00 00 eb 3f 8b 45 f0 
00000100	83 f8 05 7f 20 8d 45 ec 50 8d 45 f4 50 ff 75 08 
00000110	ff 75 0c e8 7c ff ff ff 83 c4 10 8b 55 f0 01 d0 
00000120	89 45 f0 eb 17 8d 45 f0 50 8d 45 f8 50 8d 45 f4 
00000130	50 ff 75 0c e8 08 ff ff ff 83 c4 10 8b 45 f8 83 
00000140	f8 01 75 b9 c7 45 f8 00 00 00 00 eb 13 8b 45 f8 
00000150	8d 50 01 89 55 f8 89 c2 8b 45 0c 01 d0 c6 00 31 
00000160	8b 45 f8 3b 45 10 7c e5 8b 45 f8 8d 50 01 89 55 
00000170	f8 89 c2 8b 45 0c 01 d0 c6 00 00 8b 45 f8 ba 08 
00000180	00 00 00 29 c2 89 d0 89 45 fc c7 45 f8 00 00 00 
00000190	00 eb 26 8b 45 f4 8d 50 ff 89 55 f4 89 c2 8b 45 
000001a0	0c 8d 0c 02 8b 45 ec 8d 50 ff 89 55 ec 89 c2 8b 
000001b0	45 08 01 d0 0f b6 00 88 01 8b 45 f8 8d 50 01 89 
000001c0	55 f8 3b 45 fc 7c cc c9 c3 55 89 e5 57 56 83 ec 
000001d0	10 8b 45 0c c1 e0 03 83 e8 01 89 45 f4 c7 45 e8 
000001e0	00 00 00 00 c7 45 f0 01 00 00 00 c7 45 ec 00 00 
000001f0	00 00 eb 7e c7 45 f0 01 00 00 00 c7 45 ec 00 00 
00000200	00 00 8b 45 0c 83 e8 01 2b 45 e8 89 c2 8b 45 08 
00000210	01 d0 c6 00 00 eb 51 8b 45 0c 83 e8 01 2b 45 e8 
00000220	89 c2 8b 45 08 8d 0c 02 8b 45 0c 83 e8 01 2b 45 
00000230	e8 89 c2 8b 45 08 01 d0 0f b6 30 8b 45 f4 8d 50 
00000240	ff 89 55 f4 89 c2 8b 45 10 01 d0 0f b6 00 83 e0 
00000250	01 89 c7 8b 45 f0 89 c2 89 f8 0f af c2 01 f0 88 
00000260	01 d1 65 f0 83 45 ec 01 83 7d ec 07 7e a9 83 45 
00000270	e8 01 8b 45 e8 3b 45 0c 0f 8c 76 ff ff ff 83 c4 
00000280	10 5e 5f 5d c3 
test/unit_test_files/lib_stat/libftprintf32.a(wstr_display_helper.o):
Contents of (__TEXT,__text) section
00000000	55 89 e5 56 83 ec 14 c7 45 f4 00 00 00 00 eb 2d 
00000010	8b 45 10 8b 30 8b 45 f4 8d 50 01 89 55 f4 89 c2 
00000020	8b 45 0c 01 d0 83 ec 04 6a 01 50 6a 01 e8 ce ff 
00000030	ff ff 83 c4 10 8d 14 06 8b 45 10 89 10 8b 45 f4 
00000040	3b 45 08 7c cb 8b 75 fc c9 c3 55 89 e5 83 ec 10 
00000050	c7 45 fc 04 00 00 00 c7 45 f8 01 00 00 00 8b 45 
00000060	fc c1 e0 03 83 c0 01 0f af 45 f8 c9 c3 55 89 e5 
00000070	83 ec 28 c7 45 e4 00 00 00 00 e8 cb ff ff ff 83 
00000080	ec 0c 50 e8 78 ff ff ff 83 c4 10 89 45 f4 83 7d 
00000090	f4 00 75 08 8b 45 e4 e9 d7 00 00 00 8b 45 08 8b 
000000a0	00 83 ec 04 6a 20 ff 75 f4 50 e8 51 ff ff ff 83 
000000b0	c4 10 8b 45 f4 83 c0 20 c6 00 00 83 ec 0c ff 75 
000000c0	0c e8 3a ff ff ff 83 c4 10 89 45 f0 8b 45 f0 c1 
000000d0	e0 03 83 c0 01 83 ec 0c 50 e8 22 ff ff ff 83 c4 
000000e0	10 89 45 ec 8b 45 f0 83 ec 0c 50 e8 10 ff ff ff 
000000f0	83 c4 10 89 45 e8 83 7d ec 00 74 06 83 7d e8 00 
00000100	75 05 8b 45 e4 eb 6c 8b 45 f0 c1 e0 03 89 c2 8b 
00000110	45 ec 01 d0 c6 00 00 83 ec 04 ff 75 f0 ff 75 ec 
00000120	ff 75 f4 e8 d8 fe ff ff 83 c4 10 83 ec 0c ff 75 
00000130	f4 e8 ca fe ff ff 83 c4 10 83 ec 04 ff 75 ec ff 
00000140	75 f0 ff 75 e8 e8 b6 fe ff ff 83 c4 10 83 ec 0c 
00000150	ff 75 ec e8 a8 fe ff ff 83 c4 10 83 ec 04 8d 45 
00000160	e4 50 ff 75 e8 ff 75 f0 e8 93 fe ff ff 83 c4 10 
00000170	8b 45 e4 c9 c3 55 89 e5 83 ec 18 c7 45 f4 00 00 
00000180	00 00 eb 3b 8b 45 f4 8d 14 85 00 00 00 00 8b 45 
00000190	08 01 d0 8b 00 3d ff ff 10 00 7f 15 8b 45 f4 8d 
000001a0	14 85 00 00 00 00 8b 45 08 01 d0 8b 00 85 c0 79 
000001b0	0a b8 ff ff ff ff e9 9c 00 00 00 83 45 f4 01 8b 
000001c0	45 f4 3b 45 0c 7c bd c7 45 f4 00 00 00 00 c7 45 
000001d0	f0 00 00 00 00 8b 45 0c 89 45 ec eb 6f 8b 45 f4 
000001e0	8d 14 85 00 00 00 00 8b 45 08 01 d0 8b 00 83 ec 
000001f0	0c 50 e8 09 fe ff ff 83 c4 10 89 45 e8 83 7d e8 
00000200	07 7f 24 8b 45 f4 8d 14 85 00 00 00 00 8b 45 08 
00000210	01 d0 83 ec 04 6a 01 50 6a 01 e8 e1 fd ff ff 83 
00000220	c4 10 01 45 f0 eb 21 8b 45 f4 8d 14 85 00 00 00 
00000230	00 8b 45 08 01 d0 83 ec 08 ff 75 e8 50 e8 2b fe 
00000240	ff ff 83 c4 10 01 45 f0 83 45 f4 01 8b 45 f4 3b 
00000250	45 ec 7c 89 8b 45 f0 c9 c3 55 89 e5 83 ec 18 c7 
00000260	45 f4 00 00 00 00 83 ec 0c ff 75 08 e8 8f fd ff 
00000270	ff 83 c4 10 89 45 ec eb 3b 8b 45 f4 8d 14 85 00 
00000280	00 00 00 8b 45 08 01 d0 8b 00 3d ff ff 10 00 7f 
00000290	15 8b 45 f4 8d 14 85 00 00 00 00 8b 45 08 01 d0 
000002a0	8b 00 85 c0 79 0a b8 ff ff ff ff e9 96 00 00 00 
000002b0	83 45 f4 01 8b 45 f4 3b 45 ec 72 bd c7 45 f4 00 
000002c0	00 00 00 c7 45 f0 00 00 00 00 eb 6f 8b 45 f4 8d 
000002d0	14 85 00 00 00 00 8b 45 08 01 d0 8b 00 83 ec 0c 
000002e0	50 e8 1a fd ff ff 83 c4 10 89 45 e8 83 7d e8 07 
000002f0	7f 24 8b 45 f4 8d 14 85 00 00 00 00 8b 45 08 01 
00000300	d0 83 ec 04 6a 01 50 6a 01 e8 f2 fc ff ff 83 c4 
00000310	10 01 45 f0 eb 21 8b 45 f4 8d 14 85 00 00 00 00 
00000320	8b 45 08 01 d0 83 ec 08 ff 75 e8 50 e8 3c fd ff 
00000330	ff 83 c4 10 01 45 f0 83 45 f4 01 8b 45 f4 3b 45 
00000340	ec 72 89 8b 45 f0 c9 c3 
test/unit_test_files/lib_stat/libftprintf32.a(conversion_helper.o):
Contents of (__TEXT,__text) section
00000000	55 89 e5 83 ec 28 8b 45 08 89 45 e0 8b 45 0c 89 
00000010	45 e4 c7 45 f4 00 00 00 00 8b 45 e4 0b 45 e0 85 
00000020	c0 75 13 8b 45 f4 8d 50 01 89 55 f4 89 c2 8b 45 
00000030	10 01 d0 c6 00 30 eb 39 8b 45 e0 83 e0 07 89 45 
00000040	e8 8b 45 e4 83 e0 00 89 45 ec 8b 55 f4 8b 45 10 
00000050	01 c2 8b 45 e8 83 c0 30 88 02 83 45 f4 01 8b 45 
00000060	e0 8b 55 e4 0f ac d0 03 c1 ea 03 89 45 e0 89 55 
00000070	e4 8b 45 e4 0b 45 e0 85 c0 75 bd 8b 55 f4 8b 45 
00000080	10 01 d0 c6 00 00 83 ec 0c ff 75 10 e8 6f ff ff 
00000090	ff 83 c4 10 c9 c3 55 89 e5 83 ec 18 8b 45 08 89 
000000a0	45 e8 8b 45 0c 89 45 ec 8b 45 ec 0b 45 e8 85 c0 
000000b0	75 09 c7 45 fc 01 00 00 00 eb 07 c7 45 fc 00 00 
000000c0	00 00 eb 17 83 45 fc 01 8b 45 e8 8b 55 ec 0f ac 
000000d0	d0 03 c1 ea 03 89 45 e8 89 55 ec 8b 45 ec 0b 45 
000000e0	e8 85 c0 75 df 8b 45 fc c9 c3 55 89 e5 83 ec 18 
000000f0	8b 45 08 89 45 e8 8b 45 0c 89 45 ec 8b 45 ec 0b 
00000100	45 e8 85 c0 75 09 c7 45 fc 01 00 00 00 eb 07 c7 
00000110	45 fc 00 00 00 00 eb 17 83 45 fc 01 8b 45 e8 8b 
00000120	55 ec 0f ac d0 04 c1 ea 04 89 45 e8 89 55 ec 8b 
00000130	45 ec 0b 45 e8 85 c0 75 df 8b 45 fc c9 c3 55 89 
00000140	e5 83 ec 04 8b 45 0c 88 45 fc 83 7d 08 00 74 09 
00000150	0f b6 45 fc 83 e8 20 eb 04 0f b6 45 fc c9 c3 55 
00000160	89 e5 56 83 ec 24 8b 45 08 89 45 e0 8b 45 0c 89 
00000170	45 e4 c7 45 f4 00 00 00 00 8b 45 e4 0b 45 e0 85 
00000180	c0 75 13 8b 45 f4 8d 50 01 89 55 f4 89 c2 8b 45 
00000190	10 01 d0 c6 00 30 eb 6d 8b 45 e0 83 e0 0f 89 45 
000001a0	e8 8b 45 e4 83 e0 00 89 45 ec 83 7d ec 00 77 1e 
000001b0	83 7d ec 00 72 06 83 7d e8 09 77 12 8b 55 f4 8b 
000001c0	45 10 01 c2 8b 45 e8 83 c0 30 88 02 eb 20 8b 55 
000001d0	f4 8b 45 10 8d 34 02 8b 45 e8 83 c0 57 0f be c0 
000001e0	50 ff 75 14 e8 55 ff ff ff 83 c4 08 88 06 83 45 
000001f0	f4 01 8b 45 e0 8b 55 e4 0f ac d0 04 c1 ea 04 89 
00000200	45 e0 89 55 e4 8b 45 e4 0b 45 e0 85 c0 75 89 8b 
00000210	55 f4 8b 45 10 01 d0 c6 00 00 83 ec 0c ff 75 10 
00000220	e8 db fd ff ff 83 c4 10 8b 75 fc c9 c3 
test/unit_test_files/lib_stat/libftprintf32.a(multi_init.o):
Contents of (__TEXT,__text) section
00000000	55 89 e5 8b 45 08 8b 55 10 89 10 8b 45 0c 8b 55 
00000010	10 89 10 8b 45 14 5d c3 55 89 e5 8b 45 08 8b 55 
00000020	10 89 10 8b 45 0c 8b 55 14 89 10 5d c3 55 89 e5 
00000030	83 ec 18 83 ec 0c 6a 38 e8 c3 ff ff ff 83 c4 10 
00000040	89 45 f4 83 7d f4 00 0f 84 88 00 00 00 8b 45 f4 
00000050	c6 00 00 8b 45 f4 c7 40 04 00 00 00 00 8b 45 f4 
00000060	c7 40 08 00 00 00 00 8b 45 f4 c7 40 0c 00 00 00 
00000070	00 8b 45 f4 c7 40 10 00 00 00 00 8b 45 f4 c7 40 
00000080	14 00 00 00 00 8b 45 f4 c7 40 18 00 00 00 00 8b 
00000090	45 f4 c7 40 1c 00 00 00 00 8b 45 f4 c7 40 20 ff 
000000a0	ff ff ff 8b 45 f4 c7 40 24 ff ff ff ff 8b 45 f4 
000000b0	c7 40 2c 00 00 00 00 8b 45 f4 c7 40 28 00 00 00 
000000c0	00 8b 45 f4 c7 40 30 00 00 00 00 8b 45 f4 c7 40 
000000d0	34 00 00 00 00 8b 45 f4 c9 c3 
