Archive : test/unit_test_files/lib_stat/libftprintf.a
test/unit_test_files/lib_stat/libftprintf.a(ft_printf.o):
Contents of (__TEXT,__text) section
0000000000000000	55 48 89 e5 48 83 ec 40 48 89 7d d8 48 89 75 d0 
0000000000000010	89 55 cc 48 8b 45 d8 48 89 45 f0 c7 45 ec 00 00 
0000000000000020	00 00 e9 ef 00 00 00 48 8b 45 f0 0f b6 00 3c 25 
0000000000000030	0f 85 a0 00 00 00 8b 45 cc 8d 50 ff 89 55 cc 85 
0000000000000040	c0 0f 8e 8f 00 00 00 48 8b 45 f0 48 83 c0 01 48 
0000000000000050	89 45 f0 48 8d 45 f0 48 89 c7 e8 00 00 00 00 48 
0000000000000060	89 45 f8 48 83 7d f8 00 74 27 48 8b 4d f0 48 8b 
0000000000000070	55 d0 48 8b 75 f8 48 8d 45 ec 48 89 c7 e8 00 00 
0000000000000080	00 00 83 f8 01 74 0a b8 ff ff ff ff e9 97 00 00 
0000000000000090	00 48 83 7d f8 00 75 30 48 8b 45 d0 8b 00 83 f8 
00000000000000a0	30 73 11 48 8b 45 d0 8b 00 8d 50 08 48 8b 45 d0 
00000000000000b0	89 10 eb 14 48 8b 45 d0 48 8b 40 08 48 8d 50 08 
00000000000000c0	48 8b 45 d0 48 89 50 08 48 8b 45 f8 48 89 c7 e8 
00000000000000d0	00 00 00 00 eb 2b 48 8b 45 f0 0f b6 00 3c 25 74 
00000000000000e0	20 48 8b 45 f0 ba 01 00 00 00 48 89 c6 bf 01 00 
00000000000000f0	00 00 e8 00 00 00 00 89 c2 8b 45 ec 01 d0 89 45 
0000000000000100	ec 48 8b 45 f0 48 8d 50 01 48 89 55 f0 0f b6 00 
0000000000000110	84 c0 75 02 eb 0f 48 8b 45 f0 0f b6 00 84 c0 0f 
0000000000000120	85 02 ff ff ff 8b 45 ec c9 c3 55 48 89 e5 48 81 
0000000000000130	ec f0 00 00 00 48 89 b5 58 ff ff ff 48 89 95 60 
0000000000000140	ff ff ff 48 89 8d 68 ff ff ff 4c 89 85 70 ff ff 
0000000000000150	ff 4c 89 8d 78 ff ff ff 84 c0 74 20 0f 29 45 80 
0000000000000160	0f 29 4d 90 0f 29 55 a0 0f 29 5d b0 0f 29 65 c0 
0000000000000170	0f 29 6d d0 0f 29 75 e0 0f 29 7d f0 48 89 bd 18 
0000000000000180	ff ff ff c7 85 30 ff ff ff 08 00 00 00 c7 85 34 
0000000000000190	ff ff ff 30 00 00 00 48 8d 45 10 48 89 85 38 ff 
00000000000001a0	ff ff 48 8d 85 50 ff ff ff 48 89 85 40 ff ff ff 
00000000000001b0	48 8d 95 2c ff ff ff 48 8b 85 18 ff ff ff 48 89 
00000000000001c0	d6 48 89 c7 e8 00 00 00 00 89 85 4c ff ff ff 8b 
00000000000001d0	85 2c ff ff ff 8b 95 4c ff ff ff 29 c2 48 8d 8d 
00000000000001e0	30 ff ff ff 48 8b 85 18 ff ff ff 48 89 ce 48 89 
00000000000001f0	c7 e8 00 00 00 00 89 85 48 ff ff ff 8b 85 48 ff 
0000000000000200	ff ff c9 c3 
test/unit_test_files/lib_stat/libftprintf.a(check_flag.o):
Contents of (__TEXT,__text) section
0000000000000000	55 48 89 e5 89 f8 88 45 fc 80 7d fc 63 74 06 80 
0000000000000010	7d fc 43 75 07 b8 01 00 00 00 eb 05 b8 00 00 00 
0000000000000020	00 5d c3 55 48 89 e5 89 f8 88 45 fc 80 7d fc 64 
0000000000000030	74 06 80 7d fc 44 75 07 b8 01 00 00 00 eb 05 b8 
0000000000000040	00 00 00 00 5d c3 55 48 89 e5 89 f8 88 45 fc 80 
0000000000000050	7d fc 53 74 06 80 7d fc 73 75 07 b8 01 00 00 00 
0000000000000060	eb 05 b8 00 00 00 00 5d c3 55 48 89 e5 89 f8 88 
0000000000000070	45 fc 80 7d fc 6f 74 06 80 7d fc 4f 75 07 b8 01 
0000000000000080	00 00 00 eb 05 b8 00 00 00 00 5d c3 55 48 89 e5 
0000000000000090	89 f8 88 45 fc 80 7d fc 78 74 06 80 7d fc 58 75 
00000000000000a0	07 b8 01 00 00 00 eb 05 b8 00 00 00 00 5d c3 
test/unit_test_files/lib_stat/libftprintf.a(check_more_flag.o):
Contents of (__TEXT,__text) section
0000000000000000	55 48 89 e5 89 f8 88 45 fc 80 7d fc 75 74 06 80 
0000000000000010	7d fc 55 75 07 b8 01 00 00 00 eb 05 b8 00 00 00 
0000000000000020	00 5d c3 
test/unit_test_files/lib_stat/libftprintf.a(attr.o):
Contents of (__TEXT,__text) section
0000000000000000	55 48 89 e5 48 83 ec 10 48 89 7d f8 48 8b 45 f8 
0000000000000010	8b 40 14 85 c0 74 0b 48 8b 45 f8 c7 40 10 00 00 
0000000000000020	00 00 48 8b 45 f8 48 89 c7 e8 00 00 00 00 85 c0 
0000000000000030	74 0b 48 8b 45 f8 c7 40 04 00 00 00 00 48 8b 45 
0000000000000040	f8 48 89 c7 e8 00 00 00 00 85 c0 74 0b 48 8b 45 
0000000000000050	f8 c7 40 08 00 00 00 00 48 8b 45 f8 0f b6 00 0f 
0000000000000060	be c0 89 c7 e8 00 00 00 00 85 c0 75 16 48 8b 45 
0000000000000070	f8 0f b6 00 3c 69 74 0b 48 8b 45 f8 c7 40 10 00 
0000000000000080	00 00 00 48 8b 45 f8 0f b6 00 3c 70 75 0b 48 8b 
0000000000000090	45 f8 c7 40 04 01 00 00 00 48 8b 45 f8 0f b6 00 
00000000000000a0	3c 70 75 0b 48 8b 45 f8 c7 40 18 03 00 00 00 48 
00000000000000b0	8b 45 f8 8b 40 0c 85 c0 74 0b 48 8b 45 f8 c7 40 
00000000000000c0	08 00 00 00 00 48 8b 45 f8 48 89 c7 e8 00 00 00 
00000000000000d0	00 85 c0 74 0b 48 8b 45 f8 c7 40 08 01 00 00 00 
00000000000000e0	48 8b 45 f8 48 89 c7 e8 00 00 00 00 85 c0 74 0b 
00000000000000f0	48 8b 45 f8 c7 40 18 00 00 00 00 48 8b 45 f8 48 
0000000000000100	89 c7 e8 00 00 00 00 85 c0 74 0b 48 8b 45 f8 c7 
0000000000000110	40 18 00 00 00 00 c9 c3 55 48 89 e5 48 89 7d f8 
0000000000000120	48 89 75 f0 89 55 ec 48 8b 45 f0 48 8b 00 0f b6 
0000000000000130	00 3c 2f 0f 8e 8a 00 00 00 48 8b 45 f0 48 8b 00 
0000000000000140	0f b6 00 3c 39 7f 7c 83 7d ec 00 74 76 48 8b 45 
0000000000000150	f8 c7 00 00 00 00 00 eb 47 48 8b 45 f8 8b 10 89 
0000000000000160	d0 c1 e0 02 01 d0 01 c0 89 c2 48 8b 45 f8 89 10 
0000000000000170	48 8b 45 f8 8b 10 48 8b 45 f0 48 8b 00 0f b6 00 
0000000000000180	0f be c0 83 e8 30 01 c2 48 8b 45 f8 89 10 48 8b 
0000000000000190	45 f0 48 8b 00 48 8d 50 01 48 8b 45 f0 48 89 10 
00000000000001a0	48 8b 45 f0 48 8b 00 0f b6 00 3c 2f 7e 0e 48 8b 
00000000000001b0	45 f0 48 8b 00 0f b6 00 3c 39 7e 9d b8 01 00 00 
00000000000001c0	00 eb 05 b8 00 00 00 00 5d c3 55 48 89 e5 48 83 
00000000000001d0	ec 20 48 89 7d e8 48 89 75 e0 e9 b2 00 00 00 48 
00000000000001e0	8b 45 e0 8b 40 24 83 f8 ff 0f 94 c0 0f b6 d0 48 
00000000000001f0	8b 45 e0 48 8d 48 24 48 8b 45 e8 48 89 c6 48 89 
0000000000000200	cf e8 00 00 00 00 89 45 fc 48 8b 45 e8 48 8b 00 
0000000000000210	0f b6 00 3c 2e 75 45 83 7d fc 00 75 3f 48 8b 45 
0000000000000220	e0 c7 40 20 00 00 00 00 48 8b 45 e8 48 8b 10 8b 
0000000000000230	45 f8 48 98 48 01 c2 48 8b 45 e8 48 89 10 48 8b 
0000000000000240	45 e0 48 8d 48 20 48 8b 45 e8 ba 01 00 00 00 48 
0000000000000250	89 c6 48 89 cf e8 00 00 00 00 eb 35 48 8b 45 e8 
0000000000000260	48 8b 00 0f b6 00 3c 2e 75 0b 48 8b 45 e0 c7 40 
0000000000000270	20 ff ff ff ff 83 7d fc 00 75 16 48 8b 45 e8 48 
0000000000000280	8b 10 8b 45 f8 48 98 48 01 c2 48 8b 45 e8 48 89 
0000000000000290	10 48 8b 45 e8 48 8b 00 48 8b 55 e0 48 8d 4d f8 
00000000000002a0	48 89 ce 48 89 c7 e8 00 00 00 00 85 c0 0f 85 2c 
00000000000002b0	ff ff ff 48 8b 45 e8 48 8b 00 48 8b 55 e0 48 8d 
00000000000002c0	4d f8 48 89 ce 48 89 c7 e8 00 00 00 00 85 c0 0f 
00000000000002d0	85 0a ff ff ff 48 8b 45 e8 48 8b 00 48 8d 55 f8 
00000000000002e0	48 89 d6 48 89 c7 e8 00 00 00 00 85 c0 0f 85 ec 
00000000000002f0	fe ff ff 48 8b 45 e8 48 8b 00 48 8d 55 f8 48 89 
0000000000000300	d6 48 89 c7 e8 00 00 00 00 85 c0 0f 85 ce fe ff 
0000000000000310	ff c9 c3 55 48 89 e5 48 83 ec 20 48 89 7d e8 e8 
0000000000000320	00 00 00 00 48 89 45 f8 48 83 7d f8 00 75 0a b8 
0000000000000330	00 00 00 00 e9 82 00 00 00 48 8b 55 f8 48 8b 45 
0000000000000340	e8 48 89 d6 48 89 c7 e8 00 00 00 00 48 8b 55 f8 
0000000000000350	48 8b 45 e8 48 89 d6 48 89 c7 e8 00 00 00 00 48 
0000000000000360	8b 55 f8 48 8b 45 e8 48 89 d6 48 89 c7 e8 00 00 
0000000000000370	00 00 48 8b 55 f8 48 8b 45 e8 48 89 d6 48 89 c7 
0000000000000380	e8 00 00 00 00 48 8b 55 f8 48 8b 45 e8 48 89 d6 
0000000000000390	48 89 c7 e8 00 00 00 00 48 8b 55 f8 48 8b 45 e8 
00000000000003a0	48 89 d6 48 89 c7 e8 00 00 00 00 48 8b 45 f8 48 
00000000000003b0	89 c7 e8 00 00 00 00 48 8b 45 f8 c9 c3 
test/unit_test_files/lib_stat/libftprintf.a(attr_check.o):
Contents of (__TEXT,__text) section
0000000000000000	55 48 89 e5 89 f8 88 45 ec 80 7d ec 73 0f 94 c0 
0000000000000010	0f b6 c0 89 45 fc 80 7d ec 53 0f 94 c0 0f b6 c0 
0000000000000020	09 45 fc 80 7d ec 70 0f 94 c0 0f b6 c0 09 45 fc 
0000000000000030	80 7d ec 64 0f 94 c0 0f b6 c0 09 45 fc 80 7d ec 
0000000000000040	44 0f 94 c0 0f b6 c0 09 45 fc 80 7d ec 69 0f 94 
0000000000000050	c0 0f b6 c0 09 45 fc 80 7d ec 6f 0f 94 c0 0f b6 
0000000000000060	c0 09 45 fc 80 7d ec 4f 0f 94 c0 0f b6 c0 09 45 
0000000000000070	fc 80 7d ec 75 0f 94 c0 0f b6 c0 09 45 fc 80 7d 
0000000000000080	ec 55 0f 94 c0 0f b6 c0 09 45 fc 80 7d ec 78 0f 
0000000000000090	94 c0 0f b6 c0 09 45 fc 80 7d ec 58 0f 94 c0 0f 
00000000000000a0	b6 c0 09 45 fc 80 7d ec 63 0f 94 c0 0f b6 c0 09 
00000000000000b0	45 fc 80 7d ec 43 0f 94 c0 0f b6 c0 09 45 fc 8b 
00000000000000c0	45 fc 5d c3 55 48 89 e5 89 f8 88 45 fc 80 7d fc 
00000000000000d0	2f 7e 0d 80 7d fc 39 7f 07 b8 01 00 00 00 eb 05 
00000000000000e0	b8 00 00 00 00 5d c3 55 48 89 e5 48 89 7d e8 48 
00000000000000f0	89 75 e0 c7 45 fc 00 00 00 00 48 8b 45 e8 0f b6 
0000000000000100	00 3c 2a 74 0b 48 8b 45 e8 0f b6 00 3c 2e 75 11 
0000000000000110	c7 45 fc 01 00 00 00 48 8b 45 e0 c7 00 01 00 00 
0000000000000120	00 8b 45 fc 5d c3 55 48 89 e5 48 89 7d e8 48 89 
0000000000000130	75 e0 c7 45 fc 00 00 00 00 48 8b 45 e8 0f b6 00 
0000000000000140	3c 2f 7e 1c 48 8b 45 e8 0f b6 00 3c 39 7f 11 48 
0000000000000150	8b 45 e0 c7 00 01 00 00 00 c7 45 fc 01 00 00 00 
0000000000000160	8b 45 fc 5d c3 55 48 89 e5 48 89 7d e8 48 89 75 
0000000000000170	e0 48 89 55 d8 c7 45 fc 00 00 00 00 48 8b 45 e8 
0000000000000180	0f b6 00 3c 20 75 0d 48 8b 45 d8 c7 40 10 01 00 
0000000000000190	00 00 eb 5e 48 8b 45 e8 0f b6 00 3c 2b 75 0d 48 
00000000000001a0	8b 45 d8 c7 40 14 01 00 00 00 eb 46 48 8b 45 e8 
00000000000001b0	0f b6 00 3c 2d 75 0d 48 8b 45 d8 c7 40 0c 01 00 
00000000000001c0	00 00 eb 2e 48 8b 45 e8 0f b6 00 3c 23 75 0d 48 
00000000000001d0	8b 45 d8 c7 40 04 01 00 00 00 eb 16 48 8b 45 e8 
00000000000001e0	0f b6 00 3c 30 75 0b 48 8b 45 d8 c7 40 08 01 00 
00000000000001f0	00 00 48 8b 45 e8 0f b6 00 3c 20 74 2c 48 8b 45 
0000000000000200	e8 0f b6 00 3c 2d 74 21 48 8b 45 e8 0f b6 00 3c 
0000000000000210	2b 74 16 48 8b 45 e8 0f b6 00 3c 30 74 0b 48 8b 
0000000000000220	45 e8 0f b6 00 3c 23 75 11 c7 45 fc 01 00 00 00 
0000000000000230	48 8b 45 e0 c7 00 01 00 00 00 8b 45 fc 5d c3 
test/unit_test_files/lib_stat/libftprintf.a(attr_conversion.o):
Contents of (__TEXT,__text) section
0000000000000000	55 48 89 e5 48 83 ec 10 48 89 7d f8 48 8b 45 f8 
0000000000000010	48 8d 35 00 00 00 00 48 89 c7 e8 00 00 00 00 85 
0000000000000020	c0 75 0a b8 01 00 00 00 e9 9b 00 00 00 48 8b 45 
0000000000000030	f8 48 8d 35 00 00 00 00 48 89 c7 e8 00 00 00 00 
0000000000000040	85 c0 75 07 b8 02 00 00 00 eb 7d 48 8b 45 f8 48 
0000000000000050	8d 35 00 00 00 00 48 89 c7 e8 00 00 00 00 85 c0 
0000000000000060	75 07 b8 03 00 00 00 eb 5f 48 8b 45 f8 48 8d 35 
0000000000000070	00 00 00 00 48 89 c7 e8 00 00 00 00 85 c0 75 07 
0000000000000080	b8 04 00 00 00 eb 41 48 8b 45 f8 48 8d 35 00 00 
0000000000000090	00 00 48 89 c7 e8 00 00 00 00 85 c0 75 07 b8 06 
00000000000000a0	00 00 00 eb 23 48 8b 45 f8 48 8d 35 00 00 00 00 
00000000000000b0	48 89 c7 e8 00 00 00 00 85 c0 75 07 b8 05 00 00 
00000000000000c0	00 eb 05 b8 00 00 00 00 c9 c3 55 48 89 e5 48 83 
00000000000000d0	ec 20 48 89 7d f8 48 89 75 f0 48 89 55 e8 48 89 
00000000000000e0	4d e0 48 8b 45 f0 48 89 c7 e8 00 00 00 00 48 89 
00000000000000f0	c2 48 8b 4d f0 48 8b 45 f8 48 89 ce 48 89 c7 e8 
0000000000000100	00 00 00 00 85 c0 75 39 48 8b 45 e0 8b 40 18 85 
0000000000000110	c0 75 13 48 8b 45 f0 48 89 c7 e8 00 00 00 00 48 
0000000000000120	8b 55 e0 89 42 18 48 8b 45 f0 48 89 c7 e8 00 00 
0000000000000130	00 00 89 c2 48 8b 45 e8 89 10 b8 01 00 00 00 eb 
0000000000000140	05 b8 00 00 00 00 c9 c3 55 48 89 e5 48 83 ec 30 
0000000000000150	48 89 7d e8 48 89 75 e0 48 89 55 d8 c7 45 fc 00 
0000000000000160	00 00 00 48 8b 4d d8 48 8b 55 e0 48 8b 45 e8 48 
0000000000000170	8d 35 00 00 00 00 48 89 c7 e8 00 00 00 00 09 45 
0000000000000180	fc 48 8b 4d d8 48 8b 55 e0 48 8b 45 e8 48 8d 35 
0000000000000190	00 00 00 00 48 89 c7 e8 00 00 00 00 09 45 fc 48 
00000000000001a0	8b 4d d8 48 8b 55 e0 48 8b 45 e8 48 8d 35 00 00 
00000000000001b0	00 00 48 89 c7 e8 00 00 00 00 09 45 fc 48 8b 4d 
00000000000001c0	d8 48 8b 55 e0 48 8b 45 e8 48 8d 35 00 00 00 00 
00000000000001d0	48 89 c7 e8 00 00 00 00 09 45 fc 48 8b 4d d8 48 
00000000000001e0	8b 55 e0 48 8b 45 e8 48 8d 35 00 00 00 00 48 89 
00000000000001f0	c7 e8 00 00 00 00 09 45 fc 48 8b 4d d8 48 8b 55 
0000000000000200	e0 48 8b 45 e8 48 8d 35 00 00 00 00 48 89 c7 e8 
0000000000000210	00 00 00 00 09 45 fc 8b 45 fc c9 c3 
test/unit_test_files/lib_stat/libftprintf.a(attr_mgmt.o):
Contents of (__TEXT,__text) section
0000000000000000	55 48 89 e5 48 83 ec 10 48 89 7d f8 48 89 75 f0 
0000000000000010	eb 62 48 8b 45 f0 8b 40 24 83 f8 ff 75 0b 48 8b 
0000000000000020	45 f0 c7 40 24 00 00 00 00 48 8b 45 f0 8b 50 24 
0000000000000030	89 d0 c1 e0 02 01 d0 01 c0 89 c2 48 8b 45 f0 89 
0000000000000040	50 24 48 8b 45 f0 8b 50 24 48 8b 45 f8 48 8b 00 
0000000000000050	0f b6 00 0f be c0 83 e8 30 01 c2 48 8b 45 f0 89 
0000000000000060	50 24 48 8b 45 f8 48 8b 00 48 8d 50 01 48 8b 45 
0000000000000070	f8 48 89 10 48 8b 45 f8 48 8b 00 0f b6 00 0f be 
0000000000000080	c0 89 c7 e8 00 00 00 00 85 c0 75 86 c9 c3 55 48 
0000000000000090	89 e5 48 83 ec 10 48 89 7d f8 48 89 75 f0 48 8b 
00000000000000a0	45 f8 48 8b 00 0f b6 00 3c 2a 75 1d 48 8b 45 f0 
00000000000000b0	c7 40 2c 01 00 00 00 48 8b 45 f8 48 8b 00 48 8d 
00000000000000c0	50 01 48 8b 45 f8 48 89 10 48 8b 45 f8 48 8b 00 
00000000000000d0	0f b6 00 3c 2e 0f 85 82 00 00 00 48 8b 45 f0 c7 
00000000000000e0	40 20 00 00 00 00 48 8b 45 f8 48 8b 00 48 8d 50 
00000000000000f0	01 48 8b 45 f8 48 89 10 eb 4b 48 8b 45 f0 8b 50 
0000000000000100	20 89 d0 c1 e0 02 01 d0 01 c0 89 c2 48 8b 45 f0 
0000000000000110	89 50 20 48 8b 45 f0 8b 50 20 48 8b 45 f8 48 8b 
0000000000000120	00 0f b6 00 0f be c0 83 e8 30 01 c2 48 8b 45 f0 
0000000000000130	89 50 20 48 8b 45 f8 48 8b 00 48 8d 50 01 48 8b 
0000000000000140	45 f8 48 89 10 48 8b 45 f8 48 8b 00 0f b6 00 0f 
0000000000000150	be c0 89 c7 e8 00 00 00 00 85 c0 75 9d 48 8b 45 
0000000000000160	f8 48 8b 00 0f b6 00 3c 2a 75 1d 48 8b 45 f0 c7 
0000000000000170	40 28 01 00 00 00 48 8b 45 f8 48 8b 00 48 8d 50 
0000000000000180	01 48 8b 45 f8 48 89 10 c9 c3 55 48 89 e5 48 83 
0000000000000190	ec 20 48 89 7d e8 48 89 75 e0 48 8b 45 e8 48 8b 
00000000000001a0	00 48 8b 55 e0 48 8d 4d fc 48 89 ce 48 89 c7 e8 
00000000000001b0	00 00 00 00 85 c0 74 16 48 8b 45 e8 48 8b 10 8b 
00000000000001c0	45 fc 48 98 48 01 c2 48 8b 45 e8 48 89 10 c9 c3 
00000000000001d0	55 48 89 e5 48 83 ec 20 48 89 7d e8 48 89 75 e0 
00000000000001e0	eb 12 48 8b 45 e8 48 8b 00 48 8d 50 01 48 8b 45 
00000000000001f0	e8 48 89 10 48 8b 45 e8 48 8b 00 48 8b 55 e0 48 
0000000000000200	8d 4d fc 48 89 ce 48 89 c7 e8 00 00 00 00 85 c0 
0000000000000210	75 d0 c9 c3 55 48 89 e5 48 83 ec 10 48 89 7d f8 
0000000000000220	48 89 75 f0 48 8b 45 f8 48 8b 00 0f b6 00 0f be 
0000000000000230	c0 89 c7 e8 00 00 00 00 85 c0 75 14 48 8b 45 f0 
0000000000000240	c7 40 30 01 00 00 00 48 8b 45 f0 c6 00 63 eb 10 
0000000000000250	48 8b 45 f8 48 8b 00 0f b6 10 48 8b 45 f0 88 10 
0000000000000260	c9 c3 
test/unit_test_files/lib_stat/libftprintf.a(attr_conditions.o):
Contents of (__TEXT,__text) section
0000000000000000	55 48 89 e5 48 83 ec 20 48 89 7d e8 48 8b 45 e8 
0000000000000010	0f b6 00 0f be c0 89 c7 e8 00 00 00 00 89 45 fc 
0000000000000020	48 8b 45 e8 0f b6 00 0f be c0 89 c7 e8 00 00 00 
0000000000000030	00 09 45 fc 48 8b 45 e8 0f b6 00 3c 69 0f 94 c0 
0000000000000040	0f b6 c0 09 45 fc 48 8b 45 e8 0f b6 00 3c 70 0f 
0000000000000050	94 c0 0f b6 c0 09 45 fc 8b 45 fc c9 c3 55 48 89 
0000000000000060	e5 48 83 ec 20 48 89 7d e8 48 8b 45 e8 0f b6 00 
0000000000000070	0f be c0 89 c7 e8 00 00 00 00 89 45 fc 48 8b 45 
0000000000000080	e8 0f b6 00 3c 69 0f 94 c0 0f b6 c0 09 45 fc 48 
0000000000000090	8b 45 e8 0f b6 00 0f be c0 89 c7 e8 00 00 00 00 
00000000000000a0	09 45 fc 48 8b 45 e8 0f b6 00 0f be c0 89 c7 e8 
00000000000000b0	00 00 00 00 09 45 fc 48 8b 45 e8 0f b6 00 0f be 
00000000000000c0	c0 89 c7 e8 00 00 00 00 09 45 fc 48 8b 45 e8 8b 
00000000000000d0	40 20 85 c0 0f 9f c0 0f b6 c0 21 45 fc 8b 45 fc 
00000000000000e0	c9 c3 55 48 89 e5 48 83 ec 20 48 89 7d e8 48 8b 
00000000000000f0	45 e8 0f b6 00 0f be c0 89 c7 e8 00 00 00 00 85 
0000000000000100	c0 74 12 48 8b 45 e8 8b 40 20 85 c0 7e 07 b8 01 
0000000000000110	00 00 00 eb 05 b8 00 00 00 00 89 45 fc 48 8b 45 
0000000000000120	e8 0f b6 00 3c 75 0f 94 c0 0f b6 c0 09 45 fc 8b 
0000000000000130	45 fc c9 c3 55 48 89 e5 48 89 7d e8 48 8b 45 e8 
0000000000000140	0f b6 00 3c 4f 0f 94 c0 0f b6 c0 89 45 fc 48 8b 
0000000000000150	45 e8 0f b6 00 3c 44 0f 94 c0 0f b6 c0 09 45 fc 
0000000000000160	48 8b 45 e8 0f b6 00 3c 55 0f 94 c0 0f b6 c0 09 
0000000000000170	45 fc 48 8b 45 e8 0f b6 00 3c 53 0f 94 c0 0f b6 
0000000000000180	c0 09 45 fc 48 8b 45 e8 0f b6 00 3c 43 0f 94 c0 
0000000000000190	0f b6 c0 09 45 fc 8b 45 fc 5d c3 55 48 89 e5 48 
00000000000001a0	89 7d e8 48 8b 45 e8 0f b6 00 3c 73 75 13 48 8b 
00000000000001b0	45 e8 8b 40 18 83 f8 03 74 07 b8 01 00 00 00 eb 
00000000000001c0	05 b8 00 00 00 00 89 45 fc 48 8b 45 e8 0f b6 00 
00000000000001d0	3c 63 75 13 48 8b 45 e8 8b 40 18 83 f8 03 74 07 
00000000000001e0	b8 01 00 00 00 eb 05 b8 00 00 00 00 09 45 fc 8b 
00000000000001f0	45 fc 5d c3 
test/unit_test_files/lib_stat/libftprintf.a(dispatch_helper.o):
Contents of (__TEXT,__text) section
0000000000000000	55 48 89 e5 48 89 7d f8 48 89 75 f0 48 8b 45 f8 
0000000000000010	8b 40 24 83 f8 ff 75 0b 48 8b 45 f8 c7 40 24 00 
0000000000000020	00 00 00 48 8b 45 f8 8b 40 2c 85 c0 74 4c 48 8b 
0000000000000030	45 f0 8b 00 83 f8 30 73 24 48 8b 45 f0 48 8b 50 
0000000000000040	10 48 8b 45 f0 8b 00 89 c0 48 01 d0 48 8b 55 f0 
0000000000000050	8b 12 8d 4a 08 48 8b 55 f0 89 0a eb 14 48 8b 45 
0000000000000060	f0 48 8b 40 08 48 8d 48 08 48 8b 55 f0 48 89 4a 
0000000000000070	08 8b 10 48 8b 45 f8 89 50 24 48 8b 45 f8 8b 40 
0000000000000080	28 85 c0 74 4c 48 8b 45 f0 8b 00 83 f8 30 73 24 
0000000000000090	48 8b 45 f0 48 8b 50 10 48 8b 45 f0 8b 00 89 c0 
00000000000000a0	48 01 d0 48 8b 55 f0 8b 12 8d 4a 08 48 8b 55 f0 
00000000000000b0	89 0a eb 14 48 8b 45 f0 48 8b 40 08 48 8d 48 08 
00000000000000c0	48 8b 55 f0 48 89 4a 08 8b 10 48 8b 45 f8 89 50 
00000000000000d0	20 48 8b 45 f8 8b 40 24 85 c0 79 28 48 8b 45 f8 
00000000000000e0	8b 40 24 f7 d8 89 c2 48 8b 45 f8 89 50 24 48 8b 
00000000000000f0	45 f8 c7 40 0c 01 00 00 00 48 8b 45 f8 c7 40 08 
0000000000000100	00 00 00 00 48 8b 45 f8 8b 40 20 85 c0 79 0b 48 
0000000000000110	8b 45 f8 c7 40 20 ff ff ff ff 5d c3 55 48 89 e5 
0000000000000120	48 83 ec 20 48 89 7d e8 48 89 75 e0 48 8d 75 f8 
0000000000000130	48 8d 45 fc b9 01 00 00 00 ba 00 00 00 00 48 89 
0000000000000140	c7 e8 00 00 00 00 89 45 f4 eb 71 8b 45 fc 85 c0 
0000000000000150	75 26 48 8b 45 e8 0f b6 00 3c 25 75 1b 8b 45 fc 
0000000000000160	83 c0 01 89 45 fc 8b 45 f8 83 c0 01 89 45 f8 c7 
0000000000000170	45 f4 00 00 00 00 eb 30 48 8b 45 e8 0f b6 00 3c 
0000000000000180	25 75 0b 8b 45 fc 83 c0 01 89 45 fc eb 1a 48 8d 
0000000000000190	75 f4 48 8d 45 fc b9 01 00 00 00 ba 00 00 00 00 
00000000000001a0	48 89 c7 e8 00 00 00 00 8b 45 fc 83 f8 01 7e 07 
00000000000001b0	c7 45 fc 00 00 00 00 48 83 45 e8 01 48 8b 45 e8 
00000000000001c0	0f b6 00 84 c0 75 84 8b 45 f4 85 c0 0f 94 c0 0f 
00000000000001d0	b6 d0 48 8b 45 e0 89 10 8b 45 f8 c9 c3 55 48 89 
00000000000001e0	e5 48 83 ec 30 48 89 7d e8 48 89 75 e0 48 89 55 
00000000000001f0	d8 48 89 4d d0 48 8b 55 d8 48 8b 45 e0 48 89 d6 
0000000000000200	48 89 c7 e8 00 00 00 00 48 8b 55 d8 48 8b 4d e0 
0000000000000210	48 8b 45 e8 48 89 ce 48 89 c7 e8 00 00 00 00 89 
0000000000000220	45 fc 83 7d fc 00 75 1a 48 8b 55 d8 48 8b 4d e0 
0000000000000230	48 8b 45 e8 48 89 ce 48 89 c7 e8 00 00 00 00 89 
0000000000000240	45 fc 83 7d fc 00 75 1a 48 8b 55 d8 48 8b 4d e0 
0000000000000250	48 8b 45 e8 48 89 ce 48 89 c7 e8 00 00 00 00 89 
0000000000000260	45 fc 83 7d fc 00 75 1a 48 8b 55 d8 48 8b 4d e0 
0000000000000270	48 8b 45 e8 48 89 ce 48 89 c7 e8 00 00 00 00 89 
0000000000000280	45 fc 83 7d fc 00 75 1a 48 8b 55 d8 48 8b 4d e0 
0000000000000290	48 8b 45 e8 48 89 ce 48 89 c7 e8 00 00 00 00 89 
00000000000002a0	45 fc 83 7d fc 00 75 1a 48 8b 55 d8 48 8b 4d e0 
00000000000002b0	48 8b 45 e8 48 89 ce 48 89 c7 e8 00 00 00 00 89 
00000000000002c0	45 fc 83 7d fc 00 75 1a 48 8b 55 d8 48 8b 4d e0 
00000000000002d0	48 8b 45 e8 48 89 ce 48 89 c7 e8 00 00 00 00 89 
00000000000002e0	45 fc 83 7d fc 00 75 21 48 8b 45 d0 0f b6 00 0f 
00000000000002f0	be c8 48 8b 55 d8 48 8b 75 e0 48 8b 45 e8 48 89 
0000000000000300	c7 e8 00 00 00 00 89 45 fc 83 7d fc 00 75 1a 48 
0000000000000310	8b 55 d8 48 8b 4d e0 48 8b 45 e8 48 89 ce 48 89 
0000000000000320	c7 e8 00 00 00 00 89 45 fc 83 7d fc ff 75 07 b8 
0000000000000330	ff ff ff ff eb 05 b8 01 00 00 00 c9 c3 
test/unit_test_files/lib_stat/libftprintf.a(dispatch.o):
Contents of (__TEXT,__text) section
0000000000000000	55 48 89 e5 48 83 ec 30 48 89 7d e8 48 89 75 e0 
0000000000000010	48 89 55 d8 c7 45 fc 00 00 00 00 48 8b 45 e0 0f 
0000000000000020	b6 00 3c 73 0f 85 e3 00 00 00 48 8b 45 e0 8b 40 
0000000000000030	18 83 f8 03 75 5a 48 8b 45 d8 8b 00 83 f8 30 73 
0000000000000040	24 48 8b 45 d8 48 8b 50 10 48 8b 45 d8 8b 00 89 
0000000000000050	c0 48 01 d0 48 8b 55 d8 8b 12 8d 4a 08 48 8b 55 
0000000000000060	d8 89 0a eb 14 48 8b 45 d8 48 8b 40 08 48 8d 48 
0000000000000070	08 48 8b 55 d8 48 89 4a 08 48 8b 10 48 8b 45 e0 
0000000000000080	48 89 d6 48 89 c7 e8 00 00 00 00 89 45 fc eb 58 
0000000000000090	48 8b 45 d8 8b 00 83 f8 30 73 24 48 8b 45 d8 48 
00000000000000a0	8b 50 10 48 8b 45 d8 8b 00 89 c0 48 01 d0 48 8b 
00000000000000b0	55 d8 8b 12 8d 4a 08 48 8b 55 d8 89 0a eb 14 48 
00000000000000c0	8b 45 d8 48 8b 40 08 48 8d 48 08 48 8b 55 d8 48 
00000000000000d0	89 4a 08 48 8b 10 48 8b 45 e0 48 89 d6 48 89 c7 
00000000000000e0	e8 00 00 00 00 89 45 fc 83 7d fc ff 75 07 b8 ff 
00000000000000f0	ff ff ff eb 1d 48 8b 45 e8 8b 10 8b 45 fc 01 c2 
0000000000000100	48 8b 45 e8 89 10 b8 01 00 00 00 eb 05 b8 00 00 
0000000000000110	00 00 c9 c3 55 48 89 e5 48 83 ec 30 48 89 7d e8 
0000000000000120	48 89 75 e0 48 89 55 d8 c7 45 fc 00 00 00 00 48 
0000000000000130	8b 45 e0 0f b6 00 3c 53 75 7d 48 8b 45 d8 8b 00 
0000000000000140	83 f8 30 73 24 48 8b 45 d8 48 8b 50 10 48 8b 45 
0000000000000150	d8 8b 00 89 c0 48 01 d0 48 8b 55 d8 8b 12 8d 4a 
0000000000000160	08 48 8b 55 d8 89 0a eb 14 48 8b 45 d8 48 8b 40 
0000000000000170	08 48 8d 48 08 48 8b 55 d8 48 89 4a 08 48 8b 10 
0000000000000180	48 8b 45 e0 48 89 d6 48 89 c7 e8 00 00 00 00 89 
0000000000000190	45 fc 83 7d fc ff 75 07 b8 ff ff ff ff eb 1d 48 
00000000000001a0	8b 45 e8 8b 10 8b 45 fc 01 c2 48 8b 45 e8 89 10 
00000000000001b0	b8 01 00 00 00 eb 05 b8 00 00 00 00 c9 c3 55 48 
00000000000001c0	89 e5 48 83 ec 30 48 89 7d e8 48 89 75 e0 48 89 
00000000000001d0	55 d8 c7 45 fc 00 00 00 00 48 8b 45 e0 0f b6 00 
00000000000001e0	3c 64 74 20 48 8b 45 e0 0f b6 00 3c 44 74 15 48 
00000000000001f0	8b 45 e0 0f b6 00 3c 69 74 0a b8 00 00 00 00 e9 
0000000000000200	61 03 00 00 48 8b 45 e0 8b 40 18 83 f8 01 75 60 
0000000000000210	48 8b 45 d8 8b 00 83 f8 30 73 24 48 8b 45 d8 48 
0000000000000220	8b 50 10 48 8b 45 d8 8b 00 89 c0 48 01 d0 48 8b 
0000000000000230	55 d8 8b 12 8d 4a 08 48 8b 55 d8 89 0a eb 14 48 
0000000000000240	8b 45 d8 48 8b 40 08 48 8d 48 08 48 8b 55 d8 48 
0000000000000250	89 4a 08 8b 00 48 0f be d0 48 8b 45 e0 48 89 d6 
0000000000000260	48 89 c7 e8 00 00 00 00 89 45 fc e9 d2 02 00 00 
0000000000000270	48 8b 45 e0 8b 40 18 83 f8 02 75 60 48 8b 45 d8 
0000000000000280	8b 00 83 f8 30 73 24 48 8b 45 d8 48 8b 50 10 48 
0000000000000290	8b 45 d8 8b 00 89 c0 48 01 d0 48 8b 55 d8 8b 12 
00000000000002a0	8d 4a 08 48 8b 55 d8 89 0a eb 14 48 8b 45 d8 48 
00000000000002b0	8b 40 08 48 8d 48 08 48 8b 55 d8 48 89 4a 08 8b 
00000000000002c0	00 48 0f bf d0 48 8b 45 e0 48 89 d6 48 89 c7 e8 
00000000000002d0	00 00 00 00 89 45 fc e9 66 02 00 00 48 8b 45 e0 
00000000000002e0	8b 40 18 83 f8 03 75 5d 48 8b 45 d8 8b 00 83 f8 
00000000000002f0	30 73 24 48 8b 45 d8 48 8b 50 10 48 8b 45 d8 8b 
0000000000000300	00 89 c0 48 01 d0 48 8b 55 d8 8b 12 8d 4a 08 48 
0000000000000310	8b 55 d8 89 0a eb 14 48 8b 45 d8 48 8b 40 08 48 
0000000000000320	8d 48 08 48 8b 55 d8 48 89 4a 08 48 8b 10 48 8b 
0000000000000330	45 e0 48 89 d6 48 89 c7 e8 00 00 00 00 89 45 fc 
0000000000000340	e9 fd 01 00 00 48 8b 45 e0 8b 40 18 83 f8 04 75 
0000000000000350	5d 48 8b 45 d8 8b 00 83 f8 30 73 24 48 8b 45 d8 
0000000000000360	48 8b 50 10 48 8b 45 d8 8b 00 89 c0 48 01 d0 48 
0000000000000370	8b 55 d8 8b 12 8d 4a 08 48 8b 55 d8 89 0a eb 14 
0000000000000380	48 8b 45 d8 48 8b 40 08 48 8d 48 08 48 8b 55 d8 
0000000000000390	48 89 4a 08 48 8b 10 48 8b 45 e0 48 89 d6 48 89 
00000000000003a0	c7 e8 00 00 00 00 89 45 fc e9 94 01 00 00 48 8b 
00000000000003b0	45 e0 8b 40 18 83 f8 05 75 5d 48 8b 45 d8 8b 00 
00000000000003c0	83 f8 30 73 24 48 8b 45 d8 48 8b 50 10 48 8b 45 
00000000000003d0	d8 8b 00 89 c0 48 01 d0 48 8b 55 d8 8b 12 8d 4a 
00000000000003e0	08 48 8b 55 d8 89 0a eb 14 48 8b 45 d8 48 8b 40 
00000000000003f0	08 48 8d 48 08 48 8b 55 d8 48 89 4a 08 48 8b 10 
0000000000000400	48 8b 45 e0 48 89 d6 48 89 c7 e8 00 00 00 00 89 
0000000000000410	45 fc e9 2b 01 00 00 48 8b 45 e0 8b 40 18 83 f8 
0000000000000420	06 75 60 48 8b 45 d8 8b 00 83 f8 30 73 24 48 8b 
0000000000000430	45 d8 48 8b 50 10 48 8b 45 d8 8b 00 89 c0 48 01 
0000000000000440	d0 48 8b 55 d8 8b 12 8d 4a 08 48 8b 55 d8 89 0a 
0000000000000450	eb 14 48 8b 45 d8 48 8b 40 08 48 8d 48 08 48 8b 
0000000000000460	55 d8 48 89 4a 08 48 8b 00 48 89 c2 48 8b 45 e0 
0000000000000470	48 89 d6 48 89 c7 e8 00 00 00 00 89 45 fc e9 bf 
0000000000000480	00 00 00 48 8b 45 e0 0f b6 00 3c 44 75 5a 48 8b 
0000000000000490	45 d8 8b 00 83 f8 30 73 24 48 8b 45 d8 48 8b 50 
00000000000004a0	10 48 8b 45 d8 8b 00 89 c0 48 01 d0 48 8b 55 d8 
00000000000004b0	8b 12 8d 4a 08 48 8b 55 d8 89 0a eb 14 48 8b 45 
00000000000004c0	d8 48 8b 40 08 48 8d 48 08 48 8b 55 d8 48 89 4a 
00000000000004d0	08 48 8b 10 48 8b 45 e0 48 89 d6 48 89 c7 e8 00 
00000000000004e0	00 00 00 89 45 fc eb 5a 48 8b 45 d8 8b 00 83 f8 
00000000000004f0	30 73 24 48 8b 45 d8 48 8b 50 10 48 8b 45 d8 8b 
0000000000000500	00 89 c0 48 01 d0 48 8b 55 d8 8b 12 8d 4a 08 48 
0000000000000510	8b 55 d8 89 0a eb 14 48 8b 45 d8 48 8b 40 08 48 
0000000000000520	8d 48 08 48 8b 55 d8 48 89 4a 08 8b 00 48 63 d0 
0000000000000530	48 8b 45 e0 48 89 d6 48 89 c7 e8 00 00 00 00 89 
0000000000000540	45 fc 83 7d fc ff 75 07 b8 ff ff ff ff eb 16 48 
0000000000000550	8b 45 e8 8b 10 8b 45 fc 01 c2 48 8b 45 e8 89 10 
0000000000000560	b8 01 00 00 00 c9 c3 55 48 89 e5 48 83 ec 30 48 
0000000000000570	89 7d e8 48 89 75 e0 48 89 55 d8 c7 45 fc 00 00 
0000000000000580	00 00 48 8b 45 e0 0f b6 00 3c 6f 74 15 48 8b 45 
0000000000000590	e0 0f b6 00 3c 4f 74 0a b8 00 00 00 00 e9 5b 03 
00000000000005a0	00 00 48 8b 45 e0 8b 40 18 83 f8 01 75 5f 48 8b 
00000000000005b0	45 d8 8b 00 83 f8 30 73 24 48 8b 45 d8 48 8b 50 
00000000000005c0	10 48 8b 45 d8 8b 00 89 c0 48 01 d0 48 8b 55 d8 
00000000000005d0	8b 12 8d 4a 08 48 8b 55 d8 89 0a eb 14 48 8b 45 
00000000000005e0	d8 48 8b 40 08 48 8d 48 08 48 8b 55 d8 48 89 4a 
00000000000005f0	08 8b 00 0f b6 d0 48 8b 45 e0 48 89 d6 48 89 c7 
0000000000000600	e8 00 00 00 00 89 45 fc e9 cd 02 00 00 48 8b 45 
0000000000000610	e0 8b 40 18 83 f8 02 75 5f 48 8b 45 d8 8b 00 83 
0000000000000620	f8 30 73 24 48 8b 45 d8 48 8b 50 10 48 8b 45 d8 
0000000000000630	8b 00 89 c0 48 01 d0 48 8b 55 d8 8b 12 8d 4a 08 
0000000000000640	48 8b 55 d8 89 0a eb 14 48 8b 45 d8 48 8b 40 08 
0000000000000650	48 8d 48 08 48 8b 55 d8 48 89 4a 08 8b 00 0f b7 
0000000000000660	d0 48 8b 45 e0 48 89 d6 48 89 c7 e8 00 00 00 00 
0000000000000670	89 45 fc e9 62 02 00 00 48 8b 45 e0 8b 40 18 83 
0000000000000680	f8 03 75 5d 48 8b 45 d8 8b 00 83 f8 30 73 24 48 
0000000000000690	8b 45 d8 48 8b 50 10 48 8b 45 d8 8b 00 89 c0 48 
00000000000006a0	01 d0 48 8b 55 d8 8b 12 8d 4a 08 48 8b 55 d8 89 
00000000000006b0	0a eb 14 48 8b 45 d8 48 8b 40 08 48 8d 48 08 48 
00000000000006c0	8b 55 d8 48 89 4a 08 48 8b 10 48 8b 45 e0 48 89 
00000000000006d0	d6 48 89 c7 e8 00 00 00 00 89 45 fc e9 f9 01 00 
00000000000006e0	00 48 8b 45 e0 8b 40 18 83 f8 04 75 5d 48 8b 45 
00000000000006f0	d8 8b 00 83 f8 30 73 24 48 8b 45 d8 48 8b 50 10 
0000000000000700	48 8b 45 d8 8b 00 89 c0 48 01 d0 48 8b 55 d8 8b 
0000000000000710	12 8d 4a 08 48 8b 55 d8 89 0a eb 14 48 8b 45 d8 
0000000000000720	48 8b 40 08 48 8d 48 08 48 8b 55 d8 48 89 4a 08 
0000000000000730	48 8b 10 48 8b 45 e0 48 89 d6 48 89 c7 e8 00 00 
0000000000000740	00 00 89 45 fc e9 90 01 00 00 48 8b 45 e0 8b 40 
0000000000000750	18 83 f8 05 75 5d 48 8b 45 d8 8b 00 83 f8 30 73 
0000000000000760	24 48 8b 45 d8 48 8b 50 10 48 8b 45 d8 8b 00 89 
0000000000000770	c0 48 01 d0 48 8b 55 d8 8b 12 8d 4a 08 48 8b 55 
0000000000000780	d8 89 0a eb 14 48 8b 45 d8 48 8b 40 08 48 8d 48 
0000000000000790	08 48 8b 55 d8 48 89 4a 08 48 8b 10 48 8b 45 e0 
00000000000007a0	48 89 d6 48 89 c7 e8 00 00 00 00 89 45 fc e9 27 
00000000000007b0	01 00 00 48 8b 45 e0 8b 40 18 83 f8 06 75 5d 48 
00000000000007c0	8b 45 d8 8b 00 83 f8 30 73 24 48 8b 45 d8 48 8b 
00000000000007d0	50 10 48 8b 45 d8 8b 00 89 c0 48 01 d0 48 8b 55 
00000000000007e0	d8 8b 12 8d 4a 08 48 8b 55 d8 89 0a eb 14 48 8b 
00000000000007f0	45 d8 48 8b 40 08 48 8d 48 08 48 8b 55 d8 48 89 
0000000000000800	4a 08 48 8b 10 48 8b 45 e0 48 89 d6 48 89 c7 e8 
0000000000000810	00 00 00 00 89 45 fc e9 be 00 00 00 48 8b 45 e0 
0000000000000820	0f b6 00 3c 4f 75 5a 48 8b 45 d8 8b 00 83 f8 30 
0000000000000830	73 24 48 8b 45 d8 48 8b 50 10 48 8b 45 d8 8b 00 
0000000000000840	89 c0 48 01 d0 48 8b 55 d8 8b 12 8d 4a 08 48 8b 
0000000000000850	55 d8 89 0a eb 14 48 8b 45 d8 48 8b 40 08 48 8d 
0000000000000860	48 08 48 8b 55 d8 48 89 4a 08 48 8b 10 48 8b 45 
0000000000000870	e0 48 89 d6 48 89 c7 e8 00 00 00 00 89 45 fc eb 
0000000000000880	59 48 8b 45 d8 8b 00 83 f8 30 73 24 48 8b 45 d8 
0000000000000890	48 8b 50 10 48 8b 45 d8 8b 00 89 c0 48 01 d0 48 
00000000000008a0	8b 55 d8 8b 12 8d 4a 08 48 8b 55 d8 89 0a eb 14 
00000000000008b0	48 8b 45 d8 48 8b 40 08 48 8d 48 08 48 8b 55 d8 
00000000000008c0	48 89 4a 08 8b 00 89 c2 48 8b 45 e0 48 89 d6 48 
00000000000008d0	89 c7 e8 00 00 00 00 89 45 fc 83 7d fc ff 75 07 
00000000000008e0	b8 ff ff ff ff eb 16 48 8b 45 e8 8b 10 8b 45 fc 
00000000000008f0	01 c2 48 8b 45 e8 89 10 b8 01 00 00 00 c9 c3 55 
0000000000000900	48 89 e5 48 83 ec 30 48 89 7d e8 48 89 75 e0 48 
0000000000000910	89 55 d8 c7 45 fc 00 00 00 00 48 8b 45 e0 0f b6 
0000000000000920	00 3c 75 74 15 48 8b 45 e0 0f b6 00 3c 55 74 0a 
0000000000000930	b8 00 00 00 00 e9 5a 03 00 00 48 8b 45 e0 8b 40 
0000000000000940	18 83 f8 01 75 5e 48 8b 45 d8 8b 00 83 f8 30 73 
0000000000000950	24 48 8b 45 d8 48 8b 50 10 48 8b 45 d8 8b 00 89 
0000000000000960	c0 48 01 d0 48 8b 55 d8 8b 12 8d 4a 08 48 8b 55 
0000000000000970	d8 89 0a eb 14 48 8b 45 d8 48 8b 40 08 48 8d 48 
0000000000000980	08 48 8b 55 d8 48 89 4a 08 8b 00 0f b6 d0 48 8b 
0000000000000990	45 e0 89 d6 48 89 c7 e8 00 00 00 00 89 45 fc e9 
00000000000009a0	cd 02 00 00 48 8b 45 e0 8b 40 18 83 f8 02 75 5f 
00000000000009b0	48 8b 45 d8 8b 00 83 f8 30 73 24 48 8b 45 d8 48 
00000000000009c0	8b 50 10 48 8b 45 d8 8b 00 89 c0 48 01 d0 48 8b 
00000000000009d0	55 d8 8b 12 8d 4a 08 48 8b 55 d8 89 0a eb 14 48 
00000000000009e0	8b 45 d8 48 8b 40 08 48 8d 48 08 48 8b 55 d8 48 
00000000000009f0	89 4a 08 8b 00 0f b7 d0 48 8b 45 e0 48 89 d6 48 
0000000000000a00	89 c7 e8 00 00 00 00 89 45 fc e9 62 02 00 00 48 
0000000000000a10	8b 45 e0 8b 40 18 83 f8 03 75 5d 48 8b 45 d8 8b 
0000000000000a20	00 83 f8 30 73 24 48 8b 45 d8 48 8b 50 10 48 8b 
0000000000000a30	45 d8 8b 00 89 c0 48 01 d0 48 8b 55 d8 8b 12 8d 
0000000000000a40	4a 08 48 8b 55 d8 89 0a eb 14 48 8b 45 d8 48 8b 
0000000000000a50	40 08 48 8d 48 08 48 8b 55 d8 48 89 4a 08 48 8b 
0000000000000a60	10 48 8b 45 e0 48 89 d6 48 89 c7 e8 00 00 00 00 
0000000000000a70	89 45 fc e9 f9 01 00 00 48 8b 45 e0 8b 40 18 83 
0000000000000a80	f8 04 75 5d 48 8b 45 d8 8b 00 83 f8 30 73 24 48 
0000000000000a90	8b 45 d8 48 8b 50 10 48 8b 45 d8 8b 00 89 c0 48 
0000000000000aa0	01 d0 48 8b 55 d8 8b 12 8d 4a 08 48 8b 55 d8 89 
0000000000000ab0	0a eb 14 48 8b 45 d8 48 8b 40 08 48 8d 48 08 48 
0000000000000ac0	8b 55 d8 48 89 4a 08 48 8b 10 48 8b 45 e0 48 89 
0000000000000ad0	d6 48 89 c7 e8 00 00 00 00 89 45 fc e9 90 01 00 
0000000000000ae0	00 48 8b 45 e0 8b 40 18 83 f8 05 75 5d 48 8b 45 
0000000000000af0	d8 8b 00 83 f8 30 73 24 48 8b 45 d8 48 8b 50 10 
0000000000000b00	48 8b 45 d8 8b 00 89 c0 48 01 d0 48 8b 55 d8 8b 
0000000000000b10	12 8d 4a 08 48 8b 55 d8 89 0a eb 14 48 8b 45 d8 
0000000000000b20	48 8b 40 08 48 8d 48 08 48 8b 55 d8 48 89 4a 08 
0000000000000b30	48 8b 10 48 8b 45 e0 48 89 d6 48 89 c7 e8 00 00 
0000000000000b40	00 00 89 45 fc e9 27 01 00 00 48 8b 45 e0 8b 40 
0000000000000b50	18 83 f8 06 75 5d 48 8b 45 d8 8b 00 83 f8 30 73 
0000000000000b60	24 48 8b 45 d8 48 8b 50 10 48 8b 45 d8 8b 00 89 
0000000000000b70	c0 48 01 d0 48 8b 55 d8 8b 12 8d 4a 08 48 8b 55 
0000000000000b80	d8 89 0a eb 14 48 8b 45 d8 48 8b 40 08 48 8d 48 
0000000000000b90	08 48 8b 55 d8 48 89 4a 08 48 8b 10 48 8b 45 e0 
0000000000000ba0	48 89 d6 48 89 c7 e8 00 00 00 00 89 45 fc e9 be 
0000000000000bb0	00 00 00 48 8b 45 e0 0f b6 00 3c 55 75 5a 48 8b 
0000000000000bc0	45 d8 8b 00 83 f8 30 73 24 48 8b 45 d8 48 8b 50 
0000000000000bd0	10 48 8b 45 d8 8b 00 89 c0 48 01 d0 48 8b 55 d8 
0000000000000be0	8b 12 8d 4a 08 48 8b 55 d8 89 0a eb 14 48 8b 45 
0000000000000bf0	d8 48 8b 40 08 48 8d 48 08 48 8b 55 d8 48 89 4a 
0000000000000c00	08 48 8b 10 48 8b 45 e0 48 89 d6 48 89 c7 e8 00 
0000000000000c10	00 00 00 89 45 fc eb 59 48 8b 45 d8 8b 00 83 f8 
0000000000000c20	30 73 24 48 8b 45 d8 48 8b 50 10 48 8b 45 d8 8b 
0000000000000c30	00 89 c0 48 01 d0 48 8b 55 d8 8b 12 8d 4a 08 48 
0000000000000c40	8b 55 d8 89 0a eb 14 48 8b 45 d8 48 8b 40 08 48 
0000000000000c50	8d 48 08 48 8b 55 d8 48 89 4a 08 8b 00 89 c2 48 
0000000000000c60	8b 45 e0 48 89 d6 48 89 c7 e8 00 00 00 00 89 45 
0000000000000c70	fc 83 7d fc ff 75 07 b8 ff ff ff ff eb 16 48 8b 
0000000000000c80	45 e8 8b 10 8b 45 fc 01 c2 48 8b 45 e8 89 10 b8 
0000000000000c90	01 00 00 00 c9 c3 
test/unit_test_files/lib_stat/libftprintf.a(dispatch_next.o):
Contents of (__TEXT,__text) section
0000000000000000	55 48 89 e5 48 83 ec 30 48 89 7d e8 48 89 75 e0 
0000000000000010	48 89 55 d8 c7 45 fc 00 00 00 00 48 8b 45 e0 0f 
0000000000000020	b6 00 3c 70 75 7d 48 8b 45 d8 8b 00 83 f8 30 73 
0000000000000030	24 48 8b 45 d8 48 8b 50 10 48 8b 45 d8 8b 00 89 
0000000000000040	c0 48 01 d0 48 8b 55 d8 8b 12 8d 4a 08 48 8b 55 
0000000000000050	d8 89 0a eb 14 48 8b 45 d8 48 8b 40 08 48 8d 48 
0000000000000060	08 48 8b 55 d8 48 89 4a 08 48 8b 10 48 8b 45 e0 
0000000000000070	48 89 d6 48 89 c7 e8 00 00 00 00 89 45 fc 83 7d 
0000000000000080	fc ff 75 07 b8 ff ff ff ff eb 1d 48 8b 45 e8 8b 
0000000000000090	10 8b 45 fc 01 c2 48 8b 45 e8 89 10 b8 01 00 00 
00000000000000a0	00 eb 05 b8 00 00 00 00 c9 c3 55 48 89 e5 48 83 
00000000000000b0	ec 30 48 89 7d e8 48 89 75 e0 48 89 55 d8 c7 45 
00000000000000c0	fc 00 00 00 00 48 8b 45 e0 0f b6 00 3c 78 74 0f 
00000000000000d0	48 8b 45 e0 0f b6 00 3c 58 0f 85 f5 02 00 00 48 
00000000000000e0	8b 45 e0 8b 40 18 83 f8 01 75 5f 48 8b 45 d8 8b 
00000000000000f0	00 83 f8 30 73 24 48 8b 45 d8 48 8b 50 10 48 8b 
0000000000000100	45 d8 8b 00 89 c0 48 01 d0 48 8b 55 d8 8b 12 8d 
0000000000000110	4a 08 48 8b 55 d8 89 0a eb 14 48 8b 45 d8 48 8b 
0000000000000120	40 08 48 8d 48 08 48 8b 55 d8 48 89 4a 08 8b 00 
0000000000000130	0f b6 d0 48 8b 45 e0 48 89 d6 48 89 c7 e8 00 00 
0000000000000140	00 00 89 45 fc e9 65 02 00 00 48 8b 45 e0 8b 40 
0000000000000150	18 83 f8 02 75 5f 48 8b 45 d8 8b 00 83 f8 30 73 
0000000000000160	24 48 8b 45 d8 48 8b 50 10 48 8b 45 d8 8b 00 89 
0000000000000170	c0 48 01 d0 48 8b 55 d8 8b 12 8d 4a 08 48 8b 55 
0000000000000180	d8 89 0a eb 14 48 8b 45 d8 48 8b 40 08 48 8d 48 
0000000000000190	08 48 8b 55 d8 48 89 4a 08 8b 00 0f b7 d0 48 8b 
00000000000001a0	45 e0 48 89 d6 48 89 c7 e8 00 00 00 00 89 45 fc 
00000000000001b0	e9 fa 01 00 00 48 8b 45 e0 8b 40 18 83 f8 03 75 
00000000000001c0	5d 48 8b 45 d8 8b 00 83 f8 30 73 24 48 8b 45 d8 
00000000000001d0	48 8b 50 10 48 8b 45 d8 8b 00 89 c0 48 01 d0 48 
00000000000001e0	8b 55 d8 8b 12 8d 4a 08 48 8b 55 d8 89 0a eb 14 
00000000000001f0	48 8b 45 d8 48 8b 40 08 48 8d 48 08 48 8b 55 d8 
0000000000000200	48 89 4a 08 48 8b 10 48 8b 45 e0 48 89 d6 48 89 
0000000000000210	c7 e8 00 00 00 00 89 45 fc e9 91 01 00 00 48 8b 
0000000000000220	45 e0 8b 40 18 83 f8 04 75 5d 48 8b 45 d8 8b 00 
0000000000000230	83 f8 30 73 24 48 8b 45 d8 48 8b 50 10 48 8b 45 
0000000000000240	d8 8b 00 89 c0 48 01 d0 48 8b 55 d8 8b 12 8d 4a 
0000000000000250	08 48 8b 55 d8 89 0a eb 14 48 8b 45 d8 48 8b 40 
0000000000000260	08 48 8d 48 08 48 8b 55 d8 48 89 4a 08 48 8b 10 
0000000000000270	48 8b 45 e0 48 89 d6 48 89 c7 e8 00 00 00 00 89 
0000000000000280	45 fc e9 28 01 00 00 48 8b 45 e0 8b 40 18 83 f8 
0000000000000290	05 75 5d 48 8b 45 d8 8b 00 83 f8 30 73 24 48 8b 
00000000000002a0	45 d8 48 8b 50 10 48 8b 45 d8 8b 00 89 c0 48 01 
00000000000002b0	d0 48 8b 55 d8 8b 12 8d 4a 08 48 8b 55 d8 89 0a 
00000000000002c0	eb 14 48 8b 45 d8 48 8b 40 08 48 8d 48 08 48 8b 
00000000000002d0	55 d8 48 89 4a 08 48 8b 10 48 8b 45 e0 48 89 d6 
00000000000002e0	48 89 c7 e8 00 00 00 00 89 45 fc e9 bf 00 00 00 
00000000000002f0	48 8b 45 e0 8b 40 18 83 f8 06 75 5a 48 8b 45 d8 
0000000000000300	8b 00 83 f8 30 73 24 48 8b 45 d8 48 8b 50 10 48 
0000000000000310	8b 45 d8 8b 00 89 c0 48 01 d0 48 8b 55 d8 8b 12 
0000000000000320	8d 4a 08 48 8b 55 d8 89 0a eb 14 48 8b 45 d8 48 
0000000000000330	8b 40 08 48 8d 48 08 48 8b 55 d8 48 89 4a 08 48 
0000000000000340	8b 10 48 8b 45 e0 48 89 d6 48 89 c7 e8 00 00 00 
0000000000000350	00 89 45 fc eb 59 48 8b 45 d8 8b 00 83 f8 30 73 
0000000000000360	24 48 8b 45 d8 48 8b 50 10 48 8b 45 d8 8b 00 89 
0000000000000370	c0 48 01 d0 48 8b 55 d8 8b 12 8d 4a 08 48 8b 55 
0000000000000380	d8 89 0a eb 14 48 8b 45 d8 48 8b 40 08 48 8d 48 
0000000000000390	08 48 8b 55 d8 48 89 4a 08 8b 00 89 c2 48 8b 45 
00000000000003a0	e0 48 89 d6 48 89 c7 e8 00 00 00 00 89 45 fc 83 
00000000000003b0	7d fc ff 75 07 b8 ff ff ff ff eb 1d 48 8b 45 e8 
00000000000003c0	8b 10 8b 45 fc 01 c2 48 8b 45 e8 89 10 b8 01 00 
00000000000003d0	00 00 eb 05 b8 00 00 00 00 c9 c3 55 48 89 e5 48 
00000000000003e0	83 ec 30 48 89 7d e8 48 89 75 e0 48 89 55 d8 89 
00000000000003f0	c8 88 45 d4 c7 45 fc 00 00 00 00 48 8b 45 e0 0f 
0000000000000400	b6 00 3c 63 0f 85 07 01 00 00 48 8b 45 e0 8b 40 
0000000000000410	30 85 c0 74 1a 0f be 55 d4 48 8b 45 e0 89 d6 48 
0000000000000420	89 c7 e8 00 00 00 00 89 45 fc e9 bd 00 00 00 48 
0000000000000430	8b 45 e0 8b 40 18 83 f8 03 75 58 48 8b 45 d8 8b 
0000000000000440	00 83 f8 30 73 24 48 8b 45 d8 48 8b 50 10 48 8b 
0000000000000450	45 d8 8b 00 89 c0 48 01 d0 48 8b 55 d8 8b 12 8d 
0000000000000460	4a 08 48 8b 55 d8 89 0a eb 14 48 8b 45 d8 48 8b 
0000000000000470	40 08 48 8d 48 08 48 8b 55 d8 48 89 4a 08 8b 10 
0000000000000480	48 8b 45 e0 89 d6 48 89 c7 e8 00 00 00 00 89 45 
0000000000000490	fc eb 59 48 8b 45 d8 8b 00 83 f8 30 73 24 48 8b 
00000000000004a0	45 d8 48 8b 50 10 48 8b 45 d8 8b 00 89 c0 48 01 
00000000000004b0	d0 48 8b 55 d8 8b 12 8d 4a 08 48 8b 55 d8 89 0a 
00000000000004c0	eb 14 48 8b 45 d8 48 8b 40 08 48 8d 48 08 48 8b 
00000000000004d0	55 d8 48 89 4a 08 8b 00 0f be d0 48 8b 45 e0 89 
00000000000004e0	d6 48 89 c7 e8 00 00 00 00 89 45 fc 83 7d fc ff 
00000000000004f0	75 07 b8 ff ff ff ff eb 1d 48 8b 45 e8 8b 10 8b 
0000000000000500	45 fc 01 c2 48 8b 45 e8 89 10 b8 01 00 00 00 eb 
0000000000000510	05 b8 00 00 00 00 c9 c3 55 48 89 e5 48 83 ec 30 
0000000000000520	48 89 7d e8 48 89 75 e0 48 89 55 d8 c7 45 fc 00 
0000000000000530	00 00 00 48 8b 45 e0 0f b6 00 3c 43 75 7b 48 8b 
0000000000000540	45 d8 8b 00 83 f8 30 73 24 48 8b 45 d8 48 8b 50 
0000000000000550	10 48 8b 45 d8 8b 00 89 c0 48 01 d0 48 8b 55 d8 
0000000000000560	8b 12 8d 4a 08 48 8b 55 d8 89 0a eb 14 48 8b 45 
0000000000000570	d8 48 8b 40 08 48 8d 48 08 48 8b 55 d8 48 89 4a 
0000000000000580	08 8b 10 48 8b 45 e0 89 d6 48 89 c7 e8 00 00 00 
0000000000000590	00 89 45 fc 83 7d fc ff 75 07 b8 ff ff ff ff eb 
00000000000005a0	1d 48 8b 45 e8 8b 10 8b 45 fc 01 c2 48 8b 45 e8 
00000000000005b0	89 10 b8 01 00 00 00 eb 05 b8 00 00 00 00 c9 c3 
test/unit_test_files/lib_stat/libftprintf.a(secondary_call.o):
Contents of (__TEXT,__text) section
0000000000000000	55 48 89 e5 48 83 ec 20 48 89 7d e8 89 f0 88 45 
0000000000000010	e4 0f be 45 e4 89 c7 e8 00 00 00 00 48 89 45 f8 
0000000000000020	80 7d e4 00 75 0b 48 8b 45 e8 c7 40 34 01 00 00 
0000000000000030	00 48 8b 55 f8 48 8b 45 e8 48 89 d6 48 89 c7 e8 
0000000000000040	00 00 00 00 48 89 45 f0 48 8b 45 f8 48 89 c7 e8 
0000000000000050	00 00 00 00 48 8b 45 f0 c9 c3 55 48 89 e5 48 83 
0000000000000060	ec 30 48 89 7d d8 48 89 75 d0 48 8b 45 d0 48 89 
0000000000000070	45 f8 48 8b 45 f8 48 89 c7 e8 00 00 00 00 83 c0 
0000000000000080	01 48 98 48 89 c7 e8 00 00 00 00 48 89 45 f0 48 
0000000000000090	8b 4d f0 48 8b 45 f8 ba 00 00 00 00 48 89 ce 48 
00000000000000a0	89 c7 e8 00 00 00 00 48 8b 55 f0 48 8b 45 d8 48 
00000000000000b0	89 d6 48 89 c7 e8 00 00 00 00 48 89 45 e8 48 8b 
00000000000000c0	45 f0 48 89 c7 e8 00 00 00 00 48 8b 45 e8 c9 c3 
00000000000000d0	55 48 89 e5 48 83 ec 20 48 89 7d e8 89 75 e4 81 
00000000000000e0	7d e4 ff ff 10 00 7f 06 83 7d e4 00 79 07 b8 ff 
00000000000000f0	ff ff ff eb 44 83 7d e4 00 75 0b 48 8b 45 e8 c7 
0000000000000100	40 34 01 00 00 00 8b 45 e4 89 c7 e8 00 00 00 00 
0000000000000110	48 89 45 f8 48 8b 55 f8 48 8b 45 e8 48 89 d6 48 
0000000000000120	89 c7 e8 00 00 00 00 89 45 f4 48 8b 45 f8 48 89 
0000000000000130	c7 e8 00 00 00 00 8b 45 f4 c9 c3 55 48 89 e5 48 
0000000000000140	83 ec 20 48 89 7d e8 89 f0 88 45 e4 0f b6 45 e4 
0000000000000150	89 c7 e8 00 00 00 00 48 89 45 f8 48 8b 55 f8 48 
0000000000000160	8b 45 e8 48 89 d6 48 89 c7 e8 00 00 00 00 48 89 
0000000000000170	45 f0 48 8b 45 f8 48 89 c7 e8 00 00 00 00 48 8b 
0000000000000180	45 f0 c9 c3 55 48 89 e5 41 54 53 48 83 ec 40 48 
0000000000000190	89 7d b8 48 89 75 b0 48 8b 45 b8 8b 40 20 85 c0 
00000000000001a0	78 21 48 8b 45 b8 8b 40 20 48 63 d0 48 8b 45 b0 
00000000000001b0	be 00 00 00 00 48 89 c7 e8 00 00 00 00 48 89 45 
00000000000001c0	e8 eb 10 48 8b 45 b0 48 89 c7 e8 00 00 00 00 48 
00000000000001d0	89 45 e8 48 8b 45 b8 8b 40 08 85 c0 74 06 c6 45 
00000000000001e0	df 30 eb 04 c6 45 df 20 0f b6 5d df 48 8b 45 b8 
00000000000001f0	44 8b 60 24 48 8b 45 e8 48 89 c7 e8 00 00 00 00 
0000000000000200	41 29 c4 44 89 e0 89 de 89 c7 e8 00 00 00 00 48 
0000000000000210	89 45 d0 48 8b 45 b8 8b 40 0c 85 c0 74 19 48 8b 
0000000000000220	55 d0 48 8b 45 e8 48 89 d6 48 89 c7 e8 00 00 00 
0000000000000230	00 48 89 45 e0 eb 17 48 8b 55 e8 48 8b 45 d0 48 
0000000000000240	89 d6 48 89 c7 e8 00 00 00 00 48 89 45 e0 48 8b 
0000000000000250	45 e0 48 89 c7 e8 00 00 00 00 48 8b 45 e0 48 89 
0000000000000260	c7 e8 00 00 00 00 48 98 48 89 45 c8 48 8b 45 e0 
0000000000000270	48 89 c7 e8 00 00 00 00 48 8b 45 d0 48 89 c7 e8 
0000000000000280	00 00 00 00 48 8b 45 e8 48 89 c7 e8 00 00 00 00 
0000000000000290	48 8b 45 c8 48 83 c4 40 5b 41 5c 5d c3 
test/unit_test_files/lib_stat/libftprintf.a(wstr_call.o):
Contents of (__TEXT,__text) section
0000000000000000	55 48 89 e5 48 83 ec 30 48 89 7d e8 48 89 75 e0 
0000000000000010	48 89 55 d8 48 89 4d d0 c7 45 f8 00 00 00 00 48 
0000000000000020	8b 45 e8 8b 40 34 85 c0 75 43 48 8b 45 e8 8b 40 
0000000000000030	0c 85 c0 74 1c 48 8b 55 d8 48 8b 45 e0 48 89 d6 
0000000000000040	48 89 c7 e8 00 00 00 00 48 8b 55 d0 48 89 02 eb 
0000000000000050	6f 48 8b 55 e0 48 8b 45 d8 48 89 d6 48 89 c7 e8 
0000000000000060	00 00 00 00 48 8b 55 d0 48 89 02 eb 53 48 8b 45 
0000000000000070	e8 8b 40 0c 85 c0 74 25 48 8d 55 f8 48 8b 75 d8 
0000000000000080	48 8b 45 e0 48 89 d1 ba 00 00 00 00 48 89 c7 e8 
0000000000000090	00 00 00 00 48 8b 55 d0 48 89 02 eb 23 48 8d 55 
00000000000000a0	f8 48 8b 75 e0 48 8b 45 d8 48 89 d1 ba 01 00 00 
00000000000000b0	00 48 89 c7 e8 00 00 00 00 48 8b 55 d0 48 89 02 
00000000000000c0	48 8b 45 e8 8b 40 34 85 c0 75 14 48 8b 45 d0 48 
00000000000000d0	8b 00 48 89 c7 e8 00 00 00 00 89 45 fc eb 17 8b 
00000000000000e0	55 f8 48 8b 45 d0 48 8b 00 89 d6 48 89 c7 e8 00 
00000000000000f0	00 00 00 89 45 fc 8b 45 fc c9 c3 55 48 89 e5 48 
0000000000000100	83 ec 20 48 89 7d f8 48 89 75 f0 48 89 55 e8 48 
0000000000000110	8b 45 f8 0f b6 00 3c 73 74 0b 48 8b 45 f8 0f b6 
0000000000000120	00 3c 53 75 2f 48 8b 45 f8 8b 40 20 85 c0 78 24 
0000000000000130	48 8b 45 f8 8b 40 20 48 63 d0 48 8b 45 e8 be 00 
0000000000000140	00 00 00 48 89 c7 e8 00 00 00 00 48 8b 55 f0 48 
0000000000000150	89 02 eb 40 48 8b 45 f8 8b 40 34 85 c0 75 15 48 
0000000000000160	8b 45 e8 48 89 c7 e8 00 00 00 00 48 8b 55 f0 48 
0000000000000170	89 02 eb 20 48 8d 3d 25 01 00 00 e8 00 00 00 00 
0000000000000180	48 8b 55 f0 48 89 02 48 8b 45 f0 48 8b 00 c7 00 
0000000000000190	00 00 00 00 c9 c3 55 48 89 e5 53 48 83 ec 38 48 
00000000000001a0	89 7d d8 48 89 75 d0 48 89 55 c8 48 8b 45 d8 8b 
00000000000001b0	40 08 85 c0 74 14 48 8b 45 d8 0f b6 00 3c 75 74 
00000000000001c0	09 c7 45 ec 30 00 00 00 eb 07 c7 45 ec 20 00 00 
00000000000001d0	00 48 8b 45 d8 8b 58 24 48 8b 45 c8 48 89 c7 e8 
00000000000001e0	00 00 00 00 48 8b 55 d8 8b 52 34 01 d0 29 c3 89 
00000000000001f0	da 8b 45 ec 89 c6 89 d7 e8 00 00 00 00 48 8b 55 
0000000000000200	d0 48 89 02 48 83 c4 38 5b 5d c3 55 48 89 e5 48 
0000000000000210	83 ec 30 48 89 7d d8 48 89 75 d0 48 83 7d d0 00 
0000000000000220	75 0b 48 8d 05 7f 00 00 00 48 89 45 d0 48 8b 55 
0000000000000230	d0 48 8d 4d f0 48 8b 45 d8 48 89 ce 48 89 c7 e8 
0000000000000240	00 00 00 00 48 8b 55 f0 48 8d 4d e0 48 8b 45 d8 
0000000000000250	48 89 ce 48 89 c7 e8 00 00 00 00 48 8b 55 e0 48 
0000000000000260	8b 75 f0 48 8d 4d e8 48 8b 45 d8 48 89 c7 e8 00 
0000000000000270	00 00 00 89 45 fc 48 8b 45 e8 48 89 c7 e8 00 00 
0000000000000280	00 00 48 8b 45 e0 48 89 c7 e8 00 00 00 00 48 8b 
0000000000000290	45 f0 48 89 c7 e8 00 00 00 00 8b 45 fc c9 c3 
test/unit_test_files/lib_stat/libftprintf.a(str_call.o):
Contents of (__TEXT,__text) section
0000000000000000	55 48 89 e5 48 83 ec 20 48 89 7d f8 48 89 75 f0 
0000000000000010	48 89 55 e8 48 8b 45 f8 0f b6 00 3c 73 74 0b 48 
0000000000000020	8b 45 f8 0f b6 00 3c 53 75 2f 48 8b 45 f8 8b 40 
0000000000000030	20 85 c0 78 24 48 8b 45 f8 8b 40 20 48 63 d0 48 
0000000000000040	8b 45 f0 be 00 00 00 00 48 89 c7 e8 00 00 00 00 
0000000000000050	48 8b 55 e8 48 89 02 eb 3d 48 8b 45 f8 8b 40 34 
0000000000000060	85 c0 75 15 48 8b 45 f0 48 89 c7 e8 00 00 00 00 
0000000000000070	48 8b 55 e8 48 89 02 eb 1d 48 8d 3d 00 00 00 00 
0000000000000080	e8 00 00 00 00 48 8b 55 e8 48 89 02 48 8b 45 e8 
0000000000000090	48 8b 00 c6 00 00 c9 c3 55 48 89 e5 41 54 53 48 
00000000000000a0	83 ec 30 48 89 7d d8 48 89 75 d0 48 89 55 c8 48 
00000000000000b0	8b 45 d8 8b 40 08 85 c0 74 11 48 8b 45 d8 0f b6 
00000000000000c0	00 3c 75 74 06 c6 45 ef 30 eb 04 c6 45 ef 20 0f 
00000000000000d0	be 5d ef 48 8b 45 d8 8b 40 24 41 89 c4 48 8b 45 
00000000000000e0	d0 48 89 c7 e8 00 00 00 00 89 c2 48 8b 45 d8 8b 
00000000000000f0	40 34 01 d0 41 29 c4 44 89 e0 89 de 89 c7 e8 00 
0000000000000100	00 00 00 48 8b 55 c8 48 89 02 48 83 c4 30 5b 41 
0000000000000110	5c 5d c3 55 48 89 e5 48 83 ec 30 48 89 7d e8 48 
0000000000000120	89 75 e0 48 89 55 d8 48 89 4d d0 c7 45 f4 00 00 
0000000000000130	00 00 48 8b 45 e8 8b 40 0c 85 c0 74 27 48 8b 45 
0000000000000140	e8 8b 40 34 85 c0 75 1c 48 8b 55 d0 48 8b 45 d8 
0000000000000150	48 89 d6 48 89 c7 e8 00 00 00 00 48 8b 55 e0 48 
0000000000000160	89 02 eb 7a 48 8b 45 e8 8b 40 34 85 c0 75 1c 48 
0000000000000170	8b 55 d8 48 8b 45 d0 48 89 d6 48 89 c7 e8 00 00 
0000000000000180	00 00 48 8b 55 e0 48 89 02 eb 53 48 8b 45 e8 8b 
0000000000000190	40 0c 85 c0 74 25 48 8d 55 f4 48 8b 75 d0 48 8b 
00000000000001a0	45 d8 48 89 d1 ba 00 00 00 00 48 89 c7 e8 00 00 
00000000000001b0	00 00 48 8b 55 e0 48 89 02 eb 23 48 8d 55 f4 48 
00000000000001c0	8b 75 d8 48 8b 45 d0 48 89 d1 ba 01 00 00 00 48 
00000000000001d0	89 c7 e8 00 00 00 00 48 8b 55 e0 48 89 02 48 8b 
00000000000001e0	45 e8 8b 40 34 85 c0 75 24 48 8b 45 e0 48 8b 00 
00000000000001f0	48 89 c7 e8 00 00 00 00 48 8b 45 e0 48 8b 00 48 
0000000000000200	89 c7 e8 00 00 00 00 48 89 45 f8 eb 1d 8b 55 f4 
0000000000000210	48 8b 45 e0 48 8b 00 89 d6 48 89 c7 e8 00 00 00 
0000000000000220	00 8b 45 f4 48 98 48 89 45 f8 48 8b 45 f8 c9 c3 
0000000000000230	55 48 89 e5 48 83 ec 30 48 89 7d d8 48 89 75 d0 
0000000000000240	48 83 7d d0 00 75 0b 48 8d 05 00 00 00 00 48 89 
0000000000000250	45 d0 48 8d 55 f0 48 8b 4d d0 48 8b 45 d8 48 89 
0000000000000260	ce 48 89 c7 e8 00 00 00 00 48 8b 4d f0 48 8d 55 
0000000000000270	e0 48 8b 45 d8 48 89 ce 48 89 c7 e8 00 00 00 00 
0000000000000280	48 8b 4d e0 48 8b 55 f0 48 8d 75 e8 48 8b 45 d8 
0000000000000290	48 89 c7 e8 00 00 00 00 48 89 45 f8 48 8b 45 e8 
00000000000002a0	48 89 c7 e8 00 00 00 00 48 8b 45 e0 48 89 c7 e8 
00000000000002b0	00 00 00 00 48 8b 45 f0 48 89 c7 e8 00 00 00 00 
00000000000002c0	48 8b 45 f8 c9 c3 
test/unit_test_files/lib_stat/libftprintf.a(hex_call.o):
Contents of (__TEXT,__text) section
0000000000000000	55 48 89 e5 48 83 ec 30 48 89 7d e8 48 89 75 e0 
0000000000000010	48 89 55 d8 48 83 7d e0 00 75 1d 48 8b 45 e8 8b 
0000000000000020	40 20 85 c0 75 12 48 8b 45 e8 8b 40 24 85 c0 74 
0000000000000030	07 b8 01 00 00 00 eb 05 b8 00 00 00 00 89 45 fc 
0000000000000040	48 83 7d e0 00 75 1d 48 8b 45 e8 8b 40 20 85 c0 
0000000000000050	75 12 48 8b 45 e8 8b 40 24 85 c0 75 07 b8 01 00 
0000000000000060	00 00 eb 05 b8 00 00 00 00 89 45 f8 48 8b 45 e8 
0000000000000070	0f b6 00 3c 58 75 1d 48 8b 45 d8 48 8b 08 48 8b 
0000000000000080	45 e0 ba 01 00 00 00 48 89 ce 48 89 c7 e8 00 00 
0000000000000090	00 00 eb 31 48 8b 45 e8 0f b6 00 3c 78 74 0b 48 
00000000000000a0	8b 45 e8 0f b6 00 3c 70 75 1b 48 8b 45 d8 48 8b 
00000000000000b0	08 48 8b 45 e0 ba 00 00 00 00 48 89 ce 48 89 c7 
00000000000000c0	e8 00 00 00 00 48 8b 45 e8 0f b6 00 3c 78 74 0b 
00000000000000d0	48 8b 45 e8 0f b6 00 3c 58 75 2a 83 7d fc 00 74 
00000000000000e0	24 48 8b 45 d8 48 8b 00 48 89 c7 e8 00 00 00 00 
00000000000000f0	48 8d 3d 00 00 00 00 e8 00 00 00 00 48 8b 55 d8 
0000000000000100	48 89 02 eb 3e 48 8b 45 e8 0f b6 00 3c 78 74 0b 
0000000000000110	48 8b 45 e8 0f b6 00 3c 58 75 28 83 7d f8 00 74 
0000000000000120	22 48 8b 45 d8 48 8b 00 48 89 c7 e8 00 00 00 00 
0000000000000130	48 8d 3d 00 00 00 00 e8 00 00 00 00 48 8b 55 d8 
0000000000000140	48 89 02 c9 c3 55 48 89 e5 48 83 ec 30 48 89 7d 
0000000000000150	e8 48 89 75 e0 89 55 dc 48 89 4d d0 48 8b 45 e8 
0000000000000160	8b 40 20 85 c0 7e 5c 48 8b 45 e8 8b 40 20 2b 45 
0000000000000170	dc be 30 00 00 00 89 c7 e8 00 00 00 00 48 89 45 
0000000000000180	f8 48 8b 45 e0 48 8b 10 48 8b 45 f8 48 89 d6 48 
0000000000000190	89 c7 e8 00 00 00 00 48 89 45 f0 48 8b 45 e0 48 
00000000000001a0	8b 00 48 89 c7 e8 00 00 00 00 48 8b 45 e0 48 8b 
00000000000001b0	55 f0 48 89 10 48 8b 45 f8 48 89 c7 e8 00 00 00 
00000000000001c0	00 eb 4a 48 8b 45 e8 8b 40 20 85 c0 75 3f 48 8b 
00000000000001d0	45 e8 0f b6 00 3c 70 75 34 48 83 7d d0 00 75 2d 
00000000000001e0	be 00 00 00 00 bf 00 00 00 00 e8 00 00 00 00 48 
00000000000001f0	89 45 f8 48 8b 45 e0 48 8b 00 48 89 c7 e8 00 00 
0000000000000200	00 00 48 8b 45 e0 48 8b 55 f8 48 89 10 c9 c3 55 
0000000000000210	48 89 e5 53 48 83 ec 48 48 89 7d c8 48 89 75 c0 
0000000000000220	48 89 55 b8 48 8b 45 c8 0f b6 00 3c 70 0f 94 c0 
0000000000000230	0f b6 c0 89 45 e4 48 8b 45 c8 8b 40 24 85 c0 7e 
0000000000000240	12 48 8b 45 c8 8b 40 08 85 c0 74 07 b8 01 00 00 
0000000000000250	00 eb 05 b8 00 00 00 00 21 45 e4 48 8b 45 c8 8b 
0000000000000260	40 20 85 c0 0f 95 c0 0f b6 c0 21 45 e4 48 8b 45 
0000000000000270	c8 8b 40 04 83 f8 01 0f 85 e6 00 00 00 48 83 7d 
0000000000000280	c0 00 75 0f 48 8b 45 c8 0f b6 00 3c 70 0f 85 d0 
0000000000000290	00 00 00 83 7d e4 00 74 6f 48 8b 45 c8 8b 40 24 
00000000000002a0	89 c3 48 8b 45 b8 48 8b 00 48 89 c7 e8 00 00 00 
00000000000002b0	00 29 c3 89 d8 83 e8 02 be 30 00 00 00 89 c7 e8 
00000000000002c0	00 00 00 00 48 89 45 d8 48 8b 45 b8 48 8b 10 48 
00000000000002d0	8b 45 d8 48 89 d6 48 89 c7 e8 00 00 00 00 48 89 
00000000000002e0	45 e8 48 8b 45 b8 48 8b 00 48 89 c7 e8 00 00 00 
00000000000002f0	00 48 8b 45 b8 48 8b 55 e8 48 89 10 48 8b 45 d8 
0000000000000300	48 89 c7 e8 00 00 00 00 48 8b 45 c8 0f b6 00 3c 
0000000000000310	58 75 1c 48 8b 45 b8 48 8b 00 48 89 c6 48 8d 3d 
0000000000000320	00 00 00 00 e8 00 00 00 00 48 89 45 e8 eb 1a 48 
0000000000000330	8b 45 b8 48 8b 00 48 89 c6 48 8d 3d 00 00 00 00 
0000000000000340	e8 00 00 00 00 48 89 45 e8 48 8b 45 b8 48 8b 00 
0000000000000350	48 89 c7 e8 00 00 00 00 48 8b 45 b8 48 8b 55 e8 
0000000000000360	48 89 10 48 83 c4 48 5b 5d c3 55 48 89 e5 53 48 
0000000000000370	83 ec 28 48 89 7d d8 48 89 75 d0 48 8b 45 d8 8b 
0000000000000380	40 24 85 c0 0f 84 e2 00 00 00 48 8b 45 d8 8b 40 
0000000000000390	08 85 c0 74 39 48 8b 45 d8 8b 40 20 85 c0 79 2e 
00000000000003a0	48 8b 45 d8 8b 40 24 89 c3 48 8b 45 d0 48 8b 00 
00000000000003b0	48 89 c7 e8 00 00 00 00 29 c3 89 d8 be 30 00 00 
00000000000003c0	00 89 c7 e8 00 00 00 00 48 89 45 e8 eb 2c 48 8b 
00000000000003d0	45 d8 8b 40 24 89 c3 48 8b 45 d0 48 8b 00 48 89 
00000000000003e0	c7 e8 00 00 00 00 29 c3 89 d8 be 20 00 00 00 89 
00000000000003f0	c7 e8 00 00 00 00 48 89 45 e8 48 8b 45 d8 8b 40 
0000000000000400	24 85 c0 7e 27 48 8b 45 d8 8b 40 0c 85 c0 75 1c 
0000000000000410	48 8b 45 d0 48 8b 10 48 8b 45 e8 48 89 d6 48 89 
0000000000000420	c7 e8 00 00 00 00 48 89 45 e0 eb 1a 48 8b 45 d0 
0000000000000430	48 8b 00 48 8b 55 e8 48 89 d6 48 89 c7 e8 00 00 
0000000000000440	00 00 48 89 45 e0 48 8b 45 d0 48 8b 00 48 89 c7 
0000000000000450	e8 00 00 00 00 48 8b 45 d0 48 8b 55 e0 48 89 10 
0000000000000460	48 8b 45 e8 48 89 c7 e8 00 00 00 00 48 83 c4 28 
0000000000000470	5b 5d c3 55 48 89 e5 48 83 ec 30 48 89 7d d8 48 
0000000000000480	89 75 d0 48 8b 45 d0 48 89 c7 e8 00 00 00 00 89 
0000000000000490	45 fc 8b 45 fc 83 c0 01 48 98 48 89 c7 e8 00 00 
00000000000004a0	00 00 48 89 45 e8 48 8d 55 e8 48 8b 4d d0 48 8b 
00000000000004b0	45 d8 48 89 ce 48 89 c7 e8 00 00 00 00 48 8b 4d 
00000000000004c0	d0 8b 55 fc 48 8d 75 e8 48 8b 45 d8 48 89 c7 e8 
00000000000004d0	00 00 00 00 48 8d 55 e8 48 8b 4d d0 48 8b 45 d8 
00000000000004e0	48 89 ce 48 89 c7 e8 00 00 00 00 48 8d 55 e8 48 
00000000000004f0	8b 45 d8 48 89 d6 48 89 c7 e8 00 00 00 00 48 8b 
0000000000000500	55 e8 48 8b 45 d8 48 89 d6 48 89 c7 e8 00 00 00 
0000000000000510	00 48 89 45 f0 48 8b 45 e8 48 89 c7 e8 00 00 00 
0000000000000520	00 48 8b 45 f0 c9 c3 
test/unit_test_files/lib_stat/libftprintf.a(oct_call.o):
Contents of (__TEXT,__text) section
0000000000000000	55 48 89 e5 48 83 ec 40 48 89 7d d8 89 75 d4 48 
0000000000000010	89 55 c8 48 89 4d c0 48 8b 45 d8 8b 40 20 2b 45 
0000000000000020	d4 89 45 fc 48 8b 45 d8 8b 40 04 83 f8 01 75 0e 
0000000000000030	48 83 7d c8 00 74 07 b8 01 00 00 00 eb 05 b8 00 
0000000000000040	00 00 00 29 45 fc 48 8b 45 d8 8b 40 20 85 c0 7e 
0000000000000050	53 8b 45 fc be 30 00 00 00 89 c7 e8 00 00 00 00 
0000000000000060	48 89 45 f0 48 8b 45 c0 48 8b 10 48 8b 45 f0 48 
0000000000000070	89 d6 48 89 c7 e8 00 00 00 00 48 89 45 e8 48 8b 
0000000000000080	45 c0 48 8b 00 48 89 c7 e8 00 00 00 00 48 8b 45 
0000000000000090	c0 48 8b 55 e8 48 89 10 48 8b 45 f0 48 89 c7 e8 
00000000000000a0	00 00 00 00 c9 c3 55 48 89 e5 48 83 ec 30 48 89 
00000000000000b0	7d e8 48 89 75 e0 48 89 55 d8 48 8b 45 e8 8b 40 
00000000000000c0	04 83 f8 01 75 3b 48 83 7d e0 00 74 34 48 8b 45 
00000000000000d0	d8 48 8b 00 48 89 c6 48 8d 3d 00 00 00 00 e8 00 
00000000000000e0	00 00 00 48 89 45 f8 48 8b 45 d8 48 8b 00 48 89 
00000000000000f0	c7 e8 00 00 00 00 48 8b 45 d8 48 8b 55 f8 48 89 
0000000000000100	10 c9 c3 55 48 89 e5 53 48 83 ec 28 48 89 7d d8 
0000000000000110	48 89 75 d0 48 8b 45 d8 8b 40 24 85 c0 0f 84 9e 
0000000000000120	00 00 00 48 8b 45 d8 8b 40 24 89 c3 48 8b 45 d0 
0000000000000130	48 8b 00 48 89 c7 e8 00 00 00 00 29 c3 89 d8 be 
0000000000000140	20 00 00 00 89 c7 e8 00 00 00 00 48 89 45 e0 48 
0000000000000150	8b 45 d8 8b 40 24 85 c0 7e 27 48 8b 45 d8 8b 40 
0000000000000160	0c 85 c0 75 1c 48 8b 45 d0 48 8b 10 48 8b 45 e0 
0000000000000170	48 89 d6 48 89 c7 e8 00 00 00 00 48 89 45 e8 eb 
0000000000000180	1a 48 8b 45 d0 48 8b 00 48 8b 55 e0 48 89 d6 48 
0000000000000190	89 c7 e8 00 00 00 00 48 89 45 e8 48 8b 45 d0 48 
00000000000001a0	8b 00 48 89 c7 e8 00 00 00 00 48 8b 45 d0 48 8b 
00000000000001b0	55 e8 48 89 10 48 8b 45 e0 48 89 c7 e8 00 00 00 
00000000000001c0	00 48 83 c4 28 5b 5d c3 55 48 89 e5 48 83 ec 30 
00000000000001d0	48 89 7d d8 48 89 75 d0 48 8b 45 d0 48 89 c7 e8 
00000000000001e0	00 00 00 00 89 45 fc 8b 45 fc 83 c0 01 48 98 48 
00000000000001f0	89 c7 e8 00 00 00 00 48 89 45 e8 48 8b 55 e8 48 
0000000000000200	8b 45 d0 48 89 d6 48 89 c7 e8 00 00 00 00 48 8d 
0000000000000210	4d e8 48 8b 55 d0 8b 75 fc 48 8b 45 d8 48 89 c7 
0000000000000220	e8 00 00 00 00 48 8d 55 e8 48 8b 4d d0 48 8b 45 
0000000000000230	d8 48 89 ce 48 89 c7 e8 00 00 00 00 48 8d 55 e8 
0000000000000240	48 8b 45 d8 48 89 d6 48 89 c7 e8 00 00 00 00 48 
0000000000000250	8b 55 e8 48 8b 45 d8 48 89 d6 48 89 c7 e8 00 00 
0000000000000260	00 00 48 89 45 f0 48 8b 45 e8 48 89 c7 e8 00 00 
0000000000000270	00 00 48 8b 45 f0 c9 c3 
test/unit_test_files/lib_stat/libftprintf.a(uintmax_call.o):
Contents of (__TEXT,__text) section
0000000000000000	55 48 89 e5 48 83 ec 20 48 89 7d f8 48 89 75 f0 
0000000000000010	48 89 55 e8 48 8b 45 f8 8b 40 20 85 c0 75 29 48 
0000000000000020	83 7d f0 00 75 22 48 8b 45 e8 48 8b 00 48 89 c7 
0000000000000030	e8 00 00 00 00 48 8d 3d 00 00 00 00 e8 00 00 00 
0000000000000040	00 48 8b 55 e8 48 89 02 c9 c3 55 48 89 e5 48 83 
0000000000000050	ec 30 48 89 7d e8 48 89 75 e0 89 55 dc 48 8b 45 
0000000000000060	e8 8b 40 20 85 c0 78 6b 48 8b 45 e8 8b 40 20 2b 
0000000000000070	45 dc be 30 00 00 00 89 c7 e8 00 00 00 00 48 89 
0000000000000080	45 f8 48 8b 45 e0 48 8b 10 48 8b 45 f8 48 89 d6 
0000000000000090	48 89 c7 e8 00 00 00 00 48 89 45 f0 48 8b 45 e0 
00000000000000a0	48 8b 00 48 89 c7 e8 00 00 00 00 48 8b 45 e0 48 
00000000000000b0	8b 55 f0 48 89 10 48 8b 45 e8 8b 40 20 8d 50 01 
00000000000000c0	48 8b 45 e8 89 50 20 48 8b 45 f8 48 89 c7 e8 00 
00000000000000d0	00 00 00 c9 c3 55 48 89 e5 48 83 ec 20 48 89 7d 
00000000000000e0	e8 48 89 75 e0 48 8b 45 e8 8b 40 14 83 f8 01 75 
00000000000000f0	34 48 8b 45 e0 48 8b 00 48 89 c6 48 8d 3d 00 00 
0000000000000100	00 00 e8 00 00 00 00 48 89 45 f0 48 8b 45 e0 48 
0000000000000110	8b 00 48 89 c7 e8 00 00 00 00 48 8b 45 e0 48 8b 
0000000000000120	55 f0 48 89 10 48 8b 45 e8 8b 40 10 83 f8 01 75 
0000000000000130	3f 48 8b 45 e0 48 8b 00 48 89 c6 48 8d 3d 00 00 
0000000000000140	00 00 e8 00 00 00 00 48 89 45 f0 48 8b 55 f0 48 
0000000000000150	8b 45 e8 48 89 d6 48 89 c7 e8 00 00 00 00 48 89 
0000000000000160	45 f8 48 8b 45 f0 48 89 c7 e8 00 00 00 00 eb 1a 
0000000000000170	48 8b 45 e0 48 8b 10 48 8b 45 e8 48 89 d6 48 89 
0000000000000180	c7 e8 00 00 00 00 48 89 45 f8 48 8b 45 f8 c9 c3 
0000000000000190	55 48 89 e5 48 83 ec 30 48 89 7d d8 48 89 75 d0 
00000000000001a0	48 8b 45 d0 48 89 c7 e8 00 00 00 00 48 89 45 e8 
00000000000001b0	48 8b 45 d0 48 89 c7 e8 00 00 00 00 48 89 45 f8 
00000000000001c0	48 8b 45 d8 8b 40 08 85 c0 74 1a 48 8b 45 d8 8b 
00000000000001d0	40 20 48 98 48 3b 45 f8 77 0b 48 8b 45 d8 c7 40 
00000000000001e0	08 00 00 00 00 48 8d 55 e8 48 8b 4d d0 48 8b 45 
00000000000001f0	d8 48 89 ce 48 89 c7 e8 00 00 00 00 48 8b 45 f8 
0000000000000200	89 c2 48 8d 4d e8 48 8b 45 d8 48 89 ce 48 89 c7 
0000000000000210	e8 00 00 00 00 48 8d 55 e8 48 8b 45 d8 48 89 d6 
0000000000000220	48 89 c7 e8 00 00 00 00 48 89 45 f0 48 8b 45 e8 
0000000000000230	48 89 c7 e8 00 00 00 00 48 8b 45 f0 c9 c3 
test/unit_test_files/lib_stat/libftprintf.a(intmax_call.o):
Contents of (__TEXT,__text) section
0000000000000000	55 48 89 e5 48 83 ec 30 48 89 7d e8 48 89 75 e0 
0000000000000010	48 89 55 d8 48 83 7d e8 00 79 55 48 8b 45 e0 48 
0000000000000020	8b 00 48 8d 50 01 48 8b 45 d8 48 89 d6 48 89 c7 
0000000000000030	e8 00 00 00 00 48 89 45 f8 48 8b 45 e0 48 8b 00 
0000000000000040	48 89 c7 e8 00 00 00 00 48 8b 45 f8 48 89 c6 48 
0000000000000050	8d 3d 00 00 00 00 e8 00 00 00 00 48 8b 55 e0 48 
0000000000000060	89 02 48 8b 45 f8 48 89 c7 e8 00 00 00 00 eb 34 
0000000000000070	48 8b 45 e0 48 8b 10 48 8b 45 d8 48 89 d6 48 89 
0000000000000080	c7 e8 00 00 00 00 48 89 45 f8 48 8b 45 e0 48 8b 
0000000000000090	00 48 89 c7 e8 00 00 00 00 48 8b 45 e0 48 8b 55 
00000000000000a0	f8 48 89 10 c9 c3 55 48 89 e5 48 83 ec 30 48 89 
00000000000000b0	7d e8 48 89 75 e0 48 89 55 d8 89 4d d4 48 8b 45 
00000000000000c0	e8 8b 40 20 85 c0 75 16 48 83 7d e0 00 75 0f 48 
00000000000000d0	8b 45 d8 48 8b 00 48 89 c7 e8 00 00 00 00 48 8b 
00000000000000e0	45 e8 8b 40 08 85 c0 74 27 48 8b 45 e8 8b 40 20 
00000000000000f0	85 c0 75 1c 48 83 7d e0 00 75 15 48 8d 3d 00 00 
0000000000000100	00 00 e8 00 00 00 00 48 8b 55 d8 48 89 02 eb 25 
0000000000000110	48 8b 45 e8 8b 40 20 85 c0 75 1a 48 83 7d e0 00 
0000000000000120	75 13 48 8d 3d 00 00 00 00 e8 00 00 00 00 48 8b 
0000000000000130	55 d8 48 89 02 48 8b 45 e8 8b 40 20 85 c0 79 07 
0000000000000140	b8 00 00 00 00 eb 53 48 8b 45 e8 8b 40 20 2b 45 
0000000000000150	d4 be 30 00 00 00 89 c7 e8 00 00 00 00 48 89 45 
0000000000000160	f8 48 8b 55 f8 48 8b 4d d8 48 8b 45 e0 48 89 ce 
0000000000000170	48 89 c7 e8 00 00 00 00 48 8b 45 e8 8b 40 20 8d 
0000000000000180	50 01 48 8b 45 e8 89 50 20 48 8b 45 f8 48 89 c7 
0000000000000190	e8 00 00 00 00 b8 01 00 00 00 c9 c3 55 48 89 e5 
00000000000001a0	48 83 ec 30 48 89 7d e8 48 89 75 e0 48 89 55 d8 
00000000000001b0	89 4d d4 48 8b 45 e8 48 89 c7 e8 00 00 00 00 85 
00000000000001c0	c0 75 0a b8 00 00 00 00 e9 30 01 00 00 48 8b 45 
00000000000001d0	e0 48 c1 e8 3f 0f b6 c0 01 45 d4 48 8b 45 e8 8b 
00000000000001e0	40 24 3b 45 d4 0f 8e 0d 01 00 00 48 8b 45 e8 8b 
00000000000001f0	40 08 85 c0 0f 84 fe 00 00 00 48 8b 45 e8 8b 40 
0000000000000200	14 85 c0 0f 85 ef 00 00 00 48 8b 45 e8 8b 40 20 
0000000000000210	85 c0 7f 23 8b 55 d4 48 8b 45 e8 89 d6 48 89 c7 
0000000000000220	e8 00 00 00 00 be 30 00 00 00 89 c7 e8 00 00 00 
0000000000000230	00 48 89 45 f8 eb 21 8b 55 d4 48 8b 45 e8 89 d6 
0000000000000240	48 89 c7 e8 00 00 00 00 be 20 00 00 00 89 c7 e8 
0000000000000250	00 00 00 00 48 89 45 f8 48 83 7d e0 00 79 65 48 
0000000000000260	8b 45 e8 8b 40 20 85 c0 7f 5a 48 8b 45 d8 48 8b 
0000000000000270	00 48 8d 50 01 48 8b 45 f8 48 89 d6 48 89 c7 e8 
0000000000000280	00 00 00 00 48 89 45 f0 48 8b 45 d8 48 8b 00 48 
0000000000000290	89 c7 e8 00 00 00 00 48 8b 45 f0 48 89 c6 48 8d 
00000000000002a0	3d 00 00 00 00 e8 00 00 00 00 48 8b 55 d8 48 89 
00000000000002b0	02 48 8b 45 f0 48 89 c7 e8 00 00 00 00 b8 00 00 
00000000000002c0	00 00 eb 39 48 8b 45 d8 48 8b 10 48 8b 45 f8 48 
00000000000002d0	89 d6 48 89 c7 e8 00 00 00 00 48 89 45 f0 48 8b 
00000000000002e0	45 d8 48 8b 00 48 89 c7 e8 00 00 00 00 48 8b 45 
00000000000002f0	d8 48 8b 55 f0 48 89 10 b8 01 00 00 00 c9 c3 55 
0000000000000300	48 89 e5 41 54 53 48 83 ec 30 48 89 7d d8 48 89 
0000000000000310	75 d0 48 89 55 c8 48 83 7d d0 00 78 0c 48 8b 45 
0000000000000320	d8 8b 40 14 83 f8 01 74 0a b8 00 00 00 00 e9 cf 
0000000000000330	00 00 00 48 8b 45 d8 8b 40 08 85 c0 74 11 48 8b 
0000000000000340	45 d8 8b 40 20 85 c0 79 06 c6 45 ef 30 eb 04 c6 
0000000000000350	45 ef 20 48 8b 45 d8 8b 40 24 8d 50 ff 48 8b 45 
0000000000000360	d8 89 50 24 0f be 5d ef 48 8b 45 d8 8b 40 24 41 
0000000000000370	89 c4 48 8b 45 c8 48 8b 00 48 89 c7 e8 00 00 00 
0000000000000380	00 41 29 c4 44 89 e0 89 de 89 c7 e8 00 00 00 00 
0000000000000390	48 89 45 e0 48 8b 45 d8 8b 40 0c 85 c0 74 15 48 
00000000000003a0	8b 55 e0 48 8b 45 c8 48 89 d6 48 89 c7 e8 00 00 
00000000000003b0	00 00 eb 49 48 8b 45 d8 8b 40 20 85 c0 79 2b 48 
00000000000003c0	8b 45 d8 8b 40 08 85 c0 74 20 48 8b 45 d8 8b 40 
00000000000003d0	20 85 c0 79 15 48 8b 55 e0 48 8b 45 c8 48 89 d6 
00000000000003e0	48 89 c7 e8 00 00 00 00 eb 13 48 8b 55 e0 48 8b 
00000000000003f0	45 c8 48 89 d6 48 89 c7 e8 00 00 00 00 b8 01 00 
0000000000000400	00 00 48 83 c4 30 5b 41 5c 5d c3 55 48 89 e5 48 
0000000000000410	83 ec 30 48 89 7d d8 48 89 75 d0 48 8b 45 d0 48 
0000000000000420	89 c7 e8 00 00 00 00 48 89 45 f0 48 8b 45 d0 48 
0000000000000430	89 c7 e8 00 00 00 00 48 89 45 e0 48 8b 45 f0 89 
0000000000000440	c1 48 8d 55 e0 48 8b 75 d0 48 8b 45 d8 48 89 c7 
0000000000000450	e8 00 00 00 00 48 8b 45 f0 89 c1 48 8d 55 e0 48 
0000000000000460	8b 75 d0 48 8b 45 d8 48 89 c7 e8 00 00 00 00 48 
0000000000000470	8d 55 e0 48 8b 4d d0 48 8b 45 d8 48 89 ce 48 89 
0000000000000480	c7 e8 00 00 00 00 48 83 7d d0 00 7e 48 48 8b 45 
0000000000000490	d8 8b 40 10 83 f8 01 75 3c 48 8b 45 e0 48 89 c6 
00000000000004a0	48 8d 3d 00 00 00 00 e8 00 00 00 00 48 89 45 e8 
00000000000004b0	48 8b 55 e8 48 8b 45 d8 48 89 d6 48 89 c7 e8 00 
00000000000004c0	00 00 00 48 89 45 f8 48 8b 45 e8 48 89 c7 e8 00 
00000000000004d0	00 00 00 eb 17 48 8b 55 e0 48 8b 45 d8 48 89 d6 
00000000000004e0	48 89 c7 e8 00 00 00 00 48 89 45 f8 48 8b 45 e0 
00000000000004f0	48 89 c7 e8 00 00 00 00 48 8b 45 f8 c9 c3 
test/unit_test_files/lib_stat/libftprintf.a(intmax_call_helper.o):
Contents of (__TEXT,__text) section
0000000000000000	55 48 89 e5 48 89 7d e8 48 8b 45 e8 0f b6 00 3c 
0000000000000010	64 0f 94 c0 0f b6 c0 89 45 fc 48 8b 45 e8 0f b6 
0000000000000020	00 3c 44 0f 94 c0 0f b6 c0 09 45 fc 48 8b 45 e8 
0000000000000030	0f b6 00 3c 69 0f 94 c0 0f b6 c0 09 45 fc 8b 45 
0000000000000040	fc 5d c3 55 48 89 e5 48 89 7d e8 89 75 e4 48 8b 
0000000000000050	45 e8 8b 40 24 89 45 fc 48 8b 45 e8 8b 40 10 29 
0000000000000060	45 fc 48 8b 45 e8 8b 40 14 29 45 fc 8b 45 e4 29 
0000000000000070	45 fc 8b 45 fc 5d c3 55 48 89 e5 48 83 ec 20 48 
0000000000000080	89 7d e8 48 89 75 e0 48 8b 45 e8 48 8b 00 48 8b 
0000000000000090	55 e0 48 89 d6 48 89 c7 e8 00 00 00 00 48 89 45 
00000000000000a0	f8 48 8b 45 e8 48 8b 00 48 89 c7 e8 00 00 00 00 
00000000000000b0	48 8b 45 e8 48 8b 55 f8 48 89 10 48 8b 45 e8 48 
00000000000000c0	8b 00 48 89 c6 48 8d 3d 00 00 00 00 e8 00 00 00 
00000000000000d0	00 48 89 45 f8 48 8b 45 e8 48 8b 00 48 89 c7 e8 
00000000000000e0	00 00 00 00 48 8b 45 e8 48 8b 55 f8 48 89 10 c9 
00000000000000f0	c3 55 48 89 e5 48 83 ec 20 48 89 7d e8 48 89 75 
0000000000000100	e0 48 8b 45 e8 48 8b 10 48 8b 45 e0 48 89 d6 48 
0000000000000110	89 c7 e8 00 00 00 00 48 89 45 f8 48 8b 45 e8 48 
0000000000000120	8b 00 48 89 c7 e8 00 00 00 00 48 8b 45 e8 48 8b 
0000000000000130	55 f8 48 89 10 48 8b 45 e8 48 8b 00 48 89 c6 48 
0000000000000140	8d 3d 00 00 00 00 e8 00 00 00 00 48 89 45 f8 48 
0000000000000150	8b 45 e8 48 8b 00 48 89 c7 e8 00 00 00 00 48 8b 
0000000000000160	45 e8 48 8b 55 f8 48 89 10 c9 c3 55 48 89 e5 48 
0000000000000170	83 ec 20 48 89 7d e8 48 89 75 e0 48 8b 45 e8 48 
0000000000000180	8b 00 48 89 c6 48 8d 3d 00 00 00 00 e8 00 00 00 
0000000000000190	00 48 89 45 f8 48 8b 45 e8 48 8b 00 48 89 c7 e8 
00000000000001a0	00 00 00 00 48 8b 45 e8 48 8b 55 f8 48 89 10 48 
00000000000001b0	8b 45 e8 48 8b 10 48 8b 45 e0 48 89 d6 48 89 c7 
00000000000001c0	e8 00 00 00 00 48 89 45 f8 48 8b 45 e8 48 8b 00 
00000000000001d0	48 89 c7 e8 00 00 00 00 48 8b 45 e8 48 8b 55 f8 
00000000000001e0	48 89 10 c9 c3 
test/unit_test_files/lib_stat/libftprintf.a(string_helper.o):
Contents of (__TEXT,__text) section
0000000000000000	55 48 89 e5 48 83 ec 30 48 89 7d d8 48 8b 45 d8 
0000000000000010	48 89 45 f8 48 8b 45 d8 48 89 c7 e8 00 00 00 00 
0000000000000020	48 8d 50 ff 48 8b 45 f8 48 01 d0 48 89 45 f0 eb 
0000000000000030	31 48 8b 45 f8 0f b6 00 88 45 ef 48 8b 45 f8 48 
0000000000000040	8d 50 01 48 89 55 f8 48 8b 55 f0 0f b6 12 88 10 
0000000000000050	48 8b 45 f0 48 8d 50 ff 48 89 55 f0 0f b6 55 ef 
0000000000000060	88 10 48 8b 45 f8 48 3b 45 f0 72 c5 48 8b 45 d8 
0000000000000070	c9 c3 55 48 89 e5 48 83 ec 20 89 7d ec 89 f0 88 
0000000000000080	45 e8 8b 45 ec 83 c0 01 48 98 48 89 c7 e8 00 00 
0000000000000090	00 00 48 89 45 f0 48 83 7d f0 00 74 3a c7 45 fc 
00000000000000a0	00 00 00 00 eb 19 8b 45 fc 8d 50 01 89 55 fc 48 
00000000000000b0	63 d0 48 8b 45 f0 48 01 c2 0f b6 45 e8 88 02 8b 
00000000000000c0	45 fc 3b 45 ec 7c df 8b 45 fc 48 63 d0 48 8b 45 
00000000000000d0	f0 48 01 d0 c6 00 00 48 8b 45 f0 c9 c3 55 48 89 
00000000000000e0	e5 48 83 ec 20 89 f8 88 45 ec bf 02 00 00 00 e8 
00000000000000f0	00 00 00 00 48 89 45 f8 48 83 7d f8 00 74 15 48 
0000000000000100	8b 45 f8 0f b6 55 ec 88 10 48 8b 45 f8 48 83 c0 
0000000000000110	01 c6 00 00 48 8b 45 f8 c9 c3 55 48 89 e5 48 83 
0000000000000120	ec 40 48 89 7d d8 48 89 75 d0 89 55 cc 48 89 4d 
0000000000000130	c0 48 83 7d d8 00 75 11 48 83 7d d0 00 75 0a b8 
0000000000000140	00 00 00 00 e9 af 00 00 00 48 8b 45 d8 48 89 c7 
0000000000000150	e8 00 00 00 00 48 89 45 f8 48 8b 45 d0 48 89 c7 
0000000000000160	e8 00 00 00 00 48 89 45 f0 83 7d cc 00 75 07 48 
0000000000000170	83 45 f8 01 eb 05 48 83 45 f0 01 48 8b 55 f8 48 
0000000000000180	8b 45 f0 48 01 d0 48 89 c7 e8 00 00 00 00 48 89 
0000000000000190	45 e8 48 8b 45 f8 89 c2 48 8b 45 f0 01 d0 89 c2 
00000000000001a0	48 8b 45 c0 89 10 48 83 7d e8 00 74 47 48 83 7d 
00000000000001b0	d8 00 74 17 48 8b 55 f8 48 8b 4d d8 48 8b 45 e8 
00000000000001c0	48 89 ce 48 89 c7 e8 00 00 00 00 48 83 7d d0 00 
00000000000001d0	74 22 48 8b 45 f0 48 8d 50 01 48 8b 4d e8 48 8b 
00000000000001e0	45 f8 48 01 c1 48 8b 45 d0 48 89 c6 48 89 cf e8 
00000000000001f0	00 00 00 00 48 8b 45 e8 c9 c3 55 48 89 e5 48 83 
0000000000000200	ec 10 48 89 7d f8 89 75 f4 8b 45 f4 48 63 d0 48 
0000000000000210	8b 45 f8 48 89 c6 bf 01 00 00 00 e8 00 00 00 00 
0000000000000220	c9 c3 
test/unit_test_files/lib_stat/libftprintf.a(int_helper.o):
Contents of (__TEXT,__text) section
0000000000000000	55 48 89 e5 48 89 7d e8 48 c7 45 f8 00 00 00 00 
0000000000000010	48 83 7d e8 00 75 08 48 c7 45 f8 01 00 00 00 eb 
0000000000000020	21 48 8b 45 e8 48 ba cd cc cc cc cc cc cc cc 48 
0000000000000030	f7 e2 48 89 d0 48 c1 e8 03 48 89 45 e8 48 83 45 
0000000000000040	f8 01 48 83 7d e8 00 75 d8 48 8b 45 f8 5d c3 55 
0000000000000050	48 89 e5 48 89 7d e8 48 c7 45 f8 00 00 00 00 48 
0000000000000060	83 7d e8 00 79 04 48 f7 5d e8 48 83 7d e8 00 75 
0000000000000070	08 48 c7 45 f8 01 00 00 00 eb 2e 48 8b 4d e8 48 
0000000000000080	ba 67 66 66 66 66 66 66 66 48 89 c8 48 f7 ea 48 
0000000000000090	c1 fa 02 48 89 c8 48 c1 f8 3f 48 29 c2 48 89 d0 
00000000000000a0	48 89 45 e8 48 83 45 f8 01 48 83 7d e8 00 75 cb 
00000000000000b0	48 8b 45 f8 5d c3 55 48 89 e5 48 83 ec 30 48 89 
00000000000000c0	7d d8 48 8b 45 d8 48 89 c7 e8 00 00 00 00 48 89 
00000000000000d0	45 f8 48 8b 45 f8 48 89 c7 e8 00 00 00 00 48 89 
00000000000000e0	45 f0 48 83 7d f0 00 0f 84 85 00 00 00 48 8b 45 
00000000000000f0	f0 48 89 45 e8 eb 5a 48 8b 4d e8 48 8d 41 01 48 
0000000000000100	89 45 e8 48 8b 75 d8 48 ba cd cc cc cc cc cc cc 
0000000000000110	cc 48 89 f0 48 f7 e2 48 c1 ea 03 48 89 d0 48 c1 
0000000000000120	e0 02 48 01 d0 48 01 c0 48 29 c6 48 89 f2 89 d0 
0000000000000130	83 c0 30 88 01 48 8b 45 d8 48 ba cd cc cc cc cc 
0000000000000140	cc cc cc 48 f7 e2 48 89 d0 48 c1 e8 03 48 89 45 
0000000000000150	d8 48 8b 45 f8 48 8d 50 ff 48 89 55 f8 48 85 c0 
0000000000000160	75 95 48 8b 45 f0 48 89 c7 e8 00 00 00 00 48 89 
0000000000000170	45 f0 48 8b 45 f0 c9 c3 55 48 89 e5 48 83 ec 30 
0000000000000180	48 89 7d d8 48 8b 45 d8 48 c1 e8 3f 0f b6 c0 48 
0000000000000190	89 45 e0 48 83 7d e0 00 74 04 48 f7 5d d8 48 8b 
00000000000001a0	45 d8 48 89 c7 e8 00 00 00 00 48 89 45 f8 48 8b 
00000000000001b0	55 f8 48 8b 45 e0 48 01 d0 48 89 c7 e8 00 00 00 
00000000000001c0	00 48 89 45 f0 48 83 7d f0 00 0f 84 ae 00 00 00 
00000000000001d0	48 8b 45 f0 48 89 45 e8 eb 71 48 8b 75 e8 48 8d 
00000000000001e0	46 01 48 89 45 e8 48 8b 4d d8 48 ba 67 66 66 66 
00000000000001f0	66 66 66 66 48 89 c8 48 f7 ea 48 c1 fa 02 48 89 
0000000000000200	c8 48 c1 f8 3f 48 29 c2 48 89 d0 48 c1 e0 02 48 
0000000000000210	01 d0 48 01 c0 48 29 c1 48 89 ca 89 d0 83 c0 30 
0000000000000220	88 06 48 8b 4d d8 48 ba 67 66 66 66 66 66 66 66 
0000000000000230	48 89 c8 48 f7 ea 48 c1 fa 02 48 89 c8 48 c1 f8 
0000000000000240	3f 48 29 c2 48 89 d0 48 89 45 d8 48 8b 45 f8 48 
0000000000000250	8d 50 ff 48 89 55 f8 48 85 c0 0f 8f 7a ff ff ff 
0000000000000260	48 83 7d e0 00 74 07 48 8b 45 e8 c6 00 2d 48 8b 
0000000000000270	45 f0 48 89 c7 e8 00 00 00 00 48 89 45 f0 48 8b 
0000000000000280	45 f0 c9 c3 
test/unit_test_files/lib_stat/libftprintf.a(ustr_helper.o):
Contents of (__TEXT,__text) section
0000000000000000	55 48 89 e5 48 83 ec 30 48 89 7d e8 89 75 e4 48 
0000000000000010	89 55 d8 48 83 7d e8 00 75 07 b8 00 00 00 00 eb 
0000000000000020	5d 48 8b 45 e8 48 89 c7 e8 00 00 00 00 48 98 48 
0000000000000030	89 45 f8 48 8b 45 d8 48 3b 45 f8 76 08 48 8b 45 
0000000000000040	f8 48 89 45 d8 48 8b 45 d8 48 89 c7 e8 00 00 00 
0000000000000050	00 48 89 45 f0 48 83 7d f0 00 74 1e 8b 55 e4 48 
0000000000000060	8b 45 e8 48 8d 0c 02 48 8b 55 d8 48 8b 45 f0 48 
0000000000000070	89 ce 48 89 c7 e8 00 00 00 00 48 8b 45 f0 c9 c3 
0000000000000080	55 48 89 e5 48 83 ec 20 89 7d ec 89 f0 88 45 e8 
0000000000000090	8b 45 ec 83 c0 01 48 98 48 89 c7 e8 00 00 00 00 
00000000000000a0	48 89 45 f0 48 83 7d f0 00 74 3a c7 45 fc 00 00 
00000000000000b0	00 00 eb 19 8b 45 fc 8d 50 01 89 55 fc 48 63 d0 
00000000000000c0	48 8b 45 f0 48 01 c2 0f b6 45 e8 88 02 8b 45 fc 
00000000000000d0	3b 45 ec 7c df 8b 45 fc 48 63 d0 48 8b 45 f0 48 
00000000000000e0	01 d0 c6 00 00 48 8b 45 f0 c9 c3 55 48 89 e5 48 
00000000000000f0	83 ec 20 48 89 7d e8 48 8b 45 e8 48 89 c7 e8 00 
0000000000000100	00 00 00 83 c0 01 48 98 48 89 c7 e8 00 00 00 00 
0000000000000110	48 89 45 f8 48 83 7d f8 00 74 25 48 8b 45 e8 48 
0000000000000120	89 c7 e8 00 00 00 00 83 c0 01 48 63 d0 48 8b 4d 
0000000000000130	e8 48 8b 45 f8 48 89 ce 48 89 c7 e8 00 00 00 00 
0000000000000140	48 8b 45 f8 c9 c3 55 48 89 e5 48 83 ec 20 48 89 
0000000000000150	7d e8 48 8b 45 e8 48 83 c0 01 48 89 45 f8 48 83 
0000000000000160	7d f8 00 75 08 48 8b 45 e8 48 89 45 f8 48 8b 45 
0000000000000170	f8 48 89 c7 e8 00 00 00 00 48 89 45 f0 48 83 7d 
0000000000000180	f0 00 75 07 b8 00 00 00 00 eb 04 48 8b 45 f0 c9 
0000000000000190	c3 55 48 89 e5 48 83 ec 20 89 f8 88 45 ec bf 02 
00000000000001a0	00 00 00 e8 00 00 00 00 48 89 45 f8 48 83 7d f8 
00000000000001b0	00 74 15 48 8b 45 f8 0f b6 55 ec 88 10 48 8b 45 
00000000000001c0	f8 48 83 c0 01 c6 00 00 48 8b 45 f8 c9 c3 
test/unit_test_files/lib_stat/libftprintf.a(ustr_next_helper.o):
Contents of (__TEXT,__text) section
0000000000000000	55 48 89 e5 48 89 7d e8 c7 45 fc 00 00 00 00 48 
0000000000000010	8b 45 e8 48 89 45 f0 eb 04 83 45 fc 01 48 83 7d 
0000000000000020	f0 00 74 13 48 8b 45 f0 48 8d 50 01 48 89 55 f0 
0000000000000030	0f b6 00 84 c0 75 e2 8b 45 fc 5d c3 55 48 89 e5 
0000000000000040	48 83 ec 10 48 89 7d f8 48 8b 45 f8 48 89 c7 e8 
0000000000000050	00 00 00 00 48 63 d0 48 8b 45 f8 48 89 c6 bf 01 
0000000000000060	00 00 00 e8 00 00 00 00 c9 c3 55 48 89 e5 48 83 
0000000000000070	ec 30 48 89 7d d8 48 89 75 d0 48 83 7d d8 00 75 
0000000000000080	11 48 83 7d d0 00 75 0a b8 00 00 00 00 e9 8d 00 
0000000000000090	00 00 48 8b 45 d8 48 89 c7 e8 00 00 00 00 48 98 
00000000000000a0	48 89 45 f8 48 8b 45 d0 48 89 c7 e8 00 00 00 00 
00000000000000b0	48 98 48 89 45 f0 48 8b 55 f8 48 8b 45 f0 48 01 
00000000000000c0	d0 48 89 c7 e8 00 00 00 00 48 89 45 e8 48 83 7d 
00000000000000d0	e8 00 74 47 48 83 7d d8 00 74 17 48 8b 55 f8 48 
00000000000000e0	8b 4d d8 48 8b 45 e8 48 89 ce 48 89 c7 e8 00 00 
00000000000000f0	00 00 48 83 7d d0 00 74 22 48 8b 45 f0 48 8d 50 
0000000000000100	01 48 8b 4d e8 48 8b 45 f8 48 01 c1 48 8b 45 d0 
0000000000000110	48 89 c6 48 89 cf e8 00 00 00 00 48 8b 45 e8 c9 
0000000000000120	c3 
test/unit_test_files/lib_stat/libftprintf.a(wstr_helper.o):
Contents of (__TEXT,__text) section
0000000000000000	55 48 89 e5 48 83 ec 30 48 89 7d e8 89 75 e4 48 
0000000000000010	89 55 d8 48 83 7d e8 00 75 0a b8 00 00 00 00 e9 
0000000000000020	84 00 00 00 48 8b 55 d8 48 8b 45 e8 48 89 d6 48 
0000000000000030	89 c7 e8 00 00 00 00 48 89 45 f0 48 8b 45 f0 48 
0000000000000040	83 c0 01 48 c1 e0 02 48 89 c7 e8 00 00 00 00 48 
0000000000000050	89 45 f8 48 83 7d f8 00 74 4a 48 8b 45 f0 48 8d 
0000000000000060	14 85 00 00 00 00 48 8b 45 f8 48 01 d0 c7 00 00 
0000000000000070	00 00 00 48 8b 45 f0 48 8d 14 85 00 00 00 00 8b 
0000000000000080	45 e4 48 8d 0c 85 00 00 00 00 48 8b 45 e8 48 01 
0000000000000090	c1 48 8b 45 f8 48 89 ce 48 89 c7 e8 00 00 00 00 
00000000000000a0	48 89 45 f8 48 8b 45 f8 c9 c3 55 48 89 e5 48 83 
00000000000000b0	ec 30 48 89 7d d8 48 89 75 d0 48 83 7d d8 00 75 
00000000000000c0	11 48 83 7d d0 00 75 0a b8 00 00 00 00 e9 cd 00 
00000000000000d0	00 00 48 8b 45 d8 48 89 c7 e8 00 00 00 00 48 98 
00000000000000e0	48 89 45 f8 48 8b 45 d0 48 89 c7 e8 00 00 00 00 
00000000000000f0	48 98 48 89 45 f0 48 8b 55 f8 48 8b 45 f0 48 01 
0000000000000100	d0 48 83 c0 01 48 c1 e0 02 48 89 c7 e8 00 00 00 
0000000000000110	00 48 89 45 e8 48 83 7d e8 00 74 7f 48 8b 55 f8 
0000000000000120	48 8b 45 f0 48 01 d0 48 8d 14 85 00 00 00 00 48 
0000000000000130	8b 45 e8 48 01 d0 c7 00 00 00 00 00 48 83 7d d8 
0000000000000140	00 74 1f 48 8b 45 f8 48 8d 14 85 00 00 00 00 48 
0000000000000150	8b 4d d8 48 8b 45 e8 48 89 ce 48 89 c7 e8 00 00 
0000000000000160	00 00 48 83 7d d0 00 74 32 48 8b 45 f0 48 83 c0 
0000000000000170	01 48 8d 14 85 00 00 00 00 48 8b 45 f8 48 8d 0c 
0000000000000180	85 00 00 00 00 48 8b 45 e8 48 01 c1 48 8b 45 d0 
0000000000000190	48 89 c6 48 89 cf e8 00 00 00 00 48 8b 45 e8 c9 
00000000000001a0	c3 55 48 89 e5 48 83 ec 20 48 89 7d e8 48 8b 45 
00000000000001b0	e8 48 89 c7 e8 00 00 00 00 83 c0 01 48 98 48 c1 
00000000000001c0	e0 02 48 89 c7 e8 00 00 00 00 48 89 45 f8 48 83 
00000000000001d0	7d f8 00 74 2c 48 8b 45 e8 48 89 c7 e8 00 00 00 
00000000000001e0	00 83 c0 01 48 98 48 8d 14 85 00 00 00 00 48 8b 
00000000000001f0	4d e8 48 8b 45 f8 48 89 ce 48 89 c7 e8 00 00 00 
0000000000000200	00 48 8b 45 f8 c9 c3 55 48 89 e5 48 83 ec 20 89 
0000000000000210	7d ec bf 08 00 00 00 e8 00 00 00 00 48 89 45 f8 
0000000000000220	48 83 7d f8 00 74 17 48 8b 45 f8 8b 55 ec 89 10 
0000000000000230	48 8b 45 f8 48 83 c0 04 c7 00 00 00 00 00 48 8b 
0000000000000240	45 f8 c9 c3 55 48 89 e5 48 83 ec 20 89 7d ec 89 
0000000000000250	75 e8 8b 45 ec 83 c0 01 48 98 48 c1 e0 02 48 89 
0000000000000260	c7 e8 00 00 00 00 48 89 45 f0 48 83 7d f0 00 74 
0000000000000270	4a c7 45 fc 00 00 00 00 eb 1f 8b 45 fc 8d 50 01 
0000000000000280	89 55 fc 48 98 48 8d 14 85 00 00 00 00 48 8b 45 
0000000000000290	f0 48 01 c2 8b 45 e8 89 02 8b 45 fc 3b 45 ec 7c 
00000000000002a0	d9 8b 45 fc 48 98 48 8d 14 85 00 00 00 00 48 8b 
00000000000002b0	45 f0 48 01 d0 c7 00 00 00 00 00 48 8b 45 f0 c9 
00000000000002c0	c3 
test/unit_test_files/lib_stat/libftprintf.a(wstr_next_helper.o):
Contents of (__TEXT,__text) section
0000000000000000	55 48 89 e5 48 83 ec 40 48 89 7d d8 48 89 75 d0 
0000000000000010	89 55 cc 48 89 4d c0 48 83 7d d8 00 75 11 48 83 
0000000000000020	7d d0 00 75 0a b8 00 00 00 00 e9 f3 00 00 00 48 
0000000000000030	8b 45 d8 48 89 c7 e8 00 00 00 00 48 98 48 89 45 
0000000000000040	f8 48 8b 45 d0 48 89 c7 e8 00 00 00 00 48 98 48 
0000000000000050	89 45 f0 83 7d cc 00 75 07 48 83 45 f8 01 eb 05 
0000000000000060	48 83 45 f0 01 48 8b 55 f8 48 8b 45 f0 48 01 d0 
0000000000000070	48 83 c0 01 48 c1 e0 02 48 89 c7 e8 00 00 00 00 
0000000000000080	48 89 45 e8 48 8b 45 f8 89 c2 48 8b 45 f0 01 d0 
0000000000000090	89 c2 48 8b 45 c0 89 10 48 83 7d e8 00 74 7f 48 
00000000000000a0	8b 55 f8 48 8b 45 f0 48 01 d0 48 8d 14 85 00 00 
00000000000000b0	00 00 48 8b 45 e8 48 01 d0 c7 00 00 00 00 00 48 
00000000000000c0	83 7d d8 00 74 1f 48 8b 45 f8 48 8d 14 85 00 00 
00000000000000d0	00 00 48 8b 4d d8 48 8b 45 e8 48 89 ce 48 89 c7 
00000000000000e0	e8 00 00 00 00 48 83 7d d0 00 74 32 48 8b 45 f0 
00000000000000f0	48 83 c0 01 48 8d 14 85 00 00 00 00 48 8b 45 f8 
0000000000000100	48 8d 0c 85 00 00 00 00 48 8b 45 e8 48 01 c1 48 
0000000000000110	8b 45 d0 48 89 c6 48 89 cf e8 00 00 00 00 48 8b 
0000000000000120	45 e8 c9 c3 
test/unit_test_files/lib_stat/libftprintf.a(wstr_size_helper.o):
Contents of (__TEXT,__text) section
0000000000000000	55 48 89 e5 89 7d fc 83 7d fc 0b 7f 07 b8 02 00 
0000000000000010	00 00 eb 12 83 7d fc 10 7f 07 b8 03 00 00 00 eb 
0000000000000020	05 b8 04 00 00 00 5d c3 55 48 89 e5 89 7d ec c7 
0000000000000030	45 fc 00 00 00 00 eb 07 83 45 fc 01 d1 6d ec 83 
0000000000000040	7d ec 00 75 f3 8b 45 fc 5d c3 55 48 89 e5 48 83 
0000000000000050	ec 28 48 89 7d d8 48 8b 45 d8 48 89 45 f0 c7 45 
0000000000000060	fc 00 00 00 00 eb 3d 48 8b 45 f0 8b 00 89 c7 e8 
0000000000000070	00 00 00 00 89 45 ec 83 7d ec 07 7f 06 83 45 fc 
0000000000000080	01 eb 1c 83 7d ec 0b 7f 06 83 45 fc 02 eb 10 83 
0000000000000090	7d ec 10 7f 06 83 45 fc 03 eb 04 83 45 fc 04 48 
00000000000000a0	83 45 f0 04 48 8b 45 f0 8b 00 85 c0 75 b9 8b 45 
00000000000000b0	fc c9 c3 55 48 89 e5 48 83 ec 30 48 89 7d d8 48 
00000000000000c0	89 75 d0 48 8b 45 d8 48 89 45 e8 48 c7 45 f8 00 
00000000000000d0	00 00 00 48 c7 45 f0 00 00 00 00 eb 57 48 8b 45 
00000000000000e0	e8 48 8d 50 04 48 89 55 e8 8b 00 89 c7 e8 00 00 
00000000000000f0	00 00 89 45 e4 83 7d e4 07 7f 07 48 83 45 f8 01 
0000000000000100	eb 1f 83 7d e4 0b 7f 07 48 83 45 f8 02 eb 12 83 
0000000000000110	7d e4 10 7f 07 48 83 45 f8 03 eb 05 48 83 45 f8 
0000000000000120	04 48 8b 45 f8 48 3b 45 d0 77 07 48 83 45 f0 01 
0000000000000130	eb 02 eb 0a 48 8b 45 e8 8b 00 85 c0 75 9f 48 8b 
0000000000000140	45 f0 c9 c3 55 48 89 e5 48 89 7d e8 c7 45 fc 00 
0000000000000150	00 00 00 48 8b 45 e8 48 89 45 f0 eb 09 48 83 45 
0000000000000160	f0 04 83 45 fc 01 48 83 7d f0 00 74 0a 48 8b 45 
0000000000000170	f0 8b 00 85 c0 75 e6 8b 45 fc 5d c3 
test/unit_test_files/lib_stat/libftprintf.a(wstr_byte_helper.o):
Contents of (__TEXT,__text) section
0000000000000000	55 48 89 e5 89 7d ec 48 89 75 e0 89 55 e8 48 8b 
0000000000000010	45 e0 48 89 45 f8 8b 45 e8 48 98 48 83 e8 01 48 
0000000000000020	01 45 f8 c7 45 f4 1f 00 00 00 eb 1e 48 8b 45 f8 
0000000000000030	48 8d 50 ff 48 89 55 f8 8b 55 ec 83 e2 01 83 c2 
0000000000000040	30 88 10 83 6d f4 01 d1 6d ec 83 7d f4 00 79 dc 
0000000000000050	5d c3 55 48 89 e5 48 89 7d f8 48 89 75 f0 48 89 
0000000000000060	55 e8 48 89 4d e0 48 8b 45 f0 8b 00 48 63 d0 48 
0000000000000070	8b 45 f8 48 01 d0 c6 00 30 48 8b 45 f0 8b 00 8d 
0000000000000080	50 ff 48 8b 45 f0 89 10 48 8b 45 f0 8b 00 48 63 
0000000000000090	d0 48 8b 45 f8 48 01 d0 c6 00 31 48 8b 45 f0 8b 
00000000000000a0	00 8d 50 ff 48 8b 45 f0 89 10 48 8b 45 e8 8b 00 
00000000000000b0	8d 50 ff 48 8b 45 e8 89 10 48 8b 45 e0 c7 00 00 
00000000000000c0	00 00 00 5d c3 55 48 89 e5 48 89 7d f8 48 89 75 
00000000000000d0	f0 48 89 55 e8 48 89 4d e0 48 8b 45 e8 8b 00 48 
00000000000000e0	63 d0 48 8b 45 f8 48 01 c2 48 8b 45 e0 8b 00 48 
00000000000000f0	63 c8 48 8b 45 f0 48 01 c8 0f b6 00 88 02 48 8b 
0000000000000100	45 e8 8b 00 8d 50 ff 48 8b 45 e8 89 10 48 8b 45 
0000000000000110	e0 8b 00 8d 50 ff 48 8b 45 e0 89 10 b8 01 00 00 
0000000000000120	00 5d c3 55 48 89 e5 48 83 ec 38 48 89 7d d8 48 
0000000000000130	89 75 d0 89 55 cc c7 45 f0 00 00 00 00 8b 45 cc 
0000000000000140	89 45 f8 8b 45 cc c1 e0 03 83 e8 01 89 45 f4 c7 
0000000000000150	45 ec 1f 00 00 00 eb 42 8b 45 f0 83 f8 05 7f 22 
0000000000000160	48 8d 4d ec 48 8d 55 f4 48 8b 75 d8 48 8b 45 d0 
0000000000000170	48 89 c7 e8 00 00 00 00 8b 55 f0 01 d0 89 45 f0 
0000000000000180	eb 18 48 8d 4d f0 48 8d 55 f8 48 8d 75 f4 48 8b 
0000000000000190	45 d0 48 89 c7 e8 00 00 00 00 8b 45 f8 83 f8 01 
00000000000001a0	75 b6 c7 45 f8 00 00 00 00 eb 16 8b 45 f8 8d 50 
00000000000001b0	01 89 55 f8 48 63 d0 48 8b 45 d0 48 01 d0 c6 00 
00000000000001c0	31 8b 45 f8 3b 45 cc 7c e2 8b 45 f8 8d 50 01 89 
00000000000001d0	55 f8 48 63 d0 48 8b 45 d0 48 01 d0 c6 00 00 8b 
00000000000001e0	45 f8 ba 08 00 00 00 29 c2 89 d0 89 45 fc c7 45 
00000000000001f0	f8 00 00 00 00 eb 2c 8b 45 f4 8d 50 ff 89 55 f4 
0000000000000200	48 63 d0 48 8b 45 d0 48 8d 0c 02 8b 45 ec 8d 50 
0000000000000210	ff 89 55 ec 48 63 d0 48 8b 45 d8 48 01 d0 0f b6 
0000000000000220	00 88 01 8b 45 f8 8d 50 01 89 55 f8 3b 45 fc 7c 
0000000000000230	c6 c9 c3 55 48 89 e5 48 89 7d e8 89 75 e4 48 89 
0000000000000240	55 d8 8b 45 e4 c1 e0 03 83 e8 01 89 45 fc c7 45 
0000000000000250	f0 00 00 00 00 c7 45 f8 01 00 00 00 c7 45 f4 00 
0000000000000260	00 00 00 e9 8a 00 00 00 c7 45 f8 01 00 00 00 c7 
0000000000000270	45 f4 00 00 00 00 8b 45 e4 83 e8 01 2b 45 f0 48 
0000000000000280	63 d0 48 8b 45 e8 48 01 d0 c6 00 00 eb 5a 8b 45 
0000000000000290	e4 83 e8 01 2b 45 f0 48 63 d0 48 8b 45 e8 48 8d 
00000000000002a0	0c 02 8b 45 e4 83 e8 01 2b 45 f0 48 63 d0 48 8b 
00000000000002b0	45 e8 48 01 d0 0f b6 30 8b 45 fc 8d 50 ff 89 55 
00000000000002c0	fc 48 63 d0 48 8b 45 d8 48 01 d0 0f b6 00 83 e0 
00000000000002d0	01 89 c7 8b 45 f8 89 c2 89 f8 0f af c2 01 f0 88 
00000000000002e0	01 d1 65 f8 83 45 f4 01 83 7d f4 07 7e a0 83 45 
00000000000002f0	f0 01 8b 45 f0 3b 45 e4 0f 8c 6a ff ff ff 5d c3 
test/unit_test_files/lib_stat/libftprintf.a(wstr_display_helper.o):
Contents of (__TEXT,__text) section
0000000000000000	55 48 89 e5 53 48 83 ec 38 89 7d dc 48 89 75 d0 
0000000000000010	48 89 55 c8 c7 45 ec 00 00 00 00 eb 37 48 8b 45 
0000000000000020	c8 48 8b 18 8b 45 ec 8d 50 01 89 55 ec 48 63 d0 
0000000000000030	48 8b 45 d0 48 01 d0 ba 01 00 00 00 48 89 c6 bf 
0000000000000040	01 00 00 00 e8 00 00 00 00 48 8d 14 03 48 8b 45 
0000000000000050	c8 48 89 10 8b 45 ec 3b 45 dc 7c c1 48 83 c4 38 
0000000000000060	5b 5d c3 55 48 89 e5 48 c7 45 f8 04 00 00 00 48 
0000000000000070	c7 45 f0 01 00 00 00 48 8b 45 f8 48 c1 e0 03 48 
0000000000000080	83 c0 01 89 c2 48 8b 45 f0 0f af c2 5d c3 55 48 
0000000000000090	89 e5 48 83 ec 40 48 89 7d c8 89 75 c4 48 c7 45 
00000000000000a0	d8 00 00 00 00 e8 00 00 00 00 48 98 48 89 c7 e8 
00000000000000b0	00 00 00 00 48 89 45 f8 48 83 7d f8 00 75 09 48 
00000000000000c0	8b 45 d8 e9 dc 00 00 00 48 8b 45 c8 8b 00 48 8b 
00000000000000d0	4d f8 ba 20 00 00 00 48 89 ce 89 c7 e8 00 00 00 
00000000000000e0	00 48 8b 45 f8 48 83 c0 20 c6 00 00 8b 45 c4 89 
00000000000000f0	c7 e8 00 00 00 00 89 45 f4 8b 45 f4 c1 e0 03 83 
0000000000000100	c0 01 48 98 48 89 c7 e8 00 00 00 00 48 89 45 e8 
0000000000000110	8b 45 f4 48 98 48 89 c7 e8 00 00 00 00 48 89 45 
0000000000000120	e0 48 83 7d e8 00 74 07 48 83 7d e0 00 75 06 48 
0000000000000130	8b 45 d8 eb 6f 8b 45 f4 c1 e0 03 48 63 d0 48 8b 
0000000000000140	45 e8 48 01 d0 c6 00 00 8b 55 f4 48 8b 4d e8 48 
0000000000000150	8b 45 f8 48 89 ce 48 89 c7 e8 00 00 00 00 48 8b 
0000000000000160	45 f8 48 89 c7 e8 00 00 00 00 48 8b 55 e8 8b 4d 
0000000000000170	f4 48 8b 45 e0 89 ce 48 89 c7 e8 00 00 00 00 48 
0000000000000180	8b 45 e8 48 89 c7 e8 00 00 00 00 48 8d 55 d8 48 
0000000000000190	8b 4d e0 8b 45 f4 48 89 ce 89 c7 e8 00 00 00 00 
00000000000001a0	48 8b 45 d8 c9 c3 55 48 89 e5 48 83 ec 30 48 89 
00000000000001b0	7d d8 89 75 d4 c7 45 fc 00 00 00 00 eb 45 8b 45 
00000000000001c0	fc 48 98 48 8d 14 85 00 00 00 00 48 8b 45 d8 48 
00000000000001d0	01 d0 8b 00 3d ff ff 10 00 7f 1a 8b 45 fc 48 98 
00000000000001e0	48 8d 14 85 00 00 00 00 48 8b 45 d8 48 01 d0 8b 
00000000000001f0	00 85 c0 79 0a b8 ff ff ff ff e9 ae 00 00 00 83 
0000000000000200	45 fc 01 8b 45 fc 3b 45 d4 7c b3 c7 45 fc 00 00 
0000000000000210	00 00 48 c7 45 f0 00 00 00 00 8b 45 d4 89 45 ec 
0000000000000220	eb 7b 8b 45 fc 48 98 48 8d 14 85 00 00 00 00 48 
0000000000000230	8b 45 d8 48 01 d0 8b 00 89 c7 e8 00 00 00 00 89 
0000000000000240	45 e8 83 7d e8 07 7f 2c 8b 45 fc 48 98 48 8d 14 
0000000000000250	85 00 00 00 00 48 8b 45 d8 48 01 d0 ba 01 00 00 
0000000000000260	00 48 89 c6 bf 01 00 00 00 e8 00 00 00 00 48 01 
0000000000000270	45 f0 eb 25 8b 45 fc 48 98 48 8d 14 85 00 00 00 
0000000000000280	00 48 8b 45 d8 48 01 c2 8b 45 e8 89 c6 48 89 d7 
0000000000000290	e8 00 00 00 00 48 01 45 f0 83 45 fc 01 8b 45 fc 
00000000000002a0	3b 45 ec 0f 8c 79 ff ff ff 48 8b 45 f0 c9 c3 55 
00000000000002b0	48 89 e5 48 83 ec 30 48 89 7d d8 48 c7 45 f8 00 
00000000000002c0	00 00 00 48 8b 45 d8 48 89 c7 e8 00 00 00 00 48 
00000000000002d0	98 48 89 45 e8 eb 44 48 8b 45 f8 48 8d 14 85 00 
00000000000002e0	00 00 00 48 8b 45 d8 48 01 d0 8b 00 3d ff ff 10 
00000000000002f0	00 7f 19 48 8b 45 f8 48 8d 14 85 00 00 00 00 48 
0000000000000300	8b 45 d8 48 01 d0 8b 00 85 c0 79 0a b8 ff ff ff 
0000000000000310	ff e9 ac 00 00 00 48 83 45 f8 01 48 8b 45 f8 48 
0000000000000320	3b 45 e8 72 b2 48 c7 45 f8 00 00 00 00 48 c7 45 
0000000000000330	f0 00 00 00 00 eb 79 48 8b 45 f8 48 8d 14 85 00 
0000000000000340	00 00 00 48 8b 45 d8 48 01 d0 8b 00 89 c7 e8 00 
0000000000000350	00 00 00 89 45 e4 83 7d e4 07 7f 2b 48 8b 45 f8 
0000000000000360	48 8d 14 85 00 00 00 00 48 8b 45 d8 48 01 d0 ba 
0000000000000370	01 00 00 00 48 89 c6 bf 01 00 00 00 e8 00 00 00 
0000000000000380	00 48 01 45 f0 eb 24 48 8b 45 f8 48 8d 14 85 00 
0000000000000390	00 00 00 48 8b 45 d8 48 01 c2 8b 45 e4 89 c6 48 
00000000000003a0	89 d7 e8 00 00 00 00 48 01 45 f0 48 83 45 f8 01 
00000000000003b0	48 8b 45 f8 48 3b 45 e8 0f 82 79 ff ff ff 48 8b 
00000000000003c0	45 f0 c9 c3 
test/unit_test_files/lib_stat/libftprintf.a(conversion_helper.o):
Contents of (__TEXT,__text) section
0000000000000000	55 48 89 e5 48 83 ec 20 48 89 7d e8 48 89 75 e0 
0000000000000010	c7 45 fc 00 00 00 00 48 83 7d e8 00 75 16 8b 45 
0000000000000020	fc 8d 50 01 89 55 fc 48 63 d0 48 8b 45 e0 48 01 
0000000000000030	d0 c6 00 30 eb 31 48 8b 45 e8 83 e0 07 48 89 45 
0000000000000040	f0 8b 45 fc 48 63 d0 48 8b 45 e0 48 01 c2 48 8b 
0000000000000050	45 f0 83 c0 30 88 02 83 45 fc 01 48 8b 45 e8 48 
0000000000000060	c1 e8 03 48 89 45 e8 48 83 7d e8 00 75 c8 8b 45 
0000000000000070	fc 48 63 d0 48 8b 45 e0 48 01 d0 c6 00 00 48 8b 
0000000000000080	45 e0 48 89 c7 e8 00 00 00 00 c9 c3 55 48 89 e5 
0000000000000090	48 89 7d e8 48 83 7d e8 00 75 09 c7 45 fc 01 00 
00000000000000a0	00 00 eb 07 c7 45 fc 00 00 00 00 eb 10 83 45 fc 
00000000000000b0	01 48 8b 45 e8 48 c1 e8 03 48 89 45 e8 48 83 7d 
00000000000000c0	e8 00 75 e9 8b 45 fc 5d c3 55 48 89 e5 48 89 7d 
00000000000000d0	e8 48 83 7d e8 00 75 09 c7 45 fc 01 00 00 00 eb 
00000000000000e0	07 c7 45 fc 00 00 00 00 eb 10 83 45 fc 01 48 8b 
00000000000000f0	45 e8 48 c1 e8 04 48 89 45 e8 48 83 7d e8 00 75 
0000000000000100	e9 8b 45 fc 5d c3 55 48 89 e5 89 7d fc 89 f0 88 
0000000000000110	45 f8 83 7d fc 00 74 09 0f b6 45 f8 83 e8 20 eb 
0000000000000120	04 0f b6 45 f8 5d c3 55 48 89 e5 53 48 83 ec 38 
0000000000000130	48 89 7d d8 48 89 75 d0 89 55 cc c7 45 ec 00 00 
0000000000000140	00 00 48 83 7d d8 00 75 16 8b 45 ec 8d 50 01 89 
0000000000000150	55 ec 48 63 d0 48 8b 45 d0 48 01 d0 c6 00 30 eb 
0000000000000160	60 48 8b 45 d8 83 e0 0f 48 89 45 e0 48 83 7d e0 
0000000000000170	09 77 18 8b 45 ec 48 63 d0 48 8b 45 d0 48 01 c2 
0000000000000180	48 8b 45 e0 83 c0 30 88 02 eb 26 8b 45 ec 48 63 
0000000000000190	d0 48 8b 45 d0 48 8d 1c 02 48 8b 45 e0 83 c0 57 
00000000000001a0	0f be d0 8b 45 cc 89 d6 89 c7 e8 00 00 00 00 88 
00000000000001b0	03 83 45 ec 01 48 8b 45 d8 48 c1 e8 04 48 89 45 
00000000000001c0	d8 48 83 7d d8 00 75 99 8b 45 ec 48 63 d0 48 8b 
00000000000001d0	45 d0 48 01 d0 c6 00 00 48 8b 45 d0 48 89 c7 e8 
00000000000001e0	00 00 00 00 48 83 c4 38 5b 5d c3 
test/unit_test_files/lib_stat/libftprintf.a(multi_init.o):
Contents of (__TEXT,__text) section
0000000000000000	55 48 89 e5 48 89 7d f8 48 89 75 f0 89 55 ec 89 
0000000000000010	4d e8 48 8b 45 f8 8b 55 ec 89 10 48 8b 45 f0 8b 
0000000000000020	55 ec 89 10 8b 45 e8 5d c3 55 48 89 e5 48 89 7d 
0000000000000030	f8 48 89 75 f0 89 55 ec 89 4d e8 48 8b 45 f8 8b 
0000000000000040	55 ec 89 10 48 8b 45 f0 8b 55 e8 89 10 5d c3 55 
0000000000000050	48 89 e5 48 83 ec 10 bf 38 00 00 00 e8 00 00 00 
0000000000000060	00 48 89 45 f8 48 83 7d f8 00 0f 84 96 00 00 00 
0000000000000070	48 8b 45 f8 c6 00 00 48 8b 45 f8 c7 40 04 00 00 
0000000000000080	00 00 48 8b 45 f8 c7 40 08 00 00 00 00 48 8b 45 
0000000000000090	f8 c7 40 0c 00 00 00 00 48 8b 45 f8 c7 40 10 00 
00000000000000a0	00 00 00 48 8b 45 f8 c7 40 14 00 00 00 00 48 8b 
00000000000000b0	45 f8 c7 40 18 00 00 00 00 48 8b 45 f8 c7 40 1c 
00000000000000c0	00 00 00 00 48 8b 45 f8 c7 40 20 ff ff ff ff 48 
00000000000000d0	8b 45 f8 c7 40 24 ff ff ff ff 48 8b 45 f8 c7 40 
00000000000000e0	2c 00 00 00 00 48 8b 45 f8 c7 40 28 00 00 00 00 
00000000000000f0	48 8b 45 f8 c7 40 30 00 00 00 00 48 8b 45 f8 c7 
0000000000000100	40 34 00 00 00 00 48 8b 45 f8 c9 c3 
