Archive : test/unit_test_files/lib_stat/libmlx.a
test/unit_test_files/lib_stat/libmlx.a(mlx_shaders.o):
Contents of (__TEXT,__text) section
0000000000000000	55 48 89 e5 41 57 41 56 41 54 53 48 83 ec 10 49 
0000000000000010	89 d6 48 89 f1 41 89 ff 48 8d 55 dc be 84 8b 00 
0000000000000020	00 30 c0 ff d1 8b 45 dc 4c 63 e0 4c 89 e7 e8 00 
0000000000000030	00 00 00 48 89 c3 44 89 ff 44 89 e6 31 d2 48 89 
0000000000000040	d9 30 c0 41 ff d6 48 8b 05 00 00 00 00 48 8b 30 
0000000000000050	48 89 df e8 00 00 00 00 48 89 df e8 00 00 00 00 
0000000000000060	48 83 c4 10 5b 41 5c 41 5e 41 5f 5d c3 0f 1f 00 
0000000000000070	55 48 89 e5 41 57 41 56 41 55 41 54 53 48 83 ec 
0000000000000080	18 48 89 fb bf 31 8b 00 00 e8 00 00 00 00 89 03 
0000000000000090	48 8d 3d 00 00 00 00 e8 00 00 00 00 48 89 45 c8 
00000000000000a0	48 89 c7 e8 00 00 00 00 41 be 01 00 00 00 48 8d 
00000000000000b0	55 c8 48 8d 4d c4 89 45 c4 8b 3b be 01 00 00 00 
00000000000000c0	e8 00 00 00 00 8b 3b e8 00 00 00 00 48 8d 55 c0 
00000000000000d0	8b 3b be 81 8b 00 00 e8 00 00 00 00 83 7d c0 00 
00000000000000e0	0f 84 ae 00 00 00 bf 30 8b 00 00 e8 00 00 00 00 
00000000000000f0	89 43 04 48 8d 3d 00 00 00 00 e8 00 00 00 00 48 
0000000000000100	89 45 c8 48 89 c7 e8 00 00 00 00 41 be 01 00 00 
0000000000000110	00 48 8d 55 c8 48 8d 4d c4 89 45 c4 8b 7b 04 be 
0000000000000120	01 00 00 00 e8 00 00 00 00 8b 7b 04 e8 00 00 00 
0000000000000130	00 48 8d 55 c0 8b 7b 04 be 81 8b 00 00 e8 00 00 
0000000000000140	00 00 83 7d c0 00 74 72 e8 00 00 00 00 89 43 08 
0000000000000150	8b 33 89 c7 e8 00 00 00 00 8b 73 04 8b 7b 08 e8 
0000000000000160	00 00 00 00 8b 7b 08 e8 00 00 00 00 48 8d 55 c0 
0000000000000170	8b 7b 08 be 82 8b 00 00 e8 00 00 00 00 83 7d c0 
0000000000000180	00 0f 84 a4 00 00 00 e8 00 00 00 00 45 31 f6 e9 
0000000000000190	0c 01 00 00 4c 8b 2d 00 00 00 00 49 8b 4d 00 48 
00000000000001a0	8d 3d 00 00 00 00 be 22 00 00 00 ba 01 00 00 00 
00000000000001b0	e8 00 00 00 00 44 8b 3b eb 25 4c 8b 2d 00 00 00 
00000000000001c0	00 49 8b 4d 00 48 8d 3d 00 00 00 00 be 22 00 00 
00000000000001d0	00 ba 01 00 00 00 e8 00 00 00 00 44 8b 7b 04 48 
00000000000001e0	8d 55 d4 44 89 ff be 84 8b 00 00 30 c0 e8 00 00 
00000000000001f0	00 00 8b 45 d4 4c 63 e0 4c 89 e7 e8 00 00 00 00 
0000000000000200	48 89 c3 44 89 ff 44 89 e6 31 d2 48 89 d9 30 c0 
0000000000000210	e8 00 00 00 00 49 8b 75 00 48 89 df e8 00 00 00 
0000000000000220	00 48 89 df e8 00 00 00 00 eb 75 4c 8b 25 00 00 
0000000000000230	00 00 49 8b 0c 24 48 8d 3d 00 00 00 00 be 25 00 
0000000000000240	00 00 ba 01 00 00 00 e8 00 00 00 00 44 8b 73 08 
0000000000000250	48 8d 55 d4 44 89 f7 be 84 8b 00 00 30 c0 e8 00 
0000000000000260	00 00 00 8b 45 d4 4c 63 f8 4c 89 ff e8 00 00 00 
0000000000000270	00 48 89 c3 44 89 f7 44 89 fe 31 d2 48 89 d9 30 
0000000000000280	c0 e8 00 00 00 00 49 8b 34 24 48 89 df e8 00 00 
0000000000000290	00 00 48 89 df e8 00 00 00 00 41 be 01 00 00 00 
00000000000002a0	44 89 f0 48 83 c4 18 5b 41 5c 41 5d 41 5e 41 5f 
00000000000002b0	5d c3 66 66 66 66 66 2e 0f 1f 84 00 00 00 00 00 
00000000000002c0	55 48 89 e5 41 57 41 56 41 55 41 54 53 48 83 ec 
00000000000002d0	18 48 89 fb bf 31 8b 00 00 e8 00 00 00 00 89 43 
00000000000002e0	18 48 8d 3d 00 00 00 00 e8 00 00 00 00 48 89 45 
00000000000002f0	c8 48 89 c7 e8 00 00 00 00 41 be 01 00 00 00 48 
0000000000000300	8d 55 c8 48 8d 4d c4 89 45 c4 8b 7b 18 be 01 00 
0000000000000310	00 00 e8 00 00 00 00 8b 7b 18 e8 00 00 00 00 48 
0000000000000320	8d 55 c0 8b 7b 18 be 81 8b 00 00 e8 00 00 00 00 
0000000000000330	83 7d c0 00 0f 84 af 00 00 00 bf 30 8b 00 00 e8 
0000000000000340	00 00 00 00 89 43 1c 48 8d 3d 00 00 00 00 e8 00 
0000000000000350	00 00 00 48 89 45 c8 48 89 c7 e8 00 00 00 00 41 
0000000000000360	be 01 00 00 00 48 8d 55 c8 48 8d 4d c4 89 45 c4 
0000000000000370	8b 7b 1c be 01 00 00 00 e8 00 00 00 00 8b 7b 1c 
0000000000000380	e8 00 00 00 00 48 8d 55 c0 8b 7b 1c be 81 8b 00 
0000000000000390	00 e8 00 00 00 00 83 7d c0 00 74 74 e8 00 00 00 
00000000000003a0	00 89 43 20 8b 73 18 89 c7 e8 00 00 00 00 8b 73 
00000000000003b0	1c 8b 7b 20 e8 00 00 00 00 8b 7b 20 e8 00 00 00 
00000000000003c0	00 48 8d 55 c0 8b 7b 20 be 82 8b 00 00 e8 00 00 
00000000000003d0	00 00 83 7d c0 00 0f 84 a5 00 00 00 e8 00 00 00 
00000000000003e0	00 45 31 f6 e9 0d 01 00 00 4c 8b 2d 00 00 00 00 
00000000000003f0	49 8b 4d 00 48 8d 3d 00 00 00 00 be 22 00 00 00 
0000000000000400	ba 01 00 00 00 e8 00 00 00 00 44 8b 7b 18 eb 25 
0000000000000410	4c 8b 2d 00 00 00 00 49 8b 4d 00 48 8d 3d 00 00 
0000000000000420	00 00 be 22 00 00 00 ba 01 00 00 00 e8 00 00 00 
0000000000000430	00 44 8b 7b 1c 48 8d 55 d4 44 89 ff be 84 8b 00 
0000000000000440	00 30 c0 e8 00 00 00 00 8b 45 d4 4c 63 e0 4c 89 
0000000000000450	e7 e8 00 00 00 00 48 89 c3 44 89 ff 44 89 e6 31 
0000000000000460	d2 48 89 d9 30 c0 e8 00 00 00 00 49 8b 75 00 48 
0000000000000470	89 df e8 00 00 00 00 48 89 df e8 00 00 00 00 eb 
0000000000000480	75 4c 8b 25 00 00 00 00 49 8b 0c 24 48 8d 3d 00 
0000000000000490	00 00 00 be 25 00 00 00 ba 01 00 00 00 e8 00 00 
00000000000004a0	00 00 44 8b 73 20 48 8d 55 d4 44 89 f7 be 84 8b 
00000000000004b0	00 00 30 c0 e8 00 00 00 00 8b 45 d4 4c 63 f8 4c 
00000000000004c0	89 ff e8 00 00 00 00 48 89 c3 44 89 f7 44 89 fe 
00000000000004d0	31 d2 48 89 d9 30 c0 e8 00 00 00 00 49 8b 34 24 
00000000000004e0	48 89 df e8 00 00 00 00 48 89 df e8 00 00 00 00 
00000000000004f0	41 be 01 00 00 00 44 89 f0 48 83 c4 18 5b 41 5c 
0000000000000500	41 5d 41 5e 41 5f 5d c3 0f 1f 84 00 00 00 00 00 
0000000000000510	55 48 89 e5 41 57 41 56 41 55 41 54 53 48 83 ec 
0000000000000520	18 48 89 fb bf 31 8b 00 00 e8 00 00 00 00 89 43 
0000000000000530	38 48 8d 3d 00 00 00 00 e8 00 00 00 00 48 89 45 
0000000000000540	c8 48 89 c7 e8 00 00 00 00 41 be 01 00 00 00 48 
0000000000000550	8d 55 c8 48 8d 4d c4 89 45 c4 8b 7b 38 be 01 00 
0000000000000560	00 00 e8 00 00 00 00 8b 7b 38 e8 00 00 00 00 48 
0000000000000570	8d 55 c0 8b 7b 38 be 81 8b 00 00 e8 00 00 00 00 
0000000000000580	83 7d c0 00 0f 84 af 00 00 00 bf 30 8b 00 00 e8 
0000000000000590	00 00 00 00 89 43 3c 48 8d 3d 00 00 00 00 e8 00 
00000000000005a0	00 00 00 48 89 45 c8 48 89 c7 e8 00 00 00 00 41 
00000000000005b0	be 01 00 00 00 48 8d 55 c8 48 8d 4d c4 89 45 c4 
00000000000005c0	8b 7b 3c be 01 00 00 00 e8 00 00 00 00 8b 7b 3c 
00000000000005d0	e8 00 00 00 00 48 8d 55 c0 8b 7b 3c be 81 8b 00 
00000000000005e0	00 e8 00 00 00 00 83 7d c0 00 74 74 e8 00 00 00 
00000000000005f0	00 89 43 40 8b 73 38 89 c7 e8 00 00 00 00 8b 73 
0000000000000600	3c 8b 7b 40 e8 00 00 00 00 8b 7b 40 e8 00 00 00 
0000000000000610	00 48 8d 55 c0 8b 7b 40 be 82 8b 00 00 e8 00 00 
0000000000000620	00 00 83 7d c0 00 0f 84 a5 00 00 00 e8 00 00 00 
0000000000000630	00 45 31 f6 e9 0d 01 00 00 4c 8b 2d 00 00 00 00 
0000000000000640	49 8b 4d 00 48 8d 3d 00 00 00 00 be 21 00 00 00 
0000000000000650	ba 01 00 00 00 e8 00 00 00 00 44 8b 7b 38 eb 25 
0000000000000660	4c 8b 2d 00 00 00 00 49 8b 4d 00 48 8d 3d 00 00 
0000000000000670	00 00 be 21 00 00 00 ba 01 00 00 00 e8 00 00 00 
0000000000000680	00 44 8b 7b 3c 48 8d 55 d4 44 89 ff be 84 8b 00 
0000000000000690	00 30 c0 e8 00 00 00 00 8b 45 d4 4c 63 e0 4c 89 
00000000000006a0	e7 e8 00 00 00 00 48 89 c3 44 89 ff 44 89 e6 31 
00000000000006b0	d2 48 89 d9 30 c0 e8 00 00 00 00 49 8b 75 00 48 
00000000000006c0	89 df e8 00 00 00 00 48 89 df e8 00 00 00 00 eb 
00000000000006d0	75 4c 8b 25 00 00 00 00 49 8b 0c 24 48 8d 3d 00 
00000000000006e0	00 00 00 be 24 00 00 00 ba 01 00 00 00 e8 00 00 
00000000000006f0	00 00 44 8b 73 40 48 8d 55 d4 44 89 f7 be 84 8b 
0000000000000700	00 00 30 c0 e8 00 00 00 00 8b 45 d4 4c 63 f8 4c 
0000000000000710	89 ff e8 00 00 00 00 48 89 c3 44 89 f7 44 89 fe 
0000000000000720	31 d2 48 89 d9 30 c0 e8 00 00 00 00 49 8b 34 24 
0000000000000730	48 89 df e8 00 00 00 00 48 89 df e8 00 00 00 00 
0000000000000740	41 be 01 00 00 00 44 89 f0 48 83 c4 18 5b 41 5c 
0000000000000750	41 5d 41 5e 41 5f 5d c3 0f 1f 84 00 00 00 00 00 
0000000000000760	55 48 89 e5 41 57 41 56 53 50 49 89 fe e8 00 00 
0000000000000770	00 00 41 89 c7 4c 89 f7 e8 00 00 00 00 89 c3 44 
0000000000000780	01 fb 4c 89 f7 e8 00 00 00 00 01 d8 48 83 c4 08 
0000000000000790	5b 41 5e 41 5f 5d c3 
test/unit_test_files/lib_stat/libmlx.a(mlx_new_window.o):
Contents of (__TEXT,__text) section
0000000000000000	55 48 89 e5 48 83 ff 1b 77 34 b8 01 00 00 00 b9 
0000000000000010	46 00 00 00 48 0f a3 f9 72 26 b8 98 00 00 00 48 
0000000000000020	0f a3 f8 73 07 b8 02 00 00 00 5d c3 b8 00 00 00 
0000000000000030	0e 48 0f a3 f8 73 07 b8 03 00 00 00 5d c3 31 c0 
0000000000000040	5d c3 66 66 66 66 66 2e 0f 1f 84 00 00 00 00 00 
0000000000000050	55 48 89 e5 48 83 ec 30 48 89 7d f0 48 8b 05 cd 
0000000000000060	1e 00 00 48 89 45 f8 48 8b 35 22 23 00 00 48 8b 
0000000000000070	45 28 48 8d 7d f0 48 89 44 24 18 48 8b 45 20 48 
0000000000000080	89 44 24 10 4c 8b 4d 10 48 8b 45 18 48 89 44 24 
0000000000000090	08 4c 89 0c 24 e8 00 00 00 00 48 85 c0 74 73 48 
00000000000000a0	8d 4d 10 48 8b 15 00 00 00 00 48 01 c2 48 8b 35 
00000000000000b0	00 00 00 00 48 01 c6 bf 1f 00 00 00 0f 1f 40 00 
00000000000000c0	48 c7 04 fe 00 00 00 00 48 c7 04 fa 00 00 00 00 
00000000000000d0	48 ff cf 83 ff ff 75 e8 48 8b 15 00 00 00 00 c7 
00000000000000e0	04 10 00 00 00 00 48 8b 15 00 00 00 00 c7 04 10 
00000000000000f0	00 00 00 00 f2 0f 2c 51 10 48 8b 35 00 00 00 00 
0000000000000100	89 14 30 f2 0f 2c 49 18 48 8b 15 00 00 00 00 89 
0000000000000110	0c 10 48 83 c4 30 5d c3 0f 1f 84 00 00 00 00 00 
0000000000000120	55 48 89 e5 48 8b 35 00 00 00 00 48 01 fe 48 63 
0000000000000130	c2 48 89 0c c6 48 8b 15 00 00 00 00 48 01 fa 4c 
0000000000000140	89 04 c2 83 f8 06 75 18 48 8b 35 49 22 00 00 48 
0000000000000150	85 c9 74 0e ba 01 00 00 00 5d ff 25 00 00 00 00 
0000000000000160	5d c3 31 d2 5d ff 25 00 00 00 00 0f 1f 44 00 00 
0000000000000170	55 48 89 e5 48 8b 05 00 00 00 00 89 14 07 5d c3 
0000000000000180	55 48 89 e5 b8 01 00 00 00 5d c3 0f 1f 44 00 00 
0000000000000190	55 48 89 e5 41 57 41 56 53 50 48 89 fb 48 8b 35 
00000000000001a0	fc 21 00 00 48 89 d7 ff 15 00 00 00 00 49 89 c6 
00000000000001b0	4c 8b 3d 00 00 00 00 49 8b 4c 1f 10 48 85 c9 0f 
00000000000001c0	84 8d 01 00 00 48 8b 05 00 00 00 00 8b 04 03 a9 
00000000000001d0	00 00 01 00 75 28 41 f7 c6 00 00 01 00 74 1f 48 
00000000000001e0	8b 05 00 00 00 00 48 8b 74 18 10 bf 00 01 00 00 
00000000000001f0	30 c0 ff d1 48 8b 05 00 00 00 00 8b 04 03 a9 00 
0000000000000200	00 02 00 75 2b 41 f7 c6 00 00 02 00 74 22 48 8b 
0000000000000210	05 00 00 00 00 48 8b 74 18 10 bf 01 01 00 00 30 
0000000000000220	c0 41 ff 54 1f 10 48 8b 05 00 00 00 00 8b 04 03 
0000000000000230	a9 00 00 04 00 75 2b 41 f7 c6 00 00 04 00 74 22 
0000000000000240	48 8b 05 00 00 00 00 48 8b 74 18 10 bf 02 01 00 
0000000000000250	00 30 c0 41 ff 54 1f 10 48 8b 05 00 00 00 00 8b 
0000000000000260	04 03 a9 00 00 08 00 75 2b 41 f7 c6 00 00 08 00 
0000000000000270	74 22 48 8b 05 00 00 00 00 48 8b 74 18 10 bf 03 
0000000000000280	01 00 00 30 c0 41 ff 54 1f 10 48 8b 05 00 00 00 
0000000000000290	00 8b 04 03 a9 00 00 10 00 75 2b 41 f7 c6 00 00 
00000000000002a0	10 00 74 22 48 8b 05 00 00 00 00 48 8b 74 18 10 
00000000000002b0	bf 04 01 00 00 30 c0 41 ff 54 1f 10 48 8b 05 00 
00000000000002c0	00 00 00 8b 04 03 a9 00 00 20 00 75 2b 41 f7 c6 
00000000000002d0	00 00 20 00 74 22 48 8b 05 00 00 00 00 48 8b 74 
00000000000002e0	18 10 bf 05 01 00 00 30 c0 41 ff 54 1f 10 48 8b 
00000000000002f0	05 00 00 00 00 8b 04 03 a9 00 00 40 00 75 2b 41 
0000000000000300	f7 c6 00 00 40 00 74 22 48 8b 05 00 00 00 00 48 
0000000000000310	8b 74 18 10 bf 06 01 00 00 30 c0 41 ff 54 1f 10 
0000000000000320	48 8b 05 00 00 00 00 8b 04 03 a9 00 00 80 00 75 
0000000000000330	21 41 f7 c6 00 00 80 00 74 18 48 8b 05 00 00 00 
0000000000000340	00 48 8b 74 18 10 bf 07 01 00 00 30 c0 41 ff 54 
0000000000000350	1f 10 49 8b 4c 1f 18 48 85 c9 0f 84 bf 01 00 00 
0000000000000360	48 8b 05 00 00 00 00 8b 04 03 a9 00 00 02 00 74 
0000000000000370	28 41 f7 c6 00 00 02 00 75 1f 48 8b 05 00 00 00 
0000000000000380	00 48 8b 74 18 18 bf 00 00 02 00 30 c0 ff d1 48 
0000000000000390	8b 05 00 00 00 00 8b 04 03 a9 00 00 01 00 74 2b 
00000000000003a0	41 f7 c6 00 00 01 00 75 22 48 8b 05 00 00 00 00 
00000000000003b0	48 8b 74 18 18 bf 00 01 00 00 30 c0 41 ff 54 1f 
00000000000003c0	18 48 8b 05 00 00 00 00 8b 04 03 a9 00 00 02 00 
00000000000003d0	74 2b 41 f7 c6 00 00 02 00 75 22 48 8b 05 00 00 
00000000000003e0	00 00 48 8b 74 18 18 bf 01 01 00 00 30 c0 41 ff 
00000000000003f0	54 1f 18 48 8b 05 00 00 00 00 8b 04 03 a9 00 00 
0000000000000400	04 00 74 2b 41 f7 c6 00 00 04 00 75 22 48 8b 05 
0000000000000410	00 00 00 00 48 8b 74 18 18 bf 02 01 00 00 30 c0 
0000000000000420	41 ff 54 1f 18 48 8b 05 00 00 00 00 8b 04 03 a9 
0000000000000430	00 00 08 00 74 2b 41 f7 c6 00 00 08 00 75 22 48 
0000000000000440	8b 05 00 00 00 00 48 8b 74 18 18 bf 03 01 00 00 
0000000000000450	30 c0 41 ff 54 1f 18 48 8b 05 00 00 00 00 8b 04 
0000000000000460	03 a9 00 00 10 00 74 2b 41 f7 c6 00 00 10 00 75 
0000000000000470	22 48 8b 05 00 00 00 00 48 8b 74 18 18 bf 04 01 
0000000000000480	00 00 30 c0 41 ff 54 1f 18 48 8b 05 00 00 00 00 
0000000000000490	8b 04 03 a9 00 00 20 00 74 2b 41 f7 c6 00 00 20 
00000000000004a0	00 75 22 48 8b 05 00 00 00 00 48 8b 74 18 18 bf 
00000000000004b0	05 01 00 00 30 c0 41 ff 54 1f 18 48 8b 05 00 00 
00000000000004c0	00 00 8b 04 03 a9 00 00 40 00 74 2b 41 f7 c6 00 
00000000000004d0	00 40 00 75 22 48 8b 05 00 00 00 00 48 8b 74 18 
00000000000004e0	18 bf 06 01 00 00 30 c0 41 ff 54 1f 18 48 8b 05 
00000000000004f0	00 00 00 00 8b 04 03 a9 00 00 80 00 74 21 41 f7 
0000000000000500	c6 00 00 80 00 75 18 48 8b 05 00 00 00 00 48 8b 
0000000000000510	74 18 18 bf 07 01 00 00 30 c0 41 ff 54 1f 18 48 
0000000000000520	8b 05 00 00 00 00 44 89 34 03 48 83 c4 08 5b 41 
0000000000000530	5e 41 5f 5d c3 66 66 2e 0f 1f 84 00 00 00 00 00 
0000000000000540	55 48 89 e5 41 57 41 56 53 50 49 89 d6 48 89 fb 
0000000000000550	48 8b 05 00 00 00 00 83 3c 03 00 75 14 48 8b 35 
0000000000000560	44 1e 00 00 4c 89 f7 ff 15 00 00 00 00 84 c0 75 
0000000000000570	41 48 8b 05 00 00 00 00 4c 8b 7c 18 10 4d 85 ff 
0000000000000580	74 30 48 8b 35 27 1e 00 00 4c 89 f7 ff 15 00 00 
0000000000000590	00 00 48 8b 0d 00 00 00 00 48 8b 74 19 10 0f b7 
00000000000005a0	f8 30 c0 4c 89 f9 48 83 c4 08 5b 41 5e 41 5f 5d 
00000000000005b0	ff e1 48 83 c4 08 5b 41 5e 41 5f 5d c3 0f 1f 00 
00000000000005c0	55 48 89 e5 41 56 53 48 89 fb 48 8b 05 00 00 00 
00000000000005d0	00 4c 8b 74 18 18 4d 85 f6 74 2a 48 8b 35 ce 1d 
00000000000005e0	00 00 48 89 d7 ff 15 00 00 00 00 48 8b 0d 00 00 
00000000000005f0	00 00 48 8b 74 19 18 0f b7 f8 30 c0 4c 89 f1 5b 
0000000000000600	41 5e 5d ff e1 5b 41 5e 5d c3 66 0f 1f 44 00 00 
0000000000000610	55 48 89 e5 41 57 41 56 53 48 83 ec 18 48 89 d3 
0000000000000620	49 89 fe 48 8b 35 8e 1d 00 00 4c 8b 3d 00 00 00 
0000000000000630	00 48 89 df 41 ff d7 f2 0f 11 45 e0 f2 0f 11 4d 
0000000000000640	d8 48 8b 35 78 1d 00 00 48 89 df 41 ff d7 48 83 
0000000000000650	f8 1b 77 34 bf 01 00 00 00 b9 46 00 00 00 48 0f 
0000000000000660	a3 c1 72 26 b9 98 00 00 00 48 0f a3 c1 73 07 bf 
0000000000000670	02 00 00 00 eb 14 b9 00 00 00 0e 48 0f a3 c1 73 
0000000000000680	07 bf 03 00 00 00 eb 02 31 ff 48 8b 05 00 00 00 
0000000000000690	00 4e 8b 44 30 20 4d 85 c0 74 32 f2 0f 2c 55 d8 
00000000000006a0	f7 d2 48 8b 05 00 00 00 00 41 03 14 06 48 8b 05 
00000000000006b0	00 00 00 00 4a 8b 4c 30 20 f2 0f 2c 75 e0 30 c0 
00000000000006c0	48 83 c4 18 5b 41 5e 41 5f 5d 41 ff e0 48 83 c4 
00000000000006d0	18 5b 41 5e 41 5f 5d c3 0f 1f 84 00 00 00 00 00 
00000000000006e0	55 48 89 e5 41 57 41 56 53 48 83 ec 18 48 89 d3 
00000000000006f0	49 89 fe 48 8b 35 be 1c 00 00 4c 8b 3d 00 00 00 
0000000000000700	00 48 89 df 41 ff d7 f2 0f 11 45 e0 f2 0f 11 4d 
0000000000000710	d8 48 8b 35 a8 1c 00 00 48 89 df 41 ff d7 48 83 
0000000000000720	f8 1b 77 34 bf 01 00 00 00 b9 46 00 00 00 48 0f 
0000000000000730	a3 c1 72 26 b9 98 00 00 00 48 0f a3 c1 73 07 bf 
0000000000000740	02 00 00 00 eb 14 b9 00 00 00 0e 48 0f a3 c1 73 
0000000000000750	07 bf 03 00 00 00 eb 02 31 ff 48 8b 05 00 00 00 
0000000000000760	00 4e 8b 44 30 20 4d 85 c0 74 32 f2 0f 2c 55 d8 
0000000000000770	f7 d2 48 8b 05 00 00 00 00 41 03 14 06 48 8b 05 
0000000000000780	00 00 00 00 4a 8b 4c 30 20 f2 0f 2c 75 e0 30 c0 
0000000000000790	48 83 c4 18 5b 41 5e 41 5f 5d 41 ff e0 48 83 c4 
00000000000007a0	18 5b 41 5e 41 5f 5d c3 0f 1f 84 00 00 00 00 00 
00000000000007b0	55 48 89 e5 41 57 41 56 53 48 83 ec 18 48 89 d3 
00000000000007c0	49 89 fe 48 8b 35 ee 1b 00 00 4c 8b 3d 00 00 00 
00000000000007d0	00 48 89 df 41 ff d7 f2 0f 11 45 e0 f2 0f 11 4d 
00000000000007e0	d8 48 8b 35 d8 1b 00 00 48 89 df 41 ff d7 48 83 
00000000000007f0	f8 1b 77 34 bf 01 00 00 00 b9 46 00 00 00 48 0f 
0000000000000800	a3 c1 72 26 b9 98 00 00 00 48 0f a3 c1 73 07 bf 
0000000000000810	02 00 00 00 eb 14 b9 00 00 00 0e 48 0f a3 c1 73 
0000000000000820	07 bf 03 00 00 00 eb 02 31 ff 48 8b 05 00 00 00 
0000000000000830	00 4e 8b 44 30 20 4d 85 c0 74 32 f2 0f 2c 55 d8 
0000000000000840	f7 d2 48 8b 05 00 00 00 00 41 03 14 06 48 8b 05 
0000000000000850	00 00 00 00 4a 8b 4c 30 20 f2 0f 2c 75 e0 30 c0 
0000000000000860	48 83 c4 18 5b 41 5e 41 5f 5d 41 ff e0 48 83 c4 
0000000000000870	18 5b 41 5e 41 5f 5d c3 0f 1f 84 00 00 00 00 00 
0000000000000880	55 48 89 e5 41 57 41 56 53 48 83 ec 18 48 89 d3 
0000000000000890	49 89 fe 48 8b 35 1e 1b 00 00 4c 8b 3d 00 00 00 
00000000000008a0	00 48 89 df 41 ff d7 f2 0f 11 45 e0 f2 0f 11 4d 
00000000000008b0	d8 48 8b 35 08 1b 00 00 48 89 df 41 ff d7 48 83 
00000000000008c0	f8 1b 77 34 bf 01 00 00 00 b9 46 00 00 00 48 0f 
00000000000008d0	a3 c1 72 26 b9 98 00 00 00 48 0f a3 c1 73 07 bf 
00000000000008e0	02 00 00 00 eb 14 b9 00 00 00 0e 48 0f a3 c1 73 
00000000000008f0	07 bf 03 00 00 00 eb 02 31 ff 48 8b 05 00 00 00 
0000000000000900	00 4e 8b 44 30 28 4d 85 c0 74 32 f2 0f 2c 55 d8 
0000000000000910	f7 d2 48 8b 05 00 00 00 00 41 03 14 06 48 8b 05 
0000000000000920	00 00 00 00 4a 8b 4c 30 28 f2 0f 2c 75 e0 30 c0 
0000000000000930	48 83 c4 18 5b 41 5e 41 5f 5d 41 ff e0 48 83 c4 
0000000000000940	18 5b 41 5e 41 5f 5d c3 0f 1f 84 00 00 00 00 00 
0000000000000950	55 48 89 e5 41 57 41 56 53 48 83 ec 18 48 89 d3 
0000000000000960	49 89 fe 48 8b 35 4e 1a 00 00 4c 8b 3d 00 00 00 
0000000000000970	00 48 89 df 41 ff d7 f2 0f 11 45 e0 f2 0f 11 4d 
0000000000000980	d8 48 8b 35 38 1a 00 00 48 89 df 41 ff d7 48 83 
0000000000000990	f8 1b 77 34 bf 01 00 00 00 b9 46 00 00 00 48 0f 
00000000000009a0	a3 c1 72 26 b9 98 00 00 00 48 0f a3 c1 73 07 bf 
00000000000009b0	02 00 00 00 eb 14 b9 00 00 00 0e 48 0f a3 c1 73 
00000000000009c0	07 bf 03 00 00 00 eb 02 31 ff 48 8b 05 00 00 00 
00000000000009d0	00 4e 8b 44 30 28 4d 85 c0 74 32 f2 0f 2c 55 d8 
00000000000009e0	f7 d2 48 8b 05 00 00 00 00 41 03 14 06 48 8b 05 
00000000000009f0	00 00 00 00 4a 8b 4c 30 28 f2 0f 2c 75 e0 30 c0 
0000000000000a00	48 83 c4 18 5b 41 5e 41 5f 5d 41 ff e0 48 83 c4 
0000000000000a10	18 5b 41 5e 41 5f 5d c3 0f 1f 84 00 00 00 00 00 
0000000000000a20	55 48 89 e5 41 57 41 56 53 48 83 ec 18 48 89 d3 
0000000000000a30	49 89 fe 48 8b 35 7e 19 00 00 4c 8b 3d 00 00 00 
0000000000000a40	00 48 89 df 41 ff d7 f2 0f 11 45 e0 f2 0f 11 4d 
0000000000000a50	d8 48 8b 35 68 19 00 00 48 89 df 41 ff d7 48 83 
0000000000000a60	f8 1b 77 34 bf 01 00 00 00 b9 46 00 00 00 48 0f 
0000000000000a70	a3 c1 72 26 b9 98 00 00 00 48 0f a3 c1 73 07 bf 
0000000000000a80	02 00 00 00 eb 14 b9 00 00 00 0e 48 0f a3 c1 73 
0000000000000a90	07 bf 03 00 00 00 eb 02 31 ff 48 8b 05 00 00 00 
0000000000000aa0	00 4e 8b 44 30 28 4d 85 c0 74 32 f2 0f 2c 55 d8 
0000000000000ab0	f7 d2 48 8b 05 00 00 00 00 41 03 14 06 48 8b 05 
0000000000000ac0	00 00 00 00 4a 8b 4c 30 28 f2 0f 2c 75 e0 30 c0 
0000000000000ad0	48 83 c4 18 5b 41 5e 41 5f 5d 41 ff e0 48 83 c4 
0000000000000ae0	18 5b 41 5e 41 5f 5d c3 0f 1f 84 00 00 00 00 00 
0000000000000af0	55 48 89 e5 53 50 48 89 fb 48 8b 35 b8 18 00 00 
0000000000000b00	48 89 d7 ff 15 00 00 00 00 48 8b 05 00 00 00 00 
0000000000000b10	48 8b 4c 18 30 48 85 c9 74 2a f2 0f 2c f1 f7 d6 
0000000000000b20	48 8b 05 00 00 00 00 03 34 03 48 8b 05 00 00 00 
0000000000000b30	00 48 8b 54 18 30 f2 0f 2c f8 30 c0 48 83 c4 08 
0000000000000b40	5b 5d ff e1 48 83 c4 08 5b 5d c3 0f 1f 44 00 00 
0000000000000b50	55 48 89 e5 41 57 41 56 41 55 41 54 53 48 83 ec 
0000000000000b60	18 49 89 d7 49 89 fe 4c 8b 25 00 00 00 00 4b 83 
0000000000000b70	7c 34 20 00 0f 84 d2 00 00 00 48 8b 35 37 18 00 
0000000000000b80	00 4c 8b 2d 00 00 00 00 4c 89 ff 41 ff d5 f2 0f 
0000000000000b90	11 45 d0 f2 0f 11 4d c8 48 8b 35 29 18 00 00 4c 
0000000000000ba0	89 ff 41 ff d5 f2 0f 5a c0 b8 05 00 00 00 f2 0f 
0000000000000bb0	10 0d aa 12 00 00 f3 0f 5a c0 66 0f 2e 05 a6 12 
0000000000000bc0	00 00 0f 97 c1 0f b6 d9 c1 e3 02 66 0f 2e c8 0f 
0000000000000bd0	47 d8 48 8b 35 f7 17 00 00 4c 89 ff 41 ff d5 f2 
0000000000000be0	0f 5a c0 f3 0f 5a c0 66 0f 2e 05 79 12 00 00 b8 
0000000000000bf0	06 00 00 00 0f 47 d8 f2 0f 10 0d 61 12 00 00 66 
0000000000000c00	0f 2e c8 b8 07 00 00 00 0f 47 d8 85 db 74 3d f2 
0000000000000c10	0f 2c 55 c8 f7 d2 48 8b 05 00 00 00 00 41 03 14 
0000000000000c20	06 48 8b 05 00 00 00 00 4a 8b 4c 30 20 4f 8b 44 
0000000000000c30	34 20 f2 0f 2c 75 d0 89 df 30 c0 48 83 c4 18 5b 
0000000000000c40	41 5c 41 5d 41 5e 41 5f 5d 41 ff e0 48 83 c4 18 
0000000000000c50	5b 41 5c 41 5d 41 5e 41 5f 5d c3 0f 1f 44 00 00 
0000000000000c60	55 48 89 e5 48 8b 05 00 00 00 00 48 8b 4c 38 60 
0000000000000c70	48 85 c9 74 11 48 8b 05 00 00 00 00 48 8b 7c 38 
0000000000000c80	60 30 c0 5d ff e1 5d c3 0f 1f 84 00 00 00 00 00 
0000000000000c90	55 48 89 e5 48 8b 05 00 00 00 00 48 8b 8c 38 88 
0000000000000ca0	00 00 00 48 85 c9 74 14 48 8b 05 00 00 00 00 48 
0000000000000cb0	8b bc 38 88 00 00 00 30 c0 5d ff e1 5d c3 66 90 
0000000000000cc0	55 48 89 e5 41 57 41 56 41 55 41 54 53 48 83 ec 
0000000000000cd0	48 49 89 d5 48 89 fb 48 8b 3d 02 22 00 00 48 8d 
0000000000000ce0	35 00 00 00 00 ff 15 00 00 00 00 48 8b 35 e6 16 
0000000000000cf0	00 00 48 8d 15 00 00 00 00 48 89 c7 ff 15 00 00 
0000000000000d00	00 00 48 89 45 b8 48 89 5d c8 48 8d 7d c8 48 8b 
0000000000000d10	0d 23 12 00 00 48 89 4d d0 48 8b 35 c0 16 00 00 
0000000000000d20	48 8b 4d 28 48 89 4c 24 18 48 8b 4d 20 48 89 4c 
0000000000000d30	24 10 48 8b 55 10 48 8b 4d 18 48 89 4c 24 08 48 
0000000000000d40	89 14 24 48 89 c2 e8 00 00 00 00 48 89 c3 45 31 
0000000000000d50	ff 48 85 db 0f 84 99 05 00 00 4c 8d 75 10 48 8b 
0000000000000d60	3d 83 21 00 00 4c 8d 3d 00 00 00 00 4c 89 fe ff 
0000000000000d70	15 00 00 00 00 48 8b 35 14 16 00 00 49 8b 4e 10 
0000000000000d80	49 8b 56 18 48 89 54 24 18 48 89 4c 24 10 49 8b 
0000000000000d90	0e 49 8b 56 08 48 89 54 24 08 48 89 0c 24 4c 8b 
0000000000000da0	35 00 00 00 00 48 89 c7 ba 03 00 00 00 b9 02 00 
0000000000000db0	00 00 45 31 c0 41 ff d6 48 8b 0d 00 00 00 00 48 
0000000000000dc0	89 04 0b 48 8b 35 1e 16 00 00 48 89 c7 48 89 da 
0000000000000dd0	41 ff d6 4c 8b 25 00 00 00 00 4a 8b 3c 23 48 8b 
0000000000000de0	35 0b 16 00 00 4c 89 ea 4c 89 6d c0 41 ff d6 4a 
0000000000000df0	8b 3c 23 48 8b 35 fe 15 00 00 ba 01 00 00 00 41 
0000000000000e00	ff d6 48 8b 3d e7 20 00 00 4c 89 fe ff 15 00 00 
0000000000000e10	00 00 49 89 c7 48 8b 35 e4 15 00 00 48 8b 3d cd 
0000000000000e20	20 00 00 41 ff d6 48 8b 35 db 15 00 00 4c 89 ff 
0000000000000e30	48 8b 55 b8 48 89 c1 41 ff d6 48 8b 0d 00 00 00 
0000000000000e40	00 48 89 04 0b 48 8b 35 c4 15 00 00 48 89 c7 48 
0000000000000e50	89 da 41 ff d6 48 8b 05 00 00 00 00 48 8b 3c 03 
0000000000000e60	48 8b 35 b1 15 00 00 41 ff d6 48 8b 35 af 15 00 
0000000000000e70	00 48 89 df 48 89 da 41 ff d6 48 8b 35 a7 15 00 
0000000000000e80	00 48 8b 3d 70 20 00 00 41 ff d6 4c 8d 05 7e 21 
0000000000000e90	00 00 4a 8b 14 23 48 8b 35 9b 15 00 00 48 8b 0d 
0000000000000ea0	8c 15 00 00 48 89 c7 49 89 d1 41 ff d6 48 8b 35 
0000000000000eb0	74 15 00 00 48 8b 3d 3d 20 00 00 41 ff d6 4c 8d 
0000000000000ec0	05 6b 21 00 00 4a 8b 14 23 48 8b 35 68 15 00 00 
0000000000000ed0	48 8b 0d 69 15 00 00 48 89 c7 49 89 d1 41 ff d6 
0000000000000ee0	48 8b 35 41 15 00 00 48 8b 3d 0a 20 00 00 41 ff 
0000000000000ef0	d6 45 31 ff 48 8b 0d 00 00 00 00 4c 8b 01 48 8b 
0000000000000f00	35 33 15 00 00 48 8b 0d 3c 15 00 00 48 89 c7 48 
0000000000000f10	89 da 45 31 c9 41 ff d6 48 8d 55 10 f2 0f 2c 42 
0000000000000f20	10 48 8b 0d 00 00 00 00 89 04 0b f2 0f 2c 42 18 
0000000000000f30	48 8b 0d 00 00 00 00 89 04 0b 0f 57 c0 0f 57 c9 
0000000000000f40	0f 57 d2 0f 57 db e8 00 00 00 00 bf 00 40 00 00 
0000000000000f50	e8 00 00 00 00 e8 00 00 00 00 bf 71 0b 00 00 e8 
0000000000000f60	00 00 00 00 4a 8b 3c 23 48 8b 35 e1 14 00 00 41 
0000000000000f70	ff d6 4a 8b 3c 23 48 8b 35 db 14 00 00 41 ff d6 
0000000000000f80	4c 8b 25 00 00 00 00 4a 8d 34 23 bf 01 00 00 00 
0000000000000f90	e8 00 00 00 00 42 8b 34 23 bf 92 88 00 00 e8 00 
0000000000000fa0	00 00 00 48 8d 15 00 00 00 00 bf 92 88 00 00 be 
0000000000000fb0	20 00 00 00 b9 e8 88 00 00 e8 00 00 00 00 4c 8b 
0000000000000fc0	25 00 00 00 00 4a 8d 34 23 bf 01 00 00 00 e8 00 
0000000000000fd0	00 00 00 42 8b 34 23 bf e1 0d 00 00 e8 00 00 00 
0000000000000fe0	00 bf e1 0d 00 00 be 01 28 00 00 ba 00 26 00 00 
0000000000000ff0	e8 00 00 00 00 bf e1 0d 00 00 be 00 28 00 00 ba 
0000000000001000	00 26 00 00 e8 00 00 00 00 bf e1 0d 00 00 be 02 
0000000000001010	28 00 00 ba 2f 81 00 00 e8 00 00 00 00 bf e1 0d 
0000000000001020	00 00 be 03 28 00 00 ba 2f 81 00 00 e8 00 00 00 
0000000000001030	00 4c 8b 25 00 00 00 00 4a 63 04 23 4c 8b 2d 00 
0000000000001040	00 00 00 4a 63 3c 2b 48 0f af f8 48 c1 e7 02 e8 
0000000000001050	00 00 00 00 48 8b 15 00 00 00 00 48 89 04 13 42 
0000000000001060	8b 34 23 42 0f af 34 2b 8d 4e ff 48 8b 05 00 00 
0000000000001070	00 00 89 0c 03 85 f6 74 32 48 8b 05 00 00 00 00 
0000000000001080	48 01 d8 66 66 66 66 2e 0f 1f 84 00 00 00 00 00 
0000000000001090	48 8b 34 13 48 63 c9 c7 04 8e 00 00 00 ff 8b 30 
00000000000010a0	8d 4e ff 89 08 85 f6 75 e7 eb 03 48 01 d8 c7 00 
00000000000010b0	00 00 00 00 48 8b 05 00 00 00 00 44 8b 04 03 48 
00000000000010c0	8b 05 00 00 00 00 8b 0c 03 48 8b 04 13 48 89 44 
00000000000010d0	24 10 c7 44 24 08 01 14 00 00 c7 04 24 e1 80 00 
00000000000010e0	00 bf e1 0d 00 00 31 f6 ba 58 80 00 00 45 31 c9 
00000000000010f0	e8 00 00 00 00 4c 8b 2d 00 00 00 00 4a 8d 3c 2b 
0000000000001100	e8 00 00 00 00 85 c0 0f 85 e6 01 00 00 41 8b 7c 
0000000000001110	1d 08 e8 00 00 00 00 41 8b 7c 1d 08 4c 8d 25 00 
0000000000001120	00 00 00 4c 89 e6 e8 00 00 00 00 48 8d 35 00 00 
0000000000001130	00 00 48 8b 0d 00 00 00 00 89 44 19 10 8b 7c 19 
0000000000001140	08 49 89 f7 e8 00 00 00 00 48 8b 0d 00 00 00 00 
0000000000001150	89 44 19 0c 8b 7c 19 20 e8 00 00 00 00 41 8b 7c 
0000000000001160	1d 20 4c 89 e6 e8 00 00 00 00 48 8d 35 00 00 00 
0000000000001170	00 48 8b 0d 00 00 00 00 89 44 19 2c 8b 7c 19 20 
0000000000001180	e8 00 00 00 00 48 8d 35 00 00 00 00 48 8b 0d 00 
0000000000001190	00 00 00 89 44 19 30 8b 7c 19 20 e8 00 00 00 00 
00000000000011a0	4c 8d 35 00 00 00 00 48 8b 0d 00 00 00 00 89 44 
00000000000011b0	19 34 8b 7c 19 20 4c 89 f6 e8 00 00 00 00 48 8b 
00000000000011c0	0d 00 00 00 00 89 44 19 28 8b 7c 19 20 4c 89 fe 
00000000000011d0	e8 00 00 00 00 48 8b 0d 00 00 00 00 89 44 19 24 
00000000000011e0	8b 7c 19 40 e8 00 00 00 00 41 8b 7c 1d 40 4c 89 
00000000000011f0	e6 e8 00 00 00 00 48 8d 35 00 00 00 00 48 8b 0d 
0000000000001200	00 00 00 00 89 44 19 4c 8b 7c 19 40 e8 00 00 00 
0000000000001210	00 48 8d 35 00 00 00 00 48 8b 0d 00 00 00 00 89 
0000000000001220	44 19 4c 8b 7c 19 40 e8 00 00 00 00 48 8d 35 00 
0000000000001230	00 00 00 48 8b 0d 00 00 00 00 89 44 19 54 8b 7c 
0000000000001240	19 40 e8 00 00 00 00 48 8d 35 00 00 00 00 48 8b 
0000000000001250	0d 00 00 00 00 89 44 19 58 8b 7c 19 40 e8 00 00 
0000000000001260	00 00 48 8b 0d 00 00 00 00 89 44 19 5c 8b 7c 19 
0000000000001270	40 4c 89 f6 e8 00 00 00 00 48 8b 0d 00 00 00 00 
0000000000001280	89 44 19 48 8b 7c 19 40 4c 89 fe e8 00 00 00 00 
0000000000001290	41 89 44 1d 44 e8 00 00 00 00 48 8d 35 00 00 00 
00000000000012a0	00 48 8b 3d 58 1c 00 00 ff 15 00 00 00 00 48 8b 
00000000000012b0	0d 00 00 00 00 48 8b 14 0b 48 8b 35 a0 11 00 00 
00000000000012c0	48 89 c7 4c 8b 35 00 00 00 00 41 ff d6 49 89 c7 
00000000000012d0	48 8b 35 91 11 00 00 4c 89 ff 48 8b 55 c0 41 ff 
00000000000012e0	d6 48 8b 35 88 11 00 00 4c 89 ff 31 d2 41 ff d6 
00000000000012f0	49 89 df 4c 89 f8 48 83 c4 48 5b 41 5c 41 5d 41 
0000000000001300	5e 41 5f 5d c3 66 66 2e 0f 1f 84 00 00 00 00 00 
0000000000001310	55 48 89 e5 53 50 48 89 fb 48 8d 3d 00 00 00 00 
0000000000001320	e8 00 00 00 00 48 8b 05 00 00 00 00 48 8b 3c 03 
0000000000001330	48 8b 35 41 11 00 00 48 83 c4 08 5b 5d ff 25 00 
0000000000001340	00 00 00 66 66 66 66 2e 0f 1f 84 00 00 00 00 00 
0000000000001350	55 48 89 e5 41 57 41 56 53 50 48 89 fb 48 8b 35 
0000000000001360	9c 10 00 00 48 8b 3d 85 1b 00 00 4c 8b 3d 00 00 
0000000000001370	00 00 41 ff d7 49 89 c6 48 8b 35 01 11 00 00 48 
0000000000001380	89 df 41 ff d7 49 39 c6 74 28 48 8b 35 ef 10 00 
0000000000001390	00 48 89 df 4c 89 f8 ff d0 48 8b 35 78 10 00 00 
00000000000013a0	48 89 c7 4c 89 f8 48 83 c4 08 5b 41 5e 41 5f 5d 
00000000000013b0	ff e0 48 83 c4 08 5b 41 5e 41 5f 5d c3 0f 1f 00 
00000000000013c0	55 48 89 e5 48 8b 05 00 00 00 00 48 8b 04 07 5d 
00000000000013d0	c3 66 66 66 66 66 66 2e 0f 1f 84 00 00 00 00 00 
00000000000013e0	55 48 89 e5 41 57 41 56 41 54 53 48 83 ec 20 45 
00000000000013f0	89 c6 41 89 cf 48 89 fb 89 55 dc 4c 8b 25 00 00 
0000000000001400	00 00 42 ff 04 23 48 8b 05 00 00 00 00 8b 34 03 
0000000000001410	bf e1 0d 00 00 e8 00 00 00 00 48 8d 45 dc 48 89 
0000000000001420	44 24 10 c7 44 24 08 01 14 00 00 c7 04 24 e1 80 
0000000000001430	00 00 bf e1 0d 00 00 be 00 00 00 00 44 89 fa 44 
0000000000001440	89 f1 41 b8 01 00 00 00 41 b9 01 00 00 00 e8 00 
0000000000001450	00 00 00 42 81 3c 23 40 0d 03 00 7c 10 48 8b 35 
0000000000001460	24 10 00 00 48 89 df ff 15 00 00 00 00 48 83 c4 
0000000000001470	20 5b 41 5c 41 5e 41 5f 5d c3 66 0f 1f 44 00 00 
0000000000001480	55 48 89 e5 41 57 41 56 41 54 53 48 89 fb 48 8b 
0000000000001490	35 93 0f 00 00 48 8b 3d 5c 1a 00 00 4c 8b 3d 00 
00000000000014a0	00 00 00 41 ff d7 4c 8b 25 00 00 00 00 4a 8b 14 
00000000000014b0	23 48 8b 35 d8 0f 00 00 48 89 c7 41 ff d7 48 8b 
00000000000014c0	35 63 0f 00 00 48 8b 3d 2c 1a 00 00 41 ff d7 48 
00000000000014d0	8b 35 ba 0f 00 00 48 89 c7 48 89 da 41 ff d7 48 
00000000000014e0	8b 05 00 00 00 00 48 8b 3c 03 e8 00 00 00 00 48 
00000000000014f0	8b 35 a2 0f 00 00 48 89 df 41 ff d7 48 8b 35 00 
0000000000001500	00 00 00 48 01 de bf 01 00 00 00 e8 00 00 00 00 
0000000000001510	48 8b 35 00 00 00 00 48 01 de bf 01 00 00 00 e8 
0000000000001520	00 00 00 00 4c 8b 35 00 00 00 00 41 8b 7c 1e 08 
0000000000001530	e8 00 00 00 00 41 8b 7c 1e 20 e8 00 00 00 00 42 
0000000000001540	8b 3c 33 e8 00 00 00 00 41 8b 7c 1e 04 e8 00 00 
0000000000001550	00 00 41 8b 7c 1e 18 e8 00 00 00 00 41 8b 7c 1e 
0000000000001560	1c e8 00 00 00 00 4c 8d 35 00 00 00 00 48 8b 05 
0000000000001570	00 00 00 00 48 8b 3c 03 4c 89 f6 ff 15 00 00 00 
0000000000001580	00 4a 8b 3c 23 48 8b 35 14 0f 00 00 41 ff d7 48 
0000000000001590	8b 05 00 00 00 00 48 89 df 4c 89 f6 5b 41 5c 41 
00000000000015a0	5e 41 5f 5d ff e0 66 2e 0f 1f 84 00 00 00 00 00 
00000000000015b0	55 48 89 e5 48 8b 05 00 00 00 00 48 8b 3c 07 48 
00000000000015c0	8b 35 e2 0e 00 00 5d ff 25 00 00 00 00 0f 1f 00 
00000000000015d0	55 48 89 e5 48 8b 05 00 00 00 00 48 8b 3c 07 48 
00000000000015e0	8b 35 12 0e 00 00 5d ff 25 00 00 00 00 0f 1f 00 
00000000000015f0	55 48 89 e5 0f 57 c0 0f 57 c9 0f 57 d2 0f 57 db 
0000000000001600	e8 00 00 00 00 bf 00 40 00 00 5d e9 00 00 00 00 
0000000000001610	55 48 89 e5 41 57 41 56 41 55 41 54 53 48 83 ec 
0000000000001620	18 45 89 cc 44 89 45 cc 49 89 ce 48 89 55 d0 48 
0000000000001630	89 fb 48 8b 05 00 00 00 00 83 3c 03 00 7e 10 48 
0000000000001640	8b 35 42 0e 00 00 48 89 df ff 15 00 00 00 00 4c 
0000000000001650	8b 2d 00 00 00 00 41 8b 7c 1d 20 e8 00 00 00 00 
0000000000001660	bf c0 84 00 00 e8 00 00 00 00 41 8b 36 bf e1 0d 
0000000000001670	00 00 e8 00 00 00 00 41 8b 7c 1d 2c 31 f6 e8 00 
0000000000001680	00 00 00 48 8b 05 00 00 00 00 8b 0c 03 89 c8 c1 
0000000000001690	e8 1f 01 c8 d1 f8 4d 89 f7 4c 8b 35 00 00 00 00 
00000000000016a0	42 8b 14 33 89 d1 c1 e9 1f f3 0f 2a c0 01 d1 d1 
00000000000016b0	f9 f3 0f 2a c9 41 8b 7c 1d 28 e8 00 00 00 00 8b 
00000000000016c0	45 cc 0f 57 c0 f3 0f 2a c0 41 f7 d4 46 03 24 33 
00000000000016d0	0f 57 c9 f3 41 0f 2a cc 41 8b 7c 1d 30 e8 00 00 
00000000000016e0	00 00 41 8b 7c 1d 34 31 c0 48 8b 4d d0 2b 41 04 
00000000000016f0	0f 57 c9 f3 0f 2a c8 f3 0f 2a 01 e8 00 00 00 00 
0000000000001700	41 8b 77 04 bf 92 88 00 00 e8 00 00 00 00 31 ff 
0000000000001710	be 02 00 00 00 ba 06 14 00 00 31 c9 41 b8 08 00 
0000000000001720	00 00 45 31 c9 e8 00 00 00 00 31 ff e8 00 00 00 
0000000000001730	00 bf e2 0b 00 00 e8 00 00 00 00 bf 03 03 00 00 
0000000000001740	be 02 03 00 00 e8 00 00 00 00 bf 06 80 00 00 e8 
0000000000001750	00 00 00 00 bf 06 00 00 00 31 f6 ba 04 00 00 00 
0000000000001760	e8 00 00 00 00 31 ff 48 83 c4 18 5b 41 5c 41 5d 
0000000000001770	41 5e 41 5f 5d e9 00 00 00 00 66 0f 1f 44 00 00 
0000000000001780	55 48 89 e5 41 57 41 56 41 55 41 54 53 48 83 ec 
0000000000001790	28 45 89 cc 44 89 45 b4 49 89 cf 48 89 55 b8 49 
00000000000017a0	89 fe 48 8b 05 00 00 00 00 48 8b 00 48 89 45 d0 
00000000000017b0	8b 5d 10 48 8b 05 00 00 00 00 41 83 3c 06 00 7e 
00000000000017c0	10 48 8b 35 c0 0c 00 00 4c 89 f7 ff 15 00 00 00 
00000000000017d0	00 0f b6 c7 89 d9 c1 e9 10 0f b6 c9 f2 0f 2a d1 
00000000000017e0	f2 0f 2a c0 0f b6 c3 f2 0f 2a c8 f2 0f 10 1d 7d 
00000000000017f0	06 00 00 f2 0f 5e cb f2 0f 5e c3 f2 0f 5e d3 c1 
0000000000001800	eb 18 f2 0f 2a e3 f2 0f 5e e3 0f 57 db f2 0f 5a 
0000000000001810	dc f3 0f 11 5d c4 f2 0f 5a d2 f3 0f 11 55 c8 f2 
0000000000001820	0f 5a c0 f3 0f 11 45 cc 0f 57 c0 f2 0f 5a c1 f3 
0000000000001830	0f 11 45 c0 4c 8b 2d 00 00 00 00 43 8b 7c 35 40 
0000000000001840	e8 00 00 00 00 bf c0 84 00 00 e8 00 00 00 00 41 
0000000000001850	8b 37 bf e1 0d 00 00 e8 00 00 00 00 43 8b 7c 35 
0000000000001860	4c 31 f6 e8 00 00 00 00 48 8d 55 c0 43 8b 7c 35 
0000000000001870	50 be 04 00 00 00 e8 00 00 00 00 48 8b 05 00 00 
0000000000001880	00 00 41 8b 0c 06 89 c8 c1 e8 1f 01 c8 d1 f8 48 
0000000000001890	8b 1d 00 00 00 00 41 8b 14 1e 89 d1 c1 e9 1f f3 
00000000000018a0	0f 2a c0 01 d1 d1 f9 f3 0f 2a c9 43 8b 7c 35 48 
00000000000018b0	e8 00 00 00 00 8b 45 b4 0f 57 c0 f3 0f 2a c0 41 
00000000000018c0	f7 d4 45 03 24 1e 0f 57 c9 f3 41 0f 2a cc 43 8b 
00000000000018d0	7c 35 54 e8 00 00 00 00 8b 45 18 0f 57 c0 f3 0f 
00000000000018e0	2a c0 8b 45 20 0f 57 c9 f3 0f 2a c8 43 8b 7c 35 
00000000000018f0	58 e8 00 00 00 00 43 8b 7c 35 5c 48 8b 45 b8 f3 
0000000000001900	0f 2a 48 04 f3 0f 2a 00 e8 00 00 00 00 41 8b 77 
0000000000001910	04 bf 92 88 00 00 e8 00 00 00 00 31 ff be 02 00 
0000000000001920	00 00 ba 06 14 00 00 31 c9 41 b8 08 00 00 00 45 
0000000000001930	31 c9 e8 00 00 00 00 31 ff e8 00 00 00 00 bf e2 
0000000000001940	0b 00 00 e8 00 00 00 00 bf 03 03 00 00 be 02 03 
0000000000001950	00 00 e8 00 00 00 00 bf 06 80 00 00 e8 00 00 00 
0000000000001960	00 bf 06 00 00 00 31 f6 ba 04 00 00 00 e8 00 00 
0000000000001970	00 00 31 ff e8 00 00 00 00 48 8b 05 00 00 00 00 
0000000000001980	48 8b 00 48 3b 45 d0 75 0f 48 83 c4 28 5b 41 5c 
0000000000001990	41 5d 41 5e 41 5f 5d c3 e8 00 00 00 00 0f 1f 00 
00000000000019a0	55 48 89 e5 41 57 41 56 41 54 53 48 83 ec 20 48 
00000000000019b0	89 fb 4c 8b 35 00 00 00 00 42 83 3c 33 00 0f 8e 
00000000000019c0	3b 01 00 00 4c 8b 3d 00 00 00 00 41 8b 7c 1f 08 
00000000000019d0	e8 00 00 00 00 bf c0 84 00 00 e8 00 00 00 00 4c 
00000000000019e0	8b 25 00 00 00 00 42 8b 34 23 bf e1 0d 00 00 e8 
00000000000019f0	00 00 00 00 41 8b 7c 1f 10 31 f6 e8 00 00 00 00 
0000000000001a00	42 8b 34 23 bf 92 88 00 00 e8 00 00 00 00 31 ff 
0000000000001a10	be 02 00 00 00 ba 06 14 00 00 31 c9 41 b8 08 00 
0000000000001a20	00 00 45 31 c9 e8 00 00 00 00 31 ff e8 00 00 00 
0000000000001a30	00 bf e2 0b 00 00 e8 00 00 00 00 bf 03 03 00 00 
0000000000001a40	be 02 03 00 00 e8 00 00 00 00 bf 06 80 00 00 e8 
0000000000001a50	00 00 00 00 bf 06 00 00 00 31 f6 ba 04 00 00 00 
0000000000001a60	e8 00 00 00 00 31 ff e8 00 00 00 00 48 8b 05 00 
0000000000001a70	00 00 00 8b 14 03 48 8b 0d 00 00 00 00 0f af 14 
0000000000001a80	0b 8d 72 ff 48 8b 3d 00 00 00 00 89 34 3b 85 d2 
0000000000001a90	74 2b 42 8b 34 33 48 8b 15 00 00 00 00 0f 1f 00 
0000000000001aa0	48 8b 3c 13 48 63 f6 c7 04 b7 00 00 00 ff 42 8b 
0000000000001ab0	3c 33 8d 77 ff 42 89 34 33 85 ff 75 e3 44 8b 04 
0000000000001ac0	03 8b 0c 0b 48 8b 05 00 00 00 00 48 8b 04 03 48 
0000000000001ad0	89 44 24 10 c7 44 24 08 01 14 00 00 c7 04 24 e1 
0000000000001ae0	80 00 00 bf e1 0d 00 00 31 f6 ba 58 80 00 00 45 
0000000000001af0	31 c9 e8 00 00 00 00 42 c7 04 33 00 00 00 00 48 
0000000000001b00	83 c4 20 5b 41 5c 41 5e 41 5f 5d c3 0f 1f 40 00 
0000000000001b10	55 48 89 e5 41 57 41 56 41 55 41 54 53 48 83 ec 
0000000000001b20	48 49 89 ce 41 89 d4 41 89 f7 49 89 fd bf 20 00 
0000000000001b30	00 00 e8 00 00 00 00 48 89 c3 48 85 db 0f 84 c7 
0000000000001b40	00 00 00 48 c7 43 08 00 00 00 00 49 8b 45 08 48 
0000000000001b50	89 43 18 c7 43 10 00 00 00 00 c7 43 14 00 00 00 
0000000000001b60	00 49 89 5d 08 f2 41 0f 2a c4 f2 41 0f 2a cf 48 
0000000000001b70	b8 00 00 00 00 00 00 59 40 4c 8b 3d 00 00 00 00 
0000000000001b80	48 89 45 b8 48 89 45 c0 f2 0f 11 4d c8 f2 0f 11 
0000000000001b90	45 d0 48 8b 35 17 09 00 00 48 8b 3d 68 13 00 00 
0000000000001ba0	4c 89 f2 b9 01 00 00 00 41 ff d7 49 89 c6 48 8d 
0000000000001bb0	35 00 00 00 00 48 8b 3d 54 13 00 00 ff 15 00 00 
0000000000001bc0	00 00 48 8b 35 ef 08 00 00 48 8b 4d d0 48 89 4c 
0000000000001bd0	24 18 48 8b 4d c8 48 89 4c 24 10 48 8b 4d b8 48 
0000000000001be0	8b 55 c0 48 89 54 24 08 48 89 0c 24 48 89 c7 4c 
0000000000001bf0	89 f2 41 ff d7 48 8d 35 00 00 00 00 48 89 03 4c 
0000000000001c00	89 f7 ff 15 00 00 00 00 eb 02 31 db 48 89 d8 48 
0000000000001c10	83 c4 48 5b 41 5c 41 5d 41 5e 41 5f 5d c3 66 90 
0000000000001c20	55 48 89 e5 41 56 53 48 89 f3 48 8b 3b 48 8b 35 
0000000000001c30	64 08 00 00 4c 8b 35 00 00 00 00 41 ff d6 48 8b 
0000000000001c40	3b 48 8b 35 78 08 00 00 41 ff d6 ff 43 10 5b 41 
0000000000001c50	5e 5d c3 66 66 66 66 2e 0f 1f 84 00 00 00 00 00 
0000000000001c60	55 48 89 e5 48 89 d0 48 89 f1 48 8b 3f 48 8b 35 
0000000000001c70	34 08 00 00 ba 0c 00 00 00 49 89 c0 5d ff 25 00 
0000000000001c80	00 00 00 66 66 66 66 2e 0f 1f 84 00 00 00 00 00 
0000000000001c90	55 48 89 e5 48 89 d0 48 89 f1 48 8b 3f 48 8b 35 
0000000000001ca0	04 08 00 00 ba 03 00 00 00 49 89 c0 5d ff 25 00 
0000000000001cb0	00 00 00 66 66 66 66 2e 0f 1f 84 00 00 00 00 00 
0000000000001cc0	55 48 89 e5 48 89 d0 48 89 f1 48 8b 3f 48 8b 35 
0000000000001cd0	d4 07 00 00 ba 04 00 00 00 49 89 c0 5d ff 25 00 
0000000000001ce0	00 00 00 66 66 66 66 2e 0f 1f 84 00 00 00 00 00 
0000000000001cf0	55 48 89 e5 89 f0 48 8b 3f 48 8b 35 a8 07 00 00 
0000000000001d00	89 c2 5d ff 25 00 00 00 00 0f 1f 80 00 00 00 00 
0000000000001d10	55 48 89 e5 41 56 53 48 8b 5f 08 48 85 db 74 27 
0000000000001d20	4c 8b 35 d1 06 00 00 66 0f 1f 84 00 00 00 00 00 
0000000000001d30	48 8b 3b 4c 89 f6 31 d2 ff 15 00 00 00 00 48 8b 
0000000000001d40	5b 18 48 85 db 75 e9 31 c0 5b 41 5e 5d c3 66 90 
0000000000001d50	55 48 89 e5 41 56 53 48 8b 5f 08 48 85 db 74 2a 
0000000000001d60	4c 8b 35 91 06 00 00 66 0f 1f 84 00 00 00 00 00 
0000000000001d70	48 8b 3b 4c 89 f6 ba 01 00 00 00 ff 15 00 00 00 
0000000000001d80	00 48 8b 5b 18 48 85 db 75 e6 31 c0 5b 41 5e 5d 
0000000000001d90	c3 66 66 66 66 66 66 2e 0f 1f 84 00 00 00 00 00 
0000000000001da0	55 48 89 e5 41 57 41 56 53 48 83 ec 28 49 89 f6 
0000000000001db0	48 8b 47 08 48 89 45 e0 48 8d 4d c8 eb 09 66 90 
0000000000001dc0	48 89 c1 48 8b 41 18 48 85 c0 74 12 4c 39 f0 75 
0000000000001dd0	ef 49 8b 46 18 48 89 41 18 48 85 c0 75 e2 48 8b 
0000000000001de0	45 e0 48 89 47 08 49 8b 3e 48 8b 35 a8 06 00 00 
0000000000001df0	ff 15 00 00 00 00 49 8b 5e 08 48 85 db 74 30 90 
0000000000001e00	48 8d 73 04 bf 01 00 00 00 e8 00 00 00 00 bf 01 
0000000000001e10	00 00 00 48 89 de e8 00 00 00 00 4c 8b 7b 10 48 
0000000000001e20	89 df e8 00 00 00 00 4d 85 ff 4c 89 fb 75 d1 49 
0000000000001e30	8b 3e 48 8b 35 8f 06 00 00 ff 15 00 00 00 00 4c 
0000000000001e40	89 f7 e8 00 00 00 00 48 8d 3d 00 00 00 00 e8 00 
0000000000001e50	00 00 00 31 c0 48 83 c4 28 5b 41 5e 41 5f 5d c3 
test/unit_test_files/lib_stat/libmlx.a(mlx_init_loop.o):
Contents of (__TEXT,__text) section
0000000000000000	55 48 89 e5 53 48 83 ec 18 48 89 d3 48 89 7d e8 
0000000000000010	48 8b 05 99 04 00 00 48 89 45 f0 48 8b 35 ae 05 
0000000000000020	00 00 48 8d 7d e8 e8 00 00 00 00 48 85 c0 74 0b 
0000000000000030	48 8b 0d 00 00 00 00 48 89 1c 08 48 83 c4 18 5b 
0000000000000040	5d c3 66 66 66 66 66 2e 0f 1f 84 00 00 00 00 00 
0000000000000050	55 48 89 e5 41 57 41 56 41 55 41 54 53 50 49 89 
0000000000000060	fe 48 8b 05 00 00 00 00 49 8b 04 06 48 8b 48 18 
0000000000000070	48 85 c9 74 11 48 8b 78 20 ff d1 48 8b 05 00 00 
0000000000000080	00 00 49 8b 04 06 48 8b 58 08 48 85 db 74 59 4c 
0000000000000090	8b 3d 4a 05 00 00 4c 8b 25 3b 05 00 00 4c 8b 2d 
00000000000000a0	00 00 00 00 66 66 66 2e 0f 1f 84 00 00 00 00 00 
00000000000000b0	8b 43 10 85 c0 7e 25 3b 43 14 75 20 48 8b 3b 4c 
00000000000000c0	89 e6 41 ff d5 48 8b 3b 4c 89 fe 41 ff d5 e8 00 
00000000000000d0	00 00 00 31 c0 c7 43 10 00 00 00 00 89 43 14 48 
00000000000000e0	8b 5b 18 48 85 db 75 c8 48 8b 35 01 05 00 00 48 
00000000000000f0	8b 15 f2 04 00 00 4c 89 f7 31 c9 0f 57 c0 48 83 
0000000000000100	c4 08 5b 41 5c 41 5d 41 5e 41 5f 5d ff 25 00 00 
0000000000000110	00 00 66 66 66 66 66 2e 0f 1f 84 00 00 00 00 00 
0000000000000120	55 48 89 e5 41 57 41 56 41 54 53 48 81 ec e0 00 
0000000000000130	00 00 4c 8b 35 00 00 00 00 49 8b 06 48 89 45 d8 
0000000000000140	bf 30 00 00 00 e8 00 00 00 00 49 89 c4 31 c0 4d 
0000000000000150	85 e4 0f 84 9b 01 00 00 49 c7 44 24 20 00 00 00 
0000000000000160	00 49 c7 44 24 18 00 00 00 00 49 c7 44 24 10 00 
0000000000000170	00 00 00 49 c7 44 24 08 00 00 00 00 48 8b 35 75 
0000000000000180	04 00 00 48 8b 3d 16 06 00 00 4c 8b 3d 00 00 00 
0000000000000190	00 41 ff d7 49 89 04 24 0f 57 c0 0f 29 45 c0 0f 
00000000000001a0	29 45 b0 0f 29 45 a0 0f 29 45 90 48 8d 15 1e 06 
00000000000001b0	00 00 48 8b 35 47 04 00 00 48 8b 3d e8 05 00 00 
00000000000001c0	41 ff d7 48 8d 55 90 48 8d 8d 10 ff ff ff 48 8b 
00000000000001d0	35 33 04 00 00 48 89 c7 41 b8 10 00 00 00 41 ff 
00000000000001e0	d7 48 85 c0 74 19 48 8b 45 98 48 8b 38 48 8b 35 
00000000000001f0	1c 04 00 00 ba 02 00 00 00 ff 15 00 00 00 00 bf 
0000000000000200	a0 86 01 00 e8 00 00 00 00 48 b8 00 00 00 00 02 
0000000000000210	00 00 00 48 89 85 08 ff ff ff 48 8d bd 08 ff ff 
0000000000000220	ff be 01 00 00 00 e8 00 00 00 00 bf a0 86 01 00 
0000000000000230	e8 00 00 00 00 48 8b 35 dc 03 00 00 48 8b 3d 65 
0000000000000240	05 00 00 41 ff d7 48 8b 35 c3 03 00 00 48 89 c7 
0000000000000250	ba 02 00 00 00 41 ff d7 4c 89 e7 be 40 02 00 00 
0000000000000260	ba 78 00 00 00 30 c0 e8 00 00 00 00 31 d2 49 89 
0000000000000270	44 24 28 48 8d 0d 00 00 00 00 66 0f 1f 44 00 00 
0000000000000280	8a 5c 0a 0e 48 8b 40 08 88 1c 10 8a 5c 0a 0c 8a 
0000000000000290	44 0a 0d 49 8b 74 24 28 48 8b 76 08 88 44 16 01 
00000000000002a0	8a 44 0a 0f 49 8b 74 24 28 48 8b 76 08 88 5c 16 
00000000000002b0	02 f6 d0 48 8d 72 04 49 8b 7c 24 28 81 fe 00 38 
00000000000002c0	04 00 48 8b 7f 08 88 44 17 03 49 8b 44 24 28 48 
00000000000002d0	89 f2 7c ac c7 40 18 00 00 90 41 c7 40 20 00 00 
00000000000002e0	90 41 c7 40 24 00 00 20 c2 c7 40 2c 00 00 20 c2 
00000000000002f0	4c 89 e0 49 8b 0e 48 3b 4d d8 75 10 48 81 c4 e0 
0000000000000300	00 00 00 5b 41 5c 41 5e 41 5f 5d c3 e8 00 00 00 
0000000000000310	00 66 66 66 66 66 66 2e 0f 1f 84 00 00 00 00 00 
0000000000000320	55 48 89 e5 41 56 53 49 89 fe 48 8b 3d 7f 04 00 
0000000000000330	00 48 8d 35 00 00 00 00 ff 15 00 00 00 00 48 8b 
0000000000000340	35 db 02 00 00 48 8b 1d 00 00 00 00 48 89 c7 4c 
0000000000000350	89 f2 48 89 d8 ff d0 48 8b 35 92 02 00 00 48 8b 
0000000000000360	15 83 02 00 00 48 89 c7 31 c9 0f 57 c0 48 89 d8 
0000000000000370	ff d0 48 8b 05 00 00 00 00 48 8b 38 48 8b 35 a5 
0000000000000380	02 00 00 48 89 d8 5b 41 5e 5d ff e0 0f 1f 40 00 
0000000000000390	55 48 89 e5 41 57 41 56 41 55 41 54 53 50 45 89 
00000000000003a0	c7 41 89 ce 41 89 d4 48 89 f3 48 8b 3b 48 8b 35 
00000000000003b0	24 02 00 00 4c 8b 2d 00 00 00 00 41 ff d5 48 8b 
00000000000003c0	3b 48 8b 35 68 02 00 00 44 89 fa 44 89 e1 45 89 
00000000000003d0	f0 41 ff d5 ff 43 10 48 83 c4 08 5b 41 5c 41 5d 
00000000000003e0	41 5e 41 5f 5d c3 66 2e 0f 1f 84 00 00 00 00 00 
00000000000003f0	55 48 89 e5 41 57 41 56 41 54 53 48 8b 5f 08 48 
0000000000000400	85 db 74 3c 4c 8b 35 d5 01 00 00 4c 8b 3d c6 01 
0000000000000410	00 00 4c 8b 25 00 00 00 00 0f 1f 80 00 00 00 00 
0000000000000420	48 8b 3b 4c 89 fe 41 ff d4 48 8b 3b 4c 89 f6 41 
0000000000000430	ff d4 e8 00 00 00 00 48 8b 5b 18 48 85 db 75 e0 
0000000000000440	31 c0 5b 41 5c 41 5e 41 5f 5d c3 0f 1f 44 00 00 
0000000000000450	55 48 89 e5 48 89 77 18 48 89 57 20 31 c0 5d c3 
test/unit_test_files/lib_stat/libmlx.a(mlx_new_image.o):
Contents of (__TEXT,__text) section
0000000000000000	55 48 89 e5 41 57 41 56 41 54 53 41 89 d6 41 89 
0000000000000010	f7 49 89 fc bf 38 00 00 00 e8 00 00 00 00 48 89 
0000000000000020	c3 48 85 db 74 76 49 8b 44 24 10 48 89 43 30 49 
0000000000000030	89 5c 24 10 44 89 3b 44 89 73 04 c7 43 10 00 00 
0000000000000040	00 00 c7 43 14 00 00 00 00 f3 41 0f 2a c7 45 0f 
0000000000000050	af fe 41 f7 de f3 0f 11 43 18 41 c1 e7 02 4d 63 
0000000000000060	ff f3 41 0f 2a ce c7 43 1c 00 00 00 00 f3 0f 11 
0000000000000070	43 20 f3 0f 11 4b 24 c7 43 28 00 00 00 00 f3 0f 
0000000000000080	11 4b 2c 4c 89 ff e8 00 00 00 00 48 89 43 08 48 
0000000000000090	89 c7 4c 89 fe e8 00 00 00 00 eb 02 31 db 48 89 
00000000000000a0	d8 5b 41 5c 41 5e 41 5f 5d c3 66 0f 1f 44 00 00 
00000000000000b0	55 48 89 e5 41 57 41 56 53 48 83 ec 18 49 89 f7 
00000000000000c0	49 89 fe 49 83 c7 08 4c 89 f8 66 0f 1f 44 00 00 
00000000000000d0	48 8b 18 48 85 db 74 0f 48 8d 43 10 4c 39 73 08 
00000000000000e0	75 ee e9 f0 00 00 00 bf 18 00 00 00 e8 00 00 00 
00000000000000f0	00 48 89 c3 4c 89 73 08 49 8b 07 48 89 43 10 49 
0000000000000100	89 1f bf 01 00 00 00 48 89 de e8 00 00 00 00 8b 
0000000000000110	33 bf e1 0d 00 00 e8 00 00 00 00 bf e1 0d 00 00 
0000000000000120	be 01 28 00 00 ba 01 26 00 00 e8 00 00 00 00 bf 
0000000000000130	e1 0d 00 00 be 00 28 00 00 ba 01 26 00 00 e8 00 
0000000000000140	00 00 00 bf e1 0d 00 00 be 02 28 00 00 ba 2f 81 
0000000000000150	00 00 e8 00 00 00 00 bf e1 0d 00 00 be 03 28 00 
0000000000000160	00 ba 2f 81 00 00 e8 00 00 00 00 41 8b 0e 45 8b 
0000000000000170	46 04 49 8b 46 08 48 89 44 24 10 c7 44 24 08 01 
0000000000000180	14 00 00 c7 04 24 e1 80 00 00 bf e1 0d 00 00 be 
0000000000000190	00 00 00 00 ba 58 80 00 00 45 31 c9 e8 00 00 00 
00000000000001a0	00 48 8d 73 04 bf 01 00 00 00 e8 00 00 00 00 8b 
00000000000001b0	73 04 bf 92 88 00 00 e8 00 00 00 00 49 83 c6 10 
00000000000001c0	bf 92 88 00 00 be 20 00 00 00 4c 89 f2 b9 e8 88 
00000000000001d0	00 00 e8 00 00 00 00 48 89 d8 48 83 c4 18 5b 41 
00000000000001e0	5e 41 5f 5d c3 66 66 2e 0f 1f 84 00 00 00 00 00 
00000000000001f0	55 48 89 e5 41 57 41 56 41 55 41 54 53 48 83 ec 
0000000000000200	28 44 89 45 d4 41 89 cf 48 89 d3 49 89 f4 49 8b 
0000000000000210	3c 24 48 8b 35 f7 02 00 00 4c 8b 35 00 00 00 00 
0000000000000220	41 ff d6 48 89 df 4c 89 e6 e8 00 00 00 00 49 89 
0000000000000230	c5 41 8b 75 00 bf e1 0d 00 00 e8 00 00 00 00 8b 
0000000000000240	0b 44 8b 43 04 48 8b 43 08 48 89 44 24 10 c7 44 
0000000000000250	24 08 01 14 00 00 c7 04 24 e1 80 00 00 bf e1 0d 
0000000000000260	00 00 be 00 00 00 00 ba 58 80 00 00 45 31 c9 e8 
0000000000000270	00 00 00 00 49 8b 3c 24 48 8b 35 99 02 00 00 48 
0000000000000280	89 da 4c 89 e9 45 89 f8 44 8b 4d d4 41 ff d6 41 
0000000000000290	ff 44 24 10 48 83 c4 28 5b 41 5c 41 5d 41 5e 41 
00000000000002a0	5f 5d c3 66 66 66 66 2e 0f 1f 84 00 00 00 00 00 
00000000000002b0	55 48 89 e5 c7 06 20 00 00 00 8b 07 c1 e0 02 89 
00000000000002c0	02 c7 01 00 00 00 00 48 8b 47 08 5d c3 0f 1f 00 
00000000000002d0	55 48 89 e5 89 f0 5d c3 0f 1f 84 00 00 00 00 00 
00000000000002e0	55 48 89 e5 41 57 41 56 41 55 41 54 53 48 83 ec 
00000000000002f0	28 4c 89 cb 44 89 45 d4 89 4d d0 41 89 d5 49 89 
0000000000000300	f4 49 89 fe 49 8b 3c 24 48 8b 35 01 02 00 00 ff 
0000000000000310	15 00 00 00 00 49 8b 7e 28 4c 89 e6 e8 00 00 00 
0000000000000320	00 49 89 c7 8a 03 84 c0 74 54 48 ff c3 0f 1f 00 
0000000000000330	49 8b 56 28 49 8b 3c 24 0f b6 c8 89 c8 c1 e8 05 
0000000000000340	83 e1 1f 6b c9 12 89 4c 24 08 8b 4d d4 89 0c 24 
0000000000000350	6b c0 28 83 c0 d8 89 44 24 10 48 8b 35 bf 01 00 
0000000000000360	00 4c 89 f9 45 89 e8 44 8b 4d d0 ff 15 00 00 00 
0000000000000370	00 41 83 c5 09 8a 03 48 ff c3 84 c0 75 b2 41 ff 
0000000000000380	44 24 10 31 c0 48 83 c4 28 5b 41 5c 41 5d 41 5e 
0000000000000390	41 5f 5d c3 66 66 66 2e 0f 1f 84 00 00 00 00 00 
00000000000003a0	55 48 89 e5 41 57 41 56 41 55 41 54 53 48 83 ec 
00000000000003b0	58 49 89 f7 48 8b 47 10 48 89 45 b8 48 8d 4d 88 
00000000000003c0	eb 15 66 66 66 66 66 2e 0f 1f 84 00 00 00 00 00 
00000000000003d0	48 89 c1 48 8b 41 30 48 85 c0 74 12 4c 39 f8 75 
00000000000003e0	ef 49 8b 47 30 48 89 41 30 48 85 c0 75 e2 48 8b 
00000000000003f0	45 b8 48 89 47 10 4c 8b 6f 08 4d 85 ed 0f 84 7e 
0000000000000400	00 00 00 4c 8b 35 06 01 00 00 4c 8d 65 c0 66 90 
0000000000000410	49 8b 45 08 48 89 45 d0 4c 89 e3 eb 0a 0f 1f 00 
0000000000000420	48 89 c3 48 8b 43 10 48 85 c0 74 44 4c 39 78 08 
0000000000000430	75 ee 49 8b 7d 00 4c 89 f6 ff 15 00 00 00 00 48 
0000000000000440	8b 73 10 48 83 c6 04 bf 01 00 00 00 e8 00 00 00 
0000000000000450	00 48 8b 73 10 bf 01 00 00 00 e8 00 00 00 00 48 
0000000000000460	8b 43 10 48 8b 40 10 48 89 43 10 48 85 c0 75 b0 
0000000000000470	48 8b 45 d0 49 89 45 08 4d 8b 6d 18 4d 85 ed 75 
0000000000000480	8f 49 8b 7f 08 e8 00 00 00 00 4c 89 ff e8 00 00 
0000000000000490	00 00 31 c0 48 83 c4 58 5b 41 5c 41 5d 41 5e 41 
00000000000004a0	5f 5d c3 
test/unit_test_files/lib_stat/libmlx.a(mlx_xpm.o):
Contents of (__TEXT,__text) section
0000000000000000	55 48 89 e5 41 57 41 56 41 55 41 54 53 50 89 d3 
0000000000000010	49 89 f7 49 89 fe 49 63 07 49 8d 3c 06 29 c2 48 
0000000000000020	8d 35 00 00 00 00 e8 00 00 00 00 45 31 e4 83 f8 
0000000000000030	ff 74 60 49 63 0f 4c 63 e8 49 8d 7c 0d 01 4c 01 
0000000000000040	f7 ff cb 44 29 eb 29 cb 48 8d 35 00 00 00 00 89 
0000000000000050	da e8 00 00 00 00 83 f8 ff 74 38 49 8d 4d 01 49 
0000000000000060	63 17 4c 01 ea 41 c6 04 16 00 48 63 c0 48 01 c1 
0000000000000070	49 63 17 48 01 ca 41 c6 04 16 00 44 01 e8 41 8b 
0000000000000080	0f 8d 44 01 02 41 89 07 41 8d 44 0d 01 4c 63 e0 
0000000000000090	4d 01 f4 4c 89 e0 48 83 c4 08 5b 41 5c 41 5d 41 
00000000000000a0	5e 41 5f 5d c3 66 66 2e 0f 1f 84 00 00 00 00 00 
00000000000000b0	55 48 89 e5 41 57 41 56 41 54 53 48 63 06 8d 48 
00000000000000c0	01 89 0e 4c 8b 34 c7 4c 89 f7 e8 00 00 00 00 49 
00000000000000d0	89 c7 4d 89 fc 48 8b 3d 00 00 00 00 44 3b 3d 00 
00000000000000e0	00 00 00 7e 41 48 85 ff 74 05 e8 00 00 00 00 49 
00000000000000f0	c1 e4 20 48 bb 00 00 00 00 01 00 00 00 4c 01 e3 
0000000000000100	48 c1 fb 20 48 89 df e8 00 00 00 00 48 89 c7 48 
0000000000000110	89 3d 00 00 00 00 31 c0 48 85 ff 74 37 44 89 3d 
0000000000000120	00 00 00 00 eb 15 49 c1 e4 20 48 bb 00 00 00 00 
0000000000000130	01 00 00 00 4c 01 e3 48 c1 fb 20 4c 89 f6 48 89 
0000000000000140	da 48 c7 c1 ff ff ff ff e8 00 00 00 00 48 8b 05 
0000000000000150	00 00 00 00 5b 41 5c 41 5e 41 5f 5d c3 0f 1f 00 
0000000000000160	55 48 89 e5 31 c0 85 f6 74 15 66 0f 1f 44 00 00 
0000000000000170	c1 e0 08 0f be 0f 01 c8 48 ff c7 ff ce 75 f1 5d 
0000000000000180	c3 66 66 66 66 66 66 2e 0f 1f 84 00 00 00 00 00 
0000000000000190	55 48 89 e5 41 57 41 56 53 48 83 ec 58 48 89 f8 
00000000000001a0	4c 8b 35 00 00 00 00 49 8b 0e 48 89 4d e0 80 38 
00000000000001b0	23 75 14 48 ff c0 48 89 c7 31 f6 ba 10 00 00 00 
00000000000001c0	e8 00 00 00 00 eb 56 48 85 f6 74 2a 48 89 34 24 
00000000000001d0	4c 8d 7d a0 4c 8d 05 00 00 00 00 4c 89 ff be 40 
00000000000001e0	00 00 00 31 d2 b9 40 00 00 00 49 89 c1 30 c0 e8 
00000000000001f0	00 00 00 00 eb 03 49 89 c7 48 8d 1d 00 00 00 00 
0000000000000200	48 8b 3b 31 c0 48 85 ff 74 13 4c 89 fe e8 00 00 
0000000000000210	00 00 48 83 c3 10 85 c0 75 e6 8b 43 f8 49 8b 0e 
0000000000000220	48 3b 4d e0 75 0b 48 83 c4 58 5b 41 5e 41 5f 5d 
0000000000000230	c3 e8 00 00 00 00 66 2e 0f 1f 84 00 00 00 00 00 
0000000000000240	55 48 89 e5 41 c1 e0 02 49 63 c0 89 0c 06 5d c3 
0000000000000250	55 48 89 e5 41 57 41 56 41 55 41 54 53 48 83 ec 
0000000000000260	58 48 89 4d a8 89 55 a4 48 89 f0 48 89 45 98 48 
0000000000000270	89 7d 80 c7 45 d4 00 00 00 00 48 8d 75 d4 48 89 
0000000000000280	c7 30 c0 ff d1 45 31 f6 48 85 c0 0f 84 8e 00 00 
0000000000000290	00 48 89 c7 e8 00 00 00 00 48 89 c3 48 85 db 74 
00000000000002a0	7e 48 8b 3b e8 00 00 00 00 89 45 d0 85 c0 74 67 
00000000000002b0	48 8b 7b 08 e8 00 00 00 00 89 45 b4 85 c0 74 57 
00000000000002c0	48 8b 7b 10 e8 00 00 00 00 89 45 cc 85 c0 74 47 
00000000000002d0	48 8b 7b 18 e8 00 00 00 00 41 89 c5 45 85 ed 74 
00000000000002e0	36 48 89 df e8 00 00 00 00 41 83 fd 02 7f 42 b8 
00000000000002f0	00 00 04 00 bf 00 04 00 00 48 0f 44 f8 e8 00 00 
0000000000000300	00 00 45 31 f6 48 85 c0 74 15 48 89 45 b8 c6 45 
0000000000000310	b3 00 4d 89 f7 eb 3e 48 89 df e8 00 00 00 00 4c 
0000000000000320	89 f0 48 83 c4 58 5b 41 5c 41 5d 41 5e 41 5f 5d 
0000000000000330	c3 48 63 7d cc 48 c1 e7 03 e8 00 00 00 00 49 89 
0000000000000340	c7 45 31 f6 4d 85 ff 74 d6 c6 45 b3 01 48 c7 45 
0000000000000350	b8 00 00 00 00 48 63 45 cc 48 89 45 c0 49 63 c5 
0000000000000360	48 89 45 88 45 31 e4 66 0f 1f 84 00 00 00 00 00 
0000000000000370	48 8b 7d 98 48 8d 75 d4 8b 55 a4 30 c0 ff 55 a8 
0000000000000380	48 89 c3 48 85 db 0f 84 eb 01 00 00 48 8b 45 88 
0000000000000390	48 8d 3c 03 e8 00 00 00 00 45 31 f6 48 85 c0 41 
00000000000003a0	bc 00 00 00 00 0f 84 cc 01 00 00 49 89 c4 48 8b 
00000000000003b0	45 c0 48 8d 40 ff 48 89 45 90 66 0f 1f 44 00 00 
00000000000003c0	4b 8b 3c f4 48 85 ff 74 13 48 8d 35 00 00 00 00 
00000000000003d0	e8 00 00 00 00 49 ff c6 85 c0 75 e4 49 63 c6 49 
00000000000003e0	8b 3c c4 48 85 ff 0f 84 9f 01 00 00 41 ff c6 49 
00000000000003f0	63 c6 49 8b 34 c4 e8 00 00 00 00 31 c9 44 89 ea 
0000000000000400	c1 e1 08 0f be 33 01 f1 48 ff c3 ff ca 75 f1 8a 
0000000000000410	55 b3 84 d2 48 8b 55 b8 74 10 48 8b 55 c0 41 89 
0000000000000420	4c d7 f8 41 89 44 d7 fc eb 06 48 63 c9 89 04 8a 
0000000000000430	4c 89 e7 e8 00 00 00 00 48 8b 45 90 85 c0 48 89 
0000000000000440	45 c0 0f 85 28 ff ff ff 48 8b 7d 80 8b 75 d0 8b 
0000000000000450	55 b4 30 c0 e8 00 00 00 00 48 85 c0 0f 84 15 01 
0000000000000460	00 00 48 89 45 c0 4c 8b 70 08 48 8b 7d 98 48 8d 
0000000000000470	75 d4 8b 55 a4 30 c0 ff 55 a8 48 85 c0 0f 84 32 
0000000000000480	01 00 00 31 c9 83 7d d0 00 4c 8b 45 b8 44 8a 4d 
0000000000000490	b3 0f 8e 9e 00 00 00 66 0f 1f 84 00 00 00 00 00 
00000000000004a0	89 ca 41 0f af d5 48 63 f2 48 01 c6 31 d2 44 89 
00000000000004b0	ef 66 66 66 66 66 66 2e 0f 1f 84 00 00 00 00 00 
00000000000004c0	c1 e2 08 0f be 1e 01 da 48 ff c6 ff cf 75 f1 45 
00000000000004d0	84 c9 74 0c 48 63 7d cc 31 f6 eb 14 0f 1f 40 00 
00000000000004e0	48 63 d2 41 8b 34 90 eb 27 41 8b 74 ff 04 31 ff 
00000000000004f0	85 ff 74 1c 41 39 54 ff f8 48 8d 7f ff 75 f1 eb 
0000000000000500	e8 66 66 66 66 66 66 2e 0f 1f 84 00 00 00 00 00 
0000000000000510	83 fe ff ba 00 00 00 ff 0f 44 f2 8d 14 8d 00 00 
0000000000000520	00 00 48 63 d2 41 89 34 16 48 ff c1 3b 4d d0 0f 
0000000000000530	85 6b ff ff ff 8b 4d b4 ff c9 89 4d b4 48 8b 45 
0000000000000540	c0 8b 00 c1 e0 02 48 63 c0 49 01 c6 85 c9 0f 85 
0000000000000550	16 ff ff ff 4d 85 ff 74 08 4c 89 ff e8 00 00 00 
0000000000000560	00 48 8b 7d b8 48 85 ff 4c 8b 75 c0 0f 84 ad fd 
0000000000000570	ff ff e9 a3 fd ff ff 4d 85 ff 74 08 4c 89 ff e8 
0000000000000580	00 00 00 00 4d 85 e4 74 17 eb 0d 4d 85 ff 74 08 
0000000000000590	4c 89 ff e8 00 00 00 00 4c 89 e7 e8 00 00 00 00 
00000000000005a0	45 31 f6 48 8b 7d b8 48 85 ff 0f 85 6a fd ff ff 
00000000000005b0	e9 6a fd ff ff 4d 85 ff 48 8b 5d c0 74 08 4c 89 
00000000000005c0	ff e8 00 00 00 00 4d 85 e4 74 08 4c 89 e7 e8 00 
00000000000005d0	00 00 00 48 8b 7d b8 48 85 ff 74 05 e8 00 00 00 
00000000000005e0	00 48 8b 7d 80 48 89 de e8 00 00 00 00 45 31 f6 
00000000000005f0	e9 2a fd ff ff 66 66 2e 0f 1f 84 00 00 00 00 00 
0000000000000600	55 48 89 e5 41 57 41 56 41 55 41 54 53 50 41 89 
0000000000000610	f6 49 89 fd 48 8d 35 00 00 00 00 44 89 f2 e8 00 
0000000000000620	00 00 00 83 f8 ff 74 5a 45 8d 7e fe 4c 8d 25 00 
0000000000000630	00 00 00 66 66 66 66 2e 0f 1f 84 00 00 00 00 00 
0000000000000640	44 89 fa 29 c2 48 63 d8 49 8d 7c 1d 02 48 8d 35 
0000000000000650	00 00 00 00 e8 00 00 00 00 83 c0 04 48 63 d0 4c 
0000000000000660	01 eb 48 89 df be 20 00 00 00 e8 00 00 00 00 4c 
0000000000000670	89 ef 4c 89 e6 44 89 f2 e8 00 00 00 00 83 f8 ff 
0000000000000680	75 be 48 8d 35 00 00 00 00 4c 89 ef 44 89 f2 e8 
0000000000000690	00 00 00 00 83 f8 ff 74 59 45 8d 7e fe 4c 8d 25 
00000000000006a0	00 00 00 00 66 66 66 2e 0f 1f 84 00 00 00 00 00 
00000000000006b0	44 89 fa 29 c2 48 63 d8 49 8d 7c 1d 02 48 8d 35 
00000000000006c0	00 00 00 00 e8 00 00 00 00 83 c0 03 48 63 d0 4c 
00000000000006d0	01 eb 48 89 df be 20 00 00 00 e8 00 00 00 00 4c 
00000000000006e0	89 ef 4c 89 e6 44 89 f2 e8 00 00 00 00 83 f8 ff 
00000000000006f0	75 be 48 83 c4 08 5b 41 5c 41 5d 41 5e 41 5f 5d 
0000000000000700	c3 66 66 66 66 66 66 2e 0f 1f 84 00 00 00 00 00 
0000000000000710	55 48 89 e5 41 57 41 56 41 55 41 54 53 48 83 ec 
0000000000000720	18 48 89 4d d0 48 89 55 c8 48 89 7d c0 48 89 f7 
0000000000000730	31 f6 30 c0 e8 00 00 00 00 41 89 c4 31 db 41 83 
0000000000000740	fc ff 0f 84 94 00 00 00 31 db 44 89 e7 31 f6 ba 
0000000000000750	02 00 00 00 e8 00 00 00 00 49 89 c7 41 83 ff ff 
0000000000000760	74 6d 4d 63 f7 31 ff 4c 89 f6 ba 03 00 00 00 b9 
0000000000000770	02 00 00 00 45 89 e0 45 31 c9 e8 00 00 00 00 49 
0000000000000780	89 c5 49 83 fd ff 74 47 4c 89 ef 44 89 fe e8 00 
0000000000000790	00 00 00 48 8d 0d 00 00 00 00 48 8b 7d c0 4c 89 
00000000000007a0	ee 44 89 fa e8 00 00 00 00 48 89 c3 48 85 db 74 
00000000000007b0	11 8b 03 48 8b 4d c8 89 01 8b 43 04 48 8b 4d d0 
00000000000007c0	89 01 4c 89 ef 4c 89 f6 e8 00 00 00 00 eb 05 45 
00000000000007d0	85 e4 78 08 44 89 e7 e8 00 00 00 00 48 89 d8 48 
00000000000007e0	83 c4 18 5b 41 5c 41 5d 41 5e 41 5f 5d c3 66 90 
00000000000007f0	55 48 89 e5 41 56 53 49 89 ce 48 89 d3 48 8d 0d 
0000000000000800	00 00 00 00 31 d2 e8 00 00 00 00 48 85 c0 74 0a 
0000000000000810	8b 08 89 0b 8b 48 04 41 89 0e 5b 41 5e 5d c3 
test/unit_test_files/lib_stat/libmlx.a(mlx_int_str_to_wordtab.o):
Contents of (__TEXT,__text) section
0000000000000000	55 48 89 e5 41 57 41 56 53 50 41 89 d7 49 89 f6 
0000000000000010	48 89 fb 4c 89 f7 e8 00 00 00 00 48 89 c1 b8 ff 
0000000000000020	ff ff ff 44 39 f9 7f 48 48 63 f1 80 7c 1e ff 00 
0000000000000030	74 3e 45 8a 06 31 d2 31 ff 44 88 c1 0f 1f 40 00 
0000000000000040	3a 0c 3b 75 1b 41 8a 4c 3e 01 48 ff c7 84 c9 75 
0000000000000050	ef eb 1b 66 66 66 66 2e 0f 1f 84 00 00 00 00 00 
0000000000000060	ff c2 80 3c 33 00 48 8d 5b 01 75 cb eb 02 89 d0 
0000000000000070	48 83 c4 08 5b 41 5e 41 5f 5d c3 0f 1f 44 00 00 
0000000000000080	55 48 89 e5 41 57 41 56 53 50 41 89 d7 49 89 f6 
0000000000000090	48 89 fb 4c 89 f7 e8 00 00 00 00 48 89 c1 b8 ff 
00000000000000a0	ff ff ff 44 39 f9 7f 69 4c 63 c1 41 80 7c 18 ff 
00000000000000b0	00 74 5e 45 31 c9 31 f6 ba 01 00 00 00 44 29 ca 
00000000000000c0	8a 0b 80 f9 22 44 0f 44 ca 45 85 c9 75 32 41 8a 
00000000000000d0	16 bf 01 00 00 00 eb 0e 0f 1f 84 00 00 00 00 00 
00000000000000e0	8a 0c 3b 48 ff c7 38 ca 75 16 41 8a 14 3e 84 d2 
00000000000000f0	75 ee eb 1b 66 66 66 2e 0f 1f 84 00 00 00 00 00 
0000000000000100	ff c6 42 80 3c 03 00 48 8d 5b 01 75 ab eb 02 89 
0000000000000110	f0 48 83 c4 08 5b 41 5e 41 5f 5d c3 0f 1f 40 00 
0000000000000120	55 48 89 e5 41 56 53 48 89 fb e8 00 00 00 00 49 
0000000000000130	89 c6 31 f6 45 85 f6 7e 4f 48 b9 01 02 00 00 01 
0000000000000140	00 00 00 89 f2 48 63 d2 eb 09 66 0f 1f 44 00 00 
0000000000000150	48 ff c2 8a 04 13 3c 09 74 f6 84 c0 74 15 3c 20 
0000000000000160	74 ee ff c6 eb 0d 66 2e 0f 1f 84 00 00 00 00 00 
0000000000000170	48 ff c2 0f b6 04 13 48 83 f8 20 77 f3 48 0f a3 
0000000000000180	c1 73 ed 44 39 f2 7c bd ff c6 48 63 fe 48 c1 e7 
0000000000000190	03 e8 00 00 00 00 31 c9 48 85 c0 74 79 31 c9 45 
00000000000001a0	85 f6 7e 64 48 bf 01 02 00 00 01 00 00 00 89 ce 
00000000000001b0	48 63 f6 eb 12 66 66 2e 0f 1f 84 00 00 00 00 00 
00000000000001c0	c6 04 33 00 48 ff c6 8a 14 33 80 fa 09 74 f1 84 
00000000000001d0	d2 74 20 80 fa 20 74 e8 48 8d 14 33 48 63 c9 48 
00000000000001e0	89 14 c8 ff c1 eb 0c 66 0f 1f 84 00 00 00 00 00 
00000000000001f0	48 ff c6 0f b6 14 33 48 83 fa 20 77 f3 48 0f a3 
0000000000000200	d7 73 ed 44 39 f6 7c a8 48 63 c9 48 c7 04 c8 00 
0000000000000210	00 00 00 48 89 c1 48 89 c8 5b 41 5e 5d c3 
