test/unit_test_files/fat/audiodevice (architecture ppc):
Contents of (__TEXT,__text) section
00001ff0	7c3a0b78 3821fffc 54210034 38000000 
00002000	90010000 9421ffc0 807a0000 389a0004 
00002010	3b630001 577b103a 7ca4da14 48000009 
00002020	7fe00008 7c0802a6 3c400000 bf21ffe4 
00002030	3d200000 7c9c2378 7c791b78 7cbb2b78 
00002040	90010008 9421ff80 9062500c 90895008 
00002050	3c400000 90a25004 81240000 2f890000 
00002060	7d224b78 409e0038 3d200000 392942cc 
00002070	4800003c 7c6903a6 7c6c1b78 4e800421 
00002080	48000258 2f80002f 419e000c 38420001 
00002090	4800000c 39220001 7d224b78 88020000 
000020a0	7c000774 2f800000 409effdc 3c400000 
000020b0	7f66db78 91225000 48000008 38c60004 
000020c0	80060000 2f800000 409efff4 3c400000 
000020d0	3b460004 80425014 80420000 2f820000 
000020e0	419e0010 7c4903a6 7c4c1378 4e800421 
000020f0	3c400000 8042501c 80420000 2f820000 
00002100	419e0010 7c4903a6 7c4c1378 4e800421 
00002110	4800210d 3c400000 80425010 80020000 
00002120	2f800000 419e0010 7c4903a6 7c4c1378 
00002130	4e800421 3c600000 3881003c 386342d0 
00002140	48000249 8001003c 7c0903a6 7c0c0378 
00002150	4e800421 3c600000 38810040 38634300 
00002160	48000229 3c600000 38810038 38634314 
00002170	48000219 3c600000 38810048 3863432c 
00002180	48000209 3c600000 3881004c 38634344 
00002190	480001f9 3c600000 38810050 38634364 
000021a0	480001e9 80410040 2f820000 419e012c 
000021b0	80010038 2f800000 419e0120 80010048 
000021c0	2f800000 419e0114 8001004c 2f800000 
000021d0	419e0108 80010050 2f800000 419e00fc 
000021e0	7c4903a6 7c4c1378 3fa00000 3be00000 
000021f0	3bbd4388 4e800421 7c7e1b78 480000d4 
00002200	80010038 7fe3fb78 7c0903a6 7c0c0378 
00002210	4e800421 48000018 2f80002f 419e000c 
00002220	38420001 4800000c 38620001 7c621b78 
00002230	88020000 7c000774 2f800000 409effdc 
00002240	3d600000 39200000 396b4380 880b0000 
00002250	7c020774 2f820000 419e0020 7c0918ae 
00002260	396b0001 7c000774 7f801000 409e0060 
00002270	39290001 4bffffd8 80010048 7fe3fb78 
00002280	7c0903a6 7c0c0378 4e800421 2f830000 
00002290	419e003c 8001004c 7fa4eb78 38a00004 
000022a0	7c0903a6 7c0c0378 4e800421 2f830000 
000022b0	419e001c 80010050 7c0903a6 7c0c0378 
000022c0	4e800421 2c030000 4082fdac 3bff0001 
000022d0	7f9ff040 419cff2c 3c600000 38810044 
000022e0	38634394 480000a5 80610044 2f830000 
000022f0	419e0008 48001f39 3c400000 38000000 
00002300	7f84e378 7f65db78 80425018 7f46d378 
00002310	7f23cb78 90020000 48000081 48001f21 
00002320	3d800000 618c423c 7d8903a6 4e800420 
00002330	3d800000 618c2398 7d8903a6 4e800420 
00002340	3d800000 618c422c 7d8903a6 4e800420 
00002350	3d800000 618c2388 7d8903a6 4e800420 
00002360	3d800000 618c421c 7d8903a6 4e800420 
00002370	3d800000 818c5020 7d8903a6 3d800000 
00002380	398c1000 4e800420 3d600000 816b5024 
00002390	7d6903a6 4e800420 7c0802a6 bf21ffe4 
000023a0	3f800000 7c7b1b78 3c600000 3b9c6000 
000023b0	7c9a2378 90010008 9421ffa0 3fa00000 
000023c0	3bbd6004 809c0000 806360d0 4bfeff03 
000023d0	809d0000 4bfeff03 809c0000 7c7e1b78 
000023e0	3c600000 806360cc 4bfeff03 809d0000 
000023f0	4bfeff03 2f9b0001 7c7f1b78 419d00a4 
00002400	3c800000 3f800000 3fa00000 80846008 
00002410	3b9c600c 3bbd6010 4bfeff03 809c0000 
00002420	4bfeff03 809d0000 4bfeff03 3c800000 
00002430	7c7a1b78 7fe3fb78 80846014 4bfeff03 
00002440	809c0000 4bfeff03 809d0000 4bfeff03 
00002450	3c800000 7c7b1b78 7fe3fb78 80846018 
00002460	4bfeff03 809c0000 4bfeff03 809d0000 
00002470	4bfeff03 7f44d378 7f65db78 7c661b78 
00002480	3c600000 386344fc 48001e05 3c800000 
00002490	7fc3f378 80846040 4bfeff03 48000258 
000024a0	2f9b0002 409e00e8 83ba0004 3c800000 
000024b0	38844520 7fa3eb78 48001df5 2f830000 
000024c0	409e0014 3c800000 7fe3fb78 80846008 
000024d0	48000028 3c800000 7fa3eb78 38844528 
000024e0	48001dcd 2f830000 409e0034 3c800000 
000024f0	7fe3fb78 80846014 4bfeff03 3c800000 
00002500	8084600c 4bfeff03 3c800000 80846010 
00002510	4bfeff03 48001d89 4bffff74 3c800000 
00002520	7fa3eb78 38844530 48001d85 2f830000 
00002530	409e0014 3c800000 7fe3fb78 80846018 
00002540	4bffffb8 3c800000 7fa3eb78 38844538 
00002550	48001d5d 2f830000 419e0028 3c800000 
00002560	7fa3eb78 3884453c 48001d45 2f830000 
00002570	419e0010 3c600000 38634544 48001d21 
00002580	3c600000 38634554 4800043c 2f9b0003 
00002590	409efefc 83ba0004 3c800000 38844520 
000025a0	7fa3eb78 48001d09 2f830000 409e0150 
000025b0	807a0008 3c800000 3b5a0008 388446d8 
000025c0	48001ced 2f830000 409e0068 3c800000 
000025d0	7fe3fb78 3f800000 3fe00000 8084601c 
000025e0	3f200000 3b9c600c 3bff6010 4bfeff03 
000025f0	3c800000 80846020 4bfeff03 7c7d1b78 
00002600	48000018 809c0000 4bfeff03 809f0000 
00002610	4bfeff03 48001c89 80996024 7fa3eb78 
00002620	4bfeff03 2f830000 409effdc 4bfffe60 
00002630	3c800000 7fe3fb78 3f200000 8084601c 
00002640	4bfeff03 3c800000 80846020 4bfeff03 
00002650	7c7b1b78 80996024 7f63db78 4bfeff03 
00002660	7c7c1b79 4182034c 3c800000 8084600c 
00002670	4bfeff03 3c800000 80846010 4bfeff03 
00002680	83ba0000 7fa4eb78 48001c25 2f830000 
00002690	419e001c 3c800000 7fa3eb78 388446e0 
000026a0	48001c0d 2f830000 409effac 3c600000 
000026b0	3c800000 3fa00000 80846028 806360c8 
000026c0	83bd602c 4bfeff03 7fa4eb78 7c651b78 
000026d0	7f83e378 4bfeff03 2f830000 419eff78 
000026e0	3c800000 7fe3fb78 7f85e378 80846030 
000026f0	4bfeff03 38600000 480002d4 3c800000 
00002700	7fa3eb78 38844528 48001ba5 2f830000 
00002710	409e0144 807a0008 3c800000 3b7a0008 
00002720	388446d8 48001b89 2f830000 409e0068 
00002730	3c800000 7fe3fb78 3f800000 3fa00000 
00002740	80846034 3f200000 3b9c600c 3bbd6010 
00002750	4bfeff03 3c800000 80846020 4bfeff03 
00002760	7c7f1b78 48000018 809c0000 4bfeff03 
00002770	809d0000 4bfeff03 48001b25 80996024 
00002780	7fe3fb78 4bfeff03 2f830000 409effdc 
00002790	4bfffcfc 3c800000 7fe3fb78 3f200000 
000027a0	80846034 4bfeff03 3c800000 80846020 
000027b0	4bfeff03 7c7c1b78 80996024 7f83e378 
000027c0	4bfeff03 7c7e1b79 418201e8 3c800000 
000027d0	8084600c 4bfeff03 3c800000 80846010 
000027e0	4bfeff03 83bb0000 7fa4eb78 48001ac1 
000027f0	2f830000 419e001c 3c800000 7fa3eb78 
00002800	388446e0 48001aa9 2f830000 409effac 
00002810	3c600000 3c800000 3fa00000 80846028 
00002820	806360c8 83bd602c 4bfeff03 7fa4eb78 
00002830	7c651b78 7fc3f378 4bfeff03 2f830000 
00002840	419eff78 3c800000 7fe3fb78 80846038 
00002850	48000158 3c800000 7fa3eb78 38844530 
00002860	48001a4d 2f830000 409e0154 807a0008 
00002870	3c800000 3b7a0008 388446d8 48001a31 
00002880	2f830000 409e0068 3c800000 7fe3fb78 
00002890	3f800000 3fa00000 80846034 3f200000 
000028a0	3b9c600c 3bbd6010 4bfeff03 3c800000 
000028b0	80846020 4bfeff03 7c7f1b78 48000018 
000028c0	809c0000 4bfeff03 809d0000 4bfeff03 
000028d0	480019cd 80996024 7fe3fb78 4bfeff03 
000028e0	2f830000 409effdc 4bfffba4 3c800000 
000028f0	7fe3fb78 3f200000 80846034 4bfeff03 
00002900	3c800000 80846020 4bfeff03 7c7c1b78 
00002910	80996024 7f83e378 4bfeff03 7c7e1b79 
00002920	41820090 3c800000 8084600c 4bfeff03 
00002930	3c800000 80846010 4bfeff03 83bb0000 
00002940	7fa4eb78 48001969 2f830000 419e001c 
00002950	3c800000 7fa3eb78 388446e0 48001951 
00002960	2f830000 409effac 3c600000 3c800000 
00002970	3fa00000 80846028 806360c8 83bd602c 
00002980	4bfeff03 7fa4eb78 7c651b78 7fc3f378 
00002990	4bfeff03 2f830000 419eff78 3c800000 
000029a0	7fe3fb78 8084603c 7fc5f378 4bfffd44 
000029b0	3c600000 386346ec 4800000c 3c600000 
000029c0	38634700 480018d9 38600001 38210060 
000029d0	80010008 bb21ffe4 7c0803a6 4e800020 
000029e0	7c0802a6 bfa1fff4 7cbf2b79 7cde3378 
000029f0	7cfd3b78 90010008 9421ffa0 7c601b78 
00002a00	40820018 3c800000 80846040 4bfeff03 
00002a10	38600000 48000038 3c400000 3c800000 
00002a20	90010038 38610038 8042610c 80846004 
00002a30	9041003c 48001839 2c030000 41820010 
00002a40	93e30004 93c30008 9ba3000c 38210060 
00002a50	80010008 bba1fff4 7c0803a6 4e800020 
00002a60	7c0802a6 3c400000 3c800000 90010008 
00002a70	9421ffb0 60000000 60000000 8042610c 
00002a80	80846044 90610038 38610038 9041003c 
00002a90	480017dd 38210050 80010008 7c0803a6 
00002aa0	4e800020 7c0802a6 bf01ffe0 3c800000 
00002ab0	3f600000 3f800000 7c7a1b78 3fa00000 
00002ac0	90010008 9421ffa0 3bbd5088 60000000 
00002ad0	80846028 837b60e4 839c604c 4bfeff03 
00002ae0	3c800000 7c781b78 7f43d378 8084600c 
00002af0	4bfeff03 3c800000 7c791b78 7f43d378 
00002b00	80846048 4bfeff03 38210060 7f84e378 
00002b10	7c681b78 7fa5eb78 80010008 7f63db78 
00002b20	7f06c378 7f27cb78 bb01ffe0 7c0803a6 
00002b30	4bfeff02 7c0802a6 bf81fff0 3fa00000 
00002b40	7cbf2b78 7c7e1b78 3bbd6048 90010008 
00002b50	9421ffb0 60000000 60000000 809d0000 
00002b60	4bfeff03 809d0000 7c7c1b78 7fe3fb78 
00002b70	4bfeff03 7f9c1800 409e0060 3fa00000 
00002b80	7fc3f378 3bbd6050 809d0000 4bfeff03 
00002b90	809d0000 7c7c1b78 7fe3fb78 4bfeff03 
00002ba0	7f9c1800 409e0034 3fa00000 7fc3f378 
00002bb0	3bbd6054 809d0000 4bfeff03 809d0000 
00002bc0	7c7c1b78 7fe3fb78 4bfeff03 38000001 
00002bd0	7f9c1800 419e0008 38000000 38210050 
00002be0	7c030378 80010008 bb81fff0 7c0803a6 
00002bf0	4e800020 7c0802a6 bf41ffe8 3fa00000 
00002c00	7cba2b78 3f800000 3bbd600c 90010008 
00002c10	9421ffa0 60000000 60000000 809d0000 
00002c20	4bfeff03 809d0000 839c6058 7c7b1b78 
00002c30	7f43d378 4bfeff03 38210060 7f84e378 
00002c40	7c651b78 7f63db78 80010008 bb41ffe8 
00002c50	7c0803a6 4bfeff02 7c0802a6 bf21ffe4 
00002c60	3c800000 3fe00000 7c7c1b78 3fc00000 
00002c70	3b400000 90010008 9421ff80 3bff6048 
00002c80	3bde6054 3b600004 8084605c 3b21003c 
00002c90	4bfeff03 809f0000 93410040 90610038 
00002ca0	7f83e378 93410044 9361003c 4bfeff03 
00002cb0	809e0000 7c7d1b78 7f83e378 4bfeff03 
00002cc0	3cc06c6e 38800000 5465063e 7f27cb78 
00002cd0	60c6616d 7fa3eb78 39010040 48001481 
00002ce0	2f830000 419e0008 93410040 80010038 
00002cf0	2f800000 419e006c 809f0000 38010038 
00002d00	38410044 7f83e378 93610054 9361004c 
00002d10	90010048 90410050 38000010 9001003c 
00002d20	4bfeff03 809e0000 7c7d1b78 7f83e378 
00002d30	4bfeff03 3cc06c73 7f27cb78 5465063e 
00002d40	38800000 60c6636e 7fa3eb78 39010048 
00002d50	4800140d 2f830000 419e0008 93410044 
00002d60	80610044 2f830000 409e0008 80610040 
00002d70	38210080 80010008 bb21ffe4 7c0803a6 
00002d80	4e800020 7c0802a6 bf81fff0 3c800000 
00002d90	7c7d1b78 90010008 9421ffa0 38000004 
00002da0	80846048 9001003c 4bfeff03 3c800000 
00002db0	7c7c1b78 7fa3eb78 80846054 4bfeff03 
00002dc0	3cc06466 38800000 5465063e 38e1003c 
00002dd0	60c66c74 7f83e378 39010038 48001381 
00002de0	2f830000 409e0014 80010038 38600001 
00002df0	2f800001 419e0008 38600000 38210060 
00002e00	80010008 bb81fff0 7c0803a6 4e800020 
00002e10	7c0802a6 bf81fff0 3c800000 7c7d1b78 
00002e20	90010008 9421ffa0 38000004 80846048 
00002e30	9001003c 4bfeff03 3c800000 7c7c1b78 
00002e40	7fa3eb78 80846054 4bfeff03 3cc07366 
00002e50	38800000 5465063e 38e1003c 60c66c74 
00002e60	7f83e378 39010038 480012f5 2f830000 
00002e70	409e0014 80010038 38600001 2f800001 
00002e80	419e0008 38600000 38210060 80010008 
00002e90	bb81fff0 7c0803a6 4e800020 80630004 
00002ea0	4e800020 80630008 4e800020 7c0802a6 
00002eb0	bf81fff0 3c800000 7c7d1b78 90010008 
00002ec0	9421ffa0 38000004 80846048 9001003c 
00002ed0	4bfeff03 3c800000 7c7c1b78 7fa3eb78 
00002ee0	80846054 4bfeff03 3cc07373 38800000 
00002ef0	5465063e 38e1003c 60c67263 7f83e378 
00002f00	39010038 48001259 2f830000 419e000c 
00002f10	38000000 90010038 80610038 38210060 
00002f20	80010008 bb81fff0 7c0803a6 4e800020 
00002f30	8863000c 7c630774 4e800020 7c0802a6 
00002f40	bf81fff0 3c800000 7c7d1b78 90010008 
00002f50	9421ffa0 38000004 80846048 9001003c 
00002f60	4bfeff03 3c800000 7c7c1b78 7fa3eb78 
00002f70	80846054 4bfeff03 3cc07472 38800000 
00002f80	5465063e 38e1003c 60c6616e 7f83e378 
00002f90	39010038 480011c9 38000000 2f830000 
00002fa0	409e0008 80010038 38210060 7c030378 
00002fb0	80010008 bb81fff0 7c0803a6 4e800020 
00002fc0	7c0802a6 93e1fffc 3c600000 3c800000 
00002fd0	3ca00000 90010008 9421ffb0 38a55098 
00002fe0	80846060 806360e0 4bfeff03 7c641b78 
00002ff0	38600000 480011c9 7c7f1b79 41820048 
00003000	3c800000 388450a8 480011c5 3c400000 
00003010	3c800000 906251cc 388450b8 7fe3fb78 
00003020	480011ad 3c400000 3c800000 906251d0 
00003030	388450c8 7fe3fb78 48001195 3c400000 
00003040	906251d4 38210050 80010008 83e1fffc 
00003050	7c0803a6 4e800020 7c0802a6 3c400000 
00003060	3c800000 90010008 9421ffb0 60000000 
00003070	60000000 8042613c 80846004 90610038 
00003080	38610038 9041003c 480011e5 38210050 
00003090	80010008 7c0803a6 4e800020 7c0802a6 
000030a0	bfa1fff4 3cc07373 3ce00000 7c7d1b78 
000030b0	60c67263 38800000 90010008 9421ffa0 
000030c0	38e73dd4 38a00000 38600000 480010b1 
000030d0	3c400000 3c800000 93a10038 38610038 
000030e0	8042613c 80846044 9041003c 48001181 
000030f0	38210060 80010008 bba1fff4 7c0803a6 
00003100	4e800020 7c0802a6 be61ffcc 3c600000 
00003110	3c800000 7cba2b78 54df063e 7cd93378 
00003120	90010008 9421ff70 60000000 60000000 
00003130	80846064 806360dc 7c3e0b78 4bfeff03 
00003140	3cc07373 38800000 7c7b1b78 7fe5fb78 
00003150	7f43d378 60c66323 38fe0038 39000000 
00003160	4800100d 2f830000 409e00d0 805e0038 
00003170	5453f0bf 418200c4 3802001e 80410000 
00003180	7fe5fb78 3cc07373 7f43d378 54000036 
00003190	38800000 60c66323 38fe0038 7c0000d0 
000031a0	7c41016e 3be10040 7fe8fb78 48000fb1 
000031b0	2f830000 409e0084 3e800000 3ea00000 
000031c0	3ec00000 3ee00000 3f000000 3a9460c8 
000031d0	3ab56000 3ad66068 3af7606c 3b186040 
000031e0	3b800000 4800004c 80950000 80740000 
000031f0	3b9c0001 4bfeff03 80df0000 80960000 
00003200	7f27cb78 7f45d378 3bff0004 4bfeff03 
00003210	80970000 7c7d1b78 7f63db78 7fa5eb78 
00003220	4bfeff03 80980000 7fa3eb78 4bfeff03 
00003230	7f9c9800 419cffb4 3c800000 7f63db78 
00003240	80846070 4bfeff03 2f830000 409e0058 
00003250	3c600000 3c800000 806360c8 80846000 
00003260	4bfeff03 3c800000 7f45d378 7f27cb78 
00003270	38c00000 80846068 4bfeff03 3c800000 
00003280	7c7d1b78 7f63db78 8084606c 7fa5eb78 
00003290	4bfeff03 3c800000 7fa3eb78 80846040 
000032a0	4bfeff03 80210000 7f63db78 80010008 
000032b0	ba61ffcc 7c0803a6 4e800020 7c0802a6 
000032c0	bea1ffd4 3c800000 7c781b78 3c600000 
000032d0	7cb92b78 90010008 9421ff80 60000000 
000032e0	60000000 80846064 806360dc 7c3e0b78 
000032f0	4bfeff03 389e0038 38a00000 7c7b1b78 
00003300	3c606465 60637623 48000e95 2f830000 
00003310	409e0114 801e0038 81210000 3c606465 
00003320	389e0038 60637623 5417f0be 56e2103a 
00003330	3842001e 54420036 7c4200d0 7d21116e 
00003340	3be10040 7fe5fb78 48000e45 2f830000 
00003350	409e00d4 3ec00000 3ea00000 3b800000 
00003360	573a063e 3ad66074 3ab56078 480000a8 
00003370	807f0000 3cc0736c 38800000 7f45d378 
00003380	38fe0038 60c66179 39000000 48000de1 
00003390	2f830000 409e0078 807e0038 48000ec1 
000033a0	3cc0736c 38800000 7c7d1b78 807f0000 
000033b0	7f45d378 60c66179 38fe0038 7fa8eb78 
000033c0	48000d9d 2f830000 409e003c 801d0000 
000033d0	2f800000 419e0030 80960000 80bf0000 
000033e0	7f03c378 7f26cb78 4bfeff03 2c030000 
000033f0	41820014 80950000 7c651b78 7f63db78 
00003400	4bfeff03 7fa3eb78 48000e45 3b9c0001 
00003410	3bff0004 7f9cb800 419cff58 7f63db78 
00003420	48000008 38600000 80210000 80010008 
00003430	baa1ffd4 7c0803a6 4e800020 3c800000 
00003440	38a00001 8084607c 4bfeff02 3c800000 
00003450	38a00000 8084607c 4bfeff02 7c0802a6 
00003460	2f860000 bf61ffec 7cbb2b78 90010008 
00003470	9421ffa0 419e0010 3c800000 8084601c 
00003480	4800000c 3c800000 80846034 4bfeff03 
00003490	3c800000 3fa00000 3f800000 80846020 
000034a0	3bbd6048 4bfeff03 7c7e1b78 48000014 
000034b0	809d0000 4bfeff03 7f83d800 419e0018 
000034c0	809c6024 7fc3f378 4bfeff03 7c7f1b79 
000034d0	4082ffe0 38210060 7fe3fb78 80010008 
000034e0	bb61ffec 7c0803a6 4e800020 7c0802a6 
000034f0	2f860000 bf21ffe4 7cb92b78 90010008 
00003500	9421ffa0 419e0010 3c800000 8084601c 
00003510	4800000c 3c800000 80846034 4bfeff03 
00003520	3c800000 3fa00000 3f400000 3f800000 
00003530	80846020 3bbd6080 3b5a606c 4bfeff03 
00003540	3c800000 7c7e1b78 3c600000 80846064 
00003550	806360dc 4bfeff03 7c7b1b78 48000024 
00003560	809d0000 4bfeff03 7f83c800 409e0014 
00003570	809a0000 7fe5fb78 7f63db78 4bfeff03 
00003580	809c6024 7fc3f378 4bfeff03 7c7f1b79 
00003590	4082ffd0 38210060 7f63db78 80010008 
000035a0	bb21ffe4 7c0803a6 4e800020 7c0802a6 
000035b0	bfa1fff4 3c800000 7cdd3378 7cc33378 
000035c0	7cbf2b78 90010008 9421ffa0 60000000 
000035d0	60000000 80846048 4bfeff03 2f9d0000 
000035e0	90610038 419e003c 2f830000 419e0034 
000035f0	7fe3fb78 38800004 38a10038 48000bb1 
00003600	7c7d1b79 41820020 3c600000 7fe4fb78 
00003610	7fa5eb78 386350d8 48000bd5 48000008 
00003620	3ba0ffce 38210060 7fa3eb78 80010008 
00003630	bba1fff4 7c0803a6 4e800020 7c0802a6 
00003640	bfc1fff8 38400004 7cbf2b78 7c7e1b78 
00003650	7ca32b78 90010008 9421ffa0 38000000 
00003660	3881003c 38a10038 90010038 9041003c 
00003670	48000b1d 2f830000 409e0038 80a10038 
00003680	2f850000 419e002c 3cc06449 3c800000 
00003690	7fc3f378 80846084 60c66e20 7fe63278 
000036a0	20060000 7cc03114 4bfeff03 48000008 
000036b0	38600000 38210060 80010008 bbc1fff8 
000036c0	7c0803a6 4e800020 3c800000 7ca62b78 
000036d0	3ca06449 80846088 60a56e20 4bfeff02 
000036e0	3c800000 3ca06449 8084608c 60a56e20 
000036f0	4bfeff02 3c800000 7ca62b78 3ca0644f 
00003700	80846088 60a57574 4bfeff02 3c800000 
00003710	3ca0644f 8084608c 60a57574 4bfeff02 
00003720	3c800000 7ca62b78 3ca0734f 80846088 
00003730	60a57574 4bfeff02 3c800000 3ca0734f 
00003740	8084608c 60a57574 4bfeff02 7c0802a6 
00003750	93e1fffc 7ca32b78 90010008 9421ffb0 
00003760	48000aad 38210050 3c800000 80010008 
00003770	80846090 83e1fffc 7c0803a6 4bfeff02 
00003780	7c400026 7c0802a6 bf01ffe0 3f400000 
00003790	3d200000 7c791b78 815a51cc 90010008 
000037a0	39294fbc 90410004 9421ff70 3c400000 
000037b0	80890000 80a90004 38424fc4 2f8a0000 
000037c0	80e20000 81020004 3c400000 38424fcc 
000037d0	80020000 81620008 81220004 90010050 
000037e0	38000000 d02100b0 91610058 91210054 
000037f0	90010038 90e10040 91010044 90810048 
00003800	90a1004c 419e009c 2e060000 41920010 
00003810	3c006449 60006e20 4800000c 3c00644f 
00003820	60007574 7d4903a6 90010050 3c00676c 
00003830	38400000 3bc10050 60006f62 3b61003c 
00003840	90410058 38600001 90010054 38000004 
00003850	7fc4f378 38a00000 9001003c 38c00000 
00003860	7f67db78 39010038 7d4c5378 4e800421 
00003870	2c030000 41820038 3c800000 3fa00000 
00003880	7c651b78 80846094 3bbd50e8 7f23cb78 
00003890	4bfeff03 7c641b78 7fa3eb78 48000951 
000038a0	3c400000 c0224fd8 4800025c 41920010 
000038b0	3c00696e 60007074 4800000c 3c006f75 
000038c0	60007470 3f800000 90010054 3c00766f 
000038d0	80610038 38400004 813c51d4 60006c6d 
000038e0	7fc4f378 9041003c 3b010048 90010050 
000038f0	7d2903a6 7d2c4b78 4e800421 2f830000 
00003900	409e0094 813c51d4 3c006463 38400001 
00003910	80610038 7fc4f378 3b010048 60006832 
00003920	9041004c 90410048 7d2903a6 90010050 
00003930	7d2c4b78 4e800421 2f830000 419e0058 
00003940	801a51cc 38400008 3b010048 80610038 
00003950	7fc4f378 38a00000 9041003c 38c00000 
00003960	7f67db78 7f08c378 7c0903a6 7c0c0378 
00003970	4e800421 2c030000 4182001c 3c800000 
00003980	3fa00000 7c651b78 80846094 3bbd50f8 
00003990	4bfffefc 3fe0766f 3ba00000 63ff6c6d 
000039a0	805c51d4 7c1dc02e 7fc4f378 93e10050 
000039b0	80610038 7c4903a6 90010058 7c4c1378 
000039c0	4e800421 2f830000 409e005c 2f9d0004 
000039d0	3bbd0004 409effcc 4bfffec8 3c800000 
000039e0	3fa00000 7c651b78 80846094 3bbd5108 
000039f0	48000018 3c800000 3fa00000 7c651b78 
00003a00	80846094 3bbd5118 7f23cb78 4bfeff03 
00003a10	80a10058 7c641b78 7fa3eb78 480007d1 
00003a20	4bfffe80 c00100b0 ff800000 409e0060 
00003a30	38000004 93e10050 3f800000 3be00000 
00003a40	9001003c 3ba100b0 805c51d0 7c1fc02e 
00003a50	7fc4f378 38a00000 80610038 38c00000 
00003a60	80e1003c 7fa8eb78 7c4903a6 90010058 
00003a70	7c4c1378 4e800421 2c030000 4082ff60 
00003a80	2f9f0004 3bff0004 409effc0 3c00766f 
00003a90	38400004 3be00000 3ba10040 60006c6d 
00003aa0	9041003c 90010050 805a51cc 7c1fc02e 
00003ab0	7fc4f378 38a00000 80610038 38c00000 
00003ac0	7f67db78 7d1fea14 7c4903a6 90010058 
00003ad0	7c4c1378 4e800421 2c030000 4082ff18 
00003ae0	2f9f0004 3bff0004 409effc0 c0010044 
00003af0	c1a10040 3c400000 edad002a c0024fdc 
00003b00	ec2d0032 38210090 80010008 81610004 
00003b10	bb01ffe0 7c0803a6 7d708120 4e800020 
00003b20	3c800000 3c400000 38c00001 80846098 
00003b30	c0224fd8 4bfeff02 3c800000 38c00001 
00003b40	80846098 4bfeff02 3c800000 3c400000 
00003b50	38c00000 80846098 c0224fd8 4bfeff02 
00003b60	3c800000 38c00000 80846098 4bfeff02 
00003b70	7c0802a6 90010008 9421ffb0 38000000 
00003b80	38610038 90010038 48000655 2c030000 
00003b90	41820020 7c641b78 3c600000 38635128 
00003ba0	4800064d 3c400000 c0224fd8 48000048 
00003bb0	80010038 3c404330 90410048 3c400000 
00003bc0	6c008000 c8424ff0 3c400000 9001004c 
00003bd0	c8024fe8 3c400000 c8210048 fc210028 
00003be0	c0024fe0 fc200818 ec210032 48000691 
00003bf0	fc200818 38210050 80010008 7c0803a6 
00003c00	4e800020 7c0802a6 93e1fffc 3c400000 
00003c10	c8424ff8 90010008 9421ffb0 48000661 
00003c20	3c400000 fc200818 c0024fe4 ec210032 
00003c30	fc00081e d8010038 60000000 60000000 
00003c40	8061003c 480005b9 2c030000 41820024 
00003c50	38210050 7c641b78 3c600000 80010008 
00003c60	83e1fffc 38635138 7c0803a6 48000580 
00003c70	38210050 80010008 83e1fffc 7c0803a6 
00003c80	4e800020 38600000 4e800020 7c0802a6 
00003c90	bf61ffec 3fa00000 7cbc2b78 3ca00000 
00003ca0	3bbd609c 7c7f1b78 90010008 9421ffa0 
00003cb0	38a55148 7f83e378 809d0000 4bfeff03 
00003cc0	3c800000 808460a0 4bfeff03 809d0000 
00003cd0	3ca00000 7c7e1b78 7f83e378 38a55158 
00003ce0	4bfeff03 3c800000 808460a4 4bfeff03 
00003cf0	881f0004 7c7c1b78 2f800000 419e00c4 
00003d00	3f600000 7c661b78 7fc5f378 7fe3fb78 
00003d10	809b6084 4bfeff03 3c800000 8084605c 
00003d20	4bfeff03 3c800000 7c7d1b78 7fe3fb78 
00003d30	80846014 4bfeff03 3c800000 80846048 
00003d40	4bfeff03 3c006864 6000706e 7f9d0000 
00003d50	409e0018 7f9e1800 419e0068 7fc5f378 
00003d60	907f0008 48000020 3c006973 6000706b 
00003d70	7f9d0000 409e004c 7f9e1800 409e0044 
00003d80	80bf0008 2f850000 419e0038 809b6084 
00003d90	7f86e378 7fe3fb78 4bfeff03 38210060 
00003da0	3c800000 7c651b78 7fe3fb78 80010008 
00003db0	80846038 bb61ffec 7c0803a6 4bfeff02 
00003dc0	38210060 80010008 bb61ffec 7c0803a6 
00003dd0	4e800020 7c0802a6 be61ffcc 3c800000 
00003de0	7c7d1b78 3c600000 7cd53378 7cf33b78 
00003df0	90010008 9421ff70 7cb72b78 3f600000 
00003e00	3f400000 3f000000 3f200000 3b7b60d4 
00003e10	3b5a60a8 3f800000 3b9c5148 80846000 
00003e20	806360d0 4bfeff03 3c800000 80846004 
00003e30	4bfeff03 809a0000 7fa5eb78 831860d8 
00003e40	3fa00000 7c741b78 807b0000 833960b0 
00003e50	3bbd5158 4bfeff03 3c800000 7ee50774 
00003e60	7c761b78 807b0000 808460ac 4bfeff03 
00003e70	809a0000 7ea5ab78 7c771b78 807b0000 
00003e80	4bfeff03 3d400000 38000000 7c691b78 
00003e90	7fa8eb78 394a5168 7f24cb78 90010038 
00003ea0	7ec5b378 7f86e378 7ee7bb78 7f03c378 
00003eb0	4bfeff03 3c800000 3ca00000 7c661b78 
00003ec0	38e00000 808460b8 80a560b4 7e639b78 
00003ed0	4bfeff03 3c800000 7e83a378 80846040 
00003ee0	4bfeff03 38210090 38600000 80010008 
00003ef0	ba61ffcc 7c0803a6 4e800020 7c0802a6 
00003f00	93e1fffc 3c600000 38c00000 38e00000 
00003f10	38634fa8 90010008 9421ff20 38000080 
00003f20	3be1003c 38a10038 90010038 7fe4fb78 
00003f30	4800038d 2f830000 409e0040 3c600000 
00003f40	3c800000 7fe5fb78 38c00001 808460bc 
00003f50	806360e4 4bfeff03 3c800000 3ca00000 
00003f60	808460c0 38a55178 4bfeff03 38000001 
00003f70	2f830000 409e0008 38000000 382100e0 
00003f80	7c030378 80010008 83e1fffc 7c0803a6 
00003f90	4e800020 7c0802a6 be21ffc4 3c800000 
00003fa0	7cb32b78 7c7b1b78 90010008 9421ff80 
00003fb0	80846034 4bfeff03 3c800000 80846020 
00003fc0	4bfeff03 3c800000 7c7a1b78 7f63db78 
00003fd0	808460c4 4bfeff03 2f830000 419e0150 
00003fe0	9a7b0004 3c800000 7f63db78 3ec00000 
00003ff0	3ee00000 3f000000 3f800000 3ea00000 
00004000	3af76054 3b183dd4 3e800000 3fc0626c 
00004010	3b9c6080 3ab5605c 3a946038 63de746e 
00004020	3f200000 7ef1bb78 7f12c378 80846014 
00004030	4bfeff03 80966048 4bfeff03 907b0008 
00004040	480000d8 809c0000 4bfeff03 7f83f000 
00004050	409e00c8 2f930000 419e0088 80966048 
00004060	7fe3fb78 4bfeff03 80970000 7c7d1b78 
00004070	7fe3fb78 4bfeff03 3cc07373 38800000 
00004080	5465063e 7f07c378 60c67263 7f68db78 
00004090	7fa3eb78 480000b9 80950000 7fe3fb78 
000040a0	4bfeff03 3c006864 6000706e 7f830000 
000040b0	409e0068 80966048 7fe3fb78 4bfeff03 
000040c0	801b0008 7f830000 419e0050 80940000 
000040d0	7fe5fb78 7f63db78 4bfeff03 4800003c 
000040e0	80966048 7fe3fb78 4bfeff03 80910000 
000040f0	7c7d1b78 7fe3fb78 4bfeff03 3cc07373 
00004100	38800000 5465063e 7e479378 60c67263 
00004110	7fa3eb78 48000069 80996024 7f43d378 
00004120	4bfeff03 7c7f1b79 4082ff1c 38210080 
00004130	80010008 ba21ffc4 7c0803a6 4e800020 
00004140	88630004 7c630774 4e800020 
test/unit_test_files/fat/audiodevice (architecture i386):
Contents of (__TEXT,__text) section
0000255c	6a 00 89 e5 83 e4 f0 83 ec 10 8b 5d 04 89 5c 24 
0000256c	00 8d 4d 08 89 4c 24 04 83 c3 01 c1 e3 02 01 cb 
0000257c	89 5c 24 08 e8 01 00 00 00 f4 55 89 e5 57 56 53 
0000258c	83 ec 2c 8b 7d 0c 8b 5d 10 8b 45 08 a3 0c 50 00 
0000259c	00 89 3d 08 50 00 00 89 1d 04 50 00 00 8b 0f 85 
000025ac	c9 75 07 b9 50 44 00 00 eb 19 89 ca eb 0e 3c 2f 
000025bc	74 05 83 c2 01 eb 05 83 c2 01 89 d1 0f b6 02 84 
000025cc	c0 75 eb 89 0d 00 50 00 00 89 d8 eb 03 83 c0 04 
000025dc	8b 10 85 d2 75 f7 8d 70 04 a1 00 70 00 00 8b 00 
000025ec	85 c0 74 02 ff d0 a1 08 70 00 00 8b 00 85 c0 74 
000025fc	02 ff d0 e8 82 4a 00 00 8d 45 e0 89 44 24 04 c7 
0000260c	04 24 54 44 00 00 e8 5d 00 00 00 ff 55 e0 8d 45 
0000261c	e4 89 44 24 04 c7 04 24 84 44 00 00 e8 47 00 00 
0000262c	00 8b 45 e4 85 c0 74 08 89 04 24 e8 4f 4a 00 00 
0000263c	a1 04 70 00 00 c7 00 00 00 00 00 89 74 24 0c 89 
0000264c	5c 24 08 89 7c 24 04 8b 45 08 89 04 24 e8 1c 00 
0000265c	00 00 89 04 24 e8 2a 4a 00 00 90 90 68 00 10 00 
0000266c	00 ff 25 10 50 00 00 90 ff 25 14 50 00 00 55 89 
0000267c	e5 57 56 53 83 ec 6c a1 00 60 00 00 8b 5d 08 89 
0000268c	44 24 04 a1 d0 60 00 00 89 04 24 e8 03 4a 00 00 
0000269c	8b 15 04 60 00 00 89 54 24 04 89 04 24 e8 f1 49 
000026ac	00 00 89 45 d0 a1 00 60 00 00 89 44 24 04 a1 cc 
000026bc	60 00 00 89 04 24 e8 d8 49 00 00 8b 15 04 60 00 
000026cc	00 89 54 24 04 89 04 24 e8 c6 49 00 00 83 fb 01 
000026dc	89 45 c8 0f 8f d8 00 00 00 a1 18 60 00 00 89 44 
000026ec	24 04 8b 45 c8 89 04 24 e8 a6 49 00 00 8b 15 0c 
000026fc	60 00 00 89 54 24 04 89 04 24 e8 94 49 00 00 8b 
0000270c	15 10 60 00 00 89 54 24 04 89 04 24 e8 82 49 00 
0000271c	00 8b 55 c8 89 14 24 89 c6 a1 14 60 00 00 89 44 
0000272c	24 04 e8 6c 49 00 00 8b 15 0c 60 00 00 89 54 24 
0000273c	04 89 04 24 e8 5a 49 00 00 8b 15 10 60 00 00 89 
0000274c	54 24 04 89 04 24 e8 48 49 00 00 8b 7d c8 89 3c 
0000275c	24 89 c3 a1 08 60 00 00 89 44 24 04 e8 32 49 00 
0000276c	00 8b 15 0c 60 00 00 89 54 24 04 89 04 24 e8 20 
0000277c	49 00 00 8b 15 10 60 00 00 89 54 24 04 89 04 24 
0000278c	e8 0e 49 00 00 89 74 24 0c 89 5c 24 08 c7 04 24 
0000279c	6c 45 00 00 89 44 24 04 e8 0a 49 00 00 a1 40 60 
000027ac	00 00 89 44 24 04 8b 45 d0 89 04 24 e9 13 03 00 
000027bc	00 83 fb 02 0f 85 38 01 00 00 8b 55 0c bf 8d 45 
000027cc	00 00 b9 06 00 00 00 fc 8b 5a 04 89 de f3 a6 ba 
000027dc	00 00 00 00 74 0a 0f b6 56 ff 0f b6 4f ff 29 ca 
000027ec	85 d2 75 11 a1 08 60 00 00 8b 75 c8 89 44 24 04 
000027fc	89 34 24 eb 33 fc bf 93 45 00 00 b9 07 00 00 00 
0000280c	89 de f3 a6 ba 00 00 00 00 74 0a 0f b6 56 ff 0f 
0000281c	b6 4f ff 29 ca 85 d2 75 45 a1 14 60 00 00 8b 7d 
0000282c	c8 89 44 24 04 89 3c 24 e8 66 48 00 00 8b 15 0c 
0000283c	60 00 00 89 54 24 04 89 04 24 e8 54 48 00 00 8b 
0000284c	15 10 60 00 00 89 54 24 04 89 04 24 e8 42 48 00 
0000285c	00 89 04 24 e8 53 48 00 00 e9 3f ff ff ff fc bf 
0000286c	9a 45 00 00 b9 07 00 00 00 89 de f3 a6 ba 00 00 
0000287c	00 00 74 0a 0f b6 56 ff 0f b6 4f ff 29 ca 85 d2 
0000288c	75 11 a1 18 60 00 00 89 44 24 04 8b 45 c8 89 04 
0000289c	24 eb 95 fc bf a1 45 00 00 b9 03 00 00 00 89 de 
000028ac	f3 a6 ba 00 00 00 00 74 0a 0f b6 56 ff 0f b6 4f 
000028bc	ff 29 ca 85 d2 74 2f bf a4 45 00 00 b9 05 00 00 
000028cc	00 89 de f3 a6 ba 00 00 00 00 74 0a 0f b6 56 ff 
000028dc	0f b6 4f ff 29 ca 85 d2 74 0c c7 04 24 a9 45 00 
000028ec	00 e8 c6 47 00 00 c7 04 24 b8 45 00 00 e9 6a 05 
000028fc	00 00 83 fb 03 0f 85 a2 fe ff ff 8b 55 0c bf 8d 
0000290c	45 00 00 b9 06 00 00 00 fc 8b 5a 04 89 de f3 a6 
0000291c	ba 00 00 00 00 74 0a 0f b6 56 ff 0f b6 4f ff 29 
0000292c	ca 85 d2 0f 85 a7 01 00 00 8b 75 0c b9 05 00 00 
0000293c	00 8b 7d 0c 83 c6 08 89 75 e4 8b 5f 08 bf 3a 47 
0000294c	00 00 89 de f3 a6 bb 00 00 00 00 74 0a 0f b6 5e 
0000295c	ff 0f b6 4f ff 29 cb 85 db 75 71 a1 1c 60 00 00 
0000296c	8b 7d c8 89 44 24 04 89 3c 24 e8 24 47 00 00 8b 
0000297c	15 20 60 00 00 89 54 24 04 89 04 24 e8 12 47 00 
0000298c	00 89 c3 eb 2b a1 0c 60 00 00 89 14 24 89 44 24 
0000299c	04 e8 fd 46 00 00 8b 15 10 60 00 00 89 54 24 04 
000029ac	89 04 24 e8 eb 46 00 00 89 04 24 e8 fc 46 00 00 
000029bc	a1 24 60 00 00 89 1c 24 89 44 24 04 e8 d2 46 00 
000029cc	00 85 c0 89 c2 75 be e9 d1 fd ff ff a1 1c 60 00 
000029dc	00 89 44 24 04 8b 45 c8 89 04 24 e8 b3 46 00 00 
000029ec	8b 15 20 60 00 00 89 54 24 04 89 04 24 e8 a1 46 
000029fc	00 00 89 45 d4 a1 24 60 00 00 8b 55 d4 89 44 24 
00002a0c	04 89 14 24 e8 8a 46 00 00 85 c0 89 45 c4 0f 84 
00002a1c	38 04 00 00 8b 75 e4 a1 0c 60 00 00 8b 7d c4 8b 
00002a2c	1e 89 44 24 04 89 3c 24 e8 66 46 00 00 8b 15 10 
00002a3c	60 00 00 89 54 24 04 89 04 24 e8 54 46 00 00 89 
00002a4c	5c 24 04 89 04 24 e8 6b 46 00 00 85 c0 74 2c 8b 
00002a5c	06 bb 3f 47 00 00 b9 09 00 00 00 fc 89 df 89 c6 
00002a6c	f3 a6 b8 00 00 00 00 74 0a 0f b6 46 ff 0f b6 4f 
00002a7c	ff 29 c8 85 c0 0f 85 7a ff ff ff a1 28 60 00 00 
00002a8c	89 44 24 04 a1 c8 60 00 00 89 04 24 e8 02 46 00 
00002a9c	00 8b 75 c4 89 34 24 89 44 24 08 a1 2c 60 00 00 
00002aac	89 44 24 04 e8 ea 45 00 00 84 c0 0f 84 44 ff ff 
00002abc	ff a1 30 60 00 00 89 74 24 08 8b 7d c8 89 44 24 
00002acc	04 89 3c 24 e8 ca 45 00 00 31 c0 e9 96 03 00 00 
00002adc	fc bf 93 45 00 00 b9 07 00 00 00 89 de f3 a6 ba 
00002aec	00 00 00 00 74 0a 0f b6 56 ff 0f b6 4f ff 29 ca 
00002afc	85 d2 0f 85 96 01 00 00 8b 45 0c bf 3a 47 00 00 
00002b0c	b9 05 00 00 00 8b 55 0c 83 c0 08 89 45 e0 8b 5a 
00002b1c	08 89 de f3 a6 bb 00 00 00 00 74 0a 0f b6 5e ff 
00002b2c	0f b6 4f ff 29 cb 85 db 75 71 a1 34 60 00 00 8b 
00002b3c	7d c8 89 44 24 04 89 3c 24 e8 55 45 00 00 8b 15 
00002b4c	20 60 00 00 89 54 24 04 89 04 24 e8 43 45 00 00 
00002b5c	89 c3 eb 2b a1 0c 60 00 00 89 14 24 89 44 24 04 
00002b6c	e8 2e 45 00 00 8b 15 10 60 00 00 89 54 24 04 89 
00002b7c	04 24 e8 1c 45 00 00 89 04 24 e8 2d 45 00 00 a1 
00002b8c	24 60 00 00 89 1c 24 89 44 24 04 e8 03 45 00 00 
00002b9c	85 c0 89 c2 75 be e9 02 fc ff ff a1 34 60 00 00 
00002bac	89 44 24 04 8b 45 c8 89 04 24 e8 e4 44 00 00 8b 
00002bbc	15 20 60 00 00 89 54 24 04 89 04 24 e8 d2 44 00 
00002bcc	00 89 45 d8 a1 24 60 00 00 8b 55 d8 89 44 24 04 
00002bdc	89 14 24 e8 bb 44 00 00 85 c0 89 45 c4 0f 84 69 
00002bec	02 00 00 8b 75 e0 a1 0c 60 00 00 8b 7d c4 8b 1e 
00002bfc	89 44 24 04 89 3c 24 e8 97 44 00 00 8b 15 10 60 
00002c0c	00 00 89 54 24 04 89 04 24 e8 85 44 00 00 89 5c 
00002c1c	24 04 89 04 24 e8 9c 44 00 00 85 c0 74 2c 8b 06 
00002c2c	bb 3f 47 00 00 b9 09 00 00 00 fc 89 df 89 c6 f3 
00002c3c	a6 b8 00 00 00 00 74 0a 0f b6 46 ff 0f b6 4f ff 
00002c4c	29 c8 85 c0 0f 85 7a ff ff ff a1 28 60 00 00 89 
00002c5c	44 24 04 a1 c8 60 00 00 89 04 24 e8 33 44 00 00 
00002c6c	8b 75 c4 89 34 24 89 44 24 08 a1 2c 60 00 00 89 
00002c7c	44 24 04 e8 1b 44 00 00 84 c0 0f 84 44 ff ff ff 
00002c8c	a1 38 60 00 00 89 74 24 08 e9 2c fe ff ff fc bf 
00002c9c	9a 45 00 00 b9 07 00 00 00 89 de f3 a6 ba 00 00 
00002cac	00 00 74 0a 0f b6 56 ff 0f b6 4f ff 29 ca 85 d2 
00002cbc	0f 85 9f 01 00 00 8b 45 0c bf 3a 47 00 00 b9 05 
00002ccc	00 00 00 8b 55 0c 83 c0 08 89 45 cc 8b 5a 08 89 
00002cdc	de f3 a6 bb 00 00 00 00 74 0a 0f b6 5e ff 0f b6 
00002cec	4f ff 29 cb 85 db 75 71 a1 34 60 00 00 8b 7d c8 
00002cfc	89 44 24 04 89 3c 24 e8 97 43 00 00 8b 15 20 60 
00002d0c	00 00 89 54 24 04 89 04 24 e8 85 43 00 00 89 c3 
00002d1c	eb 2b a1 0c 60 00 00 89 14 24 89 44 24 04 e8 70 
00002d2c	43 00 00 8b 15 10 60 00 00 89 54 24 04 89 04 24 
00002d3c	e8 5e 43 00 00 89 04 24 e8 6f 43 00 00 a1 24 60 
00002d4c	00 00 89 1c 24 89 44 24 04 e8 45 43 00 00 85 c0 
00002d5c	89 c2 75 be e9 44 fa ff ff a1 34 60 00 00 89 44 
00002d6c	24 04 8b 45 c8 89 04 24 e8 26 43 00 00 8b 15 20 
00002d7c	60 00 00 89 54 24 04 89 04 24 e8 14 43 00 00 89 
00002d8c	45 dc a1 24 60 00 00 8b 55 dc 89 44 24 04 89 14 
00002d9c	24 e8 fd 42 00 00 85 c0 89 45 c4 0f 84 ab 00 00 
00002dac	00 8b 75 cc a1 0c 60 00 00 8b 7d c4 8b 1e 89 44 
00002dbc	24 04 89 3c 24 e8 d9 42 00 00 8b 15 10 60 00 00 
00002dcc	89 54 24 04 89 04 24 e8 c7 42 00 00 89 5c 24 04 
00002ddc	89 04 24 e8 de 42 00 00 85 c0 74 2c 8b 06 bb 3f 
00002dec	47 00 00 b9 09 00 00 00 fc 89 df 89 c6 f3 a6 b8 
00002dfc	00 00 00 00 74 0a 0f b6 46 ff 0f b6 4f ff 29 c8 
00002e0c	85 c0 0f 85 7a ff ff ff a1 28 60 00 00 89 44 24 
00002e1c	04 a1 c8 60 00 00 89 04 24 e8 75 42 00 00 8b 75 
00002e2c	c4 89 34 24 89 44 24 08 a1 2c 60 00 00 89 44 24 
00002e3c	04 e8 5d 42 00 00 84 c0 0f 84 44 ff ff ff a1 3c 
00002e4c	60 00 00 89 74 24 08 e9 6e fc ff ff c7 04 24 48 
00002e5c	47 00 00 eb 07 c7 04 24 5c 47 00 00 e8 4b 42 00 
00002e6c	00 b8 01 00 00 00 83 c4 6c 5b 5e 5f c9 c3 55 89 
00002e7c	e5 56 53 83 ec 20 8b 75 10 8b 55 08 8b 5d 18 85 
00002e8c	f6 75 15 a1 40 60 00 00 89 14 24 89 44 24 04 e8 
00002e9c	ff 41 00 00 31 c0 eb 2f a1 24 61 00 00 89 55 f0 
00002eac	8d 55 f0 89 14 24 89 45 f4 a1 04 60 00 00 89 44 
00002ebc	24 04 e8 e1 41 00 00 85 c0 74 0c 89 70 04 8b 55 
00002ecc	14 88 58 0c 89 50 08 83 c4 20 5b 5e c9 c3 55 89 
00002edc	e5 83 ec 28 8b 45 08 8d 55 f0 89 14 24 89 45 f0 
00002eec	a1 24 61 00 00 89 45 f4 a1 44 60 00 00 89 44 24 
00002efc	04 e8 a2 41 00 00 c9 c3 55 89 e5 83 ec 48 a1 e4 
00002f0c	60 00 00 89 5d f4 8b 5d 08 89 75 f8 89 7d fc 89 
00002f1c	45 e4 a1 48 60 00 00 89 1c 24 89 44 24 04 e8 70 
00002f2c	41 00 00 89 1c 24 89 c7 a1 0c 60 00 00 89 44 24 
00002f3c	04 e8 5d 41 00 00 89 1c 24 89 c6 a1 28 60 00 00 
00002f4c	89 44 24 04 e8 4a 41 00 00 89 7c 24 14 89 74 24 
00002f5c	10 c7 44 24 08 18 50 00 00 89 44 24 0c a1 4c 60 
00002f6c	00 00 89 44 24 04 8b 45 e4 89 04 24 e8 22 41 00 
00002f7c	00 8b 5d f4 8b 75 f8 8b 7d fc c9 c3 55 89 e5 83 
00002f8c	ec 28 a1 48 60 00 00 89 75 f8 8b 75 08 89 5d f4 
00002f9c	89 7d fc 8b 7d 10 89 44 24 04 89 34 24 e8 f1 40 
00002fac	00 00 89 3c 24 89 c3 a1 48 60 00 00 89 44 24 04 
00002fbc	e8 de 40 00 00 39 c3 75 55 a1 50 60 00 00 89 34 
00002fcc	24 89 44 24 04 e8 c9 40 00 00 89 3c 24 89 c3 a1 
00002fdc	50 60 00 00 89 44 24 04 e8 b6 40 00 00 39 c3 75 
00002fec	2d a1 54 60 00 00 89 34 24 89 44 24 04 e8 a1 40 
00002ffc	00 00 89 3c 24 89 c3 a1 54 60 00 00 89 44 24 04 
0000300c	e8 8e 40 00 00 ba 01 00 00 00 38 c3 74 02 31 d2 
0000301c	8b 5d f4 89 d0 8b 75 f8 8b 7d fc c9 c3 55 89 e5 
0000302c	83 ec 18 89 5d f8 8b 5d 10 89 75 fc a1 0c 60 00 
0000303c	00 89 44 24 04 8b 45 08 89 04 24 e8 53 40 00 00 
0000304c	89 c6 a1 0c 60 00 00 89 1c 24 89 44 24 04 e8 40 
0000305c	40 00 00 8b 5d f8 89 45 10 a1 58 60 00 00 89 75 
0000306c	08 8b 75 fc 89 45 0c c9 e9 26 40 00 00 55 89 e5 
0000307c	57 56 53 83 ec 5c 8b 75 08 a1 5c 60 00 00 89 34 
0000308c	24 89 44 24 04 e8 09 40 00 00 c7 45 dc 00 00 00 
0000309c	00 c7 45 d8 00 00 00 00 c7 45 e0 04 00 00 00 89 
000030ac	34 24 89 45 e4 a1 54 60 00 00 89 44 24 04 e8 e0 
000030bc	3f 00 00 89 34 24 89 c3 a1 48 60 00 00 89 44 24 
000030cc	04 e8 cd 3f 00 00 8d 55 dc 89 54 24 14 8d 55 e0 
000030dc	89 55 c4 89 54 24 10 0f b6 d3 31 db c7 44 24 0c 
000030ec	6d 61 6e 6c 89 54 24 08 c7 44 24 04 00 00 00 00 
000030fc	89 04 24 e8 41 3f 00 00 85 c0 89 d8 0f 44 45 dc 
0000310c	89 45 dc 8b 45 e4 85 c0 74 7d 8d 45 e4 89 45 c8 
0000311c	8d 45 d8 89 45 d0 a1 54 60 00 00 c7 45 cc 04 00 
0000312c	00 00 c7 45 d4 04 00 00 00 c7 45 e0 10 00 00 00 
0000313c	89 44 24 04 89 34 24 e8 57 3f 00 00 89 34 24 89 
0000314c	c7 a1 48 60 00 00 89 44 24 04 e8 44 3f 00 00 8b 
0000315c	4d c4 8d 55 c8 89 54 24 14 c7 44 24 0c 6e 63 73 
0000316c	6c c7 44 24 04 00 00 00 00 89 4c 24 10 89 f9 0f 
0000317c	b6 d1 89 54 24 08 89 04 24 e8 bb 3e 00 00 85 c0 
0000318c	0f 44 5d d8 89 5d d8 8b 45 d8 85 c0 0f 44 45 dc 
0000319c	83 c4 5c 5b 5e 5f c9 c3 55 89 e5 56 53 83 ec 30 
000031ac	8b 5d 08 a1 54 60 00 00 c7 45 f0 04 00 00 00 89 
000031bc	1c 24 89 44 24 04 e8 d8 3e 00 00 89 1c 24 89 c6 
000031cc	a1 48 60 00 00 89 44 24 04 e8 c5 3e 00 00 8d 55 
000031dc	f4 89 f1 89 54 24 14 8d 55 f0 89 54 24 10 0f b6 
000031ec	d1 c7 44 24 0c 74 6c 66 64 89 54 24 08 c7 44 24 
000031fc	04 00 00 00 00 89 04 24 e8 3c 3e 00 00 85 c0 75 
0000320c	08 83 7d f4 01 b0 01 74 02 31 c0 83 c4 30 5b 5e 
0000321c	c9 c3 55 89 e5 56 53 83 ec 30 8b 5d 08 a1 54 60 
0000322c	00 00 c7 45 f0 04 00 00 00 89 1c 24 89 44 24 04 
0000323c	e8 5e 3e 00 00 89 1c 24 89 c6 a1 48 60 00 00 89 
0000324c	44 24 04 e8 4b 3e 00 00 8d 55 f4 89 f1 89 54 24 
0000325c	14 8d 55 f0 89 54 24 10 0f b6 d1 c7 44 24 0c 74 
0000326c	6c 66 73 89 54 24 08 c7 44 24 04 00 00 00 00 89 
0000327c	04 24 e8 c2 3d 00 00 85 c0 75 08 83 7d f4 01 b0 
0000328c	01 74 02 31 c0 83 c4 30 5b 5e c9 c3 55 89 e5 8b 
0000329c	45 08 8b 40 04 c9 c3 55 89 e5 8b 45 08 8b 40 08 
000032ac	c9 c3 55 89 e5 56 53 83 ec 30 8b 5d 08 a1 54 60 
000032bc	00 00 c7 45 f0 04 00 00 00 89 1c 24 89 44 24 04 
000032cc	e8 ce 3d 00 00 89 1c 24 89 c6 a1 48 60 00 00 89 
000032dc	44 24 04 e8 bb 3d 00 00 8d 55 f4 89 f1 89 54 24 
000032ec	14 8d 55 f0 89 54 24 10 0f b6 d1 89 54 24 08 c7 
000032fc	44 24 0c 63 72 73 73 c7 44 24 04 00 00 00 00 89 
0000330c	04 24 e8 32 3d 00 00 89 c2 31 c0 85 d2 0f 44 45 
0000331c	f4 83 c4 30 5b 5e c9 c3 55 89 e5 8b 45 08 0f b6 
0000332c	40 0c c9 c3 55 89 e5 56 53 83 ec 30 8b 5d 08 a1 
0000333c	54 60 00 00 c7 45 f0 04 00 00 00 89 1c 24 89 44 
0000334c	24 04 e8 4c 3d 00 00 89 1c 24 89 c6 a1 48 60 00 
0000335c	00 89 44 24 04 e8 39 3d 00 00 8d 55 f4 89 f1 89 
0000336c	54 24 14 8d 55 f0 89 54 24 10 0f b6 d1 89 54 24 
0000337c	08 c7 44 24 0c 6e 61 72 74 c7 44 24 04 00 00 00 
0000338c	00 89 04 24 e8 b0 3c 00 00 89 c2 31 c0 85 d2 0f 
0000339c	44 45 f4 83 c4 30 5b 5e c9 c3 55 89 e5 53 83 ec 
000033ac	14 a1 60 60 00 00 c7 44 24 08 28 50 00 00 89 44 
000033bc	24 04 a1 e0 60 00 00 89 04 24 e8 d4 3c 00 00 c7 
000033cc	04 24 00 00 00 00 89 44 24 04 e8 88 3c 00 00 85 
000033dc	c0 89 c3 74 3f c7 44 24 04 38 50 00 00 89 04 24 
000033ec	e8 77 3c 00 00 c7 44 24 04 48 50 00 00 89 1c 24 
000033fc	a3 58 51 00 00 e8 62 3c 00 00 c7 44 24 04 58 50 
0000340c	00 00 89 1c 24 a3 5c 51 00 00 e8 4d 3c 00 00 a3 
0000341c	60 51 00 00 83 c4 14 5b c9 c3 55 89 e5 83 ec 28 
0000342c	8b 45 08 8d 55 f0 89 14 24 89 45 f0 a1 64 61 00 
0000343c	00 89 45 f4 a1 04 60 00 00 89 44 24 04 e8 56 3c 
0000344c	00 00 c9 c3 55 89 e5 83 ec 38 c7 44 24 10 e8 40 
0000345c	00 00 c7 44 24 0c 63 72 73 73 c7 44 24 08 00 00 
0000346c	00 00 c7 44 24 04 00 00 00 00 c7 04 24 00 00 00 
0000347c	00 e8 cd 3b 00 00 8b 45 08 8d 55 f0 89 14 24 89 
0000348c	45 f0 a1 64 61 00 00 89 45 f4 a1 44 60 00 00 89 
0000349c	44 24 04 e8 00 3c 00 00 c9 c3 55 89 e5 57 56 53 
000034ac	83 ec 4c 0f b6 45 14 8d 75 e4 88 45 d3 a1 64 60 
000034bc	00 00 89 44 24 04 a1 dc 60 00 00 89 04 24 e8 d0 
000034cc	3b 00 00 0f b6 5d d3 8b 55 10 c7 44 24 14 00 00 
000034dc	00 00 89 74 24 10 c7 44 24 0c 23 63 73 73 89 5c 
000034ec	24 08 89 c7 c7 44 24 04 00 00 00 00 89 14 24 e8 
000034fc	4a 3b 00 00 85 c0 0f 85 c4 00 00 00 8b 45 e4 89 
0000350c	c1 c1 e9 02 89 4d d4 0f 84 b3 00 00 00 83 c0 1e 
0000351c	8b 55 10 83 e0 f0 29 c4 8d 44 24 20 89 74 24 10 
0000352c	31 f6 89 45 cc 89 44 24 14 c7 44 24 0c 23 63 73 
0000353c	73 89 5c 24 08 c7 44 24 04 00 00 00 00 89 14 24 
0000354c	e8 f4 3a 00 00 0f be 4d d3 89 4d c8 85 c0 74 6b 
0000355c	eb 6e a1 00 60 00 00 89 44 24 04 a1 c8 60 00 00 
0000356c	89 04 24 e8 2b 3b 00 00 8b 4d cc 8b 55 c8 89 54 
0000357c	24 10 8b 14 b1 46 89 04 24 89 54 24 0c 8b 55 10 
0000358c	89 54 24 08 8b 15 68 60 00 00 89 54 24 04 e8 00 
0000359c	3b 00 00 89 3c 24 89 c3 89 44 24 08 a1 6c 60 00 
000035ac	00 89 44 24 04 e8 e9 3a 00 00 a1 40 60 00 00 89 
000035bc	1c 24 89 44 24 04 e8 d8 3a 00 00 3b 75 d4 7c 92 
000035cc	a1 70 60 00 00 89 3c 24 89 44 24 04 e8 c2 3a 00 
000035dc	00 85 c0 75 67 a1 00 60 00 00 89 44 24 04 a1 c8 
000035ec	60 00 00 89 04 24 e8 a8 3a 00 00 0f be 55 d3 8b 
000035fc	4d 10 c7 44 24 0c 00 00 00 00 89 54 24 10 8b 15 
0000360c	68 60 00 00 89 4c 24 08 89 04 24 89 54 24 04 e8 
0000361c	7f 3a 00 00 89 3c 24 89 c3 89 44 24 08 a1 6c 60 
0000362c	00 00 89 44 24 04 e8 68 3a 00 00 a1 40 60 00 00 
0000363c	89 1c 24 89 44 24 04 e8 57 3a 00 00 8d 65 f4 89 
0000364c	f8 5b 5e 5f c9 c3 55 89 e5 83 ec 68 0f b6 45 10 
0000365c	89 75 f8 8d 75 e4 89 5d f4 89 7d fc 88 45 cb a1 
0000366c	64 60 00 00 89 44 24 04 a1 dc 60 00 00 89 04 24 
0000367c	e8 1e 3a 00 00 c7 44 24 08 00 00 00 00 89 74 24 
0000368c	04 c7 04 24 23 76 65 64 89 45 cc e8 bd 39 00 00 
0000369c	85 c0 0f 85 1a 01 00 00 8b 55 e4 c1 ea 02 8d 04 
000036ac	95 1e 00 00 00 83 e0 f0 29 c4 8d 5c 24 20 89 55 
000036bc	d4 89 5c 24 08 89 74 24 04 c7 04 24 23 76 65 64 
000036cc	e8 83 39 00 00 85 c0 0f 85 e5 00 00 00 0f b6 45 
000036dc	cb c7 45 d0 00 00 00 00 89 45 c4 e9 c1 00 00 00 
000036ec	8b 55 c4 c7 44 24 14 00 00 00 00 89 74 24 10 c7 
000036fc	44 24 0c 79 61 6c 73 89 54 24 08 c7 44 24 04 00 
0000370c	00 00 00 8b 03 89 04 24 e8 31 39 00 00 85 c0 0f 
0000371c	85 86 00 00 00 8b 45 e4 89 04 24 e8 6e 39 00 00 
0000372c	89 74 24 10 c7 44 24 0c 79 61 6c 73 c7 44 24 04 
0000373c	00 00 00 00 89 44 24 14 89 c7 8b 45 c4 89 44 24 
0000374c	08 8b 03 89 04 24 e8 ee 38 00 00 85 c0 75 44 8b 
0000375c	17 85 d2 74 3e 0f be 45 cb 8b 55 08 89 44 24 0c 
0000376c	8b 03 89 14 24 89 44 24 08 a1 74 60 00 00 89 44 
0000377c	24 04 e8 1c 39 00 00 85 c0 74 18 89 44 24 08 a1 
0000378c	78 60 00 00 89 44 24 04 8b 45 cc 89 04 24 e8 00 
0000379c	39 00 00 89 3c 24 e8 ee 38 00 00 ff 45 d0 83 c3 
000037ac	04 8b 55 d4 39 55 d0 0f 8c 33 ff ff ff 8b 45 cc 
000037bc	eb 02 31 c0 8b 5d f4 8b 75 f8 8b 7d fc c9 c3 55 
000037cc	89 e5 83 ec 18 a1 7c 60 00 00 c7 44 24 08 01 00 
000037dc	00 00 89 44 24 04 8b 45 08 89 04 24 e8 b2 38 00 
000037ec	00 c9 c3 55 89 e5 83 ec 18 a1 7c 60 00 00 c7 44 
000037fc	24 08 00 00 00 00 89 44 24 04 8b 45 08 89 04 24 
0000380c	e8 8e 38 00 00 c9 c3 55 89 e5 57 56 53 83 ec 1c 
0000381c	8b 55 08 80 7d 14 00 8b 7d 10 74 07 a1 1c 60 00 
0000382c	00 eb 05 a1 34 60 00 00 89 14 24 89 44 24 04 e8 
0000383c	5f 38 00 00 89 c2 a1 20 60 00 00 89 14 24 89 44 
0000384c	24 04 e8 4c 38 00 00 89 c6 eb 15 a1 48 60 00 00 
0000385c	89 1c 24 89 44 24 04 e8 37 38 00 00 39 f8 74 17 
0000386c	a1 24 60 00 00 89 34 24 89 44 24 04 e8 22 38 00 
0000387c	00 85 c0 89 c3 75 d4 83 c4 1c 89 d8 5b 5e 5f c9 
0000388c	c3 55 89 e5 57 56 53 83 ec 1c 8b 55 08 80 7d 14 
0000389c	00 74 07 a1 1c 60 00 00 eb 05 a1 34 60 00 00 89 
000038ac	14 24 89 44 24 04 e8 e8 37 00 00 89 c2 a1 20 60 
000038bc	00 00 89 14 24 89 44 24 04 e8 d5 37 00 00 89 c6 
000038cc	a1 64 60 00 00 89 44 24 04 a1 dc 60 00 00 89 04 
000038dc	24 e8 bd 37 00 00 89 c7 eb 2b a1 80 60 00 00 89 
000038ec	1c 24 89 44 24 04 e8 a8 37 00 00 3b 45 10 75 15 
000038fc	a1 6c 60 00 00 89 5c 24 08 89 3c 24 89 44 24 04 
0000390c	e8 8e 37 00 00 a1 24 60 00 00 89 34 24 89 44 24 
0000391c	04 e8 7d 37 00 00 85 c0 89 c3 75 be 83 c4 1c 89 
0000392c	f8 5b 5e 5f c9 c3 55 89 e5 53 83 ec 24 8b 5d 14 
0000393c	a1 48 60 00 00 89 1c 24 89 44 24 04 e8 52 37 00 
0000394c	00 85 db bb ce ff ff ff 0f 94 c2 85 c0 89 45 f4 
0000395c	0f 94 c0 08 c2 75 37 8d 45 f4 89 44 24 08 8b 45 
0000396c	10 c7 44 24 04 04 00 00 00 89 04 24 e8 e1 36 00 
0000397c	00 85 c0 89 c3 74 17 89 44 24 08 8b 45 10 c7 04 
0000398c	24 68 50 00 00 89 44 24 04 e8 d8 36 00 00 89 d8 
0000399c	83 c4 24 5b c9 c3 55 89 e5 53 83 ec 24 8b 5d 10 
000039ac	8d 45 f4 89 44 24 08 8d 45 f0 c7 45 f4 00 00 00 
000039bc	00 c7 45 f0 04 00 00 00 89 44 24 04 89 1c 24 e8 
000039cc	84 36 00 00 85 c0 75 30 8b 55 f4 85 d2 74 29 31 
000039dc	c0 81 fb 20 6e 49 64 0f 94 c0 89 44 24 0c a1 84 
000039ec	60 00 00 89 54 24 08 89 44 24 04 8b 45 08 89 04 
000039fc	24 e8 9d 36 00 00 eb 02 31 c0 83 c4 24 5b c9 c3 
00003a0c	55 89 e5 83 ec 18 8b 45 10 c7 44 24 08 20 6e 49 
00003a1c	64 89 44 24 0c a1 88 60 00 00 89 44 24 04 8b 45 
00003a2c	08 89 04 24 e8 6a 36 00 00 c9 c3 55 89 e5 83 ec 
00003a3c	18 a1 8c 60 00 00 c7 44 24 08 20 6e 49 64 89 44 
00003a4c	24 04 8b 45 08 89 04 24 e8 46 36 00 00 c9 c3 55 
00003a5c	89 e5 83 ec 18 8b 45 10 c7 44 24 08 74 75 4f 64 
00003a6c	89 44 24 0c a1 88 60 00 00 89 44 24 04 8b 45 08 
00003a7c	89 04 24 e8 1b 36 00 00 c9 c3 55 89 e5 83 ec 18 
00003a8c	a1 8c 60 00 00 c7 44 24 08 74 75 4f 64 89 44 24 
00003a9c	04 8b 45 08 89 04 24 e8 f7 35 00 00 c9 c3 55 89 
00003aac	e5 83 ec 18 8b 45 10 c7 44 24 08 74 75 4f 73 89 
00003abc	44 24 0c a1 88 60 00 00 89 44 24 04 8b 45 08 89 
00003acc	04 24 e8 cc 35 00 00 c9 c3 55 89 e5 83 ec 18 a1 
00003adc	8c 60 00 00 c7 44 24 08 74 75 4f 73 89 44 24 04 
00003aec	8b 45 08 89 04 24 e8 a8 35 00 00 c9 c3 55 89 e5 
00003afc	83 ec 18 8b 45 10 89 04 24 e8 77 35 00 00 8b 15 
00003b0c	90 60 00 00 89 55 0c 89 45 08 c9 e9 83 35 00 00 
00003b1c	55 31 c0 89 e5 57 56 53 83 ec 7c 8b 15 58 51 00 
00003b2c	00 0f b6 5d 14 c7 45 c4 00 00 00 00 c7 45 c8 62 
00003b3c	6f 6c 67 85 d2 c7 45 cc 00 00 00 00 c7 45 e4 00 
00003b4c	00 00 00 89 45 d8 89 45 dc c7 45 d0 00 00 00 00 
00003b5c	c7 45 d4 00 00 00 00 0f 84 81 00 00 00 80 fb 01 
00003b6c	19 c0 25 54 07 06 00 05 20 6e 49 64 89 45 c4 8d 
00003b7c	7d e0 8d 45 e4 8d 75 c4 c7 45 c8 62 6f 6c 67 c7 
00003b8c	45 cc 00 00 00 00 c7 45 e0 04 00 00 00 89 44 24 
00003b9c	14 89 7c 24 10 c7 44 24 0c 00 00 00 00 c7 44 24 
00003bac	08 00 00 00 00 89 74 24 04 c7 04 24 01 00 00 00 
00003bbc	ff d2 85 c0 74 33 89 44 24 08 a1 94 60 00 00 89 
00003bcc	44 24 04 8b 45 08 89 04 24 e8 c5 34 00 00 c7 04 
00003bdc	24 78 50 00 00 89 44 24 04 e8 88 34 00 00 d9 05 
00003bec	f0 4f 00 00 e9 37 02 00 00 80 fb 01 19 c0 25 fc 
00003bfc	03 07 06 05 74 70 6e 69 89 45 c8 8b 45 e4 c7 45 
00003c0c	c4 6d 6c 6f 76 c7 45 e0 04 00 00 00 89 74 24 04 
00003c1c	89 04 24 ff 15 60 51 00 00 8d 55 d0 89 55 b4 84 
00003c2c	c0 0f 85 86 00 00 00 8b 45 e4 c7 45 d0 01 00 00 
00003c3c	00 c7 45 d4 01 00 00 00 c7 45 c4 32 68 63 64 89 
00003c4c	74 24 04 89 04 24 ff 15 60 51 00 00 8d 55 d0 89 
00003c5c	55 b4 84 c0 74 57 8b 45 e4 c7 45 e0 08 00 00 00 
00003c6c	89 54 24 14 89 7c 24 10 c7 44 24 0c 00 00 00 00 
00003c7c	c7 44 24 08 00 00 00 00 89 74 24 04 89 04 24 ff 
00003c8c	15 58 51 00 00 85 c0 74 24 89 44 24 08 8b 55 08 
00003c9c	a1 94 60 00 00 89 14 24 89 44 24 04 e8 f2 33 00 
00003cac	00 c7 04 24 88 50 00 00 e9 28 ff ff ff bb 01 00 
00003cbc	00 00 8b 55 b4 c7 45 c4 6d 6c 6f 76 8b 44 9a fc 
00003ccc	89 74 24 04 89 45 cc 8b 45 e4 89 04 24 ff 15 60 
00003cdc	51 00 00 84 c0 75 61 43 83 fb 03 75 d5 e9 fc fe 
00003cec	ff ff 89 44 24 08 a1 94 60 00 00 8b 5d cc 89 44 
00003cfc	24 04 8b 45 08 89 04 24 e8 96 33 00 00 89 5c 24 
00003d0c	08 c7 04 24 98 50 00 00 e9 c8 fe ff ff 89 44 24 
00003d1c	08 8b 55 08 a1 94 60 00 00 8b 5d cc 89 14 24 89 
00003d2c	44 24 04 e8 6b 33 00 00 89 5c 24 08 c7 04 24 a8 
00003d3c	50 00 00 e9 9d fe ff ff f3 0f 10 45 10 0f 2e c0 
00003d4c	75 61 7a 5f 8d 45 10 bb 01 00 00 00 c7 45 c4 6d 
00003d5c	6c 6f 76 c7 45 e0 04 00 00 00 89 45 ac 8b 55 b4 
00003d6c	8b 44 9a fc c7 44 24 0c 00 00 00 00 c7 44 24 08 
00003d7c	00 00 00 00 89 74 24 04 89 45 cc 8b 45 ac 89 44 
00003d8c	24 14 8b 45 e0 89 44 24 10 8b 45 e4 89 04 24 ff 
00003d9c	15 5c 51 00 00 85 c0 0f 85 45 ff ff ff 43 83 fb 
00003dac	03 75 ba 8d 55 d8 31 db c7 45 c4 6d 6c 6f 76 c7 
00003dbc	45 e0 04 00 00 00 89 55 b0 8b 55 b4 8b 04 13 8b 
00003dcc	55 b0 89 7c 24 10 c7 44 24 0c 00 00 00 00 89 45 
00003ddc	cc 8d 04 13 89 44 24 14 8b 45 e4 c7 44 24 08 00 
00003dec	00 00 00 89 74 24 04 89 04 24 ff 15 58 51 00 00 
00003dfc	85 c0 0f 85 15 ff ff ff 83 c3 04 83 fb 08 75 b9 
00003e0c	d9 45 d8 d9 5d a4 f3 0f 10 45 a4 f3 0f 58 45 dc 
00003e1c	f3 0f 59 05 f4 4f 00 00 f3 0f 11 45 a4 d9 45 a4 
00003e2c	83 c4 7c 5b 5e 5f c9 c3 55 89 e5 83 ec 18 a1 98 
00003e3c	60 00 00 c7 44 24 0c 01 00 00 00 c7 44 24 08 00 
00003e4c	00 c0 7f 89 44 24 04 8b 45 08 89 04 24 e8 4b 32 
00003e5c	00 00 c9 c3 55 89 e5 83 ec 18 8b 45 10 c7 44 24 
00003e6c	0c 01 00 00 00 89 44 24 08 a1 98 60 00 00 89 44 
00003e7c	24 04 8b 45 08 89 04 24 e8 20 32 00 00 dd d8 c9 
00003e8c	c3 55 89 e5 83 ec 18 a1 98 60 00 00 c7 44 24 0c 
00003e9c	00 00 00 00 c7 44 24 08 00 00 c0 7f 89 44 24 04 
00003eac	8b 45 08 89 04 24 e8 f2 31 00 00 c9 c3 55 89 e5 
00003ebc	83 ec 18 8b 45 10 c7 44 24 0c 00 00 00 00 89 44 
00003ecc	24 08 a1 98 60 00 00 89 44 24 04 8b 45 08 89 04 
00003edc	24 e8 c7 31 00 00 dd d8 c9 c3 55 89 e5 83 ec 48 
00003eec	8d 45 f4 c7 45 f4 00 00 00 00 89 04 24 e8 6f 31 
00003efc	00 00 66 85 c0 74 19 98 89 44 24 04 c7 04 24 b8 
00003f0c	50 00 00 e8 5e 31 00 00 d9 05 f0 4f 00 00 eb 3b 
00003f1c	f3 0f 2a 45 f4 c7 44 24 08 00 00 00 e0 c7 44 24 
00003f2c	0c 7a 14 f6 3f f3 0f 59 05 f8 4f 00 00 f3 0f 5a 
00003f3c	c0 f2 0f 11 04 24 e8 67 31 00 00 dd 5d e0 f2 0f 
00003f4c	5a 45 e0 f3 0f 11 45 d4 d9 45 d4 c9 c3 55 89 e5 
00003f5c	83 ec 28 c7 44 24 08 92 0e 19 5e c7 44 24 0c 3b 
00003f6c	30 e7 3f f3 0f 10 45 10 f3 0f 5a c0 f2 0f 11 04 
00003f7c	24 e8 2c 31 00 00 dd 5d f0 f2 0f 5a 45 f0 f3 0f 
00003f8c	59 05 fc 4f 00 00 f3 0f 2c c0 89 04 24 e8 d9 30 
00003f9c	00 00 66 85 c0 74 11 98 89 45 0c c7 45 08 c8 50 
00003fac	00 00 c9 e9 be 30 00 00 c9 c3 55 31 c0 89 e5 c9 
00003fbc	c3 55 89 e5 57 56 53 83 ec 2c 8b 75 08 8b 5d 10 
00003fcc	c7 44 24 08 d8 50 00 00 a1 9c 60 00 00 89 1c 24 
00003fdc	89 44 24 04 e8 ba 30 00 00 8b 15 a0 60 00 00 89 
00003fec	54 24 04 89 04 24 e8 a8 30 00 00 c7 44 24 08 e8 
00003ffc	50 00 00 89 c7 a1 9c 60 00 00 89 1c 24 89 44 24 
0000400c	04 e8 8d 30 00 00 8b 15 a4 60 00 00 89 54 24 04 
0000401c	89 04 24 e8 7b 30 00 00 80 7e 04 00 0f 84 b2 00 
0000402c	00 00 0f be c0 89 45 e4 89 44 24 0c 89 7c 24 08 
0000403c	a1 84 60 00 00 89 34 24 89 44 24 04 e8 52 30 00 
0000404c	00 8b 15 5c 60 00 00 89 54 24 04 89 04 24 e8 40 
0000405c	30 00 00 89 c3 a1 14 60 00 00 89 34 24 89 44 24 
0000406c	04 e8 2d 30 00 00 8b 15 48 60 00 00 89 54 24 04 
0000407c	89 04 24 e8 1b 30 00 00 81 fb 6e 70 64 68 75 0b 
0000408c	39 c7 74 50 89 46 08 89 f8 eb 0f 81 fb 6b 70 73 
0000409c	69 75 41 39 c7 75 3d 8b 46 08 85 c0 74 36 8b 55 
000040ac	e4 89 44 24 08 89 54 24 0c a1 84 60 00 00 89 34 
000040bc	24 89 44 24 04 e8 d9 2f 00 00 89 45 10 a1 38 60 
000040cc	00 00 89 75 08 89 45 0c 83 c4 2c 5b 5e 5f c9 e9 
000040dc	bf 2f 00 00 83 c4 2c 5b 5e 5f c9 c3 55 89 e5 57 
000040ec	56 53 83 ec 4c a1 00 60 00 00 0f be 5d 10 89 44 
000040fc	24 04 a1 d0 60 00 00 89 04 24 e8 94 2f 00 00 8b 
0000410c	15 04 60 00 00 89 54 24 04 89 04 24 e8 82 2f 00 
0000411c	00 8b 3d d8 60 00 00 89 45 e4 8b 45 14 89 44 24 
0000412c	08 a1 a8 60 00 00 89 44 24 04 a1 d4 60 00 00 89 
0000413c	04 24 e8 5c 2f 00 00 89 5c 24 08 89 c6 a1 ac 60 
0000414c	00 00 89 44 24 04 a1 d4 60 00 00 89 04 24 e8 40 
0000415c	2f 00 00 89 c3 8b 45 08 89 44 24 08 a1 a8 60 00 
0000416c	00 89 44 24 04 a1 d4 60 00 00 89 04 24 e8 21 2f 
0000417c	00 00 89 74 24 18 89 5c 24 10 89 3c 24 c7 44 24 
0000418c	20 00 00 00 00 c7 44 24 1c f8 50 00 00 89 44 24 
0000419c	08 a1 b0 60 00 00 c7 44 24 14 e8 50 00 00 c7 44 
000041ac	24 0c d8 50 00 00 89 44 24 04 e8 e4 2e 00 00 c7 
000041bc	44 24 10 00 00 00 00 89 44 24 0c a1 b4 60 00 00 
000041cc	89 44 24 08 a1 b8 60 00 00 89 44 24 04 8b 45 18 
000041dc	89 04 24 e8 bb 2e 00 00 a1 40 60 00 00 89 44 24 
000041ec	04 8b 45 e4 89 04 24 e8 a7 2e 00 00 83 c4 4c 31 
000041fc	c0 5b 5e 5f c9 c3 55 89 e5 53 81 ec b4 00 00 00 
0000420c	8d 45 f4 8d 9d 74 ff ff ff c7 45 f4 80 00 00 00 
0000421c	c7 44 24 10 00 00 00 00 c7 44 24 0c 00 00 00 00 
0000422c	89 44 24 08 89 5c 24 04 c7 04 24 de 4f 00 00 e8 
0000423c	87 2e 00 00 85 c0 75 45 a1 bc 60 00 00 c7 44 24 
0000424c	0c 01 00 00 00 89 5c 24 08 89 44 24 04 a1 e4 60 
0000425c	00 00 89 04 24 e8 39 2e 00 00 8b 15 c0 60 00 00 
0000426c	c7 44 24 08 08 51 00 00 89 54 24 04 89 04 24 e8 
0000427c	1f 2e 00 00 ba 01 00 00 00 84 c0 75 02 31 d2 81 
0000428c	c4 b4 00 00 00 89 d0 5b c9 c3 55 89 e5 57 56 53 
0000429c	83 ec 3c 8b 7d 08 8b 5d 10 a1 34 60 00 00 89 3c 
000042ac	24 88 5d e3 89 44 24 04 e8 e6 2d 00 00 8b 15 20 
000042bc	60 00 00 89 54 24 04 89 04 24 e8 d4 2d 00 00 89 
000042cc	3c 24 89 45 e4 a1 c4 60 00 00 89 44 24 04 e8 c0 
000042dc	2d 00 00 84 c0 0f 84 55 01 00 00 88 5f 04 a1 14 
000042ec	60 00 00 89 3c 24 89 44 24 04 e8 a4 2d 00 00 8b 
000042fc	15 48 60 00 00 89 54 24 04 89 04 24 e8 92 2d 00 
0000430c	00 89 47 08 e9 09 01 00 00 a1 80 60 00 00 89 1c 
0000431c	24 89 44 24 04 e8 79 2d 00 00 3d 6e 74 6c 62 0f 
0000432c	85 ed 00 00 00 80 7d e3 00 0f 84 96 00 00 00 a1 
0000433c	54 60 00 00 89 1c 24 89 44 24 04 e8 53 2d 00 00 
0000434c	89 1c 24 89 c6 a1 48 60 00 00 89 44 24 04 e8 40 
0000435c	2d 00 00 89 f1 0f b6 d1 89 54 24 08 89 7c 24 14 
0000436c	c7 44 24 10 e8 40 00 00 c7 44 24 0c 63 72 73 73 
0000437c	c7 44 24 04 00 00 00 00 89 04 24 e8 b4 2c 00 00 
0000438c	a1 5c 60 00 00 89 1c 24 89 44 24 04 e8 02 2d 00 
0000439c	00 3d 6e 70 64 68 75 7a a1 48 60 00 00 89 1c 24 
000043ac	89 44 24 04 e8 ea 2c 00 00 3b 47 08 74 64 a1 38 
000043bc	60 00 00 89 5c 24 08 89 3c 24 89 44 24 04 e8 d0 
000043cc	2c 00 00 eb 4d a1 54 60 00 00 89 1c 24 89 44 24 
000043dc	04 e8 bd 2c 00 00 89 1c 24 89 c6 a1 48 60 00 00 
000043ec	89 44 24 04 e8 aa 2c 00 00 89 f1 0f b6 d1 c7 44 
000043fc	24 10 e8 40 00 00 c7 44 24 0c 63 72 73 73 89 54 
0000440c	24 08 c7 44 24 04 00 00 00 00 89 04 24 e8 31 2c 
0000441c	00 00 a1 24 60 00 00 89 44 24 04 8b 45 e4 89 04 
0000442c	24 e8 6d 2c 00 00 85 c0 89 c3 0f 85 d9 fe ff ff 
0000443c	83 c4 3c 5b 5e 5f c9 c3 55 89 e5 8b 45 08 0f b6 
0000444c	40 04 c9 c3 
