test/unit_test_files/fat/fat_hard:
Contents of (__TEXT,__text) section
000000000000154b	55 48 89 e5 48 83 3d 41 49 00 00 ff 75 08 8a 05 
000000000000155b	31 49 00 00 5d c3 48 8d 3d 30 49 00 00 48 8d 35 
000000000000156b	b1 3c 00 00 e8 7c 2a 00 00 eb e3 55 48 89 e5 48 
000000000000157b	8d 3d 67 2d 00 00 e8 7c 2a 00 00 48 85 c0 74 0f 
000000000000158b	48 89 c7 e8 45 2a 00 00 85 c0 0f 95 c0 eb 1e e8 
000000000000159b	8d 2a 00 00 48 85 c0 74 12 48 89 c7 e8 86 2a 00 
00000000000015ab	00 3d ff ff ff 11 0f 97 c0 eb 02 31 c0 88 05 d2 
00000000000015bb	48 00 00 5d c3 55 48 89 e5 53 50 31 db 81 ff 20 
00000000000015cb	72 6c 63 74 17 81 ff 74 69 6e 69 75 0a 48 89 f7 
00000000000015db	e8 10 00 00 00 eb 05 bb fc ff ff ff 89 d8 48 83 
00000000000015eb	c4 08 5b 5d c3 55 48 89 e5 41 57 41 56 53 48 83 
00000000000015fb	ec 78 48 89 fb 48 83 3d 90 48 00 00 ff 0f 85 f1 
000000000000160b	00 00 00 80 3d 7b 48 00 00 00 0f 84 ca 00 00 00 
000000000000161b	48 83 3d 7d 48 00 00 ff 0f 85 ee 00 00 00 c7 43 
000000000000162b	18 04 00 00 00 48 c7 45 c8 00 00 00 00 4c 8d 75 
000000000000163b	c8 4c 89 75 d0 c7 45 d8 00 00 00 20 c7 45 dc 20 
000000000000164b	00 00 00 48 8b 43 08 48 89 45 e0 48 c7 45 a8 00 
000000000000165b	00 00 00 4c 8d 7d a8 4c 89 7d b0 c7 45 b8 00 00 
000000000000166b	00 20 c7 45 bc 20 00 00 00 48 8b 43 10 48 89 45 
000000000000167b	c0 48 8b 3d 25 48 00 00 48 8b 05 c6 39 00 00 48 
000000000000168b	89 85 78 ff ff ff c7 45 80 00 00 00 c2 c7 45 84 
000000000000169b	00 00 00 00 48 8d 05 39 07 00 00 48 89 45 88 48 
00000000000016ab	8d 05 cf 3b 00 00 48 89 45 90 4c 89 75 98 4c 89 
00000000000016bb	7d a0 48 8d b5 78 ff ff ff e8 1b 29 00 00 be 08 
00000000000016cb	00 00 00 4c 89 ff e8 ea 28 00 00 be 08 00 00 00 
00000000000016db	4c 89 f7 e8 dd 28 00 00 eb 0d 48 8b 7b 08 48 8b 
00000000000016eb	73 10 e8 0f 07 00 00 31 c0 48 83 c4 78 5b 41 5e 
00000000000016fb	41 5f 5d c3 48 8d 3d 92 47 00 00 48 8d 35 13 3b 
000000000000170b	00 00 e8 de 28 00 00 e9 f7 fe ff ff 48 8d 3d 82 
000000000000171b	47 00 00 48 8d 35 3b 3b 00 00 e8 c6 28 00 00 e9 
000000000000172b	fa fe ff ff 55 48 89 e5 41 57 41 56 41 55 41 54 
000000000000173b	53 48 81 ec 58 02 00 00 49 89 d6 49 89 f7 49 89 
000000000000174b	fc 48 8b 1d 0d 39 00 00 48 8b 1b 48 89 5d d0 48 
000000000000175b	8b 35 27 44 00 00 ff 15 29 39 00 00 48 89 c1 31 
000000000000176b	c0 48 85 c9 0f 84 7d 01 00 00 4c 89 b5 80 fd ff 
000000000000177b	ff 48 8d bd 88 fd ff ff be 44 02 00 00 e8 3f 28 
000000000000178b	00 00 4c 8d ad 94 fd ff ff 48 8d 1d f5 3b 00 00 
000000000000179b	48 89 df e8 bf 28 00 00 66 89 85 94 fd ff ff 48 
00000000000017ab	8d 8d 96 fd ff ff 31 f6 48 89 df 48 89 c2 e8 9e 
00000000000017bb	28 00 00 48 8d 7d 9c be 01 00 00 00 31 d2 b9 80 
00000000000017cb	00 00 00 45 31 c0 e8 61 0a 00 00 c7 45 94 06 00 
00000000000017db	00 00 48 8d 05 67 01 00 00 48 89 45 a0 48 c7 45 
00000000000017eb	a8 00 00 00 00 c7 45 98 74 69 63 71 c7 45 b0 1e 
00000000000017fb	00 00 00 c7 45 b4 02 00 00 00 c7 45 b8 02 00 00 
000000000000180b	00 c7 45 bc 40 00 00 00 c7 45 c0 40 00 00 00 c7 
000000000000181b	45 c4 00 00 00 00 c7 45 c8 00 00 00 00 48 8b 35 
000000000000182b	61 43 00 00 4c 8b 35 5a 38 00 00 4c 89 e7 41 ff 
000000000000183b	d6 48 8b 0d d5 37 00 00 48 8b 11 48 8b 35 4b 43 
000000000000184b	00 00 48 89 c7 41 ff d6 48 89 c3 48 8b 35 43 43 
000000000000185b	00 00 48 89 df 41 ff d6 48 89 c1 66 b8 ff 00 48 
000000000000186b	81 f9 ff 00 00 00 77 10 48 8b 35 26 43 00 00 48 
000000000000187b	89 df ff 15 0d 38 00 00 66 89 85 94 fd ff ff 49 
000000000000188b	83 c5 02 44 0f b7 c0 48 8b 35 0f 43 00 00 31 c9 
000000000000189b	48 89 df 4c 89 ea 41 ff d6 48 8b 35 05 43 00 00 
00000000000018ab	48 89 df 41 ff d6 89 45 98 48 8b 35 cd 42 00 00 
00000000000018bb	4c 89 e7 41 ff d6 48 8b 35 f0 42 00 00 48 89 c7 
00000000000018cb	41 ff d6 48 89 45 a8 48 8d 95 88 fd ff ff 4c 89 
00000000000018db	ff 48 8b b5 80 fd ff ff e8 fb 0f 00 00 48 8b 1d 
00000000000018eb	71 37 00 00 48 8b 1b 48 3b 5d d0 75 12 48 81 c4 
00000000000018fb	58 02 00 00 5b 41 5c 41 5d 41 5e 41 5f 5d c3 e8 
000000000000190b	c3 26 00 00 55 48 89 e5 41 56 53 48 89 fb 4c 8d 
000000000000191b	35 70 3a 00 00 4c 89 f7 e8 3a 27 00 00 66 89 03 
000000000000192b	48 8d 4b 02 31 f6 4c 89 f7 48 89 c2 5b 41 5e 5d 
000000000000193b	e9 1c 27 00 00 55 48 89 e5 b8 06 00 00 00 5d c3 
000000000000194b	55 48 89 e5 41 57 41 56 41 55 41 54 53 48 83 ec 
000000000000195b	58 49 89 d6 49 89 f7 45 31 ed 81 ff 6f 74 65 73 
000000000000196b	7f 36 81 ff 1f 72 6c 63 7f 53 81 ff 73 63 61 56 
000000000000197b	0f 8f dc 00 00 00 81 ff 6b 72 74 43 0f 85 2e 03 
000000000000198b	00 00 49 8b 7e 10 48 8b 35 b0 42 00 00 ff 15 f2 
000000000000199b	36 00 00 e9 1e 03 00 00 81 ff 1f 6e 6f 76 7f 7a 
00000000000019ab	81 ff 70 74 65 73 0f 84 0a 03 00 00 81 ff 66 66 
00000000000019bb	6f 76 0f 84 fe 02 00 00 e9 f3 02 00 00 81 ff 73 
00000000000019cb	69 6e 69 0f 8f ce 00 00 00 81 ff 20 72 6c 63 0f 
00000000000019db	85 1b 01 00 00 4d 85 f6 0f 84 d8 02 00 00 49 8b 
00000000000019eb	7e 10 48 8b 35 fc 41 00 00 48 8b 1d 95 36 00 00 
00000000000019fb	ff d3 49 8b 7e 10 48 8b 35 f0 41 00 00 ff d3 49 
0000000000001a0b	8b 7e 20 48 85 ff 74 05 e8 38 26 00 00 4c 89 f7 
0000000000001a1b	e8 dc 25 00 00 e9 9c 02 00 00 81 ff 20 6e 6f 76 
0000000000001a2b	0f 84 90 02 00 00 81 ff 70 74 73 76 0f 85 7e 02 
0000000000001a3b	00 00 49 8b 7e 10 48 8b 35 f8 41 00 00 45 31 ed 
0000000000001a4b	31 d2 ff 15 3d 36 00 00 41 c6 46 18 00 e9 64 02 
0000000000001a5b	00 00 81 ff 6c 72 66 56 0f 8f a3 00 00 00 81 ff 
0000000000001a6b	73 63 64 56 0f 8f cd 00 00 00 81 ff 74 63 61 56 
0000000000001a7b	0f 85 7c 01 00 00 49 8b 37 48 85 f6 0f 84 46 02 
0000000000001a8b	00 00 48 8b 15 6c 41 00 00 48 8d 7d b0 e8 17 25 
0000000000001a9b	00 00 e9 3c 02 00 00 81 ff 74 69 6e 69 0f 85 83 
0000000000001aab	00 00 00 bf 01 00 00 00 be 28 00 00 00 e8 21 25 
0000000000001abb	00 00 48 89 c3 31 c0 48 85 db 41 bd 94 ff ff ff 
0000000000001acb	44 0f 45 e8 41 0f 10 47 0c 0f 11 03 4d 85 f6 74 
0000000000001adb	16 48 8b 05 8d 35 00 00 48 8b 38 4c 89 f6 e8 68 
0000000000001aeb	25 00 00 48 89 43 20 49 89 5f 20 e9 c6 01 00 00 
0000000000001afb	81 ff 67 66 6e 63 0f 85 b4 01 00 00 e9 b5 01 00 
0000000000001b0b	00 81 ff 72 6c 70 56 7f 6c 81 ff 6d 72 66 56 0f 
0000000000001b1b	84 a1 01 00 00 81 ff 76 6f 6d 56 0f 85 8f 01 00 
0000000000001b2b	00 e9 90 01 00 00 81 ff 6c 6c 75 6e 0f 85 7e 01 
0000000000001b3b	00 00 e9 7f 01 00 00 81 ff 74 63 64 56 0f 85 09 
0000000000001b4b	01 00 00 49 8b 5e 10 48 8b 35 97 40 00 00 4c 8b 
0000000000001b5b	3d 30 35 00 00 48 89 df 41 ff d7 48 8b 35 8b 40 
0000000000001b6b	00 00 48 89 df 41 ff d7 49 c7 46 10 00 00 00 00 
0000000000001b7b	e9 41 01 00 00 81 ff 73 6c 70 56 0f 85 d5 00 00 
0000000000001b8b	00 41 80 7e 18 00 0f 84 2a 01 00 00 4d 8b 76 10 
0000000000001b9b	41 8b 47 0c f2 48 0f 2a c0 f2 0f 5e 05 84 26 00 
0000000000001bab	00 49 8b 17 48 8b 35 9a 40 00 00 48 8b 1d d3 34 
0000000000001bbb	00 00 4c 89 f7 ff d3 48 8b 35 8f 40 00 00 4c 89 
0000000000001bcb	f7 ff d3 84 c0 74 12 48 8b 35 87 40 00 00 31 d2 
0000000000001bdb	4c 89 f7 ff 15 ac 34 00 00 48 8b 35 7d 40 00 00 
0000000000001beb	4c 89 f7 ff 15 9c 34 00 00 41 89 47 10 e9 c4 00 
0000000000001bfb	00 00 81 ff 74 72 61 56 0f 85 b2 00 00 00 4d 8b 
0000000000001c0b	76 10 49 8b 1f 48 8b 3d c9 41 00 00 48 8b 35 ea 
0000000000001c1b	3f 00 00 4c 8b 3d 6b 34 00 00 41 ff d7 48 8b 35 
0000000000001c2b	51 40 00 00 48 89 c7 48 89 da 41 ff d7 48 8b 35 
0000000000001c3b	49 40 00 00 48 89 c7 41 ff d7 48 8b 35 44 40 00 
0000000000001c4b	00 4c 89 f7 48 89 c2 41 ff d7 eb 6a 81 ff 77 72 
0000000000001c5b	64 56 75 5c eb 60 81 ff 79 6c 70 56 75 52 49 8b 
0000000000001c6b	5e 10 48 8b 35 cc 3f 00 00 4c 8b 25 15 34 00 00 
0000000000001c7b	ba 01 00 00 00 48 89 df 41 ff d4 49 8b 17 48 8b 
0000000000001c8b	35 e0 3f 00 00 48 89 df 41 ff d4 49 8b 57 08 48 
0000000000001c9b	8b 35 d7 3f 00 00 48 89 df 41 ff d4 48 8b 35 9a 
0000000000001cab	3f 00 00 48 89 df 41 ff d4 41 c6 46 18 01 eb 06 
0000000000001cbb	41 bd fc ff ff ff 44 89 e8 48 83 c4 58 5b 41 5c 
0000000000001ccb	41 5d 41 5e 41 5f 5d c3 0f 57 c0 0f 29 45 c0 0f 
0000000000001cdb	29 45 b0 49 8b 06 48 89 45 a8 4d 8b 66 08 48 8b 
0000000000001ceb	3d e0 40 00 00 48 8b 35 11 3f 00 00 48 8b 1d 92 
0000000000001cfb	33 00 00 ff d3 48 8b 35 09 3f 00 00 48 8b 4d c8 
0000000000001d0b	48 89 4c 24 18 48 8b 4d c0 48 89 4c 24 10 48 8b 
0000000000001d1b	4d b0 48 8b 55 b8 48 89 54 24 08 48 89 0c 24 48 
0000000000001d2b	89 c7 48 8b 55 a8 4c 89 e1 ff d3 49 89 c4 4d 85 
0000000000001d3b	e4 74 64 49 8b 56 20 48 8b 3d 8f 40 00 00 48 8b 
0000000000001d4b	35 c8 3e 00 00 ff d3 48 8b 35 c7 3e 00 00 4c 89 
0000000000001d5b	e7 48 89 c2 ff d3 48 8b 35 c0 3e 00 00 ba 01 00 
0000000000001d6b	00 00 4c 89 e7 ff d3 48 8b 35 b7 3e 00 00 ba 12 
0000000000001d7b	00 00 00 4c 89 e7 ff d3 49 8b 3f 48 8b 35 ab 3e 
0000000000001d8b	00 00 4c 89 e2 ff d3 48 8b 35 1f 3e 00 00 4c 89 
0000000000001d9b	e7 ff d3 49 89 46 10 48 8b 35 97 3e 00 00 41 0f 
0000000000001dab	be 56 18 4c 89 e7 ff d3 48 8b 35 8e 3e 00 00 4c 
0000000000001dbb	89 e7 ff d3 e9 fd fe ff ff 55 48 89 e5 48 8d 3d 
0000000000001dcb	32 25 00 00 31 f6 e8 20 22 00 00 48 89 05 cb 40 
0000000000001ddb	00 00 5d c3 55 48 89 e5 48 8b 47 20 48 8b 4f 28 
0000000000001deb	48 8b 40 08 48 8b 78 18 48 8b 41 08 48 8b 70 18 
0000000000001dfb	5d e9 00 00 00 00 55 48 89 e5 41 57 41 56 41 55 
0000000000001e0b	41 54 53 48 81 ec 48 01 00 00 49 89 f7 48 89 fb 
0000000000001e1b	48 8b 05 3e 32 00 00 48 8b 00 48 89 45 d0 e8 68 
0000000000001e2b	21 00 00 48 89 85 90 fe ff ff 48 8d 05 74 35 00 
0000000000001e3b	00 48 89 45 a0 48 8b 3d 69 3f 00 00 48 8b 35 72 
0000000000001e4b	3d 00 00 4c 8b 2d 3b 32 00 00 ba 01 00 00 00 41 
0000000000001e5b	ff d5 48 89 45 b8 48 8d 05 68 35 00 00 48 89 45 
0000000000001e6b	a8 48 8b 3d 3d 3f 00 00 48 8b 35 46 3d 00 00 31 
0000000000001e7b	d2 41 ff d5 48 89 45 c0 48 8d 05 66 35 00 00 48 
0000000000001e8b	89 45 b0 48 8b 05 b3 31 00 00 4c 8b 20 4c 89 65 
0000000000001e9b	c8 48 8b 3d 15 3f 00 00 48 8b 35 1e 3d 00 00 48 
0000000000001eab	8d 55 b8 48 8d 4d a0 41 b8 03 00 00 00 41 ff d5 
0000000000001ebb	49 89 c6 4c 89 65 98 48 8b 3d f7 3e 00 00 48 8b 
0000000000001ecb	35 00 3d 00 00 48 8d 55 98 b9 01 00 00 00 41 ff 
0000000000001edb	d5 49 89 c4 48 8b 3d e2 3e 00 00 48 8b 35 eb 3c 
0000000000001eeb	00 00 4c 89 f2 41 ff d5 48 8b 35 e6 3c 00 00 31 
0000000000001efb	c9 48 89 c7 4c 89 e2 41 ff d5 48 89 85 98 fe ff 
0000000000001f0b	ff 48 83 3d 84 3f 00 00 ff 0f 85 6b 01 00 00 80 
0000000000001f1b	3d 6f 3f 00 00 00 74 72 48 8b 05 26 31 00 00 48 
0000000000001f2b	89 85 e0 fe ff ff c7 85 e8 fe ff ff 00 00 00 c2 
0000000000001f3b	c7 85 ec fe ff ff 00 00 00 00 48 8d 05 b9 01 00 
0000000000001f4b	00 48 89 85 f0 fe ff ff 48 8d 05 56 33 00 00 48 
0000000000001f5b	89 85 f8 fe ff ff 48 8b 85 98 fe ff ff 48 89 85 
0000000000001f6b	00 ff ff ff 48 89 9d 08 ff ff ff 4c 89 bd 10 ff 
0000000000001f7b	ff ff 48 8b 3d e4 30 00 00 48 8d b5 e0 fe ff ff 
0000000000001f8b	e8 54 20 00 00 e9 c2 00 00 00 0f 57 c0 0f 29 85 
0000000000001f9b	d0 fe ff ff 0f 29 85 c0 fe ff ff 0f 29 85 b0 fe 
0000000000001fab	ff ff 0f 29 85 a0 fe ff ff 48 8b 35 2d 3c 00 00 
0000000000001fbb	48 8d 95 a0 fe ff ff 48 8d 8d 18 ff ff ff 41 b8 
0000000000001fcb	10 00 00 00 48 8b bd 98 fe ff ff ff 15 b4 30 00 
0000000000001fdb	00 49 89 c6 4d 85 f6 74 73 48 8b 85 b0 fe ff ff 
0000000000001feb	4c 8b 28 45 31 e4 48 8b 85 b0 fe ff ff 4c 39 28 
0000000000001ffb	74 0c 48 8b bd 98 fe ff ff e8 9f 1f 00 00 48 8b 
000000000000200b	85 a8 fe ff ff 4a 8b 3c e0 48 89 de 4c 89 fa e8 
000000000000201b	10 f7 ff ff 49 ff c4 4d 39 f4 72 ca 41 b8 10 00 
000000000000202b	00 00 48 8b bd 98 fe ff ff 48 8b 35 ad 3b 00 00 
000000000000203b	48 8d 95 a0 fe ff ff 48 8d 8d 18 ff ff ff ff 15 
000000000000204b	41 30 00 00 49 89 c6 4d 85 f6 75 97 48 8b bd 90 
000000000000205b	fe ff ff e8 2d 1f 00 00 48 8b 05 f6 2f 00 00 48 
000000000000206b	8b 00 48 3b 45 d0 75 2a 48 81 c4 48 01 00 00 5b 
000000000000207b	41 5c 41 5d 41 5e 41 5f 5d c3 48 8d 3d 0c 3e 00 
000000000000208b	00 48 8d 35 8d 31 00 00 e8 58 1f 00 00 e9 7d fe 
000000000000209b	ff ff e8 30 1f 00 00 55 48 89 e5 41 56 53 49 89 
00000000000020ab	f6 48 89 fb 48 8d 7b 20 49 8b 76 20 ba 08 00 00 
00000000000020bb	00 e8 f9 1e 00 00 48 83 c3 28 49 8b 76 28 ba 08 
00000000000020cb	00 00 00 48 89 df 5b 41 5e 5d e9 e0 1e 00 00 55 
00000000000020db	48 89 e5 53 50 48 89 fb 48 8b 7b 20 be 08 00 00 
00000000000020eb	00 e8 cf 1e 00 00 48 8b 7b 28 be 08 00 00 00 48 
00000000000020fb	83 c4 08 5b 5d e9 bb 1e 00 00 55 48 89 e5 41 57 
000000000000210b	41 56 41 55 41 54 53 48 81 ec c8 00 00 00 48 89 
000000000000211b	fb 48 8b 05 3d 2f 00 00 48 8b 00 48 89 45 d0 0f 
000000000000212b	57 c0 0f 29 85 40 ff ff ff 0f 29 85 30 ff ff ff 
000000000000213b	0f 29 85 20 ff ff ff 0f 29 85 10 ff ff ff 4c 8b 
000000000000214b	73 20 48 8b 35 94 3a 00 00 48 8d 95 10 ff ff ff 
000000000000215b	48 8d 8d 50 ff ff ff 41 b8 10 00 00 00 4c 89 f7 
000000000000216b	ff 15 1f 2f 00 00 49 89 c4 4d 85 e4 74 6d 48 8b 
000000000000217b	85 20 ff ff ff 4c 8b 28 45 31 ff 48 8b 85 20 ff 
000000000000218b	ff ff 4c 39 28 74 08 4c 89 f7 e8 0e 1e 00 00 48 
000000000000219b	8b 85 18 ff ff ff 4a 8b 3c f8 48 8b 73 28 48 8b 
00000000000021ab	53 30 e8 7d f5 ff ff 49 ff c7 4d 39 e7 72 cc 41 
00000000000021bb	b8 10 00 00 00 4c 89 f7 48 8b 35 1e 3a 00 00 48 
00000000000021cb	8d 95 10 ff ff ff 48 8d 8d 50 ff ff ff ff 15 b2 
00000000000021db	2e 00 00 49 89 c4 4d 85 e4 75 9d 48 8b 05 73 2e 
00000000000021eb	00 00 48 8b 00 48 3b 45 d0 75 12 48 81 c4 c8 00 
00000000000021fb	00 00 5b 41 5c 41 5d 41 5e 41 5f 5d c3 e8 c5 1d 
000000000000220b	00 00 55 48 89 e5 48 83 c7 20 48 8b 76 20 ba 03 
000000000000221b	00 00 00 5d e9 96 1d 00 00 55 48 89 e5 48 8b 7f 
000000000000222b	20 be 03 00 00 00 5d e9 89 1d 00 00 55 48 89 e5 
000000000000223b	40 88 77 03 88 57 02 88 4f 01 44 88 07 5d c3 55 
000000000000224b	48 89 e5 41 57 41 56 41 55 41 54 53 48 81 ec 58 
000000000000225b	02 00 00 48 89 cb 41 89 d7 49 89 f6 49 89 fc 4c 
000000000000226b	8b 2d ef 2d 00 00 4d 8b 6d 00 4c 89 6d d0 48 85 
000000000000227b	db 75 14 48 8d 9d 88 fd ff ff be 44 02 00 00 48 
000000000000228b	89 df e8 3a 1d 00 00 48 b8 0a 00 00 00 09 00 00 
000000000000229b	00 48 89 03 c7 43 08 44 02 00 00 4c 89 e7 44 89 
00000000000022ab	fe 48 89 da 41 ff d6 4c 3b 6d d0 75 12 48 81 c4 
00000000000022bb	58 02 00 00 5b 41 5c 41 5d 41 5e 41 5f 5d c3 e8 
00000000000022cb	03 1d 00 00 55 48 89 e5 41 57 41 56 41 55 41 54 
00000000000022db	53 48 81 ec 58 02 00 00 89 d3 49 89 f6 49 89 ff 
00000000000022eb	4c 8b 2d 6e 2d 00 00 4d 8b 6d 00 4c 89 6d d0 4c 
00000000000022fb	8d a5 88 fd ff ff be 44 02 00 00 4c 89 e7 e8 be 
000000000000230b	1c 00 00 88 9d 94 fd ff ff c7 85 88 fd ff ff 0a 
000000000000231b	00 00 00 c7 85 8c fd ff ff 09 00 00 00 c7 85 90 
000000000000232b	fd ff ff 44 02 00 00 be 6c 75 66 73 4c 89 ff 4c 
000000000000233b	89 e2 41 ff d6 4c 3b 6d d0 75 12 48 81 c4 58 02 
000000000000234b	00 00 5b 41 5c 41 5d 41 5e 41 5f 5d c3 e8 75 1c 
000000000000235b	00 00 55 48 89 e5 41 57 41 56 41 54 53 48 81 ec 
000000000000236b	50 02 00 00 49 89 f6 48 89 fb 4c 8b 25 e4 2c 00 
000000000000237b	00 4d 8b 24 24 4c 89 65 d8 4c 8d bd 90 fd ff ff 
000000000000238b	be 44 02 00 00 4c 89 ff e8 34 1c 00 00 c7 85 90 
000000000000239b	fd ff ff 0a 00 00 00 c7 85 94 fd ff ff 09 00 00 
00000000000023ab	00 c7 85 98 fd ff ff 44 02 00 00 be 74 72 61 72 
00000000000023bb	48 89 df 4c 89 fa 41 ff d6 4c 3b 65 d8 75 10 48 
00000000000023cb	81 c4 50 02 00 00 5b 41 5c 41 5e 41 5f 5d c3 e8 
00000000000023db	f3 1b 00 00 55 48 89 e5 41 57 41 56 41 55 41 54 
00000000000023eb	53 48 81 ec 58 02 00 00 4d 89 c6 41 89 cf 48 89 
00000000000023fb	d3 48 89 b5 80 fd ff ff 49 89 fd 48 8b 05 53 2c 
000000000000240b	00 00 48 8b 00 48 89 45 d0 4c 8d a5 88 fd ff ff 
000000000000241b	be 44 02 00 00 4c 89 e7 e8 a4 1b 00 00 48 89 9d 
000000000000242b	94 fd ff ff 44 89 bd 9c fd ff ff c7 85 88 fd ff 
000000000000243b	ff 0a 00 00 00 c7 85 8c fd ff ff 09 00 00 00 c7 
000000000000244b	85 90 fd ff ff 44 02 00 00 be 66 72 70 67 4c 89 
000000000000245b	ef 4c 89 e2 ff 95 80 fd ff ff 4d 85 f6 74 09 8b 
000000000000246b	8d a0 fd ff ff 41 89 0e 48 8b 0d e6 2b 00 00 48 
000000000000247b	8b 09 48 3b 4d d0 75 12 48 81 c4 58 02 00 00 5b 
000000000000248b	41 5c 41 5d 41 5e 41 5f 5d c3 e8 38 1b 00 00 55 
000000000000249b	48 89 e5 41 57 41 56 41 55 41 54 53 48 81 ec 58 
00000000000024ab	02 00 00 41 89 ce 48 89 d3 48 89 b5 80 fd ff ff 
00000000000024bb	49 89 fc 4c 8b 2d 9b 2b 00 00 4d 8b 6d 00 4c 89 
00000000000024cb	6d d0 4c 8d bd 88 fd ff ff be 44 02 00 00 4c 89 
00000000000024db	ff e8 eb 1a 00 00 48 89 9d 94 fd ff ff 44 89 b5 
00000000000024eb	9c fd ff ff c7 85 88 fd ff ff 0a 00 00 00 c7 85 
00000000000024fb	8c fd ff ff 09 00 00 00 c7 85 90 fd ff ff 44 02 
000000000000250b	00 00 be 66 72 70 73 4c 89 e7 4c 89 fa ff 95 80 
000000000000251b	fd ff ff 4c 3b 6d d0 75 12 48 81 c4 58 02 00 00 
000000000000252b	5b 41 5c 41 5d 41 5e 41 5f 5d c3 e8 97 1a 00 00 
000000000000253b	55 48 89 e5 41 57 41 56 41 55 41 54 53 48 81 ec 
000000000000254b	68 02 00 00 4c 89 8d 78 fd ff ff 45 89 c7 49 89 
000000000000255b	cc 48 89 d3 48 89 b5 80 fd ff ff 49 89 fd 48 8b 
000000000000256b	05 f0 2a 00 00 48 8b 00 48 89 45 d0 4c 8d b5 88 
000000000000257b	fd ff ff be 44 02 00 00 4c 89 f7 e8 41 1a 00 00 
000000000000258b	48 89 9d 94 fd ff ff 4c 89 a5 9c fd ff ff 44 89 
000000000000259b	bd a4 fd ff ff c7 85 88 fd ff ff 0a 00 00 00 c7 
00000000000025ab	85 8c fd ff ff 09 00 00 00 c7 85 90 fd ff ff 44 
00000000000025bb	02 00 00 be 72 70 6e 67 4c 89 ef 4c 89 f2 ff 95 
00000000000025cb	80 fd ff ff 48 8b 95 78 fd ff ff 48 85 d2 74 08 
00000000000025db	8b 8d a8 fd ff ff 89 0a 48 8b 0d 76 2a 00 00 48 
00000000000025eb	8b 09 48 3b 4d d0 75 12 48 81 c4 68 02 00 00 5b 
00000000000025fb	41 5c 41 5d 41 5e 41 5f 5d c3 e8 c8 19 00 00 55 
000000000000260b	48 89 e5 41 57 41 56 41 55 41 54 53 48 81 ec 58 
000000000000261b	02 00 00 45 89 c6 49 89 cf 48 89 d3 48 89 b5 80 
000000000000262b	fd ff ff 49 89 fd 48 8b 05 28 2a 00 00 48 8b 00 
000000000000263b	48 89 45 d0 4c 8d a5 88 fd ff ff be 44 02 00 00 
000000000000264b	4c 89 e7 e8 79 19 00 00 48 89 9d 94 fd ff ff 4c 
000000000000265b	89 bd 9c fd ff ff 44 89 b5 a4 fd ff ff c7 85 88 
000000000000266b	fd ff ff 0a 00 00 00 c7 85 8c fd ff ff 09 00 00 
000000000000267b	00 c7 85 90 fd ff ff 44 02 00 00 be 72 70 6e 73 
000000000000268b	4c 89 ef 4c 89 e2 ff 95 80 fd ff ff 48 8b 0d c2 
000000000000269b	29 00 00 48 8b 09 48 3b 4d d0 75 12 48 81 c4 58 
00000000000026ab	02 00 00 5b 41 5c 41 5d 41 5e 41 5f 5d c3 e8 14 
00000000000026bb	19 00 00 55 48 89 e5 41 57 41 56 41 54 53 48 81 
00000000000026cb	ec 50 02 00 00 49 89 f6 48 89 fb 4c 8b 25 83 29 
00000000000026db	00 00 4d 8b 24 24 4c 89 65 d8 4c 8d bd 90 fd ff 
00000000000026eb	ff be 44 02 00 00 4c 89 ff e8 d3 18 00 00 c7 85 
00000000000026fb	90 fd ff ff 0a 00 00 00 c7 85 94 fd ff ff 09 00 
000000000000270b	00 00 c7 85 98 fd ff ff 44 02 00 00 be 65 6c 64 
000000000000271b	69 48 89 df 4c 89 fa 41 ff d6 4c 3b 65 d8 75 10 
000000000000272b	48 81 c4 50 02 00 00 5b 41 5c 41 5e 41 5f 5d c3 
000000000000273b	e8 92 18 00 00 55 48 89 e5 41 57 41 56 41 54 53 
000000000000274b	48 81 ec 50 02 00 00 49 89 f6 48 89 fb 4c 8b 25 
000000000000275b	01 29 00 00 4d 8b 24 24 4c 89 65 d8 4c 8d bd 90 
000000000000276b	fd ff ff be 44 02 00 00 4c 89 ff e8 51 18 00 00 
000000000000277b	c7 85 90 fd ff ff 0a 00 00 00 c7 85 94 fd ff ff 
000000000000278b	09 00 00 00 c7 85 98 fd ff ff 44 02 00 00 be 75 
000000000000279b	6f 62 61 48 89 df 4c 89 fa 41 ff d6 4c 3b 65 d8 
00000000000027ab	75 10 48 81 c4 50 02 00 00 5b 41 5c 41 5e 41 5f 
00000000000027bb	5d c3 e8 10 18 00 00 55 48 89 e5 41 57 41 56 41 
00000000000027cb	55 41 54 53 48 81 ec 58 02 00 00 41 89 ce 48 89 
00000000000027db	d3 48 89 b5 80 fd ff ff 49 89 fc 4c 8b 2d 73 28 
00000000000027eb	00 00 4d 8b 6d 00 4c 89 6d d0 4c 8d bd 88 fd ff 
00000000000027fb	ff be 44 02 00 00 4c 89 ff e8 c3 17 00 00 48 89 
000000000000280b	9d 94 fd ff ff 44 89 b5 9c fd ff ff c7 85 88 fd 
000000000000281b	ff ff 0a 00 00 00 c7 85 8c fd ff ff 09 00 00 00 
000000000000282b	c7 85 90 fd ff ff 44 02 00 00 be 20 6c 72 75 4c 
000000000000283b	89 e7 4c 89 fa ff 95 80 fd ff ff 4c 3b 6d d0 75 
000000000000284b	12 48 81 c4 58 02 00 00 5b 41 5c 41 5d 41 5e 41 
000000000000285b	5f 5d c3 e8 6f 17 00 00 55 48 89 e5 41 57 41 56 
000000000000286b	41 54 53 48 81 ec 50 02 00 00 48 89 d3 49 89 f6 
000000000000287b	49 89 ff 4c 8b 25 db 27 00 00 4d 8b 24 24 4c 89 
000000000000288b	65 d8 48 85 db 75 14 48 8d 9d 90 fd ff ff be 44 
000000000000289b	02 00 00 48 89 df e8 26 17 00 00 48 b8 0a 00 00 
00000000000028ab	00 09 00 00 00 48 89 03 c7 43 08 44 02 00 00 be 
00000000000028bb	67 72 6e 75 4c 89 ff 48 89 da 41 ff d6 4c 3b 65 
00000000000028cb	d8 75 10 48 81 c4 50 02 00 00 5b 41 5c 41 5e 41 
00000000000028db	5f 5d c3 e8 ef 16 00 00 55 48 89 e5 41 57 41 56 
00000000000028eb	41 54 53 48 81 ec 50 02 00 00 48 89 d3 49 89 f6 
00000000000028fb	49 89 ff 4c 8b 25 5b 27 00 00 4d 8b 24 24 4c 89 
000000000000290b	65 d8 48 85 db 75 14 48 8d 9d 90 fd ff ff be 44 
000000000000291b	02 00 00 48 89 df e8 a6 16 00 00 48 b8 0a 00 00 
000000000000292b	00 07 00 00 00 48 89 03 c7 43 08 44 02 00 00 be 
000000000000293b	76 67 65 72 4c 89 ff 48 89 da 41 ff d6 4c 3b 65 
000000000000294b	d8 75 10 48 81 c4 50 02 00 00 5b 41 5c 41 5e 41 
000000000000295b	5f 5d c3 e8 6f 16 00 00 55 48 89 e5 41 57 41 56 
000000000000296b	41 55 41 54 53 48 81 ec 58 02 00 00 48 89 d3 49 
000000000000297b	89 f6 49 89 ff 4c 8b 2d d9 26 00 00 4d 8b 6d 00 
000000000000298b	4c 89 6d d0 4c 8d a5 88 fd ff ff be 44 02 00 00 
000000000000299b	4c 89 e7 e8 29 16 00 00 48 89 9d 94 fd ff ff c7 
00000000000029ab	85 88 fd ff ff 0a 00 00 00 c7 85 8c fd ff ff 09 
00000000000029bb	00 00 00 c7 85 90 fd ff ff 44 02 00 00 be 73 66 
00000000000029cb	74 69 4c 89 ff 4c 89 e2 41 ff d6 4c 3b 6d d0 75 
00000000000029db	12 48 81 c4 58 02 00 00 5b 41 5c 41 5d 41 5e 41 
00000000000029eb	5f 5d c3 e8 df 15 00 00 55 48 89 e5 41 57 41 56 
00000000000029fb	41 55 41 54 53 48 81 ec 58 02 00 00 49 89 ce 48 
0000000000002a0b	89 d3 48 89 b5 80 fd ff ff 49 89 fc 4c 8b 2d 42 
0000000000002a1b	26 00 00 4d 8b 6d 00 4c 89 6d d0 4c 8d bd 88 fd 
0000000000002a2b	ff ff be 44 02 00 00 4c 89 ff e8 92 15 00 00 48 
0000000000002a3b	89 9d 94 fd ff ff 4c 89 b5 9c fd ff ff c7 85 88 
0000000000002a4b	fd ff ff 0a 00 00 00 c7 85 8c fd ff ff 09 00 00 
0000000000002a5b	00 c7 85 90 fd ff ff 44 02 00 00 be 69 74 66 67 
0000000000002a6b	4c 89 e7 4c 89 fa ff 95 80 fd ff ff 4c 3b 6d d0 
0000000000002a7b	75 12 48 81 c4 58 02 00 00 5b 41 5c 41 5d 41 5e 
0000000000002a8b	41 5f 5d c3 e8 3e 15 00 00 55 48 89 e5 41 57 41 
0000000000002a9b	56 41 55 41 54 53 48 81 ec 58 02 00 00 49 89 ce 
0000000000002aab	48 89 d3 48 89 b5 80 fd ff ff 49 89 fc 4c 8b 2d 
0000000000002abb	a1 25 00 00 4d 8b 6d 00 4c 89 6d d0 4c 8d bd 88 
0000000000002acb	fd ff ff be 44 02 00 00 4c 89 ff e8 f1 14 00 00 
0000000000002adb	48 89 9d 94 fd ff ff 4c 89 b5 9c fd ff ff c7 85 
0000000000002aeb	88 fd ff ff 0a 00 00 00 c7 85 8c fd ff ff 09 00 
0000000000002afb	00 00 c7 85 90 fd ff ff 44 02 00 00 be 69 74 66 
0000000000002b0b	73 4c 89 e7 4c 89 fa ff 95 80 fd ff ff 4c 3b 6d 
0000000000002b1b	d0 75 12 48 81 c4 58 02 00 00 5b 41 5c 41 5d 41 
0000000000002b2b	5e 41 5f 5d c3 e8 9d 14 00 00 55 48 89 e5 41 57 
0000000000002b3b	41 56 41 55 41 54 53 48 81 ec 58 02 00 00 4d 89 
0000000000002b4b	c4 89 8d 84 fd ff ff 41 89 d7 49 89 f5 48 89 fb 
0000000000002b5b	48 8b 05 fe 24 00 00 48 8b 00 48 89 45 d0 41 c7 
0000000000002b6b	04 24 00 00 00 00 4c 8d b5 88 fd ff ff be 44 02 
0000000000002b7b	00 00 4c 89 f7 e8 47 14 00 00 c7 85 88 fd ff ff 
0000000000002b8b	0a 00 00 00 c7 85 8c fd ff ff 09 00 00 00 c7 85 
0000000000002b9b	90 fd ff ff 44 02 00 00 be 7a 73 74 69 48 89 df 
0000000000002bab	4c 89 f2 41 ff d5 85 c0 74 1b 41 83 ff 0a 8b 8d 
0000000000002bbb	84 fd ff ff 75 28 83 f9 02 75 23 41 c7 04 24 40 
0000000000002bcb	10 00 00 eb 31 8b 85 94 fd ff ff 3d 60 16 00 00 
0000000000002bdb	b9 60 16 00 00 0f 46 c8 41 89 0c 24 eb 18 b8 ce 
0000000000002beb	ff ff ff 41 83 ff 0a 75 0f 83 f9 03 75 0a 41 c7 
0000000000002bfb	04 24 50 12 00 00 31 c0 48 8b 0d 56 24 00 00 48 
0000000000002c0b	8b 09 48 3b 4d d0 75 12 48 81 c4 58 02 00 00 5b 
0000000000002c1b	41 5c 41 5d 41 5e 41 5f 5d c3 e8 a8 13 00 00 55 
0000000000002c2b	48 89 e5 41 57 41 56 41 54 53 48 83 ec 30 49 89 
0000000000002c3b	ce 49 89 d7 48 89 7d d0 48 8b 05 ae 31 00 00 48 
0000000000002c4b	89 45 d8 48 8b 35 43 30 00 00 48 8b 45 28 48 89 
0000000000002c5b	44 24 18 48 8b 45 20 48 89 44 24 10 48 8b 45 10 
0000000000002c6b	48 8b 4d 18 48 89 4c 24 08 48 89 04 24 48 8d 7d 
0000000000002c7b	d0 e8 2d 13 00 00 48 89 c3 48 85 db 74 27 48 8b 
0000000000002c8b	35 10 30 00 00 4c 8b 25 f9 23 00 00 48 89 df 4c 
0000000000002c9b	89 fa 41 ff d4 48 8b 35 01 30 00 00 48 89 df 4c 
0000000000002cab	89 f2 41 ff d4 48 8b 35 f9 2f 00 00 48 89 df ff 
0000000000002cbb	15 d0 23 00 00 48 89 d8 48 83 c4 30 5b 41 5c 41 
0000000000002ccb	5e 41 5f 5d c3 55 48 89 e5 53 50 89 d3 48 8b 05 
0000000000002cdb	21 31 00 00 0f b6 0c 07 0f b6 d3 39 d1 74 30 88 
0000000000002ceb	1c 07 31 c0 e8 7e 12 00 00 84 db 74 11 84 c0 75 
0000000000002cfb	1e 31 c0 48 83 c4 08 5b 5d e9 7b 12 00 00 84 c0 
0000000000002d0b	74 0d 31 c0 48 83 c4 08 5b 5d e9 4c 12 00 00 48 
0000000000002d1b	83 c4 08 5b 5d c3 55 48 89 e5 41 56 53 48 83 ec 
0000000000002d2b	10 48 89 fb 48 8b 05 d2 30 00 00 48 8b 3c 03 48 
0000000000002d3b	8b 35 b7 2e 00 00 4c 8b 35 48 23 00 00 41 ff d6 
0000000000002d4b	48 8b 35 66 2f 00 00 48 89 df 41 ff d6 48 89 5d 
0000000000002d5b	e0 48 8b 05 95 30 00 00 48 89 45 e8 48 8b 35 52 
0000000000002d6b	2f 00 00 48 8d 7d e0 e8 37 12 00 00 48 83 c4 10 
0000000000002d7b	5b 41 5e 5d c3 55 48 89 e5 41 57 41 56 53 50 49 
0000000000002d8b	89 fe 48 8b 35 34 2f 00 00 48 89 d7 ff 15 f3 22 
0000000000002d9b	00 00 48 85 c0 48 8b 0d c9 22 00 00 48 8b 39 74 
0000000000002dab	0c 31 f6 48 89 c2 e8 88 12 00 00 eb 15 48 8b 15 
0000000000002dbb	b9 22 00 00 48 8b 0d ba 22 00 00 31 f6 e8 6b 12 
0000000000002dcb	00 00 49 89 c7 48 8b 35 f9 2e 00 00 48 8b 1d b2 
0000000000002ddb	22 00 00 4c 89 f7 ff d3 48 8b 35 ce 2d 00 00 48 
0000000000002deb	89 c7 ff d3 48 89 c3 48 8d 35 17 26 00 00 4c 89 
0000000000002dfb	ff 48 85 db 74 0a 48 89 da e8 41 12 00 00 eb 05 
0000000000002e0b	e8 34 12 00 00 4c 89 ff e8 66 11 00 00 4c 89 ff 
0000000000002e1b	e8 30 12 00 00 48 8b 35 d1 2d 00 00 48 89 df 48 
0000000000002e2b	83 c4 08 5b 41 5e 41 5f 5d ff 25 56 22 00 00 55 
0000000000002e3b	48 89 e5 41 57 41 56 41 55 41 54 53 50 49 89 cc 
0000000000002e4b	49 89 d6 49 89 ff 48 8b 05 d8 21 00 00 48 8b 10 
0000000000002e5b	48 8b 35 76 2e 00 00 4c 8b 2d 27 22 00 00 41 ff 
0000000000002e6b	d5 48 8b 35 6d 2e 00 00 48 89 c7 41 ff d5 48 89 
0000000000002e7b	c3 48 8b 3d 65 2f 00 00 48 8b 35 7e 2d 00 00 41 
0000000000002e8b	ff d5 48 85 db 74 15 48 8b 35 4f 2e 00 00 48 89 
0000000000002e9b	c7 48 89 da ff 15 eb 21 00 00 eb 10 48 8b 35 42 
0000000000002eab	2e 00 00 48 89 c7 ff 15 d9 21 00 00 48 89 c3 4c 
0000000000002ebb	89 e7 48 89 de 41 ff 54 24 10 48 8b 35 2c 2e 00 
0000000000002ecb	00 4c 89 ff 48 89 da 4c 89 f1 41 ff d5 48 8b 35 
0000000000002edb	19 2d 00 00 48 89 df 4c 89 e8 48 83 c4 08 5b 41 
0000000000002eeb	5c 41 5d 41 5e 41 5f 5d ff e0 55 48 89 e5 48 83 
0000000000002efb	ec 30 48 8b 05 04 2f 00 00 48 39 14 07 74 59 48 
0000000000002f0b	89 14 07 48 8b 05 1b 21 00 00 48 8b 00 48 8b 0d 
0000000000002f1b	31 21 00 00 48 89 4d d0 c7 45 d8 00 00 00 c2 c7 
0000000000002f2b	45 dc 00 00 00 00 48 8d 0d 31 00 00 00 48 89 4d 
0000000000002f3b	e0 48 8d 0d 9d 23 00 00 48 89 4d e8 48 89 7d f0 
0000000000002f4b	48 89 55 f8 48 8b 35 ba 2d 00 00 48 8d 4d d0 48 
0000000000002f5b	89 c2 ff 15 2d 21 00 00 48 83 c4 30 5d c3 55 48 
0000000000002f6b	89 e5 41 56 53 49 89 f6 48 89 fb 48 8b 7b 20 48 
0000000000002f7b	8b 35 4f 2d 00 00 ff 15 09 21 00 00 48 85 c0 74 
0000000000002f8b	1f 48 8b 53 28 48 8b 35 69 2d 00 00 48 8d 0d 72 
0000000000002f9b	24 00 00 4c 89 f7 5b 41 5e 5d ff 25 e5 20 00 00 
0000000000002fab	48 8b 35 56 2d 00 00 48 8d 15 57 24 00 00 4c 89 
0000000000002fbb	f7 5b 41 5e 5d ff 25 ca 20 00 00 55 48 89 e5 41 
0000000000002fcb	56 53 49 89 f6 48 89 fb 48 8d 7b 20 49 8b 76 20 
0000000000002fdb	ba 03 00 00 00 e8 d5 0f 00 00 48 83 c3 28 49 8b 
0000000000002feb	76 28 ba 03 00 00 00 48 89 df 5b 41 5e 5d e9 bc 
0000000000002ffb	0f 00 00 55 48 89 e5 53 50 48 89 fb 48 8b 7b 20 
000000000000300b	be 03 00 00 00 e8 ab 0f 00 00 48 8b 7b 28 be 03 
000000000000301b	00 00 00 48 83 c4 08 5b 5d e9 97 0f 00 00 55 48 
000000000000302b	89 e5 48 8b 05 d4 2d 00 00 48 8b 04 07 5d c3 55 
000000000000303b	48 89 e5 48 83 ec 30 48 85 d2 74 51 48 8b 05 e2 
000000000000304b	1f 00 00 48 8b 00 48 8b 0d f8 1f 00 00 48 89 4d 
000000000000305b	d8 c7 45 e0 00 00 00 c0 c7 45 e4 00 00 00 00 48 
000000000000306b	8d 0d 2d 00 00 00 48 89 4d e8 48 8d 0d 94 22 00 
000000000000307b	00 48 89 4d f0 48 89 55 f8 48 8b 35 85 2c 00 00 
000000000000308b	48 8d 4d d8 48 89 c2 ff 15 f8 1f 00 00 48 83 c4 
000000000000309b	30 5d c3 55 48 89 e5 41 57 41 56 53 50 49 89 f6 
00000000000030ab	48 89 fb 48 8b 53 20 0f b7 4a 04 48 85 c9 74 37 
00000000000030bb	48 8b 3d 2e 2d 00 00 48 83 c2 06 48 8b 35 4b 2c 
00000000000030cb	00 00 4c 8b 3d bc 1f 00 00 41 ff d7 48 8b 35 22 
00000000000030db	2c 00 00 48 8d 0d 4b 23 00 00 4c 89 f7 48 89 c2 
00000000000030eb	41 ff d7 48 8b 53 20 0f b7 8a 04 02 00 00 48 85 
00000000000030fb	c9 74 3a 48 8b 3d eb 2c 00 00 48 81 c2 06 02 00 
000000000000310b	00 48 8b 35 05 2c 00 00 4c 8b 3d 76 1f 00 00 41 
000000000000311b	ff d7 48 8b 35 dc 2b 00 00 48 8d 0d 25 23 00 00 
000000000000312b	4c 89 f7 48 89 c2 41 ff d7 48 8b 53 20 0f b7 8a 
000000000000313b	04 04 00 00 48 85 c9 74 41 48 8b 3d a5 2c 00 00 
000000000000314b	48 81 c2 06 04 00 00 48 8b 35 bf 2b 00 00 48 8b 
000000000000315b	1d 30 1f 00 00 ff d3 48 8b 35 97 2b 00 00 48 8d 
000000000000316b	0d 00 23 00 00 4c 89 f7 48 89 c2 48 89 d8 48 83 
000000000000317b	c4 08 5b 41 5e 41 5f 5d ff e0 48 83 c4 08 5b 41 
000000000000318b	5e 41 5f 5d c3 55 48 89 e5 41 56 53 48 83 ec 30 
000000000000319b	48 89 fb 48 85 d2 74 58 48 8b 05 86 1e 00 00 48 
00000000000031ab	8b 00 48 8b 0d 9c 1e 00 00 48 89 4d c0 c7 45 c8 
00000000000031bb	00 00 00 c2 c7 45 cc 00 00 00 00 48 8d 0d 6e 00 
00000000000031cb	00 00 48 89 4d d0 48 8d 0d 58 21 00 00 48 89 4d 
00000000000031db	d8 48 89 55 e8 48 89 5d e0 48 8b 35 25 2b 00 00 
00000000000031eb	48 8d 4d c0 48 89 df 48 89 c2 ff 15 95 1e 00 00 
00000000000031fb	48 8b 3d ae 2b 00 00 48 8b 35 b7 29 00 00 4c 8b 
000000000000320b	35 80 1e 00 00 ba 01 00 00 00 41 ff d6 48 8b 0d 
000000000000321b	21 1e 00 00 48 8b 09 48 8b 35 cf 2a 00 00 48 89 
000000000000322b	df 48 89 c2 41 ff d6 48 83 c4 30 5b 41 5e 5d c3 
000000000000323b	55 48 89 e5 41 57 41 56 53 50 49 89 f6 49 89 ff 
000000000000324b	49 8b 57 28 0f b7 4a 08 48 85 c9 74 35 48 8b 3d 
000000000000325b	91 2b 00 00 48 83 c2 0a 48 8b 35 ae 2a 00 00 48 
000000000000326b	8b 1d 1f 1e 00 00 ff d3 48 8b 35 86 2a 00 00 48 
000000000000327b	8d 0d 0f 22 00 00 4c 89 f7 48 89 c2 ff d3 49 8b 
000000000000328b	57 28 0f b7 8a 08 04 00 00 48 85 c9 74 38 48 8b 
000000000000329b	3d 50 2b 00 00 48 81 c2 0a 04 00 00 48 8b 35 6a 
00000000000032ab	2a 00 00 48 8b 1d db 1d 00 00 ff d3 48 8b 35 42 
00000000000032bb	2a 00 00 48 8d 0d eb 21 00 00 4c 89 f7 48 89 c2 
00000000000032cb	ff d3 49 8b 57 28 0f b7 8a 08 06 00 00 48 85 c9 
00000000000032db	74 38 48 8b 3d 0c 2b 00 00 48 81 c2 0a 06 00 00 
00000000000032eb	48 8b 35 26 2a 00 00 48 8b 1d 97 1d 00 00 ff d3 
00000000000032fb	48 8b 35 fe 29 00 00 48 8d 0d c7 21 00 00 4c 89 
000000000000330b	f7 48 89 c2 ff d3 49 8b 57 28 0f b7 8a 08 08 00 
000000000000331b	00 48 85 c9 74 38 48 8b 3d c8 2a 00 00 48 81 c2 
000000000000332b	0a 08 00 00 48 8b 35 e2 29 00 00 48 8b 1d 53 1d 
000000000000333b	00 00 ff d3 48 8b 35 ba 29 00 00 48 8d 0d a3 21 
000000000000334b	00 00 4c 89 f7 48 89 c2 ff d3 49 8b 57 28 8b 82 
000000000000335b	08 10 00 00 85 c0 74 33 48 8b 3d 46 2a 00 00 48 
000000000000336b	8b 35 af 29 00 00 48 8b 1d 18 1d 00 00 89 c2 ff 
000000000000337b	d3 48 8b 35 7d 29 00 00 48 8d 0d 86 21 00 00 4c 
000000000000338b	89 f7 48 89 c2 ff d3 49 8b 57 28 8b 82 0c 10 00 
000000000000339b	00 85 c0 74 33 48 8b 3d 09 2a 00 00 48 8b 35 72 
00000000000033ab	29 00 00 48 8b 1d db 1c 00 00 89 c2 ff d3 48 8b 
00000000000033bb	35 40 29 00 00 48 8d 0d 69 21 00 00 4c 89 f7 48 
00000000000033cb	89 c2 ff d3 49 8b 57 28 0f b7 82 10 10 00 00 85 
00000000000033db	c0 74 33 48 8b 3d cb 29 00 00 48 8b 35 34 29 00 
00000000000033eb	00 48 8b 1d 9d 1c 00 00 89 c2 ff d3 48 8b 35 02 
00000000000033fb	29 00 00 48 8d 0d 4b 21 00 00 4c 89 f7 48 89 c2 
000000000000340b	ff d3 49 8b 57 28 0f b7 82 44 12 00 00 85 c0 74 
000000000000341b	33 48 8b 3d 8d 29 00 00 48 8b 35 f6 28 00 00 48 
000000000000342b	8b 1d 5f 1c 00 00 89 c2 ff d3 48 8b 35 c4 28 00 
000000000000343b	00 48 8d 0d 2d 21 00 00 4c 89 f7 48 89 c2 ff d3 
000000000000344b	49 8b 57 28 0f b7 82 46 12 00 00 85 c0 74 33 48 
000000000000345b	8b 3d 4f 29 00 00 48 8b 35 b8 28 00 00 48 8b 1d 
000000000000346b	21 1c 00 00 89 c2 ff d3 48 8b 35 86 28 00 00 48 
000000000000347b	8d 0d 0f 21 00 00 4c 89 f7 48 89 c2 ff d3 49 8b 
000000000000348b	57 28 66 8b 82 42 12 00 00 66 85 c0 74 3d 48 8b 
000000000000349b	3d 10 29 00 00 0f b7 c0 69 d0 cd cc 00 00 c1 ea 
00000000000034ab	14 48 8b 35 6d 28 00 00 48 8b 1d d6 1b 00 00 ff 
00000000000034bb	d3 48 8b 35 3d 28 00 00 48 8d 0d e6 20 00 00 4c 
00000000000034cb	89 f7 48 89 c2 ff d3 49 8b 57 28 8b 82 48 12 00 
00000000000034db	00 85 c0 74 33 48 8b 3d c9 28 00 00 48 8b 35 32 
00000000000034eb	28 00 00 48 8b 1d 9b 1b 00 00 89 c2 ff d3 48 8b 
00000000000034fb	35 00 28 00 00 48 8d 0d c9 20 00 00 4c 89 f7 48 
000000000000350b	89 c2 ff d3 49 8b 57 28 8b 82 14 10 00 00 85 c0 
000000000000351b	74 53 8b 8a 1c 10 00 00 85 c9 48 8b 3d 84 28 00 
000000000000352b	00 74 0d 2b 8a 18 10 00 00 f2 48 0f 2a c1 eb 07 
000000000000353b	89 c0 f2 48 0f 2a c0 f2 0f 5e 05 e6 0c 00 00 48 
000000000000354b	8b 35 d7 27 00 00 48 8b 1d 38 1b 00 00 ff d3 48 
000000000000355b	8b 35 9f 27 00 00 48 8d 0d 88 20 00 00 4c 89 f7 
000000000000356b	48 89 c2 ff d3 49 8b 7f 20 48 8b 35 b5 27 00 00 
000000000000357b	4c 89 f2 48 83 c4 08 5b 41 5e 41 5f 5d ff 25 02 
000000000000358b	1b 00 00 55 48 89 e5 48 83 c7 20 48 8b 76 20 ba 
000000000000359b	03 00 00 00 5d e9 15 0a 00 00 55 48 89 e5 48 8b 
00000000000035ab	7f 20 be 03 00 00 00 5d e9 08 0a 00 00 55 48 89 
00000000000035bb	e5 41 57 41 56 53 50 48 89 fb 48 8b 35 6c 27 00 
00000000000035cb	00 4c 8b 3d bd 1a 00 00 41 ff d7 49 89 c6 48 8b 
00000000000035db	35 60 27 00 00 48 89 df 41 ff d7 4c 89 f7 48 89 
00000000000035eb	c6 48 83 c4 08 5b 41 5e 41 5f 5d e9 62 ed ff ff 
00000000000035fb	55 48 89 e5 41 57 41 56 41 55 41 54 53 48 81 ec 
000000000000360b	98 01 00 00 f2 0f 11 85 40 fe ff ff 49 89 d6 48 
000000000000361b	89 bd 48 fe ff ff 4d 85 f6 0f 84 d1 01 00 00 4d 
000000000000362b	8d 46 01 45 31 ff 66 0f 6f 05 07 0c 00 00 4c 8d 
000000000000363b	0d 30 0c 00 00 41 ba ff 00 00 00 66 0f 76 d2 66 
000000000000364b	0f ef c9 b8 00 01 00 00 4c 89 c2 f3 0f 6f 1a 66 
000000000000365b	0f da d3 66 0f de cb 48 83 c2 10 48 83 c0 f0 75 
000000000000366b	ea 66 0f 70 da 4e 66 0f da da 66 0f 70 d3 e5 66 
000000000000367b	0f da d3 66 0f 6f da 66 0f 72 d3 10 66 0f da da 
000000000000368b	66 0f 6f d3 66 0f 71 d2 08 66 0f 6f e3 66 0f ef 
000000000000369b	e0 66 0f ef d0 66 0f 64 d4 66 0f 7f 95 70 fe ff 
00000000000036ab	ff 66 0f 7f 9d 50 fe ff ff f6 85 70 fe ff ff 01 
00000000000036bb	75 08 8a 85 51 fe ff ff eb 06 8a 85 50 fe ff ff 
00000000000036cb	66 0f 70 d1 4e 66 0f de d1 66 0f 70 ca e5 66 0f 
00000000000036db	de ca 66 0f 6f d1 66 0f 72 d2 10 66 0f de d1 66 
00000000000036eb	0f 6f ca 66 0f 71 d1 08 66 0f 6f da 66 0f ef d8 
00000000000036fb	66 0f ef c8 66 0f 64 d9 66 0f 7f 9d 80 fe ff ff 
000000000000370b	66 0f 7f 95 60 fe ff ff f6 85 80 fe ff ff 01 75 
000000000000371b	08 8a 95 61 fe ff ff eb 06 8a 95 60 fe ff ff 0f 
000000000000372b	b6 d2 83 c2 80 0f b6 c0 be 80 00 00 00 29 c6 39 
000000000000373b	f2 0f 4d f2 01 f6 48 63 c6 4a 89 84 fd c8 fe ff 
000000000000374b	ff 45 31 db 31 f6 4b 0f bf 1c 59 31 d2 31 c0 48 
000000000000375b	89 c1 8d 04 16 48 0f bf c0 4c 89 ff 48 c1 e7 09 
000000000000376b	4c 01 f7 0f b6 84 38 02 04 00 00 48 01 c8 ff c2 
000000000000377b	0f bf ca 39 d9 7c d8 66 85 db 66 b9 01 00 66 0f 
000000000000378b	4f cb 01 ce 48 99 48 f7 fb 48 8d 14 40 48 89 d0 
000000000000379b	49 83 fb 06 7f 11 48 c1 f8 3f 48 c1 e8 3e 48 01 
00000000000037ab	d0 48 c1 f8 02 eb 0a 48 c1 e8 3f 48 01 d0 48 d1 
00000000000037bb	f8 48 3d ff 00 00 00 49 0f 4f c2 4c 89 f9 48 c1 
00000000000037cb	e1 07 48 8d 8c 0d c8 fe ff ff 4a 89 44 d9 10 49 
00000000000037db	ff c3 49 83 fb 10 0f 85 6a ff ff ff 49 ff c7 49 
00000000000037eb	81 c0 00 02 00 00 49 83 ff 02 0f 85 4b fe ff ff 
00000000000037fb	31 c0 e8 6a 07 00 00 84 c0 0f 84 94 00 00 00 c7 
000000000000380b	85 98 fe ff ff 00 00 00 00 f2 0f 10 05 14 0a 00 
000000000000381b	00 f2 0f 59 85 40 fe ff ff f2 48 0f 2c c0 89 85 
000000000000382b	9c fe ff ff 8a 85 c8 fe ff ff 88 85 a0 fe ff ff 
000000000000383b	8a 85 d0 fe ff ff 88 85 a1 fe ff ff b8 12 00 00 
000000000000384b	00 66 0f 6f 05 fc 09 00 00 f3 0f 6f 8c c5 48 fe 
000000000000385b	ff ff 66 0f 38 00 c8 66 0f 7e c9 66 89 8c 05 90 
000000000000386b	fe ff ff f3 0f 6f 8c c5 c8 fe ff ff 66 0f 38 00 
000000000000387b	c8 66 0f 7e c9 66 89 8c 05 a0 fe ff ff 48 83 c0 
000000000000388b	02 48 83 f8 22 75 c2 48 8d bd 90 fe ff ff e8 da 
000000000000389b	06 00 00 48 8b 3d 43 25 00 00 48 8b 35 5c 23 00 
00000000000038ab	00 48 8b 1d dd 17 00 00 ff d3 48 8b 35 34 24 00 
00000000000038bb	00 48 89 c7 ff d3 49 89 c7 48 8b 1d 7d 24 00 00 
00000000000038cb	4c 8b 25 7e 24 00 00 45 31 f6 4c 8b 2d 7c 24 00 
00000000000038db	00 48 8b bd 48 fe ff ff 48 89 de ff 15 a4 17 00 
00000000000038eb	00 66 0f 57 c0 84 c0 74 20 4a 8b 84 f5 58 ff ff 
00000000000038fb	ff 4a 03 84 f5 d8 fe ff ff 0f 57 c0 f3 48 0f 2a 
000000000000390b	c0 f3 0f 5e 05 4c 09 00 00 48 8b 3d 95 24 00 00 
000000000000391b	4c 89 e6 ff 15 6c 17 00 00 31 c9 4c 89 ff 4c 89 
000000000000392b	ee 48 89 c2 ff 15 5b 17 00 00 49 ff c6 49 83 fe 
000000000000393b	10 72 9e 48 8b 35 5b 24 00 00 48 8b bd 48 fe ff 
000000000000394b	ff ff 15 3e 17 00 00 48 8b 0d cf 16 00 00 48 8b 
000000000000395b	19 48 8b 35 45 24 00 00 48 89 c7 48 89 da ff 15 
000000000000396b	21 17 00 00 84 c0 74 1a 48 8b 35 7e 23 00 00 48 
000000000000397b	8b bd 48 fe ff ff 4c 89 fa 48 89 d9 ff 15 03 17 
000000000000398b	00 00 48 8b 85 d0 fe ff ff 48 03 85 c8 fe ff ff 
000000000000399b	f2 48 0f 2a c0 f2 0f 5e 05 90 08 00 00 48 8b 3d 
00000000000039ab	01 24 00 00 48 8b 35 72 23 00 00 ff 15 d4 16 00 
00000000000039bb	00 49 89 c4 48 8b 35 da 23 00 00 48 8b bd 48 fe 
00000000000039cb	ff ff ff 15 bd 16 00 00 48 8b 0d 46 16 00 00 48 
00000000000039db	8b 19 48 8b 35 c4 23 00 00 48 89 c7 48 89 da ff 
00000000000039eb	15 a0 16 00 00 84 c0 74 1a 48 8b 35 fd 22 00 00 
00000000000039fb	48 8b bd 48 fe ff ff 4c 89 e2 48 89 d9 ff 15 82 
0000000000003a0b	16 00 00 48 8b 3d 9b 23 00 00 48 8b 35 0c 23 00 
0000000000003a1b	00 f2 0f 10 85 40 fe ff ff ff 15 66 16 00 00 49 
0000000000003a2b	89 c4 48 8b 35 6c 23 00 00 48 8b bd 48 fe ff ff 
0000000000003a3b	ff 15 4f 16 00 00 48 8b 0d f0 15 00 00 48 8b 19 
0000000000003a4b	48 8b 35 56 23 00 00 48 89 c7 48 89 da ff 15 32 
0000000000003a5b	16 00 00 84 c0 74 50 48 8b 35 8f 22 00 00 48 8b 
0000000000003a6b	bd 48 fe ff ff 4c 89 e2 48 89 d9 ff 15 14 16 00 
0000000000003a7b	00 eb 34 eb 00 48 89 c3 83 fa 01 75 54 48 89 df 
0000000000003a8b	e8 0c 05 00 00 48 89 c1 48 8d 3d 76 1b 00 00 48 
0000000000003a9b	8d 35 b5 09 00 00 ba 02 01 00 00 31 c0 e8 dd 04 
0000000000003aab	00 00 e8 f0 04 00 00 48 8b 35 3f 21 00 00 4c 89 
0000000000003abb	ff ff 15 ce 15 00 00 48 81 c4 98 01 00 00 5b 41 
0000000000003acb	5c 41 5d 41 5e 41 5f 5d c3 48 89 c3 e8 c6 04 00 
0000000000003adb	00 48 89 df e8 e2 04 00 00 55 48 89 e5 41 57 41 
0000000000003aeb	56 53 48 83 ec 18 48 89 fb 48 89 5d d8 48 8b 05 
0000000000003afb	f9 22 00 00 48 89 45 e0 48 8b 35 56 22 00 00 48 
0000000000003b0b	8d 7d d8 e8 9b 04 00 00 41 88 c6 48 8b 3d 93 22 
0000000000003b1b	00 00 48 8b 35 9c 20 00 00 4c 8b 3d 65 15 00 00 
0000000000003b2b	31 d2 41 ff d7 48 8b 0d 09 15 00 00 48 8b 09 48 
0000000000003b3b	8b 35 b7 21 00 00 48 89 df 48 89 c2 41 ff d7 41 
0000000000003b4b	0f be c6 48 83 c4 18 5b 41 5e 41 5f 5d c3 55 48 
0000000000003b5b	89 e5 48 8b 05 ac 22 00 00 48 8b 04 07 5d c3 55 
0000000000003b6b	48 89 e5 48 8b 05 9b 22 00 00 48 89 14 07 5d c3 
0000000000003b7b	55 48 89 e5 48 8b 05 92 22 00 00 48 8b 04 07 5d 
0000000000003b8b	c3 55 48 89 e5 48 8b 05 81 22 00 00 48 89 14 07 
0000000000003b9b	5d c3 55 48 89 e5 48 8b 05 58 22 00 00 0f be 04 
0000000000003bab	07 5d c3 55 48 89 e5 48 8b 05 67 22 00 00 8b 04 
0000000000003bbb	07 5d c3 55 48 89 e5 48 8b 05 57 22 00 00 89 14 
0000000000003bcb	07 5d c3 55 48 89 e5 48 8b 05 4f 22 00 00 8b 04 
0000000000003bdb	07 5d c3 55 48 89 e5 48 8b 05 3f 22 00 00 89 14 
0000000000003beb	07 5d c3 55 48 89 e5 48 8b 05 37 22 00 00 8b 04 
0000000000003bfb	07 5d c3 55 48 89 e5 48 8b 05 27 22 00 00 89 14 
0000000000003c0b	07 5d c3 55 48 89 e5 48 8b 05 1f 22 00 00 8a 04 
0000000000003c1b	07 5d c3 55 48 89 e5 48 8b 05 0f 22 00 00 88 14 
0000000000003c2b	07 5d c3 55 48 89 e5 41 57 41 56 41 54 53 48 83 
0000000000003c3b	ec 40 49 89 ff 48 8b 35 21 21 00 00 4c 8b 25 42 
0000000000003c4b	14 00 00 ba 3c 00 00 00 41 ff d4 48 8b 35 03 20 
0000000000003c5b	00 00 31 d2 4c 89 ff 41 ff d4 48 8b 35 04 21 00 
0000000000003c6b	00 31 d2 4c 89 ff 41 ff d4 48 8d 3d b5 19 00 00 
0000000000003c7b	e8 e0 02 00 00 48 89 c3 48 85 db 0f 84 03 01 00 
0000000000003c8b	00 48 8b 35 e5 20 00 00 48 89 df ff 15 f4 13 00 
0000000000003c9b	00 84 c0 0f 84 f8 00 00 00 c7 45 dc 00 00 00 00 
0000000000003cab	48 c7 45 d0 00 00 00 00 48 8b 05 ce 13 00 00 4c 
0000000000003cbb	8b 30 48 8d 75 dc 4c 89 f7 e8 4b 03 00 00 85 c0 
0000000000003ccb	75 14 8b 7d dc 48 8d 75 d0 e8 35 03 00 00 8b 7d 
0000000000003cdb	dc e8 27 03 00 00 48 8b 35 98 20 00 00 4c 89 ff 
0000000000003ceb	ff 15 9f 13 00 00 8b 55 d0 39 d0 74 29 48 8b 35 
0000000000003cfb	71 20 00 00 4c 89 ff 41 ff d4 48 8b 35 74 20 00 
0000000000003d0b	00 4c 89 ff 41 ff d4 48 8b 35 6f 20 00 00 4c 89 
0000000000003d1b	ff 89 c2 41 ff d4 bf 02 00 00 00 31 f6 e8 bd 02 
0000000000003d2b	00 00 48 8b 0d 1c 13 00 00 48 89 4d a8 c7 45 b0 
0000000000003d3b	00 00 00 c2 c7 45 b4 00 00 00 00 48 8d 0d 6b 00 
0000000000003d4b	00 00 48 89 4d b8 48 8d 0d 08 16 00 00 48 89 4d 
0000000000003d5b	c0 4c 89 7d c8 4c 03 3d c1 20 00 00 48 8d 4d a8 
0000000000003d6b	4c 89 f7 4c 89 fe 48 89 c2 e8 a1 02 00 00 89 c1 
0000000000003d7b	85 c9 74 10 48 8d 3d ea 18 00 00 31 c0 89 ce e8 
0000000000003d8b	fb 01 00 00 48 83 c4 40 5b 41 5c 41 5e 41 5f 5d 
0000000000003d9b	c3 48 8b 35 55 1e 00 00 48 89 df 48 83 c4 40 5b 
0000000000003dab	41 5c 41 5e 41 5f 5d ff 25 d8 12 00 00 55 48 89 
0000000000003dbb	e5 41 57 41 56 41 55 41 54 53 50 89 f3 49 89 ff 
0000000000003dcb	e8 c6 01 00 00 49 89 c6 48 c7 45 d0 00 00 00 00 
0000000000003ddb	48 8d 75 d0 89 df e8 28 02 00 00 89 c1 85 c9 74 
0000000000003deb	12 48 8d 3d 5d 18 00 00 31 c0 89 ce e8 8e 01 00 
0000000000003dfb	00 eb 60 89 df e8 21 02 00 00 44 8b 65 d0 49 8b 
0000000000003e0b	7f 20 48 8b 35 6c 1f 00 00 ff 15 76 12 00 00 44 
0000000000003e1b	39 e0 74 38 49 8b 7f 20 48 8b 35 46 1f 00 00 4c 
0000000000003e2b	8b 2d 5f 12 00 00 44 89 e2 41 ff d5 4d 8b 7f 20 
0000000000003e3b	48 8b 35 3e 1f 00 00 4c 89 ff 41 ff d5 48 8b 35 
0000000000003e4b	39 1f 00 00 4c 89 ff 89 c2 41 ff d5 89 df e8 c2 
0000000000003e5b	01 00 00 4c 89 f7 e8 2a 01 00 00 48 83 c4 08 5b 
0000000000003e6b	41 5c 41 5d 41 5e 41 5f 5d c3 55 48 89 e5 48 83 
0000000000003e7b	c7 20 48 8b 76 20 ba 03 00 00 00 5d e9 2e 01 00 
0000000000003e8b	00 55 48 89 e5 48 8b 7f 20 be 03 00 00 00 5d e9 
0000000000003e9b	21 01 00 00 55 48 89 e5 41 56 53 48 89 fb 8d 42 
0000000000003eab	fe 83 f8 03 73 15 48 8b 35 b0 1e 00 00 4c 8b 35 
0000000000003ebb	d1 11 00 00 ba 1e 00 00 00 eb 18 83 fa 01 77 31 
0000000000003ecb	48 8b 35 96 1e 00 00 4c 8b 35 b7 11 00 00 ba 3c 
0000000000003edb	00 00 00 48 89 df 41 ff d6 48 8b 35 75 1d 00 00 
0000000000003eeb	ba 01 00 00 00 48 89 df 4c 89 f0 5b 41 5e 5d ff 
0000000000003efb	e0 48 8d 3d 8d 17 00 00 31 c0 89 d6 5b 41 5e 5d 
0000000000003f0b	e9 7a 00 00 00 55 48 89 e5 41 56 53 48 89 fb 48 
0000000000003f1b	8b 35 6f 1e 00 00 ff 15 69 11 00 00 85 c0 74 30 
0000000000003f2b	48 8b 35 5e 1e 00 00 4c 8b 35 57 11 00 00 48 89 
0000000000003f3b	df 41 ff d6 89 c7 e8 c2 00 00 00 48 8b 35 4b 1e 
0000000000003f4b	00 00 31 d2 48 89 df 4c 89 f0 5b 41 5e 5d ff e0 
0000000000003f5b	5b 41 5e 5d c3 
