test/unit_test_files/fat_lib/libdns_services.dylib:
Contents of (__TEXT,__text) section
0000000000000e04	55 48 89 e5 48 83 ec 30 48 85 ff 74 5f 48 8b 47 
0000000000000e14	08 48 8b 0d f4 11 00 00 48 89 4d d8 c7 45 e0 00 
0000000000000e24	00 00 40 c7 45 e4 00 00 00 00 48 8d 0d 5f 00 00 
0000000000000e34	00 48 89 4d e8 48 8d 0d f0 12 00 00 48 89 4d f0 
0000000000000e44	48 89 7d f8 48 8d 75 d8 48 89 c7 e8 e4 07 00 00 
0000000000000e54	48 8d 3d a5 f1 ff ff 48 8b 35 b6 11 00 00 48 8d 
0000000000000e64	0d d1 09 00 00 ba 01 00 00 00 eb 17 48 8d 3d 89 
0000000000000e74	f1 ff ff 48 8b 35 9a 11 00 00 48 8d 0d d5 08 00 
0000000000000e84	00 31 d2 31 c0 e8 8c 07 00 00 48 83 c4 30 5d c3 
0000000000000e94	55 48 89 e5 53 48 83 ec 28 48 89 fb 48 8b 43 20 
0000000000000ea4	48 8b 38 48 8d 35 42 12 00 00 e8 a9 07 00 00 48 
0000000000000eb4	8b 43 20 48 8b 38 e8 c7 07 00 00 48 8b 43 20 48 
0000000000000ec4	c7 00 00 00 00 00 48 8b 43 20 48 8b 78 08 e8 55 
0000000000000ed4	07 00 00 48 8b 43 20 48 c7 40 08 00 00 00 00 48 
0000000000000ee4	8b 43 20 48 c7 40 10 00 00 00 00 48 8d 3d 0a f1 
0000000000000ef4	ff ff 48 8b 35 1b 11 00 00 48 8d 0d 9a 08 00 00 
0000000000000f04	ba 01 00 00 00 31 c0 e8 0a 07 00 00 48 8b 43 20 
0000000000000f14	48 8b 78 18 48 8b 0d f1 10 00 00 48 89 4d d0 c7 
0000000000000f24	45 d8 00 00 00 40 c7 45 dc 00 00 00 00 48 8d 0d 
0000000000000f34	29 00 00 00 48 89 4d e0 48 8d 0d cd 11 00 00 48 
0000000000000f44	89 4d e8 48 89 45 f0 48 8d 75 d0 e8 cc 06 00 00 
0000000000000f54	48 83 c4 28 5b 5d c3 55 48 89 e5 5d c3 55 48 89 
0000000000000f64	e5 53 50 48 89 fb 48 8b 43 20 48 8b 78 18 e8 b5 
0000000000000f74	06 00 00 48 8b 43 20 48 c7 40 18 00 00 00 00 48 
0000000000000f84	8b 7b 20 e8 b2 06 00 00 48 8d 3d 6d f0 ff ff 48 
0000000000000f94	8b 35 7e 10 00 00 48 8d 0d 44 08 00 00 ba 01 00 
0000000000000fa4	00 00 31 c0 e8 6d 06 00 00 48 83 c4 08 5b 5d c3 
0000000000000fb4	55 48 89 e5 41 57 41 56 41 55 41 54 53 48 83 ec 
0000000000000fc4	48 4d 89 ce 4d 89 c7 48 89 cb 49 89 fc 4d 85 ff 
0000000000000fd4	74 28 4d 85 e4 74 23 4d 85 f6 74 1e 49 83 3c 24 
0000000000000fe4	00 74 4b 48 8d 3d 12 f0 ff ff 48 8b 35 23 10 00 
0000000000000ff4	00 48 8d 0d 4a 09 00 00 eb 15 48 8d 3d fb ef ff 
0000000000001004	ff 48 8b 35 0c 10 00 00 48 8d 0d 65 08 00 00 31 
0000000000001014	d2 31 c0 e8 fe 05 00 00 bb fc ff fe ff 89 d8 48 
0000000000001024	83 c4 48 5b 41 5c 41 5d 41 5e 41 5f 5d c3 89 75 
0000000000001034	a4 48 89 55 a8 bf 20 00 00 00 e8 01 06 00 00 49 
0000000000001044	89 c5 4d 85 ed 0f 84 9e 01 00 00 48 89 5d 98 4c 
0000000000001054	89 ff e8 d7 05 00 00 4d 89 7d 18 4d 89 75 10 48 
0000000000001064	8d 3d 65 0a 00 00 31 f6 e8 b5 05 00 00 48 89 c3 
0000000000001074	49 89 5d 08 48 8d 3d 55 08 00 00 ba 02 00 00 00 
0000000000001084	48 89 de e8 be 05 00 00 49 89 45 00 48 85 db 0f 
0000000000001094	84 74 01 00 00 48 85 c0 0f 84 6b 01 00 00 4c 8b 
00000000000010a4	35 67 0f 00 00 4c 89 75 b0 c7 45 b8 00 00 00 40 
00000000000010b4	c7 45 bc 00 00 00 00 48 8d 0d d0 01 00 00 48 89 
00000000000010c4	4d c0 48 8d 0d a3 10 00 00 48 89 4d c8 4c 89 6d 
00000000000010d4	d0 48 8d 75 b0 48 89 c7 e8 7b 05 00 00 49 8b 7d 
00000000000010e4	00 e8 66 05 00 00 4d 89 2c 24 31 db 31 ff 31 f6 
00000000000010f4	31 d2 e8 6d 05 00 00 49 89 c5 4d 85 ed 0f 84 5a 
0000000000001104	01 00 00 8b 55 a4 48 8d 35 d4 08 00 00 4c 89 ef 
0000000000001114	e8 61 05 00 00 4c 8b 7d a8 49 8b 17 48 8d 35 d1 
0000000000001124	08 00 00 4c 89 ef e8 4b 05 00 00 49 8b 57 08 48 
0000000000001134	8d 35 da 08 00 00 4c 89 ef e8 38 05 00 00 49 8b 
0000000000001144	57 10 48 8d 35 e3 08 00 00 4c 89 ef e8 25 05 00 
0000000000001154	00 49 8b 57 18 48 8d 35 ec 08 00 00 4c 89 ef e8 
0000000000001164	12 05 00 00 49 8b 57 20 48 8d 35 f5 08 00 00 4c 
0000000000001174	89 ef e8 ff 04 00 00 48 8d 35 02 09 00 00 4c 89 
0000000000001184	ef 48 8b 55 98 e8 ec 04 00 00 4d 8b 3c 24 48 8d 
0000000000001194	3d 33 0a 00 00 4c 89 ee e8 f3 01 00 00 49 8b 3f 
00000000000011a4	49 8b 57 08 4c 89 75 b0 c7 45 b8 00 00 00 40 c7 
00000000000011b4	45 bc 00 00 00 00 48 8d 05 1b 02 00 00 48 89 45 
00000000000011c4	c0 48 8d 05 24 10 00 00 48 89 45 c8 4c 89 7d d0 
00000000000011d4	48 8d 4d b0 4c 89 ee e8 76 04 00 00 4c 89 ef e8 
00000000000011e4	9e 04 00 00 e9 34 fe ff ff 48 8d 3d 0c ee ff ff 
00000000000011f4	48 8b 35 1d 0e 00 00 48 8d 0d 97 08 00 00 31 d2 
0000000000001204	31 c0 e8 0f 04 00 00 eb 26 48 8d 3d ec ed ff ff 
0000000000001214	48 8b 35 fd 0d 00 00 48 8d 0d d7 08 00 00 31 d2 
0000000000001224	31 c0 e8 ef 03 00 00 4c 89 ef e8 0b 04 00 00 48 
0000000000001234	8d 3d c6 ed ff ff 48 8b 35 d7 0d 00 00 48 8d 0d 
0000000000001244	ad 06 00 00 bb fd ff fe ff 31 d2 41 b8 fd ff fe 
0000000000001254	ff 31 c0 e8 be 03 00 00 e9 c0 fd ff ff 48 8d 3d 
0000000000001264	98 ed ff ff 48 8b 35 a9 0d 00 00 48 8d 0d 2a 07 
0000000000001274	00 00 31 d2 31 c0 e8 9b 03 00 00 49 8b 3c 24 e8 
0000000000001284	7c fb ff ff bb fd ff fe ff e9 8f fd ff ff 55 48 
0000000000001294	89 e5 53 48 83 ec 28 48 89 fb 48 8b 43 20 48 85 
00000000000012a4	c0 0f 84 8e 00 00 00 48 83 78 18 00 0f 84 83 00 
00000000000012b4	00 00 48 83 78 10 00 74 7c 48 8b 05 5c 0d 00 00 
00000000000012c4	48 8b 00 48 89 f7 48 89 c6 e8 9c 03 00 00 49 89 
00000000000012d4	c0 48 8d 3d 24 ed ff ff 48 8b 35 35 0d 00 00 48 
00000000000012e4	8d 0d 93 08 00 00 31 d2 31 c0 e8 27 03 00 00 48 
00000000000012f4	8b 43 20 48 8b 78 18 48 8b 0d 0e 0d 00 00 48 89 
0000000000001304	4d d0 c7 45 d8 00 00 00 40 c7 45 dc 00 00 00 00 
0000000000001314	48 8d 0d 5e 00 00 00 48 89 4d e0 48 8d 0d 2a 0e 
0000000000001324	00 00 48 89 4d e8 48 89 45 f0 48 8d 75 d0 e8 e9 
0000000000001334	02 00 00 eb 39 48 8b 05 e0 0c 00 00 48 8b 00 48 
0000000000001344	89 f7 48 89 c6 e8 20 03 00 00 48 89 c3 48 8d 3d 
0000000000001354	a8 ec ff ff 48 8b 35 b9 0c 00 00 48 8d 0d c9 07 
0000000000001364	00 00 31 d2 31 c0 49 89 d8 e8 a8 02 00 00 48 83 
0000000000001374	c4 28 5b 5d c3 55 48 89 e5 48 8b 7f 20 48 8b 47 
0000000000001384	10 48 85 c0 74 08 be e5 ff fe ff 5d ff e0 5d c3 
0000000000001394	55 48 89 e5 41 56 53 49 89 fe 48 89 f7 e8 bc 02 
00000000000013a4	00 00 48 89 c3 48 8d 3d 50 ec ff ff 48 8b 35 61 
00000000000013b4	0c 00 00 48 8d 0d c7 09 00 00 ba 01 00 00 00 31 
00000000000013c4	c0 4d 89 f0 49 89 d9 e8 4a 02 00 00 48 89 df 5b 
00000000000013d4	41 5e 5d e9 62 02 00 00 55 48 89 e5 41 56 53 48 
00000000000013e4	81 ec 80 00 00 00 48 89 f3 49 89 fe 48 89 df e8 
00000000000013f4	88 02 00 00 48 3b 05 29 0c 00 00 74 4d 48 8b 05 
0000000000001404	18 0c 00 00 48 8b 30 48 89 df e8 5b 02 00 00 49 
0000000000001414	89 c0 48 8d 3d e3 eb ff ff 48 8b 35 f4 0b 00 00 
0000000000001424	48 8d 0d d9 08 00 00 31 d2 31 c0 e8 e6 01 00 00 
0000000000001434	48 8d 3d 12 09 00 00 48 89 de 48 81 c4 80 00 00 
0000000000001444	00 5b 41 5e 5d e9 46 ff ff ff 48 8d 3d ab 07 00 
0000000000001454	00 48 89 de e8 37 ff ff ff 48 8d 35 d9 07 00 00 
0000000000001464	48 89 df e8 08 02 00 00 48 89 c3 49 8b 46 20 48 
0000000000001474	85 c0 74 5b 48 8b 78 18 48 85 ff 74 52 48 83 78 
0000000000001484	10 00 74 4b 48 83 fb 01 74 6b 48 85 db 0f 85 c1 
0000000000001494	00 00 00 48 8b 0d 72 0b 00 00 48 89 4d c8 c7 45 
00000000000014a4	d0 00 00 00 40 c7 45 d4 00 00 00 00 48 8d 0d 15 
00000000000014b4	01 00 00 48 89 4d d8 48 8d 0d ce 0c 00 00 48 89 
00000000000014c4	4d e0 48 89 45 e8 48 8d 75 c8 e9 e8 00 00 00 48 
00000000000014d4	8d 3d 26 eb ff ff 48 8b 35 37 0b 00 00 48 8d 0d 
00000000000014e4	6f 07 00 00 31 d2 31 c0 49 89 d8 e8 26 01 00 00 
00000000000014f4	e9 c7 00 00 00 48 8d 3d 00 eb ff ff 48 8b 35 11 
0000000000001504	0b 00 00 48 8d 0d 91 07 00 00 31 d2 31 c0 e8 03 
0000000000001514	01 00 00 49 8b 46 20 48 8b 78 18 48 8b 0d ea 0a 
0000000000001524	00 00 48 89 4d a0 c7 45 a8 00 00 00 40 c7 45 ac 
0000000000001534	00 00 00 00 48 8d 0d a5 00 00 00 48 89 4d b0 48 
0000000000001544	8d 0d 66 0c 00 00 48 89 4d b8 48 89 45 c0 48 8d 
0000000000001554	75 a0 eb 63 48 8d 3d a1 ea ff ff 48 8b 35 b2 0a 
0000000000001564	00 00 48 8d 0d 6a 07 00 00 31 d2 31 c0 e8 a4 00 
0000000000001574	00 00 49 8b 46 20 48 8b 78 18 48 8b 0d 8b 0a 00 
0000000000001584	00 48 89 8d 78 ff ff ff c7 45 80 00 00 00 40 c7 
0000000000001594	45 84 00 00 00 00 48 8d 0d 5e 00 00 00 48 89 4d 
00000000000015a4	88 48 8d 0d 24 0c 00 00 48 89 4d 90 48 89 45 98 
00000000000015b4	48 8d b5 78 ff ff ff e8 60 00 00 00 48 81 c4 80 
00000000000015c4	00 00 00 5b 41 5e 5d c3 55 48 89 e5 48 8b 7f 20 
00000000000015d4	48 8b 47 10 48 85 c0 74 05 31 f6 5d ff e0 5d c3 
00000000000015e4	55 48 89 e5 48 8b 7f 20 48 8b 47 10 48 85 c0 74 
00000000000015f4	08 be f1 ff fe ff 5d ff e0 5d c3 55 48 89 e5 48 
0000000000001604	8b 7f 20 48 8b 47 10 48 85 c0 74 08 be ff ff fe 
0000000000001614	ff 5d ff e0 5d c3 
