test/unit_test_files/fat_lib/libmenu.dylib:
Contents of (__TEXT,__text) section
0000000000000c2c	55 48 89 e5 41 56 53 89 f3 49 89 fe 85 db 74 1d 
0000000000000c3c	89 d8 25 00 ff ff ff 39 d8 74 12 e8 06 30 00 00 
0000000000000c4c	c7 00 fe ff ff ff b8 fe ff ff ff eb 45 4d 85 f6 
0000000000000c5c	74 24 41 39 5e 6c 74 1e 41 89 5e 6c 41 f6 86 b4 
0000000000000c6c	00 00 00 01 74 10 4c 89 f7 e8 61 27 00 00 4c 89 
0000000000000c7c	f7 e8 a7 12 00 00 4d 85 f6 4c 0f 44 35 a3 33 00 
0000000000000c8c	00 41 89 5e 6c e8 bc 2f 00 00 c7 00 00 00 00 00 
0000000000000c9c	31 c0 5b 41 5e 5d c3 55 48 89 e5 48 85 ff 48 0f 
0000000000000cac	44 3d 7e 33 00 00 8b 47 6c 5d c3 55 48 89 e5 41 
0000000000000cbc	56 53 89 f3 49 89 fe 85 db 74 1d 89 d8 25 00 ff 
0000000000000ccc	ff ff 39 d8 74 12 e8 7b 2f 00 00 c7 00 fe ff ff 
0000000000000cdc	ff b8 fe ff ff ff eb 45 4d 85 f6 74 24 41 39 5e 
0000000000000cec	70 74 1e 41 89 5e 70 41 f6 86 b4 00 00 00 01 74 
0000000000000cfc	10 4c 89 f7 e8 d6 26 00 00 4c 89 f7 e8 1c 12 00 
0000000000000d0c	00 4d 85 f6 4c 0f 44 35 18 33 00 00 41 89 5e 70 
0000000000000d1c	e8 31 2f 00 00 c7 00 00 00 00 00 31 c0 5b 41 5e 
0000000000000d2c	5d c3 55 48 89 e5 48 85 ff 48 0f 44 3d f3 32 00 
0000000000000d3c	00 8b 47 70 5d c3 55 48 89 e5 41 56 53 89 f3 49 
0000000000000d4c	89 fe 85 db 74 1d 89 d8 25 00 ff ff ff 39 d8 74 
0000000000000d5c	12 e8 f0 2e 00 00 c7 00 fe ff ff ff b8 fe ff ff 
0000000000000d6c	ff eb 45 4d 85 f6 74 24 41 39 5e 74 74 1e 41 89 
0000000000000d7c	5e 74 41 f6 86 b4 00 00 00 01 74 10 4c 89 f7 e8 
0000000000000d8c	4b 26 00 00 4c 89 f7 e8 91 11 00 00 4d 85 f6 4c 
0000000000000d9c	0f 44 35 8d 32 00 00 41 89 5e 74 e8 a6 2e 00 00 
0000000000000dac	c7 00 00 00 00 00 31 c0 5b 41 5e 5d c3 55 48 89 
0000000000000dbc	e5 48 85 ff 48 0f 44 3d 68 32 00 00 8b 47 74 5d 
0000000000000dcc	c3 55 48 89 e5 b8 fe ff ff ff 48 85 d2 74 52 48 
0000000000000ddc	85 ff 74 4d 48 85 c9 74 48 48 85 f6 75 04 48 8b 
0000000000000dec	77 60 b8 f9 ff ff ff f6 87 b4 00 00 00 01 74 31 
0000000000000dfc	44 0f bf 46 38 44 8b 57 18 45 0f bf ca 0f bf 47 
0000000000000e0c	14 44 01 c8 41 0f af c0 89 01 0f bf 46 36 0f bf 
0000000000000e1c	4f 68 29 c8 41 c1 fa 10 44 0f af d0 44 89 12 31 
0000000000000e2c	c0 5d c3 55 48 89 e5 41 57 41 56 41 54 53 48 83 
0000000000000e3c	ec 10 48 89 fb 31 c0 89 45 dc 89 45 d8 48 8d 55 
0000000000000e4c	d8 48 8d 4d dc 31 f6 e8 75 ff ff ff 41 89 c7 45 
0000000000000e5c	85 ff 75 7e 4c 8b 63 40 4c 8b 73 48 4d 85 e4 48 
0000000000000e6c	8b 05 c6 31 00 00 4c 0f 44 20 4d 85 f6 4d 0f 44 
0000000000000e7c	f4 f6 83 b0 00 00 00 10 74 18 0f bf 43 28 85 c0 
0000000000000e8c	7e 10 0f bf 4b 12 8b 55 dc 01 c8 8d 44 02 ff 89 
0000000000000e9c	45 dc 8b 75 d8 8b 55 dc 4c 89 f7 e8 94 2d 00 00 
0000000000000eac	4d 39 f4 74 2d 4c 89 f7 e8 6f 2d 00 00 4c 89 f7 
0000000000000ebc	e8 85 2d 00 00 ba ff ff ff ff 4d 85 f6 74 07 41 
0000000000000ecc	0f bf 56 04 ff c2 31 f6 31 c9 4c 89 f7 e8 6e 2d 
0000000000000edc	00 00 e8 6f 2d 00 00 44 89 38 44 89 f8 48 83 c4 
0000000000000eec	10 5b 41 5c 41 5e 41 5f 5d c3 90 90 55 48 89 e5 
0000000000000efc	41 57 41 56 41 55 41 54 53 48 83 ec 38 48 89 55 
0000000000000f0c	b0 89 75 d0 49 89 fc 48 8b 02 44 0f bf 70 34 89 
0000000000000f1c	f2 83 ca 08 b8 08 00 00 00 39 c2 75 05 89 55 ac 
0000000000000f2c	eb 4b 41 0f bf 44 24 28 41 0f bf 4c 24 0e 39 c8 
0000000000000f3c	0f 8d 92 01 00 00 89 55 ac 48 63 c8 ff c0 66 41 
0000000000000f4c	89 44 24 28 49 8b 44 24 20 8b 55 d0 88 14 08 49 
0000000000000f5c	0f bf 44 24 28 49 8b 4c 24 20 c6 04 01 00 66 45 
0000000000000f6c	85 f6 7f 06 45 0f bf 74 24 58 41 ff ce 44 89 75 
0000000000000f7c	cc 31 d2 c7 45 bc 00 00 00 00 83 7d d0 08 75 0d 
0000000000000f8c	45 85 f6 7e 22 89 55 d4 41 ff ce eb 26 89 55 d4 
0000000000000f9c	41 ff c6 41 0f bf 44 24 58 41 39 c6 b8 00 00 00 
0000000000000fac	00 44 0f 4d f0 eb 0c 89 55 d4 45 0f bf 74 24 58 
0000000000000fbc	41 ff ce 41 f6 84 24 b0 00 00 00 08 4d 8b 7c 24 
0000000000000fcc	20 49 8b 44 24 50 49 63 ce 48 8b 04 c8 4c 8b 28 
0000000000000fdc	75 25 48 89 4d c0 41 8a 45 00 84 c0 74 14 41 8a 
0000000000000fec	0f 84 c9 74 0d 49 ff c5 0f b6 c0 0f b6 c9 39 c1 
0000000000000ffc	74 e4 49 ff c7 eb 40 41 8a 45 00 84 c0 74 34 48 
000000000000100c	89 4d c0 49 ff c5 41 80 3f 00 74 2b 0f b6 f8 e8 
000000000000101c	44 2c 00 00 89 c3 41 0f b6 3f e8 39 2c 00 00 39 
000000000000102c	c3 75 14 49 ff c7 41 8a 45 00 49 ff c5 84 c0 75 
000000000000103c	d5 eb 04 48 89 4d c0 41 80 3f 00 74 0d b0 01 89 
000000000000104c	45 bc 8b 4d cc 8b 55 d4 eb 05 b2 01 8b 4d cc 88 
000000000000105c	d0 24 01 41 39 ce 74 08 84 c0 0f 84 1a ff ff ff 
000000000000106c	84 c0 74 3a 8b 45 bc a8 01 74 10 48 8b 45 b0 48 
000000000000107c	8b 00 0f bf 40 34 41 39 c6 74 4d 49 8b 44 24 50 
000000000000108c	48 8b 4d c0 48 8b 04 c8 48 8b 4d b0 48 89 01 e8 
000000000000109c	b2 2b 00 00 c7 00 00 00 00 00 31 c0 eb 3a b8 08 
00000000000010ac	00 00 00 39 45 ac 74 20 66 41 8b 44 24 28 66 85 
00000000000010bc	c0 7e 15 ff c8 66 41 89 44 24 28 48 0f bf c0 49 
00000000000010cc	8b 4c 24 20 c6 04 01 00 e8 79 2b 00 00 c7 00 f7 
00000000000010dc	ff ff ff b8 f7 ff ff ff 48 83 c4 38 5b 41 5c 41 
00000000000010ec	5d 41 5e 41 5f 5d c3 55 48 89 e5 41 57 41 56 41 
00000000000010fc	55 41 54 53 48 83 ec 38 89 f3 49 89 ff 4d 85 ff 
000000000000110c	74 26 41 0f b7 87 b4 00 00 00 a8 02 75 30 a8 01 
000000000000111c	75 42 e8 2f 2b 00 00 c7 00 f9 ff ff ff 41 bd f9 
000000000000112c	ff ff ff e9 b6 04 00 00 e8 19 2b 00 00 c7 00 fe 
000000000000113c	ff ff ff 41 bd fe ff ff ff e9 a0 04 00 00 e8 03 
000000000000114c	2b 00 00 c7 00 fb ff ff ff 41 bd fb ff ff ff e9 
000000000000115c	8a 04 00 00 49 8b 47 60 48 89 45 d0 45 0f bf 77 
000000000000116c	68 8d 83 00 fe ff ff 83 f8 10 77 4d 81 fb 10 02 
000000000000117c	00 00 74 19 83 cb 01 81 fb 0f 02 00 00 74 0e 66 
000000000000118c	41 c7 47 28 00 00 49 8b 4f 20 c6 01 00 41 bd f8 
000000000000119c	ff ff ff 83 f8 10 0f 87 3a 04 00 00 48 8d 0d 89 
00000000000011ac	05 00 00 48 63 04 81 48 01 c8 ff e0 48 8b 45 d0 
00000000000011bc	48 8b 40 40 e9 d6 00 00 00 81 fb ff 00 00 00 76 
00000000000011cc	72 41 bd f8 ff ff ff 81 fb 99 01 00 00 0f 85 03 
00000000000011dc	04 00 00 4d 8b 67 40 48 8b 05 4e 2e 00 00 48 8b 
00000000000011ec	18 48 8d 7d b8 e8 fc 29 00 00 41 bd f4 ff ff ff 
00000000000011fc	f6 45 c8 1c 0f 84 de 02 00 00 4d 85 e4 49 0f 45 
000000000000120c	dc 8b 55 bc 8b 75 c0 48 89 df e8 13 2a 00 00 84 
000000000000121c	c0 0f 84 c1 02 00 00 49 8b 5f 48 48 85 db 0f 84 
000000000000122c	e2 02 00 00 48 8b 05 01 2e 00 00 48 8b 38 e9 e8 
000000000000123c	02 00 00 0f b6 fb 83 ff 7f 77 12 48 8b 0d ca 2d 
000000000000124c	00 00 b8 00 00 04 00 23 44 b9 3c eb 0a be 00 00 
000000000000125c	04 00 e8 f5 29 00 00 41 bd f8 ff ff ff 85 c0 0f 
000000000000126c	84 71 03 00 00 48 8d 55 d0 4c 89 ff 89 de e9 5d 
000000000000127c	02 00 00 48 8b 45 d0 48 8b 40 48 eb 12 48 8b 45 
000000000000128c	d0 48 8b 40 50 eb 08 48 8b 45 d0 48 8b 40 58 41 
000000000000129c	bd f4 ff ff ff 48 85 c0 0f 85 05 03 00 00 e9 33 
00000000000012ac	03 00 00 41 bd f4 ff ff ff 66 45 85 f6 0f 84 23 
00000000000012bc	03 00 00 48 8b 45 d0 48 8b 40 50 48 85 c0 0f 84 
00000000000012cc	12 03 00 00 41 ff ce e9 d7 02 00 00 41 0f bf 47 
00000000000012dc	0c 44 01 f0 41 0f bf 4f 04 41 bd f4 ff ff ff 39 
00000000000012ec	c8 0f 8d ef 02 00 00 48 8b 45 d0 48 8b 40 58 48 
00000000000012fc	85 c0 0f 84 de 02 00 00 41 ff c6 e9 a3 02 00 00 
000000000000130c	41 0f bf 77 04 41 0f bf 4f 0c 89 f0 44 29 f0 29 
000000000000131c	c8 39 c8 0f 4f c1 41 bd f4 ff ff ff 85 c0 0f 8e 
000000000000132c	b2 02 00 00 44 01 f0 48 8b 55 d0 48 85 d2 0f 84 
000000000000133c	81 00 00 00 41 8d 7c 0e ff 29 f7 f7 d1 39 cf 0f 
000000000000134c	4d cf f7 d9 48 8b 52 58 48 85 d2 74 68 48 89 55 
000000000000135c	d0 ff c9 83 f9 01 7f ec eb 5b 41 0f bf 57 0c 44 
000000000000136c	39 f2 66 44 89 f0 66 0f 4e c2 41 bd f4 ff ff ff 
000000000000137c	66 85 c0 0f 8e 5d 02 00 00 0f bf c8 44 89 f0 29 
000000000000138c	c8 48 8b 4d d0 48 85 c9 74 2b f7 d2 41 f7 d6 0f 
000000000000139c	bf d2 44 39 f2 66 41 0f 4c d6 f7 d2 0f bf d2 ff 
00000000000013ac	c2 48 8b 49 50 48 85 c9 74 0b 48 89 4d d0 ff ca 
00000000000013bc	83 fa 01 7f ec 41 89 c6 e9 ea 01 00 00 48 8b 45 
00000000000013cc	d0 48 0f bf 40 34 48 85 c0 0f 8f cb 01 00 00 e9 
00000000000013dc	b1 01 00 00 41 bd f4 ff ff ff 41 f6 87 b0 00 00 
00000000000013ec	00 01 0f 85 ee 01 00 00 49 8b 47 60 48 8b 70 30 
00000000000013fc	41 bd f6 ff ff ff 40 f6 c6 01 0f 84 d6 01 00 00 
000000000000140c	48 c1 ee 20 81 e6 00 00 ff ff 80 70 3a 01 49 8b 
000000000000141c	7f 30 41 0f bf 4f 1a c1 fe 10 0f af f1 41 0f bf 
000000000000142c	4f 14 41 0f bf 5f 18 01 cb 0f bf 50 38 0f af d3 
000000000000143c	e8 ff 27 00 00 49 8b 77 60 4c 89 ff e8 f6 1a 00 
000000000000144c	00 4c 89 ff e8 d4 0a 00 00 e9 59 01 00 00 66 41 
000000000000145c	8b 47 28 41 bd f4 ff ff ff 66 85 c0 0f 8e 74 01 
000000000000146c	00 00 ff c8 66 41 89 47 28 48 0f bf c0 49 8b 4f 
000000000000147c	20 c6 04 01 00 4c 89 ff e8 a6 f9 ff ff e9 25 01 
000000000000148c	00 00 49 8b 47 20 80 38 00 74 08 48 8d 55 d0 31 
000000000000149c	f6 eb 3a 48 8b 45 d0 0f bf 40 34 8d 48 01 41 0f 
00000000000014ac	bf 57 58 39 d1 7d 3f 48 98 49 8b 4f 50 48 8b 44 
00000000000014bc	c1 08 e9 ec 00 00 00 49 8b 47 20 80 38 00 0f 84 
00000000000014cc	b3 00 00 00 48 8d 55 d0 be 08 00 00 00 4c 89 ff 
00000000000014dc	e8 17 fa ff ff 41 89 c5 45 85 ed 0f 85 f5 00 00 
00000000000014ec	00 e9 c1 00 00 00 41 bd f4 ff ff ff 41 f6 87 b0 
00000000000014fc	00 00 00 20 0f 85 dc 00 00 00 49 8b 47 50 48 8b 
000000000000150c	00 e9 9d 00 00 00 49 8b 5f 40 48 85 db 48 8b 05 
000000000000151c	18 2b 00 00 48 8b 38 48 0f 44 df 8b 45 c0 89 45 
000000000000152c	b4 8b 45 bc 89 45 b0 48 8d 75 b4 48 8d 55 b0 31 
000000000000153c	c9 e8 f8 26 00 00 41 bd f4 ff ff ff 84 c0 74 98 
000000000000154c	8b 45 b4 0f bf 4b 08 39 c8 0f 8d a1 00 00 00 48 
000000000000155c	8b 45 c8 a8 04 0f 85 c7 00 00 00 a8 08 0f 85 68 
000000000000156c	01 00 00 41 bd f4 ff ff ff a8 10 74 69 be 08 02 
000000000000157c	00 00 e9 67 01 00 00 48 8b 45 d0 48 0f bf 40 34 
000000000000158c	48 85 c0 75 15 41 bd f4 ff ff ff 41 f6 87 b0 00 
000000000000159c	00 00 20 75 41 49 0f bf 47 58 49 8b 4f 50 48 8b 
00000000000015ac	44 c1 f8 48 89 45 d0 48 8b 55 d0 0f bf 42 36 44 
00000000000015bc	39 f0 7c 11 41 0f bf 4f 0c 42 8d 34 31 39 f0 7c 
00000000000015cc	07 ff c0 29 c8 41 89 c6 4c 89 ff 44 89 f6 e8 08 
00000000000015dc	0a 00 00 45 31 ed e8 6b 26 00 00 44 89 28 44 89 
00000000000015ec	e8 48 83 c4 38 5b 41 5c 41 5d 41 5e 41 5f 5d c3 
00000000000015fc	0f bf 53 04 01 ca 39 d0 7e 32 48 8b 45 c8 a8 04 
000000000000160c	0f 85 cc 00 00 00 a8 08 0f 85 cb 00 00 00 41 bd 
000000000000161c	f4 ff ff ff a8 10 74 be be 09 02 00 00 e9 bc 00 
000000000000162c	00 00 be 04 02 00 00 e9 b2 00 00 00 8b 55 bc 8b 
000000000000163c	75 c0 48 89 df e8 e8 25 00 00 84 c0 0f 84 96 fe 
000000000000164c	ff ff 8b 45 c0 89 45 b4 8b 45 bc 89 45 b0 48 8d 
000000000000165c	75 b4 48 8d 55 b0 31 c9 48 89 df e8 ce 25 00 00 
000000000000166c	41 bd f4 ff ff ff 84 c0 0f 84 6a fe ff ff 66 41 
000000000000167c	83 7f 58 00 0f 8e 5e fe ff ff 45 31 e4 48 8d 5d 
000000000000168c	ac 49 8b 47 50 4a 8b 34 e0 4c 89 ff 48 8d 55 a8 
000000000000169c	48 89 d9 e8 29 f7 ff ff 85 c0 75 1d 8b 45 b4 3b 
00000000000016ac	45 a8 75 15 8b 45 b0 8b 4d ac 39 c8 7c 0b 41 0f 
00000000000016bc	bf 57 14 01 ca 39 d0 7c 35 49 ff c4 49 0f bf 47 
00000000000016cc	58 49 39 c4 7c bb e9 0d fe ff ff be 07 02 00 00 
00000000000016dc	eb 0c be 05 02 00 00 eb 05 be 06 02 00 00 4c 89 
00000000000016ec	ff e8 01 fa ff ff 41 89 c5 e9 e8 fe ff ff 49 8b 
00000000000016fc	47 50 4a 8b 14 e0 48 89 55 d0 45 31 ed f6 45 c8 
000000000000170c	08 0f 84 d1 fd ff ff 4c 89 ff 44 89 f6 e8 c9 08 
000000000000171c	00 00 be 0c 02 00 00 4c 89 ff e8 c8 f9 ff ff 41 
000000000000172c	bd f8 ff ff ff e9 ae fd ff ff 66 90 80 fa ff ff 
000000000000173c	47 fb ff ff 51 fb ff ff 5b fb ff ff 77 fb ff ff 
000000000000174c	a0 fb ff ff d4 fb ff ff 2e fc ff ff ce fd ff ff 
000000000000175c	69 fe ff ff 67 fd ff ff 91 fc ff ff a8 fc ff ff 
000000000000176c	7b fe ff ff 22 fd ff ff 56 fd ff ff 8b fd ff ff 
000000000000177c	55 48 89 e5 89 d1 89 c8 09 f0 78 7f 48 85 ff 0f 
000000000000178c	84 8b 00 00 00 f6 87 b4 00 00 00 01 0f 85 9e 00 
000000000000179c	00 00 48 83 7f 50 00 0f 84 a5 00 00 00 85 f6 75 
00000000000017ac	04 0f bf 77 08 85 c9 75 04 0f bf 4f 0a 48 8b 47 
00000000000017bc	20 48 85 c0 74 09 66 c7 47 28 00 00 c6 00 00 66 
00000000000017cc	89 77 08 66 89 4f 0a 44 0f bf 5f 58 45 8d 4b ff 
00000000000017dc	44 89 c8 99 f7 f9 41 89 c0 41 ff c0 48 8b 87 b0 
00000000000017ec	00 00 00 49 89 c2 49 c1 ea 20 a8 04 75 66 44 89 
00000000000017fc	c8 99 41 f7 f8 89 c1 ff c1 eb 60 e8 46 24 00 00 
000000000000180c	c7 00 fe ff ff ff b8 fe ff ff ff e9 8f 00 00 00 
000000000000181c	85 f6 7e 0b 48 8d 05 a9 29 00 00 66 89 70 08 85 
000000000000182c	c9 7e 6f 48 8d 05 9a 29 00 00 66 89 48 0a eb 62 
000000000000183c	e8 11 24 00 00 c7 00 fd ff ff ff b8 fd ff ff ff 
000000000000184c	eb 5d e8 ff 23 00 00 c7 00 f5 ff ff ff b8 f5 ff 
000000000000185c	ff ff eb 4b 41 39 cb 41 0f 4e cb 66 44 89 47 04 
000000000000186c	66 89 4f 06 41 39 f0 66 41 0f 4c f0 66 89 77 0c 
000000000000187c	66 c7 47 68 00 00 48 8b 47 50 48 8b 00 48 89 47 
000000000000188c	60 41 83 ca 04 66 44 89 97 b4 00 00 00 e8 da 02 
000000000000189c	00 00 e8 af 23 00 00 c7 00 00 00 00 00 31 c0 5d 
00000000000018ac	c3 55 48 89 e5 48 85 f6 74 11 48 85 ff 48 0f 44 
00000000000018bc	3d 6f 27 00 00 0f bf 47 08 89 06 48 85 d2 74 11 
00000000000018cc	48 85 ff 48 0f 44 3d 59 27 00 00 0f bf 47 0a 89 
00000000000018dc	02 5d c3 55 48 89 e5 41 57 41 56 41 55 41 54 53 
00000000000018ec	50 48 89 f3 49 89 fe 31 c0 4d 85 f6 0f 84 56 01 
00000000000018fc	00 00 48 85 db 0f 84 4d 01 00 00 48 8b 03 48 85 
000000000000190c	c0 0f 84 17 01 00 00 48 8d 4b 08 48 89 c2 48 83 
000000000000191c	7a 20 00 0f 85 df 00 00 00 48 8b 11 48 83 c1 08 
000000000000192c	48 85 d2 75 e9 48 85 c0 0f 84 ca 00 00 00 41 8b 
000000000000193c	96 b0 00 00 00 83 e2 01 31 c9 85 d2 74 04 c6 40 
000000000000194c	3a 00 66 89 48 34 4c 89 70 20 48 8b 44 cb 08 48 
000000000000195c	ff c1 48 85 c0 75 e3 85 c9 0f 84 99 00 00 00 49 
000000000000196c	89 5e 50 66 41 89 4e 58 48 8b 3b 45 31 ff 48 85 
000000000000197c	ff 41 bc 00 00 00 00 74 34 4c 8d 6b 08 45 31 e4 
000000000000198c	e8 3e 01 00 00 44 39 e0 44 0f 47 e0 49 8b 7d f8 
000000000000199c	48 83 c7 10 e8 2a 01 00 00 44 39 f8 44 0f 47 f8 
00000000000019ac	49 8b 7d 00 49 83 c5 08 48 85 ff 75 d3 66 45 89 
00000000000019bc	66 0e 66 45 89 7e 10 41 0f bf fc ff c7 e8 a8 22 
00000000000019cc	00 00 49 89 46 20 48 85 c0 74 2d 45 31 ff 66 45 
00000000000019dc	89 7e 28 c6 00 00 41 8b 56 08 0f bf f2 c1 fa 10 
00000000000019ec	4c 89 f7 e8 88 fd ff ff 48 8b 03 49 89 46 60 66 
00000000000019fc	45 89 7e 68 b0 01 eb 50 48 8b 03 48 85 c0 74 1e 
0000000000001a0c	48 83 c3 08 66 c7 40 34 00 00 48 c7 40 20 00 00 
0000000000001a1c	00 00 48 8b 03 48 83 c3 08 48 85 c0 75 e6 49 8b 
0000000000001a2c	7e 20 48 85 ff 74 05 e8 38 22 00 00 49 c7 46 20 
0000000000001a3c	00 00 00 00 31 c0 66 41 89 46 28 49 c7 46 50 00 
0000000000001a4c	00 00 00 66 41 89 46 58 48 83 c4 08 5b 41 5c 41 
0000000000001a5c	5d 41 5e 41 5f 5d c3 55 48 89 e5 53 50 48 89 fb 
0000000000001a6c	48 85 db 74 57 48 8b 43 50 48 85 c0 74 4e 48 8b 
0000000000001a7c	08 48 85 c9 74 1e 48 83 c0 08 66 c7 41 34 00 00 
0000000000001a8c	48 c7 41 20 00 00 00 00 48 8b 08 48 83 c0 08 48 
0000000000001a9c	85 c9 75 e6 48 8b 7b 20 48 85 ff 74 05 e8 c2 21 
0000000000001aac	00 00 48 c7 43 20 00 00 00 00 31 c0 66 89 43 28 
0000000000001abc	48 c7 43 50 00 00 00 00 66 89 43 58 48 83 c4 08 
0000000000001acc	5b 5d c3 55 48 89 e5 41 57 41 56 41 55 41 54 53 
0000000000001adc	50 49 89 fc 45 0f b7 6c 24 08 45 85 ed 74 7b 49 
0000000000001aec	8b 34 24 48 85 f6 74 72 31 ff 31 d2 e8 7f 21 00 
0000000000001afc	00 49 89 c6 45 85 f6 7e 61 4c 89 f0 48 c1 e0 20 
0000000000001b0c	48 bf 00 00 00 00 02 00 00 00 48 01 c7 48 c1 ff 
0000000000001b1c	1e e8 54 21 00 00 49 89 c7 4d 85 ff 74 3c 49 8b 
0000000000001b2c	34 24 44 89 f2 4c 89 ff e8 43 21 00 00 31 db 41 
0000000000001b3c	bc 01 00 00 00 45 31 ed 41 8b 3c 9f e8 53 21 00 
0000000000001b4c	00 85 c0 41 0f 4e c4 41 01 c5 48 ff c3 41 39 de 
0000000000001b5c	75 e6 4c 89 ff e8 0a 21 00 00 44 89 e8 48 83 c4 
0000000000001b6c	08 5b 41 5c 41 5d 41 5e 41 5f 5d c3 55 48 89 e5 
0000000000001b7c	41 56 53 48 89 fb 0f b7 43 0c ff c8 66 0f af 43 
0000000000001b8c	1a ff c0 66 89 03 be 01 00 00 00 e8 4c 00 00 00 
0000000000001b9c	44 0f bf 73 12 41 01 c6 f6 83 b0 00 00 00 02 74 
0000000000001bac	1c 66 83 7b 10 00 7e 15 31 f6 48 89 df e8 2a 00 
0000000000001bbc	00 00 44 01 f0 44 0f bf 73 16 41 01 c6 66 44 89 
0000000000001bcc	73 14 0f bf 43 06 44 0f af f0 ff c8 0f af 43 18 
0000000000001bdc	44 01 f0 66 89 43 02 5b 41 5e 5d c3 55 48 89 e5 
0000000000001bec	41 57 41 56 53 50 41 89 f6 4c 8b 7f 50 4d 85 ff 
0000000000001bfc	74 31 49 8b 3f 31 db 48 85 ff 74 39 49 83 c7 08 
0000000000001c0c	31 db 45 84 f6 75 04 48 83 c7 10 e8 b3 fe ff ff 
0000000000001c1c	39 d8 0f 4d d8 49 8b 3f 49 83 c7 08 48 85 ff 75 
0000000000001c2c	e1 eb 12 48 8d 47 0e 48 83 c7 10 45 84 f6 48 0f 
0000000000001c3c	45 f8 0f bf 1f 89 d8 48 83 c4 08 5b 41 5e 41 5f 
0000000000001c4c	5d c3 55 48 89 e5 41 57 41 56 41 55 41 54 53 48 
0000000000001c5c	85 ff 0f 84 ba 02 00 00 4c 8b 57 50 4d 85 d2 0f 
0000000000001c6c	84 ad 02 00 00 49 8b 0a 48 85 c9 0f 84 a1 02 00 
0000000000001c7c	00 44 0f bf 47 58 4d 63 c8 48 8b 87 b0 00 00 00 
0000000000001c8c	41 89 c5 41 c1 ed 05 41 83 e5 01 48 89 c2 48 c1 
0000000000001c9c	ea 20 81 e2 fb ff 00 00 66 89 97 b4 00 00 00 a8 
0000000000001cac	04 0f 85 1d 01 00 00 66 45 85 c9 0f 8e 61 02 00 
0000000000001cbc	00 8b 47 04 44 0f bf e0 c1 f8 10 ff c8 41 0f af 
0000000000001ccc	c4 48 89 45 d0 45 8d 74 24 ff 41 8d 40 ff 89 45 
0000000000001cdc	c8 45 89 c3 31 db 31 ff 89 fe 41 0f af f4 8d 04 
0000000000001cec	1e 4c 63 c8 4b 8b 14 ca 85 ff 74 0e 89 c1 44 29 
0000000000001cfc	e1 48 63 c9 4d 8b 3c ca eb 19 45 85 ed 41 bf 00 
0000000000001d0c	00 00 00 75 0e 48 8b 4d d0 8d 0c 19 44 39 c1 7c 
0000000000001d1c	e0 eb db 4c 89 7a 40 42 8d 0c 20 44 39 c1 7d 05 
0000000000001d2c	48 63 c9 eb 0d 45 85 ed b9 00 00 00 00 75 07 48 
0000000000001d3c	63 cb 49 8b 0c ca 48 89 4a 48 85 db 74 07 4b 8b 
0000000000001d4c	4c ca f8 eb 1c 45 85 ed b9 00 00 00 00 75 12 42 
0000000000001d5c	8d 0c 36 44 39 c1 0f 4d 4d c8 48 63 c9 49 8b 0c 
0000000000001d6c	ca 48 89 4a 50 44 39 f3 7d 1a 8d 48 01 44 39 c1 
0000000000001d7c	7c 09 8d 47 ff 41 0f af c4 01 d8 48 98 49 8b 44 
0000000000001d8c	c2 08 eb 11 45 85 ed b8 00 00 00 00 75 07 48 63 
0000000000001d9c	c6 49 8b 04 c2 48 89 42 58 66 89 7a 38 66 89 5a 
0000000000001dac	36 ff c3 44 39 e3 0f 94 c0 0f b6 c0 b9 00 00 00 
0000000000001dbc	00 0f 44 d9 01 c7 41 ff cb 0f 85 19 ff ff ff e9 
0000000000001dcc	4e 01 00 00 66 45 85 c0 0f 8e 44 01 00 00 0f bf 
0000000000001ddc	77 06 48 63 c6 48 89 45 d0 44 8d 58 ff 41 8d 50 
0000000000001dec	ff 89 55 bc 0f bf 57 04 ff ca 0f af d6 48 89 55 
0000000000001dfc	a8 49 8d 14 c2 48 89 55 b0 49 8d 51 ff 48 89 55 
0000000000001e0c	c8 f7 d8 48 89 45 c0 45 31 f6 31 d2 45 31 ff eb 
0000000000001e1c	21 41 ff c7 41 39 f7 0f 94 c0 0f b6 c0 b9 00 00 
0000000000001e2c	00 00 44 0f 44 f9 01 d0 4b 8b 4c f2 08 49 ff c6 
0000000000001e3c	89 c2 41 89 d4 44 0f af e6 45 85 ff 74 07 4b 8b 
0000000000001e4c	5c f2 f8 eb 1c 45 85 ed bb 00 00 00 00 75 12 43 
0000000000001e5c	8d 1c 1c 44 39 c3 0f 4d 5d bc 48 63 db 49 8b 1c 
0000000000001e6c	da 48 89 59 40 45 39 df 7d 10 49 8d 5e 01 4c 39 
0000000000001e7c	cb 7d 07 4b 8b 5c f2 08 eb 11 45 85 ed bb 00 00 
0000000000001e8c	00 00 75 07 49 63 dc 49 8b 1c da 48 89 59 48 85 
0000000000001e9c	d2 74 0a 48 8b 45 c0 42 8d 1c 30 eb 19 45 85 ed 
0000000000001eac	bb 00 00 00 00 75 16 48 8b 45 a8 42 8d 1c 38 44 
0000000000001ebc	39 c3 0f 4d 5d bc 48 63 db 49 8b 1c da 48 89 59 
0000000000001ecc	50 48 8b 45 d0 4a 8d 1c 30 4c 39 cb 7d 0a 48 8b 
0000000000001edc	45 b0 4a 8b 1c f0 eb 20 45 85 ed bb 00 00 00 00 
0000000000001eec	75 16 8d 5a 01 0f bf 47 04 39 c3 44 89 f8 0f 4c 
0000000000001efc	45 bc 48 98 49 8b 1c c2 48 89 59 58 66 44 89 79 
0000000000001f0c	38 66 89 51 36 48 8b 45 c8 44 39 f0 0f 85 ff fe 
0000000000001f1c	ff ff 5b 41 5c 41 5d 41 5e 41 5f 5d c3 55 48 89 
0000000000001f2c	e5 53 48 83 ec 18 48 89 fb 0f b7 83 b4 00 00 00 
0000000000001f3c	83 e0 03 83 f8 01 0f 85 98 00 00 00 48 8b 7b 38 
0000000000001f4c	0f bf 43 1a 0f bf 73 68 0f af f0 31 d2 e8 9a 1c 
0000000000001f5c	00 00 48 8b 4b 48 48 85 c9 75 23 48 8b 4b 40 48 
0000000000001f6c	85 c9 48 8b 05 c3 20 00 00 48 0f 44 08 b8 ff ff 
0000000000001f7c	ff ff 31 f6 48 85 c9 ba ff ff ff ff 74 10 8b 51 
0000000000001f8c	04 0f bf c2 ff c0 c1 fa 10 ff c2 48 89 ce 8b 0b 
0000000000001f9c	0f bf f9 39 c7 0f 4e c7 c1 f9 10 39 d1 0f 4f ca 
0000000000001fac	48 8b 7b 38 ff c8 ff c9 89 4c 24 08 89 04 24 c7 
0000000000001fbc	44 24 10 00 00 00 00 31 d2 31 c9 45 31 c0 45 31 
0000000000001fcc	c9 e8 14 1c 00 00 48 89 df 48 83 c4 18 5b 5d e9 
0000000000001fdc	4f ee ff ff 48 83 c4 18 5b 5d c3 55 48 89 e5 41 
0000000000001fec	57 41 56 41 55 41 54 53 50 49 89 d6 41 89 f7 48 
0000000000001ffc	89 fb 0f b7 83 b4 00 00 00 a8 01 75 18 66 44 89 
000000000000200c	7b 68 4c 89 73 60 48 83 c4 08 5b 41 5c 41 5d 41 
000000000000201c	5e 41 5f 5d c3 4c 39 73 60 74 33 48 8b 8b 98 00 
000000000000202c	00 00 41 b5 01 48 85 c9 74 27 83 c8 02 66 89 83 
000000000000203c	b4 00 00 00 48 89 df ff d1 0f b7 83 b4 00 00 00 
000000000000204c	25 fd ff 00 00 66 89 83 b4 00 00 00 eb 03 45 31 
000000000000205c	ed 0f bf 4b 68 44 39 f9 75 12 4c 8b 63 60 66 44 
000000000000206c	89 7b 68 4c 89 73 60 45 31 f6 eb 60 48 8b 8b 88 
000000000000207c	00 00 00 48 85 c9 74 22 83 c8 02 66 89 83 b4 00 
000000000000208c	00 00 48 89 df ff d1 0f b7 83 b4 00 00 00 25 fd 
000000000000209c	ff 00 00 66 89 83 b4 00 00 00 4c 8b 63 60 66 44 
00000000000020ac	89 7b 68 4c 89 73 60 48 8b 8b 80 00 00 00 41 b6 
00000000000020bc	01 48 85 c9 74 16 83 c8 02 66 89 83 b4 00 00 00 
00000000000020cc	48 89 df ff d1 80 a3 b4 00 00 00 fd 45 84 ed 0f 
00000000000020dc	84 90 00 00 00 4c 3b 63 60 74 69 48 8b 7b 30 0f 
00000000000020ec	bf 43 1a 41 0f bf 74 24 36 0f af f0 0f bf 43 14 
00000000000020fc	0f bf 4b 18 01 c1 41 0f bf 54 24 38 0f af d1 e8 
000000000000210c	30 1b 00 00 48 89 df 4c 89 e6 e8 28 0e 00 00 0f 
000000000000211c	bf 43 1a 48 8b 7b 30 48 8b 4b 60 0f bf 71 36 0f 
000000000000212c	af f0 0f bf 53 14 0f bf 43 18 01 d0 0f bf 51 38 
000000000000213c	0f af d0 e8 fc 1a 00 00 48 8b 73 60 48 89 df e8 
000000000000214c	f3 0d 00 00 48 8b 83 90 00 00 00 48 85 c0 74 21 
000000000000215c	80 8b b4 00 00 00 02 48 89 df ff d0 80 a3 b4 00 
000000000000216c	00 00 fd eb 0c 45 08 f5 41 0f b6 c5 83 f8 01 75 
000000000000217c	16 48 89 df 48 83 c4 08 5b 41 5c 41 5d 41 5e 41 
000000000000218c	5f 5d e9 96 fd ff ff 48 89 df 48 83 c4 08 5b 41 
000000000000219c	5c 41 5d 41 5e 41 5f 5d e9 86 ec ff ff 55 48 89 
00000000000021ac	e5 48 85 ff 48 0f 44 3d 78 1e 00 00 48 89 b7 80 
00000000000021bc	00 00 00 e8 8e 1a 00 00 c7 00 00 00 00 00 31 c0 
00000000000021cc	5d c3 55 48 89 e5 48 85 ff 48 0f 44 3d 53 1e 00 
00000000000021dc	00 48 8b 87 80 00 00 00 5d c3 55 48 89 e5 48 85 
00000000000021ec	ff 48 0f 44 3d 3b 1e 00 00 48 89 b7 88 00 00 00 
00000000000021fc	e8 51 1a 00 00 c7 00 00 00 00 00 31 c0 5d c3 55 
000000000000220c	48 89 e5 48 85 ff 48 0f 44 3d 16 1e 00 00 48 8b 
000000000000221c	87 88 00 00 00 5d c3 55 48 89 e5 48 85 ff 48 0f 
000000000000222c	44 3d fe 1d 00 00 48 89 b7 90 00 00 00 e8 14 1a 
000000000000223c	00 00 c7 00 00 00 00 00 31 c0 5d c3 55 48 89 e5 
000000000000224c	48 85 ff 48 0f 44 3d d9 1d 00 00 48 8b 87 90 00 
000000000000225c	00 00 5d c3 55 48 89 e5 48 85 ff 48 0f 44 3d c1 
000000000000226c	1d 00 00 48 89 b7 98 00 00 00 e8 d7 19 00 00 c7 
000000000000227c	00 00 00 00 00 31 c0 5d c3 55 48 89 e5 48 85 ff 
000000000000228c	48 0f 44 3d 9c 1d 00 00 48 8b 87 98 00 00 00 5d 
000000000000229c	c3 55 48 89 e5 41 56 53 49 89 f6 48 89 fb 48 85 
00000000000022ac	db 74 0b 4d 85 f6 74 06 49 39 5e 20 74 15 e8 93 
00000000000022bc	19 00 00 c7 00 fe ff ff ff b8 fe ff ff ff 5b 41 
00000000000022cc	5e 5d c3 0f b7 83 b4 00 00 00 a8 02 75 7c 4c 39 
00000000000022dc	73 60 74 64 a8 04 74 08 48 89 df e8 62 f9 ff ff 
00000000000022ec	66 c7 43 28 00 00 48 8b 43 20 c6 00 00 66 45 8b 
00000000000022fc	46 36 41 0f bf d0 0f bf 4b 68 39 ca 7d 09 66 44 
000000000000230c	89 43 68 66 44 89 c1 0f bf f9 0f bf 73 0c 8d 04 
000000000000231c	3e 39 c2 7c 15 0f bf 4b 04 89 c8 29 f8 29 f1 39 
000000000000232c	c2 66 41 0f 4c c8 66 89 4b 68 0f bf f1 48 89 df 
000000000000233c	4c 89 f2 e8 a3 fc ff ff e8 09 19 00 00 c7 00 00 
000000000000234c	00 00 00 31 c0 e9 74 ff ff ff e8 f7 18 00 00 c7 
000000000000235c	00 fb ff ff ff b8 fb ff ff ff e9 5f ff ff ff 55 
000000000000236c	48 89 e5 31 c0 48 85 ff 74 0d 31 c0 48 83 7f 50 
000000000000237c	00 74 04 48 8b 47 60 5d c3 55 48 89 e5 b8 ff ff 
000000000000238c	ff ff 48 85 ff 74 0b 48 83 7f 20 00 74 04 0f bf 
000000000000239c	47 34 5d c3 55 48 89 e5 31 c0 48 85 ff 74 03 48 
00000000000023ac	8b 07 5d c3 55 48 89 e5 31 c0 48 85 ff 74 04 48 
00000000000023bc	8b 47 10 5d c3 55 48 89 e5 41 57 41 56 53 50 49 
00000000000023cc	89 f6 48 89 fb 48 85 db 74 74 80 3b 00 74 6f 48 
00000000000023dc	89 df e8 a1 00 00 00 84 c0 74 63 bf 01 00 00 00 
00000000000023ec	be 60 00 00 00 e8 74 18 00 00 49 89 c7 4d 85 ff 
00000000000023fc	74 79 48 8d 35 83 1e 00 00 b9 0c 00 00 00 4c 89 
000000000000240c	ff f3 48 a5 48 89 df e8 76 18 00 00 66 41 89 47 
000000000000241c	08 49 89 1f 4d 85 f6 74 41 41 80 3e 00 74 3b 4c 
000000000000242c	89 f7 e8 51 00 00 00 84 c0 74 2f 4c 89 f7 e8 4f 
000000000000243c	18 00 00 66 41 89 47 18 4d 89 77 10 eb 0e e8 03 
000000000000244c	18 00 00 c7 00 fe ff ff ff 45 31 ff 4c 89 f8 48 
000000000000245c	83 c4 08 5b 41 5e 41 5f 5d c3 66 41 c7 47 18 00 
000000000000246c	00 49 c7 47 10 00 00 00 00 eb e1 e8 d6 17 00 00 
000000000000247c	c7 00 ff ff ff ff eb d4 55 48 89 e5 41 57 41 56 
000000000000248c	41 55 41 54 53 50 49 89 ff 31 ff 31 d2 4c 89 fe 
000000000000249c	e8 db 17 00 00 49 89 c4 41 bd 01 00 00 00 45 85 
00000000000024ac	e4 7e 71 41 8d 7c 24 02 be 04 00 00 00 e8 ac 17 
00000000000024bc	00 00 49 89 c6 4d 85 f6 74 5a 44 89 e2 4c 89 f7 
00000000000024cc	4c 89 fe e8 a8 17 00 00 4d 63 fc 31 db 41 bc 00 
00000000000024dc	00 04 00 49 63 3c 9e 48 83 ff 7f 77 10 48 8b 05 
00000000000024ec	28 1b 00 00 8b 44 b8 3c 44 21 e0 eb 0a be 00 00 
00000000000024fc	04 00 e8 55 17 00 00 45 31 ed 85 c0 74 0e 48 ff 
000000000000250c	c3 41 bd 01 00 00 00 4c 39 fb 7c c7 4c 89 f7 e8 
000000000000251c	50 17 00 00 44 88 e8 48 83 c4 08 5b 41 5c 41 5d 
000000000000252c	41 5e 41 5f 5d c3 55 48 89 e5 48 85 ff 74 19 48 
000000000000253c	83 7f 20 00 74 24 e8 0b 17 00 00 c7 00 fc ff ff 
000000000000254c	ff b8 fc ff ff ff eb 24 e8 f9 16 00 00 c7 00 fe 
000000000000255c	ff ff ff b8 fe ff ff ff eb 12 e8 05 17 00 00 e8 
000000000000256c	e2 16 00 00 c7 00 00 00 00 00 31 c0 5d c3 55 48 
000000000000257c	89 e5 41 57 41 56 41 55 41 54 53 50 48 89 f3 4c 
000000000000258c	8d 3d 3e 1c 00 00 49 89 fe 45 31 e4 48 85 db 74 
000000000000259c	1c 80 3b 00 74 17 48 89 df e8 da fe ff ff 84 c0 
00000000000025ac	74 0b 48 89 df e8 d8 16 00 00 49 89 c4 4d 85 f6 
00000000000025bc	4c 89 ff 74 d1 4d 8b be a8 00 00 00 45 0f b7 ae 
00000000000025cc	b4 00 00 00 41 f6 c5 01 74 0e 41 0f bf 46 12 44 
00000000000025dc	39 e0 0f 85 94 00 00 00 66 45 89 66 12 45 85 e4 
00000000000025ec	74 39 41 ff c4 4c 89 e7 e8 7d 16 00 00 49 89 86 
00000000000025fc	a8 00 00 00 48 85 c0 0f 84 81 00 00 00 48 89 c7 
000000000000260c	48 89 de e8 74 16 00 00 4c 3b 35 15 1a 00 00 74 
000000000000261c	15 41 80 8e b4 00 00 00 08 eb 0b 49 c7 86 a8 00 
000000000000262c	00 00 00 00 00 00 4d 85 ff 74 0e 41 83 e5 08 74 
000000000000263c	08 4c 89 ff e8 2b 16 00 00 41 f6 86 b4 00 00 00 
000000000000264c	01 75 0a 4c 89 f7 e8 21 f5 ff ff eb 10 4c 89 f7 
000000000000265c	e8 7a 0d 00 00 4c 89 f7 e8 c0 f8 ff ff e8 e4 15 
000000000000266c	00 00 c7 00 00 00 00 00 31 c0 eb 29 e8 d5 15 00 
000000000000267c	00 c7 00 fe ff ff ff b8 fe ff ff ff eb 17 4d 89 
000000000000268c	be a8 00 00 00 e8 bc 15 00 00 c7 00 ff ff ff ff 
000000000000269c	b8 ff ff ff ff 48 83 c4 08 5b 41 5c 41 5d 41 5e 
00000000000026ac	41 5f 5d c3 55 48 89 e5 48 85 ff 48 0f 44 3d 71 
00000000000026bc	19 00 00 48 8b 87 a8 00 00 00 5d c3 55 48 89 e5 
00000000000026cc	41 56 53 89 f0 48 89 fb 83 e0 01 48 85 db 74 70 
00000000000026dc	48 8b 73 30 39 c6 74 72 4c 8b 73 20 89 43 30 85 
00000000000026ec	c0 75 0a 80 7b 3a 00 74 04 c6 43 3a 00 4d 85 f6 
00000000000026fc	74 58 41 f6 86 b4 00 00 00 01 74 4e 48 c1 ee 30 
000000000000270c	49 8b 7e 30 41 0f bf 46 1a 48 c1 e6 10 c1 fe 10 
000000000000271c	0f af f0 41 0f bf 46 14 41 0f bf 4e 18 01 c1 0f 
000000000000272c	bf 53 38 0f af d1 e8 09 15 00 00 4c 89 f7 48 89 
000000000000273c	de e8 01 08 00 00 4c 89 f7 e8 df f7 ff ff eb 0a 
000000000000274c	48 8d 0d 35 1b 00 00 89 41 30 e8 f7 14 00 00 c7 
000000000000275c	00 00 00 00 00 31 c0 5b 41 5e 5d c3 55 48 89 e5 
000000000000276c	83 fe 02 72 12 e8 dc 14 00 00 c7 00 fe ff ff ff 
000000000000277c	b8 fe ff ff ff eb 1e 48 85 ff 48 8d 05 fb 1a 00 
000000000000278c	00 48 0f 45 c7 83 ce fe 83 f6 01 23 70 30 e8 29 
000000000000279c	ff ff ff 31 c0 5d c3 55 48 89 e5 83 e6 01 48 85 
00000000000027ac	ff 48 8d 05 d4 1a 00 00 48 0f 45 c7 0b 70 30 e8 
00000000000027bc	08 ff ff ff 31 c0 5d c3 55 48 89 e5 48 85 ff 48 
00000000000027cc	0f 44 3d 55 18 00 00 8b 47 30 83 e0 01 5d c3 55 
00000000000027dc	48 89 e5 41 56 53 41 89 f6 48 89 fb 48 85 db 74 
00000000000027ec	26 0f b7 83 b4 00 00 00 a8 02 75 2d 48 83 7b 50 
00000000000027fc	00 74 38 45 85 f6 78 0f 0f bf 4b 04 0f bf 53 0c 
000000000000280c	29 d1 44 39 f1 7d 36 e8 3a 14 00 00 c7 00 fe ff 
000000000000281c	ff ff b8 fe ff ff ff eb 7c e8 28 14 00 00 c7 00 
000000000000282c	fb ff ff ff b8 fb ff ff ff eb 6a e8 16 14 00 00 
000000000000283c	c7 00 f5 ff ff ff b8 f5 ff ff ff eb 58 0f bf 4b 
000000000000284c	68 44 39 f1 74 42 a8 04 74 08 48 89 df e8 f0 f3 
000000000000285c	ff ff f6 83 b0 00 00 00 04 44 89 f0 74 08 0f bf 
000000000000286c	43 06 41 0f af c6 48 98 48 8b 4b 50 48 8b 14 c1 
000000000000287c	66 c7 43 28 00 00 48 8b 43 20 c6 00 00 48 89 df 
000000000000288c	44 89 f6 e8 53 f7 ff ff e8 b9 13 00 00 c7 00 00 
000000000000289c	00 00 00 31 c0 5b 41 5e 5d c3 55 48 89 e5 b8 ff 
00000000000028ac	ff ff ff 48 85 ff 74 13 48 8b 4f 50 48 85 c9 74 
00000000000028bc	0a 48 83 39 00 74 04 0f bf 47 68 5d c3 55 48 89 
00000000000028cc	e5 41 56 53 89 f0 48 89 fb 48 85 db 0f 84 90 00 
00000000000028dc	00 00 48 8b 73 30 40 f6 c6 01 74 74 4c 8b 73 20 
00000000000028ec	4d 85 f6 74 0a 41 f6 86 b0 00 00 00 01 75 61 0f 
00000000000028fc	b6 4b 3a 0f b6 d0 39 d1 74 72 88 43 3a 4d 85 f6 
000000000000290c	74 6a 41 f6 86 b4 00 00 00 01 74 60 48 c1 ee 30 
000000000000291c	49 8b 7e 30 41 0f bf 46 1a 48 c1 e6 10 c1 fe 10 
000000000000292c	0f af f0 41 0f bf 46 14 41 0f bf 4e 18 01 c1 0f 
000000000000293c	bf 53 38 0f af d1 e8 f9 12 00 00 4c 89 f7 48 89 
000000000000294c	de e8 f1 05 00 00 4c 89 f7 e8 cf f5 ff ff eb 1c 
000000000000295c	e8 f1 12 00 00 c7 00 f4 ff ff ff b8 f4 ff ff ff 
000000000000296c	eb 17 48 8d 0d 13 19 00 00 88 41 3a e8 d5 12 00 
000000000000297c	00 c7 00 00 00 00 00 31 c0 5b 41 5e 5d c3 55 48 
000000000000298c	89 e5 48 85 ff 48 0f 44 3d 8f 16 00 00 8a 47 3a 
000000000000299c	5d c3 55 48 89 e5 48 85 ff 74 2a 48 8b 47 20 48 
00000000000029ac	85 c0 74 21 f6 80 b4 00 00 00 01 74 18 0f bf 50 
00000000000029bc	68 0f bf 4f 36 39 d1 7c 0c 0f bf 70 0c 01 d6 b0 
00000000000029cc	01 39 ce 7f 02 31 c0 5d c3 55 48 89 e5 41 56 53 
00000000000029dc	49 89 f6 48 89 fb 48 85 db 74 4a 4d 85 f6 74 06 
00000000000029ec	49 83 3e 00 74 3f f6 83 b4 00 00 00 01 75 48 48 
00000000000029fc	83 7b 50 00 74 08 48 89 df e8 59 f0 ff ff 4d 85 
0000000000002a0c	f6 74 0f 48 89 df 4c 89 f6 e8 c5 ee ff ff 84 c0 
0000000000002a1c	74 37 4c 89 73 50 e8 2b 12 00 00 c7 00 00 00 00 
0000000000002a2c	00 31 c0 eb 34 e8 1c 12 00 00 c7 00 fe ff ff ff 
0000000000002a3c	b8 fe ff ff ff eb 22 e8 0a 12 00 00 c7 00 fd ff 
0000000000002a4c	ff ff b8 fd ff ff ff eb 10 e8 f8 11 00 00 c7 00 
0000000000002a5c	fc ff ff ff b8 fc ff ff ff 5b 41 5e 5d c3 55 48 
0000000000002a6c	89 e5 31 c0 48 85 ff 74 04 48 8b 47 50 5d c3 55 
0000000000002a7c	48 89 e5 b8 ff ff ff ff 48 85 ff 74 04 0f bf 47 
0000000000002a8c	58 5d c3 55 48 89 e5 41 57 41 56 53 50 49 89 fe 
0000000000002a9c	bf 01 00 00 00 be b8 00 00 00 e8 bf 11 00 00 48 
0000000000002aac	89 c3 41 bf ff ff ff ff 48 85 db 74 53 48 8d 35 
0000000000002abc	10 17 00 00 ba b8 00 00 00 48 89 df e8 b5 11 00 
0000000000002acc	00 66 c7 83 b4 00 00 00 00 00 8b 43 08 66 89 43 
0000000000002adc	04 c1 e8 10 66 89 43 06 4d 85 f6 74 2d 49 83 3e 
0000000000002aec	00 74 27 48 89 df 4c 89 f6 e8 e5 ed ff ff 84 c0 
0000000000002afc	75 18 48 89 df e8 6a 11 00 00 41 bf f5 ff ff ff 
0000000000002b0c	e8 41 11 00 00 44 89 38 31 db 48 89 d8 48 83 c4 
0000000000002b1c	08 5b 41 5e 41 5f 5d c3 55 48 89 e5 53 50 48 89 
0000000000002b2c	fb 48 85 db 74 4d 0f b7 83 b4 00 00 00 a8 01 75 
0000000000002b3c	54 48 83 7b 50 00 74 0f 48 89 df e8 17 ef ff ff 
0000000000002b4c	0f b7 83 b4 00 00 00 a8 08 74 11 48 8b bb a8 00 
0000000000002b5c	00 00 48 85 ff 74 05 e8 08 11 00 00 48 89 df e8 
0000000000002b6c	00 11 00 00 e8 dd 10 00 00 c7 00 00 00 00 00 31 
0000000000002b7c	c0 eb 22 e8 ce 10 00 00 c7 00 fe ff ff ff b8 fe 
0000000000002b8c	ff ff ff eb 10 e8 bc 10 00 00 c7 00 fd ff ff ff 
0000000000002b9c	b8 fd ff ff ff 48 83 c4 08 5b 5d c3 55 48 89 e5 
0000000000002bac	41 57 41 56 53 50 41 89 f6 49 89 ff 44 89 f3 83 
0000000000002bbc	e3 3f 4d 85 ff 0f 84 8d 00 00 00 41 f6 87 b4 00 
0000000000002bcc	00 00 01 0f 85 9b 00 00 00 41 8b 87 b0 00 00 00 
0000000000002bdc	44 31 f0 a8 04 74 2f 49 8b 47 50 48 85 c0 74 26 
0000000000002bec	48 83 38 00 74 20 66 41 c7 47 68 00 00 48 8b 00 
0000000000002bfc	49 89 47 60 41 8b 57 08 0f bf f2 c1 fa 10 4c 89 
0000000000002c0c	ff e8 6a eb ff ff 41 89 9f b0 00 00 00 41 f6 c6 
0000000000002c1c	01 74 25 49 8b 47 50 48 85 c0 74 1c 48 8b 08 48 
0000000000002c2c	85 c9 74 14 48 83 c0 08 c6 41 3a 00 48 8b 08 48 
0000000000002c3c	83 c0 08 48 85 c9 75 f0 41 f6 c6 02 74 17 4c 89 
0000000000002c4c	ff e8 26 ef ff ff eb 0d 48 8d 05 75 15 00 00 89 
0000000000002c5c	98 b0 00 00 00 e8 ec 0f 00 00 c7 00 00 00 00 00 
0000000000002c6c	31 c0 eb 10 e8 dd 0f 00 00 c7 00 fd ff ff ff b8 
0000000000002c7c	fd ff ff ff 48 83 c4 08 5b 41 5e 41 5f 5d c3 55 
0000000000002c8c	48 89 e5 48 85 ff 48 8d 05 37 15 00 00 48 0f 45 
0000000000002c9c	c7 83 ce c0 83 f6 3f 23 b0 b0 00 00 00 5d e9 f9 
0000000000002cac	fe ff ff 55 48 89 e5 83 e6 3f 48 85 ff 48 8d 05 
0000000000002cbc	10 15 00 00 48 0f 45 c7 0b b0 b0 00 00 00 5d e9 
0000000000002ccc	d8 fe ff ff 55 48 89 e5 48 85 ff 48 0f 44 3d 51 
0000000000002cdc	13 00 00 8b 87 b0 00 00 00 83 e0 3f 5d c3 55 48 
0000000000002cec	89 e5 41 56 53 41 89 f6 48 89 fb 41 0f b6 fe 83 
0000000000002cfc	ff 7f 77 12 48 8b 0d 11 13 00 00 b8 00 00 04 00 
0000000000002d0c	23 44 b9 3c eb 0a be 00 00 04 00 e8 3c 0f 00 00 
0000000000002d1c	85 c0 74 39 48 85 db 48 0f 44 1d 05 13 00 00 44 
0000000000002d2c	88 73 78 74 19 f6 83 b4 00 00 00 01 74 10 48 89 
0000000000002d3c	df e8 99 06 00 00 48 89 df e8 df f1 ff ff e8 03 
0000000000002d4c	0f 00 00 c7 00 00 00 00 00 31 c0 eb 10 e8 f4 0e 
0000000000002d5c	00 00 c7 00 fe ff ff ff b8 fe ff ff ff 5b 41 5e 
0000000000002d6c	5d c3 55 48 89 e5 48 85 ff 48 0f 44 3d b3 12 00 
0000000000002d7c	00 0f b6 47 78 5d c3 55 48 89 e5 48 85 ff 74 14 
0000000000002d8c	48 8b 4f 20 48 85 c9 48 8d 05 4e 15 00 00 48 0f 
0000000000002d9c	45 c1 5d c3 31 c0 5d c3 55 48 89 e5 41 57 41 56 
0000000000002dac	41 55 41 54 53 48 83 ec 18 48 89 f3 49 89 fe 4d 
0000000000002dbc	85 f6 0f 84 fd 00 00 00 48 85 db 0f 84 f4 00 00 
0000000000002dcc	00 49 83 7e 50 00 0f 84 fb 00 00 00 41 f6 86 b4 
0000000000002ddc	00 00 00 02 0f 85 ff 00 00 00 66 41 c7 46 28 00 
0000000000002dec	00 49 8b 46 20 c6 00 00 8a 03 84 c0 0f 84 f9 00 
0000000000002dfc	00 00 41 f6 86 b4 00 00 00 04 74 0a 4c 89 f7 e8 
0000000000002e0c	3e ee ff ff 8a 03 66 41 8b 4e 68 49 8b 56 60 48 
0000000000002e1c	89 55 d0 84 c0 74 66 66 89 4d ce 48 ff c3 4c 8b 
0000000000002e2c	2d e7 11 00 00 41 bc 00 00 04 00 4c 8d 7d d0 84 
0000000000002e3c	c0 78 0d 0f b6 c0 41 8b 44 85 3c 44 21 e0 eb 0d 
0000000000002e4c	0f b6 f8 be 00 00 04 00 e8 ff 0d 00 00 85 c0 0f 
0000000000002e5c	84 ad 00 00 00 0f be 73 ff 4c 89 f7 4c 89 fa e8 
0000000000002e6c	88 e0 ff ff 85 c0 0f 85 96 00 00 00 8a 03 48 ff 
0000000000002e7c	c3 84 c0 75 ba 48 8b 55 d0 66 8b 4d ce 0f bf 42 
0000000000002e8c	36 0f bf c9 39 c8 66 0f 4e c8 0f bf f1 41 0f bf 
0000000000002e9c	4e 0c 8d 3c 0e 39 f8 7c 12 41 0f bf 7e 04 89 fb 
0000000000002eac	29 f3 29 cf 39 d8 0f 4c f8 89 fe 4c 89 f7 e8 28 
0000000000002ebc	f1 ff ff eb 3e e8 8c 0d 00 00 c7 00 fe ff ff ff 
0000000000002ecc	b8 fe ff ff ff eb 61 e8 7a 0d 00 00 c7 00 f5 ff 
0000000000002edc	ff ff b8 f5 ff ff ff eb 4f e8 68 0d 00 00 c7 00 
0000000000002eec	fb ff ff ff b8 fb ff ff ff eb 3d 4c 89 f7 e8 30 
0000000000002efc	df ff ff e8 4e 0d 00 00 c7 00 00 00 00 00 31 c0 
0000000000002f0c	eb 26 66 41 c7 46 28 00 00 49 8b 46 20 c6 00 00 
0000000000002f1c	4c 89 f7 e8 0b df ff ff e8 29 0d 00 00 c7 00 f7 
0000000000002f2c	ff ff ff b8 f7 ff ff ff 48 83 c4 18 5b 41 5c 41 
0000000000002f3c	5d 41 5e 41 5f 5d c3 55 48 89 e5 41 57 41 56 41 
0000000000002f4c	55 41 54 53 48 83 ec 58 49 89 f4 49 89 fd 49 8b 
0000000000002f5c	7d 30 b8 ff ff ff ff 48 89 45 c8 48 85 ff c7 45 
0000000000002f6c	c4 ff ff ff ff 74 0f 8b 0f 0f bf c1 48 89 45 c8 
0000000000002f7c	c1 f9 10 89 4d c4 41 8b 75 70 31 d2 e8 8f 0c 00 
0000000000002f8c	00 41 8a 44 24 3a 84 c0 75 30 4d 39 65 60 74 2a 
0000000000002f9c	4d 8d 75 12 41 0f bf 5d 12 85 db 0f 8e 83 00 00 
0000000000002fac	00 ff c3 49 8b 7d 30 be 20 00 00 00 e8 4d 0c 00 
0000000000002fbc	00 ff cb 83 fb 01 7f eb eb 6a 4d 8d 75 12 66 41 
0000000000002fcc	83 7d 12 00 74 5e 41 f6 85 b0 00 00 00 01 75 3f 
0000000000002fdc	84 c0 74 3b 4d 39 65 60 74 35 49 8b 7d 30 41 8b 
0000000000002fec	75 6c 31 d2 e8 27 0c 00 00 49 8b 7d 30 49 8b b5 
0000000000002ffc	a8 00 00 00 ba ff ff ff ff e8 06 0c 00 00 49 8b 
000000000000300c	7d 30 41 8b 75 6c 31 d2 e8 03 0c 00 00 eb 15 49 
000000000000301c	8b 7d 30 49 8b b5 a8 00 00 00 ba ff ff ff ff e8 
000000000000302c	e0 0b 00 00 49 8b 7d 30 41 8b 75 70 31 d2 e8 d7 
000000000000303c	0b 00 00 41 0f bf 06 41 f6 44 24 30 01 75 1b 48 
000000000000304c	89 45 a8 49 8b 7d 30 41 8b 75 74 45 31 ff 31 d2 
000000000000305c	e8 bb 0b 00 00 41 b6 01 eb 27 48 89 45 a8 41 80 
000000000000306c	7c 24 3a 00 75 23 4d 39 65 60 74 1d 49 8b 7d 30 
000000000000307c	41 8b 75 70 45 31 f6 31 d2 e8 92 0b 00 00 41 b7 
000000000000308c	01 31 c0 48 89 45 b8 eb 1b 49 8b 7d 30 41 8b 75 
000000000000309c	6c 45 31 f6 31 d2 e8 75 0b 00 00 b0 01 48 89 45 
00000000000030ac	b8 45 31 ff 49 8b 7d 30 49 8b 34 24 41 0f b7 54 
00000000000030bc	24 08 e8 4d 0b 00 00 4c 89 e7 e8 04 ea ff ff 66 
00000000000030cc	41 8b 4d 0e 0f bf d9 39 c3 7e 1e ff c3 29 c3 49 
00000000000030dc	8b 7d 30 be 20 00 00 00 e8 21 0b 00 00 ff cb 83 
00000000000030ec	fb 01 7f eb 41 0f b7 4d 0e 41 f6 85 b0 00 00 00 
00000000000030fc	02 0f 84 7c 02 00 00 49 8b 45 10 66 85 c0 0f 8e 
000000000000310c	6f 02 00 00 89 4d b4 4c 89 e3 4c 89 7d 98 4c 89 
000000000000311c	75 a0 48 c1 e8 30 41 bc ff ff ff ff 66 85 c0 b9 
000000000000312c	ff ff ff ff 48 89 4d d0 7e 73 98 41 89 c6 41 c1 
000000000000313c	ee 1f 41 01 c6 41 d1 fe 41 bc ff ff ff ff 45 31 
000000000000314c	ff b8 ff ff ff ff 48 89 45 d0 49 8b 7d 30 45 39 
000000000000315c	fe 75 33 41 0f b6 75 78 e8 a1 0a 00 00 49 8b 45 
000000000000316c	30 b9 ff ff ff ff 48 89 4d d0 48 85 c0 41 bc ff 
000000000000317c	ff ff ff 74 1b 44 8b 20 41 0f bf c4 48 89 45 d0 
000000000000318c	41 c1 fc 10 eb 0a be 20 00 00 00 e8 6e 0a 00 00 
000000000000319c	41 ff c7 41 0f bf 45 16 41 39 c7 7c ad 0f b7 53 
00000000000031ac	18 48 83 c3 10 85 d2 74 0c 49 8b 7d 30 48 8b 33 
00000000000031bc	e8 4f 0a 00 00 48 89 df e8 06 e9 ff ff 49 8b 75 
00000000000031cc	10 0f bf ce 39 c1 7e 2a 0f bf de ff c3 29 c3 4c 
00000000000031dc	8b 75 a0 4c 8b 7d 98 49 8b 7d 30 be 20 00 00 00 
00000000000031ec	e8 19 0a 00 00 ff cb 83 fb 01 7f eb 49 8b 75 10 
00000000000031fc	eb 08 4c 8b 75 a0 4c 8b 7d 98 41 0f bf 45 1a 83 
000000000000320c	f8 02 8b 45 b4 0f 8c 68 01 00 00 49 8b 7d 30 b9 
000000000000321c	ff ff ff ff 48 85 ff ba ff ff ff ff 74 08 8b 17 
000000000000322c	0f bf ca c1 fa 10 45 84 f6 74 1a 48 89 75 88 89 
000000000000323c	55 90 89 4d 94 89 c3 4c 89 7d 98 4c 89 75 a0 41 
000000000000324c	8b 75 74 eb 20 48 89 75 88 89 55 90 89 4d 94 89 
000000000000325c	c3 4c 89 7d 98 4c 89 75 a0 48 8b 45 b8 84 c0 74 
000000000000326c	0b 41 8b 75 6c 31 d2 e8 9e 09 00 00 49 8b 7d 30 
000000000000327c	41 8b 75 70 31 d2 e8 95 09 00 00 41 0f bf 45 1a 
000000000000328c	83 f8 02 0f 8c bf 00 00 00 44 0f bf f3 48 8b 75 
000000000000329c	88 0f bf c6 48 c1 fe 30 48 8b 4d a8 41 8d 14 0e 
00000000000032ac	01 c2 01 f2 89 55 b4 41 ff cc 41 01 f6 41 01 c6 
00000000000032bc	41 01 ce 41 bf 01 00 00 00 48 8b 45 c8 41 8d 34 
00000000000032cc	07 49 8b 7d 30 b8 ff ff ff ff 48 85 ff 74 06 0f 
00000000000032dc	bf 47 04 ff c0 39 c6 7d 23 8b 55 c4 e8 53 09 00 
00000000000032ec	00 83 7d b4 00 44 89 f3 7e 12 49 8b 7d 30 be 20 
00000000000032fc	00 00 00 e8 06 09 00 00 ff cb 75 ee 48 8b 45 d0 
000000000000330c	41 8d 34 07 49 8b 7d 30 b8 ff ff ff ff 48 85 ff 
000000000000331c	74 06 0f bf 47 04 ff c0 39 c6 7d 1b 44 89 e2 e8 
000000000000332c	10 09 00 00 83 f8 ff 74 0e 49 8b 7d 30 41 0f b6 
000000000000333c	75 78 e8 c7 08 00 00 41 ff c7 41 0f bf 45 1a 41 
000000000000334c	39 c7 0f 8c 71 ff ff ff 49 8b 7d 30 8b 75 94 8b 
000000000000335c	55 90 e8 dd 08 00 00 4c 8b 7d 98 45 84 ff 4c 8b 
000000000000336c	75 a0 75 0f 49 8b 7d 30 41 8b 75 70 31 d2 e8 97 
000000000000337c	08 00 00 48 8b 45 b8 84 c0 74 0f 49 8b 7d 30 41 
000000000000338c	8b 75 6c 31 d2 e8 80 08 00 00 45 84 ff 74 0f 49 
000000000000339c	8b 7d 30 41 8b 75 70 31 d2 e8 6c 08 00 00 45 84 
00000000000033ac	f6 74 1d 49 8b 7d 30 41 8b 75 74 31 d2 48 83 c4 
00000000000033bc	58 5b 41 5c 41 5d 41 5e 41 5f 5d e9 4a 08 00 00 
00000000000033cc	48 83 c4 58 5b 41 5c 41 5d 41 5e 41 5f 5d c3 55 
00000000000033dc	48 89 e5 41 57 41 56 41 55 41 54 53 48 83 ec 38 
00000000000033ec	48 89 fb 48 8b 7b 30 48 8b 43 50 4c 8b 30 44 8b 
00000000000033fc	7f 14 8b 73 70 e8 1c 08 00 00 48 8b 7b 30 e8 25 
000000000000340c	08 00 00 48 8b 7b 30 44 89 fe e8 07 08 00 00 31 
000000000000341c	c9 f6 83 b0 00 00 00 20 b8 00 00 00 00 49 0f 44 
000000000000342c	c6 48 89 45 a8 48 89 4d b0 4c 89 75 b8 48 8b 7b 
000000000000343c	30 31 d2 48 89 ce e8 f9 07 00 00 f6 83 b0 00 00 
000000000000344c	00 20 b8 00 00 00 00 49 0f 44 c6 48 89 45 c0 48 
000000000000345c	89 df 4c 89 f6 e8 dd fa ff ff 48 8b 7b 30 8b 73 
000000000000346c	70 31 d2 e8 a8 07 00 00 4d 8b 76 48 4c 3b 75 c0 
000000000000347c	0f 95 c0 4d 85 f6 0f 95 c1 20 c1 0f b6 c1 83 f8 
000000000000348c	01 0f 85 a4 00 00 00 48 8b 7b 30 41 bc ff ff ff 
000000000000349c	ff 48 85 ff 41 bd ff ff ff ff 74 0b 44 8b 2f 45 
00000000000034ac	0f bf e5 41 c1 fd 10 45 31 ff 66 83 7b 1a 00 7e 
00000000000034bc	53 88 4d cf 4c 89 75 d0 43 8d 34 27 44 89 ea e8 
00000000000034cc	70 07 00 00 8b 43 18 66 85 c0 41 be 00 00 00 00 
00000000000034dc	89 c1 7e 1f 48 8b 7b 30 be 20 00 00 00 e8 1c 07 
00000000000034ec	00 00 41 ff c6 8b 4b 18 0f bf c1 41 39 c6 7c e4 
00000000000034fc	66 89 c8 41 ff c7 c1 f9 10 48 8b 7b 30 41 39 cf 
000000000000350c	7c b6 eb 0b 88 4d cf 4c 89 75 d0 0f b7 43 18 0f 
000000000000351c	bf d0 44 01 ea 44 89 e6 e8 17 07 00 00 80 7d cf 
000000000000352c	00 4c 8b 75 d0 0f 85 24 ff ff ff 48 8b 7b 30 8b 
000000000000353c	73 70 31 d2 e8 d1 06 00 00 4c 8b 75 b8 4d 8b 76 
000000000000354c	58 4d 85 f6 48 8b 4d b0 74 10 0f bf 43 1a 01 c1 
000000000000355c	4c 3b 75 a8 0f 85 cb fe ff ff 48 83 c4 38 5b 41 
000000000000356c	5c 41 5d 41 5e 41 5f 5d c3 55 48 89 e5 41 57 41 
000000000000357c	56 53 50 48 89 fb 48 85 db 0f 84 65 01 00 00 0f 
000000000000358c	b7 83 b4 00 00 00 a8 02 0f 85 68 01 00 00 a8 01 
000000000000359c	0f 85 72 01 00 00 48 8b 43 50 48 85 c0 0f 84 77 
00000000000035ac	01 00 00 48 83 38 00 0f 84 6d 01 00 00 0f bf 43 
00000000000035bc	1a 44 0f bf 73 04 41 ff ce 44 0f af f0 41 ff c6 
00000000000035cc	48 8b 43 48 48 85 c0 75 1d 48 8b 43 40 48 85 c0 
00000000000035dc	48 8b 0d 55 0a 00 00 48 0f 44 01 41 bf ff ff ff 
00000000000035ec	ff 48 85 c0 74 08 44 0f bf 78 04 41 ff c7 0f bf 
00000000000035fc	73 02 44 89 f7 e8 f8 05 00 00 48 89 43 30 48 85 
000000000000360c	c0 0f 84 25 01 00 00 45 39 f7 45 0f 4d fe 8b 13 
000000000000361c	0f bf ca 41 39 cf 44 0f 4f f9 c1 fa 10 31 c9 45 
000000000000362c	31 c0 48 89 c7 44 89 fe e8 cb 05 00 00 48 89 43 
000000000000363c	38 48 85 c0 0f 84 f2 00 00 00 0f b7 83 b4 00 00 
000000000000364c	00 a8 04 74 0f 48 89 df e8 f5 e5 ff ff 0f b7 83 
000000000000365c	b4 00 00 00 83 c8 01 66 89 83 b4 00 00 00 f6 83 
000000000000366c	b0 00 00 00 01 75 20 48 8b 43 50 48 8b 08 48 85 
000000000000367c	c9 74 14 48 83 c0 08 c6 41 3a 00 48 8b 08 48 83 
000000000000368c	c0 08 48 85 c9 75 f0 48 89 df e8 40 fd ff ff 48 
000000000000369c	8b 83 80 00 00 00 48 85 c0 74 13 80 8b b4 00 00 
00000000000036ac	00 02 48 89 df ff d0 80 a3 b4 00 00 00 fd 48 8b 
00000000000036bc	83 90 00 00 00 48 85 c0 74 13 80 8b b4 00 00 00 
00000000000036cc	02 48 89 df ff d0 80 a3 b4 00 00 00 fd 48 89 df 
00000000000036dc	e8 48 e8 ff ff e8 6c 05 00 00 c7 00 00 00 00 00 
00000000000036ec	31 c0 eb 58 e8 5d 05 00 00 c7 00 fe ff ff ff b8 
00000000000036fc	fe ff ff ff eb 46 e8 4b 05 00 00 c7 00 fb ff ff 
000000000000370c	ff b8 fb ff ff ff eb 34 e8 39 05 00 00 c7 00 fd 
000000000000371c	ff ff ff b8 fd ff ff ff eb 22 e8 27 05 00 00 c7 
000000000000372c	00 f5 ff ff ff b8 f5 ff ff ff eb 10 e8 15 05 00 
000000000000373c	00 c7 00 ff ff ff ff b8 ff ff ff ff 48 83 c4 08 
000000000000374c	5b 41 5e 41 5f 5d c3 55 48 89 e5 41 56 53 48 89 
000000000000375c	fb 48 85 db 74 29 66 8b 83 b4 00 00 00 0f b7 c8 
000000000000376c	f6 c1 02 75 2f f6 c1 01 75 3f e8 d7 04 00 00 c7 
000000000000377c	00 f9 ff ff ff b8 f9 ff ff ff e9 db 00 00 00 e8 
000000000000378c	c2 04 00 00 c7 00 fe ff ff ff b8 fe ff ff ff e9 
000000000000379c	c6 00 00 00 e8 ad 04 00 00 c7 00 fb ff ff ff b8 
00000000000037ac	fb ff ff ff e9 b1 00 00 00 48 8b 8b 98 00 00 00 
00000000000037bc	48 85 c9 74 22 83 c8 02 66 89 83 b4 00 00 00 48 
00000000000037cc	89 df ff d1 0f b7 83 b4 00 00 00 25 fd ff 00 00 
00000000000037dc	66 89 83 b4 00 00 00 48 8b 8b 88 00 00 00 48 85 
00000000000037ec	c9 74 16 83 c8 02 66 89 83 b4 00 00 00 48 89 df 
00000000000037fc	ff d1 80 a3 b4 00 00 00 fd 4c 8b 73 48 4d 85 f6 
000000000000380c	75 12 4c 8b 73 40 4d 85 f6 48 8b 05 1c 08 00 00 
000000000000381c	4c 0f 44 30 4c 89 f7 e8 0c 04 00 00 4c 89 f7 e8 
000000000000382c	16 04 00 00 48 8b 7b 38 e8 b3 03 00 00 48 c7 43 
000000000000383c	38 00 00 00 00 48 8b 7b 30 e8 a2 03 00 00 48 c7 
000000000000384c	43 30 00 00 00 00 80 a3 b4 00 00 00 fe e8 f4 03 
000000000000385c	00 00 c7 00 00 00 00 00 31 c0 5b 41 5e 5d c3 81 
000000000000386c	c7 00 fe ff ff 83 ff 11 72 13 55 48 89 e5 e8 d3 
000000000000387c	03 00 00 c7 00 fe ff ff ff 31 c0 5d c3 48 63 c7 
000000000000388c	48 8d 0d ad 08 00 00 48 8b 04 c1 c3 55 48 89 e5 
000000000000389c	41 57 41 56 41 55 41 54 53 48 83 ec 18 48 89 f8 
00000000000038ac	4c 8b 3d 6d 07 00 00 4d 8b 3f 4c 89 7d d0 48 85 
00000000000038bc	c0 74 5f 4c 8d 6d c0 ba 10 00 00 00 4c 89 ef 48 
00000000000038cc	89 c6 e8 c7 03 00 00 45 31 f6 4c 8d 25 63 08 00 
00000000000038dc	00 31 db 41 0f b6 7d 00 85 ff 74 13 e8 77 03 00 
00000000000038ec	00 41 88 45 00 ff c3 49 ff c5 83 fb 10 72 e4 49 
00000000000038fc	8b 3c 24 48 8d 75 c0 ba 10 00 00 00 e8 87 03 00 
000000000000390c	00 85 c0 74 20 49 ff c6 49 83 c4 08 49 83 fe 11 
000000000000391c	72 dd e8 2f 03 00 00 c7 00 f7 ff ff ff 41 be f7 
000000000000392c	ff ff ff eb 07 41 81 c6 00 02 00 00 4c 3b 7d d0 
000000000000393c	75 12 44 89 f0 48 83 c4 18 5b 41 5c 41 5d 41 5e 
000000000000394c	41 5f 5d c3 e8 09 03 00 00 55 48 89 e5 48 85 ff 
000000000000395c	74 33 48 8b 47 50 48 85 c0 74 3c 48 83 38 00 74 
000000000000396c	36 48 85 f6 74 05 0f bf 07 89 06 48 85 d2 74 06 
000000000000397c	0f bf 47 02 89 02 e8 cb 02 00 00 c7 00 00 00 00 
000000000000398c	00 31 c0 eb 22 e8 bc 02 00 00 c7 00 fe ff ff ff 
000000000000399c	b8 fe ff ff ff eb 10 e8 aa 02 00 00 c7 00 f5 ff 
00000000000039ac	ff ff b8 f5 ff ff ff 5d c3 55 48 89 e5 48 85 ff 
00000000000039bc	48 0f 44 3d 6c 06 00 00 f6 87 b4 00 00 00 01 75 
00000000000039cc	60 85 f6 78 6e 48 8b 05 38 06 00 00 44 8b 00 45 
00000000000039dc	85 c0 b8 08 00 00 00 41 0f 45 c0 39 c8 7c 54 85 
00000000000039ec	c9 78 50 83 fa 03 77 4b 39 f0 7c 47 85 f6 66 b8 
00000000000039fc	01 00 66 0f 44 f0 66 89 77 16 85 d2 66 0f 44 d0 
0000000000003a0c	66 89 57 1a 85 c9 66 0f 44 c8 66 89 4f 18 e8 59 
0000000000003a1c	e1 ff ff e8 2e 02 00 00 48 89 c1 31 c0 89 01 eb 
0000000000003a2c	22 e8 20 02 00 00 c7 00 fd ff ff ff b8 fd ff ff 
0000000000003a3c	ff eb 10 e8 0e 02 00 00 c7 00 fe ff ff ff b8 fe 
0000000000003a4c	ff ff ff 5d c3 48 85 ff 48 0f 44 3d d4 05 00 00 
0000000000003a5c	48 85 f6 74 06 0f bf 47 16 89 06 48 85 d2 74 06 
0000000000003a6c	0f bf 47 1a 89 02 48 85 c9 74 06 0f bf 47 18 89 
0000000000003a7c	01 55 48 89 e5 e8 cc 01 00 00 c7 00 00 00 00 00 
0000000000003a8c	31 c0 5d c3 55 48 89 e5 48 85 ff 74 14 f6 87 b4 
0000000000003a9c	00 00 00 01 75 25 48 89 77 48 e8 cd e0 ff ff eb 
0000000000003aac	0b 48 8d 05 1c 07 00 00 48 89 70 48 e8 95 01 00 
0000000000003abc	00 c7 00 00 00 00 00 31 c0 eb 10 e8 86 01 00 00 
0000000000003acc	c7 00 fd ff ff ff b8 fd ff ff ff 5d c3 55 48 89 
0000000000003adc	e5 48 85 ff 48 0f 44 3d 48 05 00 00 48 8b 47 48 
0000000000003aec	48 85 c0 75 12 48 8b 47 40 48 85 c0 48 8b 0d 39 
0000000000003afc	05 00 00 48 0f 44 01 5d c3 55 48 89 e5 48 85 ff 
0000000000003b0c	48 0f 44 3d 1c 05 00 00 48 89 b7 a0 00 00 00 e8 
0000000000003b1c	32 01 00 00 c7 00 00 00 00 00 31 c0 5d c3 55 48 
0000000000003b2c	89 e5 48 85 ff 48 0f 44 3d f7 04 00 00 48 8b 87 
0000000000003b3c	a0 00 00 00 5d c3 55 48 89 e5 48 85 ff 74 14 f6 
0000000000003b4c	87 b4 00 00 00 01 75 25 48 89 77 40 e8 1b e0 ff 
0000000000003b5c	ff eb 0b 48 8d 05 6a 06 00 00 48 89 70 40 e8 e3 
0000000000003b6c	00 00 00 c7 00 00 00 00 00 31 c0 eb 10 e8 d4 00 
0000000000003b7c	00 00 c7 00 fd ff ff ff b8 fd ff ff ff 5d c3 55 
0000000000003b8c	48 89 e5 48 85 ff 48 0f 44 3d 96 04 00 00 48 8b 
0000000000003b9c	47 40 48 85 c0 48 8b 0d 90 04 00 00 48 0f 44 01 
0000000000003bac	5d c3 55 48 89 e5 48 85 ff 48 0f 44 3d 6b 04 00 
0000000000003bbc	00 48 89 77 28 e8 8c 00 00 00 c7 00 00 00 00 00 
0000000000003bcc	31 c0 5d c3 55 48 89 e5 48 85 ff 48 0f 44 3d 49 
0000000000003bdc	04 00 00 48 8b 47 28 5d c3 
