test/unit_test_files/fat_lib/libpmsample.dylib:
Contents of (__TEXT,__text) section
0000000000001599	55 48 89 e5 41 57 41 56 53 48 83 ec 38 48 89 d3 
00000000000015a9	49 89 f6 89 7d e4 48 8d 55 e4 31 ff be 09 00 00 
00000000000015b9	00 e8 af 13 00 00 49 89 c7 48 8b 3d c7 1e 00 00 
00000000000015c9	48 8b 05 40 1a 00 00 48 89 45 b8 c7 45 c0 00 00 
00000000000015d9	00 40 c7 45 c4 00 00 00 00 48 8d 05 98 00 00 00 
00000000000015e9	48 89 45 c8 48 8d 05 6c 1c 00 00 48 89 45 d0 48 
00000000000015f9	89 5d d8 48 8d 75 b8 e8 11 14 00 00 48 8b 3d 94 
0000000000001609	1e 00 00 48 c7 c6 ff ff ff ff e8 f8 13 00 00 48 
0000000000001619	8b 3d 89 1e 00 00 4c 89 fe e8 35 13 00 00 48 89 
0000000000001629	c3 48 85 db 74 33 48 89 df e8 49 13 00 00 48 8b 
0000000000001639	3d 62 1e 00 00 e8 c7 13 00 00 4c 89 ff e8 2f 13 
0000000000001649	00 00 31 f6 ba 28 00 00 00 48 89 df 4c 89 f1 e8 
0000000000001659	e7 12 00 00 48 89 df eb 0f 48 8b 3d 37 1e 00 00 
0000000000001669	e8 9c 13 00 00 4c 89 ff e8 04 13 00 00 48 83 c4 
0000000000001679	38 5b 41 5e 41 5f 5d c3 48 8b 47 20 48 85 c0 74 
0000000000001689	1a 48 89 c1 48 2b 0d 04 1e 00 00 48 81 f9 00 ca 
0000000000001699	9a 3b 72 32 48 89 05 f4 1d 00 00 55 48 89 e5 48 
00000000000016a9	8b 3d 11 1e 00 00 48 8d 35 6a 1c 00 00 e8 dd 12 
00000000000016b9	00 00 48 8b 3d ee 1d 00 00 48 c7 c6 ff ff ff ff 
00000000000016c9	5d e9 41 13 00 00 c3 55 48 89 e5 41 57 41 56 41 
00000000000016d9	55 41 54 53 48 83 ec 18 41 89 f4 48 89 fb 48 89 
00000000000016e9	5d c8 48 8b 3d ce 1d 00 00 48 8d 35 27 1c 00 00 
00000000000016f9	e8 9a 12 00 00 48 8b 3d ab 1d 00 00 48 c7 c6 ff 
0000000000001709	ff ff ff e8 ff 12 00 00 48 85 db 0f 84 52 01 00 
0000000000001719	00 48 8b 3d 7f 1d 00 00 48 c7 c6 ff ff ff ff e8 
0000000000001729	e3 12 00 00 48 8b 3d 74 1d 00 00 e8 17 12 00 00 
0000000000001739	48 89 c3 48 89 5d d0 48 8d 3c dd 00 00 00 00 e8 
0000000000001749	11 13 00 00 49 89 c5 48 8b 3d 51 1d 00 00 31 f6 
0000000000001759	4c 89 ea e8 f5 11 00 00 48 8d 0d 38 1b 00 00 ba 
0000000000001769	08 00 00 00 4c 89 ef 48 89 de e8 0a 13 00 00 48 
0000000000001779	85 db 0f 84 c9 00 00 00 4d 63 e4 48 8b 45 c8 48 
0000000000001789	8d 80 80 01 00 00 48 89 45 c0 45 31 f6 31 db 4c 
0000000000001799	63 fb 4b 8b 7c f5 00 e8 99 11 00 00 4d 39 e7 7d 
00000000000017a9	47 4b 8d 0c 7f 48 c1 e1 07 48 03 4d c8 74 39 48 
00000000000017b9	63 cb 48 8d 1c 49 48 c1 e3 07 48 03 5d c0 8b 8b 
00000000000017c9	80 fe ff ff 39 08 7c 20 74 49 49 ff c7 4b 8b 7c 
00000000000017d9	f5 00 e8 5e 11 00 00 4d 39 e7 7d 0c 48 85 db 48 
00000000000017e9	8d 9b 80 01 00 00 75 d6 31 ff be 09 00 00 00 48 
00000000000017f9	89 c2 e8 6e 11 00 00 48 89 c3 48 8b 3d 9e 1c 00 
0000000000001809	00 48 89 de e8 50 11 00 00 48 89 df e8 60 11 00 
0000000000001819	00 eb 1e 4b 8b 7c f5 00 48 81 c3 38 ff ff ff 31 
0000000000001829	f6 ba 28 00 00 00 48 89 d9 e8 0d 11 00 00 49 ff 
0000000000001839	c7 49 ff c6 4c 3b 75 d0 4c 89 fb 0f 82 4e ff ff 
0000000000001849	ff 48 8b 3d 4f 1c 00 00 e8 b4 11 00 00 4c 89 ef 
0000000000001859	48 83 c4 18 5b 41 5c 41 5d 41 5e 41 5f 5d e9 b6 
0000000000001869	11 00 00 48 83 c4 18 5b 41 5c 41 5d 41 5e 41 5f 
0000000000001879	5d c3 55 48 89 e5 41 56 53 49 89 d6 48 8b 3e e8 
0000000000001889	b1 10 00 00 8b 18 49 8b 3e e8 a7 10 00 00 2b 18 
0000000000001899	89 d8 5b 41 5e 5d c3 55 48 89 e5 31 ff e8 59 11 
00000000000018a9	00 00 48 89 05 fe 1b 00 00 bf 01 00 00 00 e8 48 
00000000000018b9	11 00 00 48 89 05 dd 1b 00 00 48 8d 3d 5e 14 00 
00000000000018c9	00 31 f6 e8 2d 11 00 00 48 89 05 e0 1b 00 00 48 
00000000000018d9	8d 3d 5f 14 00 00 31 f6 e8 18 11 00 00 48 89 05 
00000000000018e9	a3 1b 00 00 48 8b 15 3c 17 00 00 48 8b 0d 3d 17 
00000000000018f9	00 00 31 ff 31 f6 e8 46 10 00 00 48 89 05 9d 1b 
0000000000001909	00 00 48 8b 05 16 17 00 00 48 8b 38 48 8b 35 9c 
0000000000001919	1b 00 00 48 8d 15 ad 1a 00 00 e8 6a 10 00 00 48 
0000000000001929	89 05 91 1b 00 00 48 89 c7 e8 4f 10 00 00 48 8b 
0000000000001939	3d 82 1b 00 00 e8 49 10 00 00 48 8b 3d 76 1b 00 
0000000000001949	00 48 8d 35 cf 19 00 00 e8 42 10 00 00 48 8b 3d 
0000000000001959	53 1b 00 00 48 c7 c6 ff ff ff ff 5d e9 a6 10 00 
0000000000001969	00 55 48 89 e5 48 8b 3d 43 1b 00 00 48 8d 35 64 
0000000000001979	19 00 00 5d e9 70 10 00 00 55 48 89 e5 48 8b 3d 
0000000000001989	23 1b 00 00 5d e9 77 10 00 00 55 48 89 e5 41 57 
0000000000001999	41 56 41 55 41 54 53 48 81 ec 88 00 00 00 48 89 
00000000000019a9	f3 48 89 df e8 ce 0f 00 00 4c 8b 3d 57 16 00 00 
00000000000019b9	4c 89 7d b0 41 bc 00 00 00 40 44 89 65 b8 45 31 
00000000000019c9	ed 44 89 6d bc 48 8d 05 b4 00 00 00 48 89 45 c0 
00000000000019d9	48 8d 05 60 19 00 00 48 89 45 c8 48 89 5d d0 4c 
00000000000019e9	89 7d 80 c7 45 88 00 00 00 42 44 89 6d 8c 48 8d 
00000000000019f9	05 3e 02 00 00 48 89 45 90 48 8d 05 57 19 00 00 
0000000000001a09	48 89 45 98 48 89 5d a8 4c 8d 75 b0 4c 89 75 a0 
0000000000001a19	48 8d 75 80 48 89 df e8 97 0f 00 00 4c 89 bd 58 
0000000000001a29	ff ff ff 44 89 a5 60 ff ff ff 44 89 ad 64 ff ff 
0000000000001a39	ff 48 8d 05 5f 02 00 00 48 89 85 68 ff ff ff 48 
0000000000001a49	8d 05 41 19 00 00 48 89 85 70 ff ff ff 48 89 9d 
0000000000001a59	78 ff ff ff 48 8d b5 58 ff ff ff 48 89 df e8 44 
0000000000001a69	0f 00 00 48 89 df 4c 89 f6 e8 3f 0f 00 00 48 81 
0000000000001a79	c4 88 00 00 00 5b 41 5c 41 5d 41 5e 41 5f 5d c3 
0000000000001a89	55 48 89 e5 41 57 41 56 53 48 83 ec 38 48 89 f3 
0000000000001a99	48 8b 7f 20 e8 fc 0e 00 00 49 89 c7 4d 85 ff 0f 
0000000000001aa9	84 83 01 00 00 48 8b 05 8b 15 00 00 48 8b 30 48 
0000000000001ab9	89 df e8 9c 0e 00 00 49 89 c6 4d 85 f6 0f 84 5d 
0000000000001ac9	01 00 00 48 8b 3d d5 19 00 00 4c 89 f6 e8 81 0e 
0000000000001ad9	00 00 48 85 c0 74 15 48 8d 4d c0 31 f6 ba 28 00 
0000000000001ae9	00 00 48 89 c7 e8 51 0e 00 00 eb 13 0f 57 c0 0f 
0000000000001af9	29 45 d0 0f 29 45 c0 48 c7 45 e0 00 00 00 00 48 
0000000000001b09	8d 55 c0 be 09 00 00 00 4c 89 f7 e8 5b 0e 00 00 
0000000000001b19	48 8b 05 30 15 00 00 48 8b 30 4c 89 ff e8 31 0e 
0000000000001b29	00 00 48 8d 55 b8 be 0b 00 00 00 48 89 c7 e8 38 
0000000000001b39	0e 00 00 48 8b 45 b8 48 3b 45 c8 76 04 48 89 45 
0000000000001b49	c8 48 8b 05 f7 14 00 00 48 8b 30 4c 89 ff e8 00 
0000000000001b59	0e 00 00 48 8d 55 b8 be 0b 00 00 00 48 89 c7 e8 
0000000000001b69	07 0e 00 00 48 8b 45 b8 48 3b 45 d8 76 04 48 89 
0000000000001b79	45 d8 48 8b 05 de 14 00 00 48 8b 30 4c 89 ff e8 
0000000000001b89	cf 0d 00 00 48 8d 55 b8 be 0b 00 00 00 48 89 c7 
0000000000001b99	e8 d6 0d 00 00 48 8b 45 b8 48 3b 45 d0 76 04 48 
0000000000001ba9	89 45 d0 48 8b 05 a5 14 00 00 48 8b 30 4c 89 ff 
0000000000001bb9	e8 9e 0d 00 00 48 8d 55 b8 be 0b 00 00 00 48 89 
0000000000001bc9	c7 e8 a5 0d 00 00 48 8b 45 b8 48 3b 45 e0 76 04 
0000000000001bd9	48 89 45 e0 48 8d 75 c0 31 ff ba 28 00 00 00 e8 
0000000000001be9	4b 0d 00 00 48 89 c3 48 8b 3d a9 18 00 00 48 c7 
0000000000001bf9	c6 ff ff ff ff e8 0d 0e 00 00 48 8b 3d 9e 18 00 
0000000000001c09	00 4c 89 f6 48 89 da e8 53 0d 00 00 48 8b 3d 84 
0000000000001c19	18 00 00 e8 e9 0d 00 00 48 89 df e8 51 0d 00 00 
0000000000001c29	4c 89 ff e8 49 0d 00 00 48 83 c4 38 5b 41 5e 41 
0000000000001c39	5f 5d c3 55 48 89 e5 41 56 53 49 89 fe 49 8b 7e 
0000000000001c49	28 e8 55 0d 00 00 48 89 c3 48 85 db 74 12 49 8b 
0000000000001c59	7e 20 48 89 de ff 57 10 48 89 df e8 11 0d 00 00 
0000000000001c69	49 8b 7e 28 5b 41 5e 5d e9 04 0d 00 00 55 48 89 
0000000000001c79	e5 48 83 c7 20 48 8b 76 20 ba 07 00 00 00 5d e9 
0000000000001c89	35 0d 00 00 55 48 89 e5 48 8b 7f 20 be 07 00 00 
0000000000001c99	00 5d e9 28 0d 00 00 55 48 89 e5 48 8b 7f 20 5d 
0000000000001ca9	e9 fc 0c 00 00 55 48 89 e5 89 f8 45 31 c0 48 89 
0000000000001cb9	f7 48 89 d6 48 89 ca 89 c1 5d e9 00 00 00 00 55 
0000000000001cc9	48 89 e5 41 57 41 56 41 55 41 54 53 48 81 ec 88 
0000000000001cd9	11 00 00 4c 89 85 70 ee ff ff 41 89 cd 49 89 d6 
0000000000001ce9	48 89 b5 58 ee ff ff 49 89 fc 48 8b 1d 1e 13 00 
0000000000001cf9	00 48 8b 1b 48 89 5d d0 be 80 01 00 00 e8 c9 0c 
0000000000001d09	00 00 45 89 2c 24 41 f6 c6 01 74 5b 45 85 ed 74 
0000000000001d19	3b 4c 8d bd e0 ee ff ff ba 00 10 00 00 44 89 ef 
0000000000001d29	4c 89 fe e8 45 0d 00 00 89 c1 85 c9 0f 8e c3 03 
0000000000001d39	00 00 be 2f 00 00 00 4c 89 ff e8 46 0d 00 00 48 
0000000000001d49	85 c0 48 8d 70 01 49 0f 44 f7 eb 07 48 8d 35 3b 
0000000000001d59	11 00 00 49 8d 7c 24 04 ba 80 00 00 00 b9 80 00 
0000000000001d69	00 00 e8 76 0c 00 00 4c 89 f0 48 83 e0 04 48 89 
0000000000001d79	85 60 ee ff ff 0f 94 c0 4d 89 f7 49 83 e7 20 75 
0000000000001d89	08 84 c0 0f 85 55 01 00 00 48 83 bd 70 ee ff ff 
0000000000001d99	00 74 04 31 c0 eb 47 48 8b 05 c1 12 00 00 8b 38 
0000000000001da9	48 8d 95 dc ee ff ff 48 89 95 70 ee ff ff 44 89 
0000000000001db9	ee e8 d5 0c 00 00 89 c3 b0 01 85 db 74 20 48 8b 
0000000000001dc9	05 52 12 00 00 4c 8b 30 89 df e8 6e 0c 00 00 48 
0000000000001dd9	89 c1 48 8d 35 dd 10 00 00 e9 52 01 00 00 44 89 
0000000000001de9	ad 6c ee ff ff 0f 57 c0 0f 29 85 c0 ee ff ff 0f 
0000000000001df9	29 85 b0 ee ff ff 0f 29 85 a0 ee ff ff 0f 29 85 
0000000000001e09	90 ee ff ff 0f 29 85 80 ee ff ff c7 85 7c ee ff 
0000000000001e19	ff 14 00 00 00 41 89 c5 48 8b 85 70 ee ff ff 8b 
0000000000001e29	38 48 8d 95 80 ee ff ff 48 8d 8d 7c ee ff ff be 
0000000000001e39	1a 00 00 00 e8 58 0c 00 00 89 c3 45 84 ed 74 17 
0000000000001e49	48 8b 05 18 12 00 00 8b 38 48 8b 85 70 ee ff ff 
0000000000001e59	8b 30 e8 f2 0b 00 00 85 db 44 8b ad 6c ee ff ff 
0000000000001e69	0f 85 af 00 00 00 48 83 bd 60 ee ff ff 00 74 5a 
0000000000001e79	48 8b 85 a8 ee ff ff 49 89 84 24 ac 00 00 00 48 
0000000000001e89	8b 85 a0 ee ff ff 49 89 84 24 a4 00 00 00 48 8b 
0000000000001e99	85 98 ee ff ff 49 89 84 24 9c 00 00 00 48 8b 85 
0000000000001ea9	90 ee ff ff 49 89 84 24 94 00 00 00 48 8b 85 80 
0000000000001eb9	ee ff ff 48 8b 8d 88 ee ff ff 49 89 8c 24 8c 00 
0000000000001ec9	00 00 49 89 84 24 84 00 00 00 4d 85 ff 74 0f 48 
0000000000001ed9	8b 85 b0 ee ff ff 49 89 84 24 50 01 00 00 45 84 
0000000000001ee9	f6 79 5e c7 85 7c ee ff ff 08 00 00 00 48 8b 85 
0000000000001ef9	70 ee ff ff 8b 38 49 8d 94 24 e0 00 00 00 48 8d 
0000000000001f09	8d 7c ee ff ff be 19 00 00 00 e8 82 0b 00 00 89 
0000000000001f19	c3 85 db 74 2c 48 8b 05 fb 10 00 00 4c 8b 30 89 
0000000000001f29	df e8 17 0b 00 00 48 89 c1 48 8d 35 a1 0f 00 00 
0000000000001f39	31 c0 4c 89 f7 89 da e8 d7 0a 00 00 e9 c5 00 00 
0000000000001f49	00 44 89 ad 6c ee ff ff 45 89 f7 41 83 e7 10 45 
0000000000001f59	89 f5 41 83 e5 02 41 f6 c6 14 75 0e 4c 89 e8 48 
0000000000001f69	d1 e8 84 c0 0f 84 b1 00 00 00 0f 57 c0 0f 29 45 
0000000000001f79	b0 0f 29 45 a0 0f 29 45 90 0f 29 45 80 0f 29 85 
0000000000001f89	70 ff ff ff 0f 29 85 60 ff ff ff 0f 29 85 50 ff 
0000000000001f99	ff ff 0f 29 85 40 ff ff ff 0f 29 85 30 ff ff ff 
0000000000001fa9	0f 29 85 20 ff ff ff 0f 29 85 10 ff ff ff 0f 29 
0000000000001fb9	85 00 ff ff ff 0f 29 85 f0 fe ff ff 0f 29 85 e0 
0000000000001fc9	fe ff ff 48 c7 45 c0 00 00 00 00 48 8d 95 e0 fe 
0000000000001fd9	ff ff be 03 00 00 00 8b bd 6c ee ff ff e8 85 0a 
0000000000001fe9	00 00 89 c1 85 c9 74 33 48 8b 05 28 10 00 00 48 
0000000000001ff9	8b 38 48 8d 35 f0 0e 00 00 31 c0 8b 95 6c ee ff 
0000000000002009	ff e8 0d 0a 00 00 41 bf ff ff ff ff 48 8b 1d fc 
0000000000002019	0f 00 00 48 8b 1b e9 fb 00 00 00 48 83 bd 60 ee 
0000000000002029	ff ff 00 74 33 0f 28 45 80 41 0f 11 84 24 00 01 
0000000000002039	00 00 0f 28 45 90 41 0f 11 84 24 10 01 00 00 0f 
0000000000002049	28 45 a0 41 0f 11 84 24 20 01 00 00 48 8b 45 b0 
0000000000002059	49 89 84 24 30 01 00 00 4d 85 ff 48 8b 1d ad 0f 
0000000000002069	00 00 48 8b 1b 48 8b 85 58 ee ff ff 74 1f 0f 28 
0000000000002079	85 70 ff ff ff 41 0f 11 84 24 38 01 00 00 48 8b 
0000000000002089	8d 10 ff ff ff 49 89 8c 24 48 01 00 00 4d 85 ed 
0000000000002099	75 09 44 8b ad 6c ee ff ff eb 23 48 85 c0 44 8b 
00000000000020a9	ad 6c ee ff ff 75 05 e8 8b 09 00 00 48 89 c1 48 
00000000000020b9	2b 8d 30 ff ff ff 49 89 8c 24 70 01 00 00 45 31 
00000000000020c9	ff 41 f6 c6 08 74 4f 48 85 c0 75 05 e8 66 09 00 
00000000000020d9	00 49 89 c6 48 83 3d 1b 14 00 00 ff 75 53 4c 89 
00000000000020e9	f2 49 81 c4 b8 00 00 00 44 89 ef 4c 89 e6 e8 9d 
00000000000020f9	f4 ff ff eb 21 48 8b 05 1b 0f 00 00 48 8b 38 48 
0000000000002109	8d 35 94 0d 00 00 31 c0 44 89 ea e8 03 09 00 00 
0000000000002119	41 bf ff ff ff ff 48 3b 5d d0 75 2a 44 89 f8 48 
0000000000002129	81 c4 88 11 00 00 5b 41 5c 41 5d 41 5e 41 5f 5d 
0000000000002139	c3 48 8d 3d bf 13 00 00 48 8d 35 e8 12 00 00 e8 
0000000000002149	ab 08 00 00 eb 98 e8 8c 08 00 00 55 48 89 e5 48 
0000000000002159	83 ec 10 89 f0 89 7d fc 4c 8d 4d fc 48 89 d7 48 
0000000000002169	89 ce 4c 89 c2 89 c1 4d 89 c8 e8 50 fb ff ff 48 
0000000000002179	83 c4 10 5d c3 55 48 89 e5 41 57 41 56 53 50 49 
0000000000002189	89 ce 49 89 d7 48 89 f3 89 7d e4 48 8d 75 e0 e8 
0000000000002199	cd 08 00 00 89 c1 b8 ff ff ff ff 85 c9 75 15 8b 
00000000000021a9	4d e0 4c 8d 45 e4 48 89 df 4c 89 fe 4c 89 f2 e8 
00000000000021b9	0b fb ff ff 48 83 c4 08 5b 41 5e 41 5f 5d c3 55 
00000000000021c9	48 89 e5 41 56 53 48 83 ec 30 49 89 fe e8 53 08 
00000000000021d9	00 00 85 c0 74 2f 48 8b 05 3a 0e 00 00 48 8b 08 
00000000000021e9	48 8d 3d 97 0b 00 00 be 26 00 00 00 ba 01 00 00 
00000000000021f9	00 e8 29 08 00 00 e8 d6 07 00 00 c7 00 0d 00 00 
0000000000002209	00 31 c0 eb 69 bf 20 00 00 00 e8 46 08 00 00 48 
0000000000002219	89 c3 31 c0 48 85 db 74 55 89 03 89 43 04 4c 89 
0000000000002229	73 08 48 c7 43 18 00 00 00 00 48 c7 43 10 00 00 
0000000000002239	00 00 48 8b 0d ce 0d 00 00 48 89 4d c8 c7 45 d0 
0000000000002249	00 00 00 40 89 45 d4 48 8d 05 3b 00 00 00 48 89 
0000000000002259	45 d8 48 8d 05 8e 11 00 00 48 89 45 e0 4c 89 75 
0000000000002269	e8 48 83 3d 5e 12 00 00 ff 75 0c 48 89 d8 48 83 
0000000000002279	c4 30 5b 41 5e 5d c3 48 8d 3d 49 12 00 00 48 8d 
0000000000002289	75 c8 e8 68 07 00 00 eb e2 55 48 89 e5 41 56 53 
0000000000002299	f6 47 20 08 74 0e 48 83 3d 59 12 00 00 ff 0f 85 
00000000000022a9	bb 00 00 00 e8 9a 07 00 00 89 05 20 12 00 00 48 
00000000000022b9	8d 35 21 12 00 00 48 8d 15 22 12 00 00 89 c7 e8 
00000000000022c9	6d 07 00 00 85 c0 0f 85 ab 00 00 00 8b 3d fd 11 
00000000000022d9	00 00 85 ff 0f 84 9d 00 00 00 83 3d fe 11 00 00 
00000000000022e9	00 74 77 48 8b 05 ed 11 00 00 8b 30 4c 8d 35 f4 
00000000000022f9	11 00 00 4c 89 f2 e8 30 07 00 00 85 c0 75 2e bb 
0000000000002309	01 00 00 00 3b 1d d5 11 00 00 73 4e 8b 3d bd 11 
0000000000002319	00 00 89 d8 48 8b 0d bc 11 00 00 8b 34 81 49 8d 
0000000000002329	14 86 e8 04 07 00 00 ff c3 85 c0 74 d7 48 8b 0d 
0000000000002339	e3 0c 00 00 48 8b 19 89 c7 e8 ff 06 00 00 48 89 
0000000000002349	c1 48 8d 35 5d 0a 00 00 31 c0 48 89 df 48 89 ca 
0000000000002359	e8 be 06 00 00 e8 89 06 00 00 5b 41 5e 5d c3 48 
0000000000002369	8d 3d 91 11 00 00 48 8d 35 ba 10 00 00 e8 7d 06 
0000000000002379	00 00 e9 2d ff ff ff e8 67 06 00 00 55 48 89 e5 
0000000000002389	53 50 48 89 fb 48 8b 7b 10 48 85 ff 74 05 e8 86 
0000000000002399	06 00 00 83 7b 04 00 7e 0e 48 8b 7b 18 48 85 ff 
00000000000023a9	74 05 e8 72 06 00 00 48 89 df 48 83 c4 08 5b 5d 
00000000000023b9	e9 64 06 00 00 55 48 89 e5 8b 07 5d c3 55 48 89 
00000000000023c9	e5 31 c0 85 f6 78 15 31 c0 39 37 7e 0f 48 63 c6 
00000000000023d9	48 8d 04 40 48 c1 e0 07 48 03 47 10 5d c3 55 48 
00000000000023e9	89 e5 48 8b 47 10 8b 0f 48 c1 e1 07 48 8d 14 49 
00000000000023f9	48 89 f7 48 89 c6 e8 60 06 00 00 5d c3 55 48 89 
0000000000002409	e5 41 57 41 56 41 55 41 54 53 48 83 ec 68 48 8b 
0000000000002419	05 fa 0b 00 00 48 8b 00 48 89 45 d0 83 3d bc 10 
0000000000002429	00 00 00 0f 84 9c 02 00 00 4c 8b 67 08 49 89 ff 
0000000000002439	31 db 4c 8d 35 ae 10 00 00 89 d8 41 8b 3c 86 48 
0000000000002449	8d 74 c5 a0 48 8d 54 85 c0 e8 25 06 00 00 85 c0 
0000000000002459	0f 85 42 02 00 00 ff c3 8b 05 81 10 00 00 39 c3 
0000000000002469	72 d7 31 db 85 c0 74 11 31 db 48 8d 4d c0 03 19 
0000000000002479	48 83 c1 04 48 ff c8 75 f5 4c 89 f9 39 59 04 7d 
0000000000002489	7d 48 8b 79 10 48 85 ff 74 0b 49 89 ce e8 87 05 
0000000000002499	00 00 4c 89 f1 48 8b 79 18 48 85 ff 74 11 83 79 
00000000000024a9	04 00 74 0b 49 89 ce e8 6d 05 00 00 4c 89 f1 4c 
00000000000024b9	63 fb 4c 89 f8 48 c1 e0 07 48 8d 3c 40 49 89 ce 
00000000000024c9	e8 90 05 00 00 4c 89 f1 48 89 41 10 48 85 c0 0f 
00000000000024d9	84 14 02 00 00 48 83 79 18 00 74 1f 49 c1 e7 02 
00000000000024e9	4c 89 ff 49 89 ce e8 6a 05 00 00 4c 89 f1 48 89 
00000000000024f9	41 18 48 85 c0 0f 84 ee 01 00 00 89 59 04 89 9d 
0000000000002509	7c ff ff ff 48 89 4d 90 e8 2a 05 00 00 48 89 45 
0000000000002519	88 83 3d c7 0f 00 00 00 0f 84 17 01 00 00 4c 89 
0000000000002529	e0 4c 89 a5 70 ff ff ff 48 83 e0 f7 48 89 45 80 
0000000000002539	31 db 31 c0 4c 8b 6d 90 41 89 c6 42 83 7c b5 c0 
0000000000002549	00 41 bf 00 00 00 00 b8 00 00 00 00 0f 84 b8 00 
0000000000002559	00 00 89 5d 9c 45 89 ff 4a 8b 44 f5 a0 42 8b 3c 
0000000000002569	b8 48 63 db 4c 8d 24 5b 49 c1 e4 07 49 8b 75 10 
0000000000002579	4c 01 e6 48 8b 55 88 48 8b 4d 80 e8 f5 fb ff ff 
0000000000002589	85 c0 78 2a 49 8b 45 18 48 85 c0 4c 89 ee 74 4d 
0000000000002599	4a 8b 4c f5 a0 42 8b 0c b9 48 8d 14 98 89 0c 98 
00000000000025a9	48 8b 46 10 4a 89 94 20 78 01 00 00 eb 46 ff 8d 
00000000000025b9	7c ff ff ff 49 8b 45 10 b9 ff ff ff ff 42 89 0c 
00000000000025c9	20 48 8b 05 97 0a 00 00 8b 38 4a 8b 44 f5 a0 42 
00000000000025d9	8b 34 b8 e8 71 04 00 00 8b 5d 9c eb 1c 48 8b 05 
00000000000025e9	7b 0a 00 00 8b 38 4a 8b 44 f5 a0 42 8b 34 b8 e8 
00000000000025f9	55 04 00 00 8b 5d 9c ff c3 41 ff c7 42 8b 44 b5 
0000000000002609	c0 41 39 c7 0f 82 48 ff ff ff 48 8b 0d 4e 0a 00 
0000000000002619	00 8b 39 4a 8b 74 f5 a0 89 c2 48 c1 e2 02 e8 2c 
0000000000002629	04 00 00 41 8d 46 01 3b 05 b2 0e 00 00 0f 82 05 
0000000000002639	ff ff ff eb 07 4c 89 a5 70 ff ff ff 4c 8b 75 90 
0000000000002649	49 8b 7e 10 8b 9d 7c ff ff ff 48 63 f3 48 8d 0d 
0000000000002659	13 0e 00 00 ba 80 01 00 00 e8 1b 04 00 00 48 8b 
0000000000002669	85 70 ff ff ff a8 08 74 0b 49 8b 7e 10 89 de e8 
0000000000002679	53 f0 ff ff 41 89 1e 48 8b 05 91 09 00 00 48 8b 
0000000000002689	00 48 3b 45 d0 75 5d 89 d8 48 83 c4 68 5b 41 5c 
0000000000002699	41 5d 41 5e 41 5f 5d c3 48 8b 0d 78 09 00 00 48 
00000000000026a9	8b 19 89 c7 e8 94 03 00 00 48 89 c1 48 8d 35 73 
00000000000026b9	08 00 00 31 c0 48 89 df 48 89 ca e8 53 03 00 00 
00000000000026c9	e8 1e 03 00 00 48 8d 3d 3c 08 00 00 48 8d 35 09 
00000000000026d9	07 00 00 48 8d 0d 45 08 00 00 ba b8 00 00 00 e8 
00000000000026e9	e1 02 00 00 e8 ee 02 00 00 48 8b 05 27 09 00 00 
00000000000026f9	48 8b 08 48 8d 3d 4f 08 00 00 be 0d 00 00 00 ba 
0000000000002709	01 00 00 00 e8 16 03 00 00 e8 d5 02 00 00 55 48 
0000000000002719	89 e5 41 56 53 49 89 f6 48 89 fb 41 8b 06 48 8b 
0000000000002729	7b 10 3b 43 04 7e 21 48 98 48 c1 e0 07 48 8d 34 
0000000000002739	40 e8 49 03 00 00 48 89 c7 48 89 7b 10 48 85 ff 
0000000000002749	74 23 41 8b 06 89 43 04 49 8b 76 10 48 98 48 c1 
0000000000002759	e0 07 48 8d 14 40 e8 00 03 00 00 41 8b 06 89 03 
0000000000002769	5b 41 5e 5d c3 48 8d 3d 60 06 00 00 48 8d 35 69 
0000000000002779	06 00 00 48 8d 0d c9 06 00 00 ba 5b 01 00 00 e8 
0000000000002789	41 02 00 00 55 48 89 e5 41 57 41 56 41 55 41 54 
0000000000002799	53 48 83 ec 18 49 89 d4 49 89 f7 49 89 fe 41 8b 
00000000000027a9	1e c6 45 d7 00 41 8b 44 24 04 85 c0 0f 88 09 01 
00000000000027b9	00 00 39 c3 89 d8 7e 2b 48 63 c3 49 8b 7c 24 10 
00000000000027c9	48 c1 e0 07 48 8d 34 40 e8 b2 02 00 00 49 89 44 
00000000000027d9	24 10 48 85 c0 0f 84 ff 00 00 00 41 89 5c 24 04 
00000000000027e9	41 8b 06 89 5d c4 4c 89 65 c8 85 c0 0f 8e b1 00 
00000000000027f9	00 00 45 31 e4 45 31 ed 4d 63 ed 4d 63 e4 4d 63 
0000000000002809	0f 4c 63 c0 4c 89 e0 48 c1 e0 07 4c 8d 14 40 49 
0000000000002819	8b 76 10 4d 39 cc 7d 35 4d 8d 5c 24 01 49 8d 9a 
0000000000002829	80 01 00 00 4b 8d 54 6d 00 48 c1 e2 07 48 8d 3c 
0000000000002839	16 49 8b 47 10 42 8b 0c 10 39 0c 16 7c 0f 74 3a 
0000000000002849	4d 39 c5 49 89 da 4d 89 dc 7c c4 eb 56 4c 89 e8 
0000000000002859	48 c1 e0 07 48 8d 3c 40 48 01 fe 48 8b 45 c8 48 
0000000000002869	03 78 10 ba 80 01 00 00 e8 ee 01 00 00 49 ff c5 
0000000000002879	41 8b 06 41 39 c5 7c 83 eb 29 48 8b 4d c8 48 03 
0000000000002889	51 10 4c 01 d0 48 89 c6 48 8d 4d d7 e8 98 00 00 
0000000000002899	00 41 ff c5 49 ff c4 41 8b 06 41 39 c5 0f 8c 55 
00000000000028a9	ff ff ff 48 8b 45 c8 8b 4d c4 89 08 48 83 c4 18 
00000000000028b9	5b 41 5c 41 5d 41 5e 41 5f 5d c3 48 8d 3d 90 05 
00000000000028c9	00 00 48 8d 35 13 05 00 00 48 8d 0d 93 05 00 00 
00000000000028d9	ba 70 01 00 00 e8 eb 00 00 00 48 8d 3d 71 05 00 
00000000000028e9	00 48 8d 35 f4 04 00 00 48 8d 0d 8d 05 00 00 ba 
00000000000028f9	73 01 00 00 e8 cc 00 00 00 55 48 89 e5 5d e9 94 
0000000000002909	ef ff ff 55 48 89 e5 8b 36 8b 12 31 c9 89 f0 29 
0000000000002919	d0 74 12 b9 01 00 00 00 83 fe ff 74 08 83 fa ff 
0000000000002929	0f 44 c2 5d c3 89 c8 5d c3 
