test/unit_test_files/fat_lib/libpmenergy.dylib:
Contents of (__TEXT,__text) section
0000000000001562	55 48 89 e5 48 89 c8 b9 ff ff ff ff 49 89 c0 5d 
0000000000001572	e9 00 00 00 00 55 48 89 e5 41 57 41 56 41 54 53 
0000000000001582	48 83 ec 10 41 89 cf 48 89 d0 49 89 f6 48 89 fb 
0000000000001592	4d 85 c0 74 04 41 c6 00 00 45 85 ff 48 8b 93 94 
00000000000015a2	00 00 00 0f 88 a4 02 00 00 44 89 f9 49 8b b6 94 
00000000000015b2	00 00 00 48 0f af f1 48 01 d6 48 89 b0 94 00 00 
00000000000015c2	00 49 8b 96 9c 00 00 00 48 0f af d1 48 03 93 9c 
00000000000015d2	00 00 00 48 89 90 9c 00 00 00 49 8b 96 a4 00 00 
00000000000015e2	00 48 0f af d1 48 03 93 a4 00 00 00 48 89 90 a4 
00000000000015f2	00 00 00 49 8b 96 ac 00 00 00 48 0f af d1 48 03 
0000000000001602	93 ac 00 00 00 48 89 90 ac 00 00 00 49 8b 96 8c 
0000000000001612	00 00 00 48 0f af d1 48 03 93 8c 00 00 00 48 89 
0000000000001622	90 8c 00 00 00 49 8b 96 84 00 00 00 48 0f af d1 
0000000000001632	48 03 93 84 00 00 00 48 89 90 84 00 00 00 49 8b 
0000000000001642	96 c0 00 00 00 48 0f af d1 48 03 93 c0 00 00 00 
0000000000001652	48 89 90 c0 00 00 00 49 8b 96 c8 00 00 00 48 0f 
0000000000001662	af d1 48 03 93 c8 00 00 00 48 89 90 c8 00 00 00 
0000000000001672	49 8b 96 d0 00 00 00 48 0f af d1 48 03 93 d0 00 
0000000000001682	00 00 48 89 90 d0 00 00 00 49 8b 96 d8 00 00 00 
0000000000001692	48 0f af d1 48 03 93 d8 00 00 00 48 89 90 d8 00 
00000000000016a2	00 00 49 8b 96 e0 00 00 00 48 0f af d1 48 03 93 
00000000000016b2	e0 00 00 00 48 89 90 e0 00 00 00 49 8b 96 e8 00 
00000000000016c2	00 00 48 0f af d1 48 03 93 e8 00 00 00 48 89 90 
00000000000016d2	e8 00 00 00 49 8b 96 38 01 00 00 48 0f af d1 48 
00000000000016e2	03 93 38 01 00 00 48 89 90 38 01 00 00 49 8b 96 
00000000000016f2	40 01 00 00 48 0f af d1 48 03 93 40 01 00 00 48 
0000000000001702	89 90 40 01 00 00 49 8b 96 48 01 00 00 48 0f af 
0000000000001712	d1 48 03 93 48 01 00 00 48 89 90 48 01 00 00 49 
0000000000001722	8b 96 00 01 00 00 48 0f af d1 48 03 93 00 01 00 
0000000000001732	00 48 89 90 00 01 00 00 49 8b 96 08 01 00 00 48 
0000000000001742	0f af d1 48 03 93 08 01 00 00 48 89 90 08 01 00 
0000000000001752	00 49 8b 96 10 01 00 00 48 0f af d1 48 03 93 10 
0000000000001762	01 00 00 48 89 90 10 01 00 00 49 8b 96 18 01 00 
0000000000001772	00 48 0f af d1 48 03 93 18 01 00 00 48 89 90 18 
0000000000001782	01 00 00 49 8b 96 20 01 00 00 48 0f af d1 48 03 
0000000000001792	93 20 01 00 00 48 89 90 20 01 00 00 49 8b 96 28 
00000000000017a2	01 00 00 48 0f af d1 48 03 93 28 01 00 00 48 89 
00000000000017b2	90 28 01 00 00 49 8b 96 30 01 00 00 48 0f af d1 
00000000000017c2	48 03 93 30 01 00 00 48 89 90 30 01 00 00 49 8b 
00000000000017d2	96 50 01 00 00 48 0f af d1 48 03 93 50 01 00 00 
00000000000017e2	48 89 90 50 01 00 00 49 8b 96 58 01 00 00 48 0f 
00000000000017f2	af d1 48 03 93 58 01 00 00 48 89 90 58 01 00 00 
0000000000001802	49 8b 96 60 01 00 00 48 0f af d1 48 03 93 60 01 
0000000000001812	00 00 48 89 90 60 01 00 00 49 8b 96 68 01 00 00 
0000000000001822	48 0f af d1 48 03 93 68 01 00 00 48 89 90 68 01 
0000000000001832	00 00 49 0f af 8e 70 01 00 00 48 03 8b 70 01 00 
0000000000001842	00 48 89 88 70 01 00 00 e9 56 09 00 00 44 89 f9 
0000000000001852	f7 d9 49 8b b6 94 00 00 00 48 89 f7 48 0f af f9 
0000000000001862	48 39 fa 73 2f 4d 85 c0 0f 84 63 09 00 00 41 c6 
0000000000001872	00 01 48 8d b8 94 00 00 00 48 c7 80 94 00 00 00 
0000000000001882	00 00 00 00 48 8b 93 94 00 00 00 49 8b b6 94 00 
0000000000001892	00 00 eb 07 48 8d b8 94 00 00 00 48 0f af f1 48 
00000000000018a2	29 f2 48 89 17 48 8b 93 9c 00 00 00 49 8b b6 9c 
00000000000018b2	00 00 00 48 89 f7 48 0f af f9 48 39 fa 73 2f 4d 
00000000000018c2	85 c0 0f 84 7b 09 00 00 41 c6 00 01 48 8d b8 9c 
00000000000018d2	00 00 00 48 c7 80 9c 00 00 00 00 00 00 00 48 8b 
00000000000018e2	93 9c 00 00 00 49 8b b6 9c 00 00 00 eb 07 48 8d 
00000000000018f2	b8 9c 00 00 00 48 0f af f1 48 29 f2 48 89 17 48 
0000000000001902	8b 93 a4 00 00 00 49 8b b6 a4 00 00 00 48 89 f7 
0000000000001912	48 0f af f9 48 39 fa 73 2f 4d 85 c0 0f 84 93 09 
0000000000001922	00 00 41 c6 00 01 48 8d b8 a4 00 00 00 48 c7 80 
0000000000001932	a4 00 00 00 00 00 00 00 48 8b 93 a4 00 00 00 49 
0000000000001942	8b b6 a4 00 00 00 eb 07 48 8d b8 a4 00 00 00 48 
0000000000001952	0f af f1 48 29 f2 48 89 17 48 8b 93 ac 00 00 00 
0000000000001962	49 8b b6 ac 00 00 00 48 89 f7 48 0f af f9 48 39 
0000000000001972	fa 73 2f 4d 85 c0 0f 84 ab 09 00 00 41 c6 00 01 
0000000000001982	48 8d b8 ac 00 00 00 48 c7 80 ac 00 00 00 00 00 
0000000000001992	00 00 48 8b 93 ac 00 00 00 49 8b b6 ac 00 00 00 
00000000000019a2	eb 07 48 8d b8 ac 00 00 00 48 0f af f1 48 29 f2 
00000000000019b2	48 89 17 48 8b b3 8c 00 00 00 49 8b be 8c 00 00 
00000000000019c2	00 48 89 fa 48 0f af d1 48 39 d6 73 2f 4d 85 c0 
00000000000019d2	0f 84 c3 09 00 00 41 c6 00 01 48 8d 90 8c 00 00 
00000000000019e2	00 48 c7 80 8c 00 00 00 00 00 00 00 48 8b b3 8c 
00000000000019f2	00 00 00 49 8b be 8c 00 00 00 eb 07 48 8d 90 8c 
0000000000001a02	00 00 00 4c 8d 88 84 00 00 00 48 0f af f9 48 29 
0000000000001a12	fe 48 89 32 48 8b b3 84 00 00 00 49 8b be 84 00 
0000000000001a22	00 00 48 89 fa 48 0f af d1 48 39 d6 73 22 4d 85 
0000000000001a32	c0 0f 84 d4 09 00 00 41 c6 00 01 49 c7 01 00 00 
0000000000001a42	00 00 48 8b b3 84 00 00 00 49 8b be 84 00 00 00 
0000000000001a52	48 0f af f9 48 29 fe 49 89 31 48 8b 93 c0 00 00 
0000000000001a62	00 49 8b b6 c0 00 00 00 48 89 f7 48 0f af f9 48 
0000000000001a72	39 fa 73 2f 4d 85 c0 0f 84 00 0a 00 00 41 c6 00 
0000000000001a82	01 48 8d b8 c0 00 00 00 48 c7 80 c0 00 00 00 00 
0000000000001a92	00 00 00 48 8b 93 c0 00 00 00 49 8b b6 c0 00 00 
0000000000001aa2	00 eb 07 48 8d b8 c0 00 00 00 48 0f af f1 48 29 
0000000000001ab2	f2 48 89 17 48 8b 93 c8 00 00 00 49 8b b6 c8 00 
0000000000001ac2	00 00 48 89 f7 48 0f af f9 48 39 fa 73 2f 4d 85 
0000000000001ad2	c0 0f 84 18 0a 00 00 41 c6 00 01 48 8d b8 c8 00 
0000000000001ae2	00 00 48 c7 80 c8 00 00 00 00 00 00 00 48 8b 93 
0000000000001af2	c8 00 00 00 49 8b b6 c8 00 00 00 eb 07 48 8d b8 
0000000000001b02	c8 00 00 00 48 0f af f1 48 29 f2 48 89 17 48 8b 
0000000000001b12	93 d0 00 00 00 49 8b b6 d0 00 00 00 48 89 f7 48 
0000000000001b22	0f af f9 48 39 fa 73 2f 4d 85 c0 0f 84 30 0a 00 
0000000000001b32	00 41 c6 00 01 48 8d b8 d0 00 00 00 48 c7 80 d0 
0000000000001b42	00 00 00 00 00 00 00 48 8b 93 d0 00 00 00 49 8b 
0000000000001b52	b6 d0 00 00 00 eb 07 48 8d b8 d0 00 00 00 48 0f 
0000000000001b62	af f1 48 29 f2 48 89 17 48 8b 93 d8 00 00 00 49 
0000000000001b72	8b b6 d8 00 00 00 48 89 f7 48 0f af f9 48 39 fa 
0000000000001b82	73 26 4d 85 c0 0f 84 48 0a 00 00 41 c6 00 01 48 
0000000000001b92	c7 80 d8 00 00 00 00 00 00 00 48 8b 93 d8 00 00 
0000000000001ba2	00 49 8b b6 d8 00 00 00 48 0f af f1 48 29 f2 48 
0000000000001bb2	89 90 d8 00 00 00 4c 8d 88 e0 00 00 00 48 8b b3 
0000000000001bc2	e0 00 00 00 49 8b 96 e0 00 00 00 48 89 d7 48 0f 
0000000000001bd2	af f9 48 39 fe 73 22 4d 85 c0 0f 84 65 0a 00 00 
0000000000001be2	41 c6 00 01 49 c7 01 00 00 00 00 48 8b b3 e0 00 
0000000000001bf2	00 00 49 8b 96 e0 00 00 00 48 0f af d1 48 29 d6 
0000000000001c02	49 89 31 48 8b 93 e8 00 00 00 49 8b b6 e8 00 00 
0000000000001c12	00 48 89 f7 48 0f af f9 48 39 fa 73 2f 4d 85 c0 
0000000000001c22	0f 84 91 0a 00 00 41 c6 00 01 48 8d b8 e8 00 00 
0000000000001c32	00 48 c7 80 e8 00 00 00 00 00 00 00 48 8b 93 e8 
0000000000001c42	00 00 00 49 8b b6 e8 00 00 00 eb 07 48 8d b8 e8 
0000000000001c52	00 00 00 48 0f af f1 48 29 f2 48 89 17 48 8b 93 
0000000000001c62	38 01 00 00 49 8b b6 38 01 00 00 48 89 f7 48 0f 
0000000000001c72	af f9 48 39 fa 73 2f 4d 85 c0 0f 84 a9 0a 00 00 
0000000000001c82	41 c6 00 01 48 8d b8 38 01 00 00 48 c7 80 38 01 
0000000000001c92	00 00 00 00 00 00 48 8b 93 38 01 00 00 49 8b b6 
0000000000001ca2	38 01 00 00 eb 07 48 8d b8 38 01 00 00 48 0f af 
0000000000001cb2	f1 48 29 f2 48 89 17 48 8b 93 40 01 00 00 49 8b 
0000000000001cc2	b6 40 01 00 00 48 89 f7 48 0f af f9 48 39 fa 73 
0000000000001cd2	2f 4d 85 c0 0f 84 c1 0a 00 00 41 c6 00 01 48 8d 
0000000000001ce2	b8 40 01 00 00 48 c7 80 40 01 00 00 00 00 00 00 
0000000000001cf2	48 8b 93 40 01 00 00 49 8b b6 40 01 00 00 eb 07 
0000000000001d02	48 8d b8 40 01 00 00 48 0f af f1 48 29 f2 48 89 
0000000000001d12	17 48 8b 93 48 01 00 00 49 8b b6 48 01 00 00 48 
0000000000001d22	89 f7 48 0f af f9 48 39 fa 73 2f 4d 85 c0 0f 84 
0000000000001d32	d9 0a 00 00 41 c6 00 01 48 8d b8 48 01 00 00 48 
0000000000001d42	c7 80 48 01 00 00 00 00 00 00 48 8b 93 48 01 00 
0000000000001d52	00 49 8b b6 48 01 00 00 eb 07 48 8d b8 48 01 00 
0000000000001d62	00 48 0f af f1 48 29 f2 48 89 17 48 8b 93 00 01 
0000000000001d72	00 00 49 8b b6 00 01 00 00 48 89 f7 48 0f af f9 
0000000000001d82	48 39 fa 73 2f 4d 85 c0 0f 84 f1 0a 00 00 41 c6 
0000000000001d92	00 01 48 8d b8 00 01 00 00 48 c7 80 00 01 00 00 
0000000000001da2	00 00 00 00 48 8b 93 00 01 00 00 49 8b b6 00 01 
0000000000001db2	00 00 eb 07 48 8d b8 00 01 00 00 48 0f af f1 48 
0000000000001dc2	29 f2 48 89 17 48 8b 93 08 01 00 00 49 8b b6 08 
0000000000001dd2	01 00 00 48 89 f7 48 0f af f9 48 39 fa 73 2f 4d 
0000000000001de2	85 c0 0f 84 09 0b 00 00 41 c6 00 01 48 8d b8 08 
0000000000001df2	01 00 00 48 c7 80 08 01 00 00 00 00 00 00 48 8b 
0000000000001e02	93 08 01 00 00 49 8b b6 08 01 00 00 eb 07 48 8d 
0000000000001e12	b8 08 01 00 00 48 0f af f1 48 29 f2 48 89 17 48 
0000000000001e22	8b 93 10 01 00 00 49 8b b6 10 01 00 00 48 89 f7 
0000000000001e32	48 0f af f9 48 39 fa 73 2f 4d 85 c0 0f 84 21 0b 
0000000000001e42	00 00 41 c6 00 01 48 8d b8 10 01 00 00 48 c7 80 
0000000000001e52	10 01 00 00 00 00 00 00 48 8b 93 10 01 00 00 49 
0000000000001e62	8b b6 10 01 00 00 eb 07 48 8d b8 10 01 00 00 48 
0000000000001e72	0f af f1 48 29 f2 48 89 17 48 8b 93 18 01 00 00 
0000000000001e82	49 8b b6 18 01 00 00 48 89 f7 48 0f af f9 48 39 
0000000000001e92	fa 73 2f 4d 85 c0 0f 84 39 0b 00 00 41 c6 00 01 
0000000000001ea2	48 8d b8 18 01 00 00 48 c7 80 18 01 00 00 00 00 
0000000000001eb2	00 00 48 8b 93 18 01 00 00 49 8b b6 18 01 00 00 
0000000000001ec2	eb 07 48 8d b8 18 01 00 00 48 0f af f1 48 29 f2 
0000000000001ed2	48 89 17 48 8b 93 20 01 00 00 49 8b b6 20 01 00 
0000000000001ee2	00 48 89 f7 48 0f af f9 48 39 fa 73 2f 4d 85 c0 
0000000000001ef2	0f 84 51 0b 00 00 41 c6 00 01 48 8d b8 20 01 00 
0000000000001f02	00 48 c7 80 20 01 00 00 00 00 00 00 48 8b 93 20 
0000000000001f12	01 00 00 49 8b b6 20 01 00 00 eb 07 48 8d b8 20 
0000000000001f22	01 00 00 48 0f af f1 48 29 f2 48 89 17 48 8b 93 
0000000000001f32	28 01 00 00 49 8b b6 28 01 00 00 48 89 f7 48 0f 
0000000000001f42	af f9 48 39 fa 73 2f 4d 85 c0 0f 84 69 0b 00 00 
0000000000001f52	41 c6 00 01 48 8d b8 28 01 00 00 48 c7 80 28 01 
0000000000001f62	00 00 00 00 00 00 48 8b 93 28 01 00 00 49 8b b6 
0000000000001f72	28 01 00 00 eb 07 48 8d b8 28 01 00 00 48 0f af 
0000000000001f82	f1 48 29 f2 48 89 17 48 8b 93 30 01 00 00 49 8b 
0000000000001f92	b6 30 01 00 00 48 89 f7 48 0f af f9 48 39 fa 73 
0000000000001fa2	2f 4d 85 c0 0f 84 81 0b 00 00 41 c6 00 01 48 8d 
0000000000001fb2	b8 30 01 00 00 48 c7 80 30 01 00 00 00 00 00 00 
0000000000001fc2	48 8b 93 30 01 00 00 49 8b b6 30 01 00 00 eb 07 
0000000000001fd2	48 8d b8 30 01 00 00 48 0f af f1 48 29 f2 48 89 
0000000000001fe2	17 48 8b 93 50 01 00 00 49 8b b6 50 01 00 00 48 
0000000000001ff2	89 f7 48 0f af f9 48 39 fa 73 2f 4d 85 c0 0f 84 
0000000000002002	99 0b 00 00 41 c6 00 01 48 8d b8 50 01 00 00 48 
0000000000002012	c7 80 50 01 00 00 00 00 00 00 48 8b 93 50 01 00 
0000000000002022	00 49 8b b6 50 01 00 00 eb 07 48 8d b8 50 01 00 
0000000000002032	00 48 0f af f1 48 29 f2 48 89 17 48 8b 93 58 01 
0000000000002042	00 00 49 8b b6 58 01 00 00 48 89 f7 48 0f af f9 
0000000000002052	48 39 fa 73 2f 4d 85 c0 0f 84 b1 0b 00 00 41 c6 
0000000000002062	00 01 48 8d b8 58 01 00 00 48 c7 80 58 01 00 00 
0000000000002072	00 00 00 00 48 8b 93 58 01 00 00 49 8b b6 58 01 
0000000000002082	00 00 eb 07 48 8d b8 58 01 00 00 48 0f af f1 48 
0000000000002092	29 f2 48 89 17 48 8b 93 60 01 00 00 49 8b b6 60 
00000000000020a2	01 00 00 48 89 f7 48 0f af f9 48 39 fa 73 2f 4d 
00000000000020b2	85 c0 0f 84 c9 0b 00 00 41 c6 00 01 48 8d b8 60 
00000000000020c2	01 00 00 48 c7 80 60 01 00 00 00 00 00 00 48 8b 
00000000000020d2	93 60 01 00 00 49 8b b6 60 01 00 00 eb 07 48 8d 
00000000000020e2	b8 60 01 00 00 48 0f af f1 48 29 f2 48 89 17 48 
00000000000020f2	8b 93 68 01 00 00 49 8b b6 68 01 00 00 48 89 f7 
0000000000002102	48 0f af f9 48 39 fa 73 2f 4d 85 c0 0f 84 e1 0b 
0000000000002112	00 00 41 c6 00 01 48 8d b8 68 01 00 00 48 c7 80 
0000000000002122	68 01 00 00 00 00 00 00 48 8b 93 68 01 00 00 49 
0000000000002132	8b b6 68 01 00 00 eb 07 48 8d b8 68 01 00 00 48 
0000000000002142	0f af f1 48 29 f2 48 89 17 48 8b 93 70 01 00 00 
0000000000002152	49 8b b6 70 01 00 00 48 89 f7 48 0f af f9 48 39 
0000000000002162	fa 73 2f 4d 85 c0 0f 84 f9 0b 00 00 41 c6 00 01 
0000000000002172	48 8d b8 70 01 00 00 48 c7 80 70 01 00 00 00 00 
0000000000002182	00 00 48 8b 93 70 01 00 00 49 8b b6 70 01 00 00 
0000000000002192	eb 07 48 8d b8 70 01 00 00 48 0f af f1 48 29 f2 
00000000000021a2	48 89 17 48 39 d8 74 1c 8b 0b 89 08 48 83 c0 04 
00000000000021b2	48 83 c3 04 ba 80 00 00 00 48 89 c7 48 89 de e8 
00000000000021c2	ac 13 00 00 48 83 c4 10 5b 41 5c 41 5e 41 5f 5d 
00000000000021d2	c3 4c 8b 25 3e 1e 00 00 49 8b 0c 24 48 8d 3d e1 
00000000000021e2	15 00 00 be 13 00 00 00 ba 01 00 00 00 e8 60 13 
00000000000021f2	00 00 49 8b 3c 24 48 8b 8b 94 00 00 00 4d 8b 8e 
0000000000002202	94 00 00 00 44 89 3c 24 48 8d 35 c9 15 00 00 48 
0000000000002212	8d 15 0b 19 00 00 4c 8d 05 24 19 00 00 31 c0 e8 
0000000000002222	22 13 00 00 48 8d 3d 33 19 00 00 48 8d 35 08 16 
0000000000002232	00 00 48 8d 0d 68 16 00 00 ba 70 00 00 00 e8 d9 
0000000000002242	12 00 00 4c 8b 25 cc 1d 00 00 49 8b 0c 24 48 8d 
0000000000002252	3d 6f 15 00 00 be 13 00 00 00 ba 01 00 00 00 e8 
0000000000002262	ee 12 00 00 49 8b 3c 24 48 8b 8b 9c 00 00 00 4d 
0000000000002272	8b 8e 9c 00 00 00 44 89 3c 24 48 8d 35 57 15 00 
0000000000002282	00 48 8d 15 ec 18 00 00 4c 8d 05 09 19 00 00 31 
0000000000002292	c0 e8 b0 12 00 00 48 8d 3d c1 18 00 00 48 8d 35 
00000000000022a2	96 15 00 00 48 8d 0d f6 15 00 00 ba 71 00 00 00 
00000000000022b2	e8 67 12 00 00 4c 8b 25 5a 1d 00 00 49 8b 0c 24 
00000000000022c2	48 8d 3d fd 14 00 00 be 13 00 00 00 ba 01 00 00 
00000000000022d2	00 e8 7c 12 00 00 49 8b 3c 24 48 8b 8b a4 00 00 
00000000000022e2	00 4d 8b 8e a4 00 00 00 44 89 3c 24 48 8d 35 e5 
00000000000022f2	14 00 00 48 8d 15 bf 18 00 00 4c 8d 05 da 18 00 
0000000000002302	00 31 c0 e8 3e 12 00 00 48 8d 3d 4f 18 00 00 48 
0000000000002312	8d 35 24 15 00 00 48 8d 0d 84 15 00 00 ba 72 00 
0000000000002322	00 00 e8 f5 11 00 00 4c 8b 25 e8 1c 00 00 49 8b 
0000000000002332	0c 24 48 8d 3d 8b 14 00 00 be 13 00 00 00 ba 01 
0000000000002342	00 00 00 e8 0a 12 00 00 49 8b 3c 24 48 8b 8b ac 
0000000000002352	00 00 00 4d 8b 8e ac 00 00 00 44 89 3c 24 48 8d 
0000000000002362	35 73 14 00 00 48 8d 15 8e 18 00 00 4c 8d 05 a9 
0000000000002372	18 00 00 31 c0 e8 cc 11 00 00 48 8d 3d dd 17 00 
0000000000002382	00 48 8d 35 b2 14 00 00 48 8d 0d 12 15 00 00 ba 
0000000000002392	73 00 00 00 e8 83 11 00 00 4c 8b 25 76 1c 00 00 
00000000000023a2	49 8b 0c 24 48 8d 3d 19 14 00 00 be 13 00 00 00 
00000000000023b2	ba 01 00 00 00 e8 98 11 00 00 49 8b 3c 24 48 8b 
00000000000023c2	8b 8c 00 00 00 4d 8b 8e 8c 00 00 00 44 89 3c 24 
00000000000023d2	48 8d 35 01 14 00 00 48 8d 15 5d 18 00 00 4c 8d 
00000000000023e2	05 6c 18 00 00 31 c0 e8 5a 11 00 00 48 8d 3d 6b 
00000000000023f2	17 00 00 48 8d 35 40 14 00 00 48 8d 0d a0 14 00 
0000000000002402	00 ba 74 00 00 00 e8 11 11 00 00 4c 8b 25 04 1c 
0000000000002412	00 00 49 8b 0c 24 48 8d 3d a7 13 00 00 be 13 00 
0000000000002422	00 00 ba 01 00 00 00 e8 26 11 00 00 49 8b 3c 24 
0000000000002432	48 8b 8b 84 00 00 00 4d 8b 8e 84 00 00 00 44 89 
0000000000002442	3c 24 48 8d 35 8f 13 00 00 48 8d 15 14 18 00 00 
0000000000002452	4c 8d 05 21 18 00 00 31 c0 e8 e8 10 00 00 48 8d 
0000000000002462	3d f9 16 00 00 48 8d 35 ce 13 00 00 48 8d 0d 2e 
0000000000002472	14 00 00 ba 75 00 00 00 e8 9f 10 00 00 4c 8b 25 
0000000000002482	92 1b 00 00 49 8b 0c 24 48 8d 3d 35 13 00 00 be 
0000000000002492	13 00 00 00 ba 01 00 00 00 e8 b4 10 00 00 49 8b 
00000000000024a2	3c 24 48 8b 8b c0 00 00 00 4d 8b 8e c0 00 00 00 
00000000000024b2	44 89 3c 24 48 8d 35 1d 13 00 00 48 8d 15 c7 17 
00000000000024c2	00 00 4c 8d 05 d6 17 00 00 31 c0 e8 76 10 00 00 
00000000000024d2	48 8d 3d db 17 00 00 48 8d 35 5c 13 00 00 48 8d 
00000000000024e2	0d bc 13 00 00 ba 79 00 00 00 e8 2d 10 00 00 4c 
00000000000024f2	8b 25 20 1b 00 00 49 8b 0c 24 48 8d 3d c3 12 00 
0000000000002502	00 be 13 00 00 00 ba 01 00 00 00 e8 42 10 00 00 
0000000000002512	49 8b 3c 24 48 8b 8b c8 00 00 00 4d 8b 8e c8 00 
0000000000002522	00 00 44 89 3c 24 48 8d 35 ab 12 00 00 48 8d 15 
0000000000002532	97 17 00 00 4c 8d 05 a6 17 00 00 31 c0 e8 04 10 
0000000000002542	00 00 48 8d 3d 69 17 00 00 48 8d 35 ea 12 00 00 
0000000000002552	48 8d 0d 4a 13 00 00 ba 7a 00 00 00 e8 bb 0f 00 
0000000000002562	00 4c 8b 25 ae 1a 00 00 49 8b 0c 24 48 8d 3d 51 
0000000000002572	12 00 00 be 13 00 00 00 ba 01 00 00 00 e8 d0 0f 
0000000000002582	00 00 49 8b 3c 24 48 8b 8b d0 00 00 00 4d 8b 8e 
0000000000002592	d0 00 00 00 44 89 3c 24 48 8d 35 39 12 00 00 48 
00000000000025a2	8d 15 4e 17 00 00 4c 8d 05 5b 17 00 00 31 c0 e8 
00000000000025b2	92 0f 00 00 48 8d 3d f7 16 00 00 48 8d 35 78 12 
00000000000025c2	00 00 48 8d 0d d8 12 00 00 ba 7b 00 00 00 e8 49 
00000000000025d2	0f 00 00 4c 8b 25 3c 1a 00 00 49 8b 0c 24 48 8d 
00000000000025e2	3d df 11 00 00 be 13 00 00 00 ba 01 00 00 00 e8 
00000000000025f2	5e 0f 00 00 49 8b 3c 24 48 8b 8b d8 00 00 00 4d 
0000000000002602	8b 8e d8 00 00 00 44 89 3c 24 48 8d 35 c7 11 00 
0000000000002612	00 48 8d 15 01 17 00 00 4c 8d 05 0e 17 00 00 31 
0000000000002622	c0 e8 20 0f 00 00 48 8d 3d 85 16 00 00 48 8d 35 
0000000000002632	06 12 00 00 48 8d 0d 66 12 00 00 ba 7c 00 00 00 
0000000000002642	e8 d7 0e 00 00 4c 8b 25 ca 19 00 00 49 8b 0c 24 
0000000000002652	48 8d 3d 6d 11 00 00 be 13 00 00 00 ba 01 00 00 
0000000000002662	00 e8 ec 0e 00 00 49 8b 3c 24 48 8b 8b e0 00 00 
0000000000002672	00 4d 8b 8e e0 00 00 00 44 89 3c 24 48 8d 35 55 
0000000000002682	11 00 00 48 8d 15 b4 16 00 00 4c 8d 05 cc 16 00 
0000000000002692	00 31 c0 e8 ae 0e 00 00 48 8d 3d da 16 00 00 48 
00000000000026a2	8d 35 94 11 00 00 48 8d 0d f4 11 00 00 ba 80 00 
00000000000026b2	00 00 e8 65 0e 00 00 4c 8b 25 58 19 00 00 49 8b 
00000000000026c2	0c 24 48 8d 3d fb 10 00 00 be 13 00 00 00 ba 01 
00000000000026d2	00 00 00 e8 7a 0e 00 00 49 8b 3c 24 48 8b 8b e8 
00000000000026e2	00 00 00 4d 8b 8e e8 00 00 00 44 89 3c 24 48 8d 
00000000000026f2	35 e3 10 00 00 48 8d 15 92 16 00 00 4c 8d 05 ae 
0000000000002702	16 00 00 31 c0 e8 3c 0e 00 00 48 8d 3d 68 16 00 
0000000000002712	00 48 8d 35 22 11 00 00 48 8d 0d 82 11 00 00 ba 
0000000000002722	81 00 00 00 e8 f3 0d 00 00 4c 8b 25 e6 18 00 00 
0000000000002732	49 8b 0c 24 48 8d 3d 89 10 00 00 be 13 00 00 00 
0000000000002742	ba 01 00 00 00 e8 08 0e 00 00 49 8b 3c 24 48 8b 
0000000000002752	8b 38 01 00 00 4d 8b 8e 38 01 00 00 44 89 3c 24 
0000000000002762	48 8d 35 71 10 00 00 48 8d 15 88 10 00 00 4c 8d 
0000000000002772	05 9b 10 00 00 31 c0 e8 ca 0d 00 00 48 8d 3d a4 
0000000000002782	10 00 00 48 8d 35 b0 10 00 00 48 8d 0d 10 11 00 
0000000000002792	00 ba 8c 00 00 00 e8 81 0d 00 00 4c 8b 25 74 18 
00000000000027a2	00 00 49 8b 0c 24 48 8d 3d 17 10 00 00 be 13 00 
00000000000027b2	00 00 ba 01 00 00 00 e8 96 0d 00 00 49 8b 3c 24 
00000000000027c2	48 8b 8b 40 01 00 00 4d 8b 8e 40 01 00 00 44 89 
00000000000027d2	3c 24 48 8d 35 ff 0f 00 00 48 8d 15 c7 10 00 00 
00000000000027e2	4c 8d 05 dd 10 00 00 31 c0 e8 58 0d 00 00 48 8d 
00000000000027f2	3d 32 10 00 00 48 8d 35 3e 10 00 00 48 8d 0d 9e 
0000000000002802	10 00 00 ba 8d 00 00 00 e8 0f 0d 00 00 4c 8b 25 
0000000000002812	02 18 00 00 49 8b 0c 24 48 8d 3d a5 0f 00 00 be 
0000000000002822	13 00 00 00 ba 01 00 00 00 e8 24 0d 00 00 49 8b 
0000000000002832	3c 24 48 8b 8b 48 01 00 00 4d 8b 8e 48 01 00 00 
0000000000002842	44 89 3c 24 48 8d 35 8d 0f 00 00 48 8d 15 8c 10 
0000000000002852	00 00 4c 8d 05 96 10 00 00 31 c0 e8 e6 0c 00 00 
0000000000002862	48 8d 3d c0 0f 00 00 48 8d 35 cc 0f 00 00 48 8d 
0000000000002872	0d 2c 10 00 00 ba 8e 00 00 00 e8 9d 0c 00 00 4c 
0000000000002882	8b 25 90 17 00 00 49 8b 0c 24 48 8d 3d 33 0f 00 
0000000000002892	00 be 13 00 00 00 ba 01 00 00 00 e8 b2 0c 00 00 
00000000000028a2	49 8b 3c 24 48 8b 8b 00 01 00 00 4d 8b 8e 00 01 
00000000000028b2	00 00 44 89 3c 24 48 8d 35 1b 0f 00 00 48 8d 15 
00000000000028c2	39 10 00 00 4c 8d 05 47 10 00 00 31 c0 e8 74 0c 
00000000000028d2	00 00 48 8d 3d 4e 0f 00 00 48 8d 35 5a 0f 00 00 
00000000000028e2	48 8d 0d ba 0f 00 00 ba 90 00 00 00 e8 2b 0c 00 
00000000000028f2	00 4c 8b 25 1e 17 00 00 49 8b 0c 24 48 8d 3d c1 
0000000000002902	0e 00 00 be 13 00 00 00 ba 01 00 00 00 e8 40 0c 
0000000000002912	00 00 49 8b 3c 24 48 8b 8b 08 01 00 00 4d 8b 8e 
0000000000002922	08 01 00 00 44 89 3c 24 48 8d 35 a9 0e 00 00 48 
0000000000002932	8d 15 ee 0f 00 00 4c 8d 05 00 10 00 00 31 c0 e8 
0000000000002942	02 0c 00 00 48 8d 3d dc 0e 00 00 48 8d 35 e8 0e 
0000000000002952	00 00 48 8d 0d 48 0f 00 00 ba 91 00 00 00 e8 b9 
0000000000002962	0b 00 00 4c 8b 25 ac 16 00 00 49 8b 0c 24 48 8d 
0000000000002972	3d 4f 0e 00 00 be 13 00 00 00 ba 01 00 00 00 e8 
0000000000002982	ce 0b 00 00 49 8b 3c 24 48 8b 8b 10 01 00 00 4d 
0000000000002992	8b 8e 10 01 00 00 44 89 3c 24 48 8d 35 37 0e 00 
00000000000029a2	00 48 8d 15 ab 0f 00 00 4c 8d 05 bc 0f 00 00 31 
00000000000029b2	c0 e8 90 0b 00 00 48 8d 3d 6a 0e 00 00 48 8d 35 
00000000000029c2	76 0e 00 00 48 8d 0d d6 0e 00 00 ba 92 00 00 00 
00000000000029d2	e8 47 0b 00 00 4c 8b 25 3a 16 00 00 49 8b 0c 24 
00000000000029e2	48 8d 3d dd 0d 00 00 be 13 00 00 00 ba 01 00 00 
00000000000029f2	00 e8 5c 0b 00 00 49 8b 3c 24 48 8b 8b 18 01 00 
0000000000002a02	00 4d 8b 8e 18 01 00 00 44 89 3c 24 48 8d 35 c5 
0000000000002a12	0d 00 00 48 8d 15 66 0f 00 00 4c 8d 05 74 0f 00 
0000000000002a22	00 31 c0 e8 1e 0b 00 00 48 8d 3d f8 0d 00 00 48 
0000000000002a32	8d 35 04 0e 00 00 48 8d 0d 64 0e 00 00 ba 93 00 
0000000000002a42	00 00 e8 d5 0a 00 00 4c 8b 25 c8 15 00 00 49 8b 
0000000000002a52	0c 24 48 8d 3d 6b 0d 00 00 be 13 00 00 00 ba 01 
0000000000002a62	00 00 00 e8 ea 0a 00 00 49 8b 3c 24 48 8b 8b 20 
0000000000002a72	01 00 00 4d 8b 8e 20 01 00 00 44 89 3c 24 48 8d 
0000000000002a82	35 53 0d 00 00 48 8d 15 1b 0f 00 00 4c 8d 05 28 
0000000000002a92	0f 00 00 31 c0 e8 ac 0a 00 00 48 8d 3d 86 0d 00 
0000000000002aa2	00 48 8d 35 92 0d 00 00 48 8d 0d f2 0d 00 00 ba 
0000000000002ab2	94 00 00 00 e8 63 0a 00 00 4c 8b 25 56 15 00 00 
0000000000002ac2	49 8b 0c 24 48 8d 3d f9 0c 00 00 be 13 00 00 00 
0000000000002ad2	ba 01 00 00 00 e8 78 0a 00 00 49 8b 3c 24 48 8b 
0000000000002ae2	8b 28 01 00 00 4d 8b 8e 28 01 00 00 44 89 3c 24 
0000000000002af2	48 8d 35 e1 0c 00 00 48 8d 15 ce 0e 00 00 4c 8d 
0000000000002b02	05 e3 0e 00 00 31 c0 e8 3a 0a 00 00 48 8d 3d 14 
0000000000002b12	0d 00 00 48 8d 35 20 0d 00 00 48 8d 0d 80 0d 00 
0000000000002b22	00 ba 95 00 00 00 e8 f1 09 00 00 4c 8b 25 e4 14 
0000000000002b32	00 00 49 8b 0c 24 48 8d 3d 87 0c 00 00 be 13 00 
0000000000002b42	00 00 ba 01 00 00 00 e8 06 0a 00 00 49 8b 3c 24 
0000000000002b52	48 8b 8b 30 01 00 00 4d 8b 8e 30 01 00 00 44 89 
0000000000002b62	3c 24 48 8d 35 6f 0c 00 00 48 8d 15 91 0e 00 00 
0000000000002b72	4c 8d 05 a8 0e 00 00 31 c0 e8 c8 09 00 00 48 8d 
0000000000002b82	3d a2 0c 00 00 48 8d 35 ae 0c 00 00 48 8d 0d 0e 
0000000000002b92	0d 00 00 ba 96 00 00 00 e8 7f 09 00 00 4c 8b 25 
0000000000002ba2	72 14 00 00 49 8b 0c 24 48 8d 3d 15 0c 00 00 be 
0000000000002bb2	13 00 00 00 ba 01 00 00 00 e8 94 09 00 00 49 8b 
0000000000002bc2	3c 24 48 8b 8b 50 01 00 00 4d 8b 8e 50 01 00 00 
0000000000002bd2	44 89 3c 24 48 8d 35 fd 0b 00 00 48 8d 15 58 0e 
0000000000002be2	00 00 4c 8d 05 61 0e 00 00 31 c0 e8 56 09 00 00 
0000000000002bf2	48 8d 3d 30 0c 00 00 48 8d 35 3c 0c 00 00 48 8d 
0000000000002c02	0d 9c 0c 00 00 ba 98 00 00 00 e8 0d 09 00 00 4c 
0000000000002c12	8b 25 00 14 00 00 49 8b 0c 24 48 8d 3d a3 0b 00 
0000000000002c22	00 be 13 00 00 00 ba 01 00 00 00 e8 22 09 00 00 
0000000000002c32	49 8b 3c 24 48 8b 8b 58 01 00 00 4d 8b 8e 58 01 
0000000000002c42	00 00 44 89 3c 24 48 8d 35 8b 0b 00 00 48 8d 15 
0000000000002c52	03 0e 00 00 4c 8d 05 19 0e 00 00 31 c0 e8 e4 08 
0000000000002c62	00 00 48 8d 3d be 0b 00 00 48 8d 35 ca 0b 00 00 
0000000000002c72	48 8d 0d 2a 0c 00 00 ba 99 00 00 00 e8 9b 08 00 
0000000000002c82	00 4c 8b 25 8e 13 00 00 49 8b 0c 24 48 8d 3d 31 
0000000000002c92	0b 00 00 be 13 00 00 00 ba 01 00 00 00 e8 b0 08 
0000000000002ca2	00 00 49 8b 3c 24 48 8b 8b 60 01 00 00 4d 8b 8e 
0000000000002cb2	60 01 00 00 44 89 3c 24 48 8d 35 19 0b 00 00 48 
0000000000002cc2	8d 15 c8 0d 00 00 4c 8d 05 dc 0d 00 00 31 c0 e8 
0000000000002cd2	72 08 00 00 48 8d 3d 4c 0b 00 00 48 8d 35 58 0b 
0000000000002ce2	00 00 48 8d 0d b8 0b 00 00 ba 9a 00 00 00 e8 29 
0000000000002cf2	08 00 00 4c 8b 25 1c 13 00 00 49 8b 0c 24 48 8d 
0000000000002d02	3d bf 0a 00 00 be 13 00 00 00 ba 01 00 00 00 e8 
0000000000002d12	3e 08 00 00 49 8b 3c 24 48 8b 8b 68 01 00 00 4d 
0000000000002d22	8b 8e 68 01 00 00 44 89 3c 24 48 8d 35 a7 0a 00 
0000000000002d32	00 48 8d 15 89 0d 00 00 4c 8d 05 a3 0d 00 00 31 
0000000000002d42	c0 e8 00 08 00 00 48 8d 3d da 0a 00 00 48 8d 35 
0000000000002d52	e6 0a 00 00 48 8d 0d 46 0b 00 00 ba 9b 00 00 00 
0000000000002d62	e8 b7 07 00 00 4c 8b 25 aa 12 00 00 49 8b 0c 24 
0000000000002d72	48 8d 3d 4d 0a 00 00 be 13 00 00 00 ba 01 00 00 
0000000000002d82	00 e8 cc 07 00 00 49 8b 3c 24 48 8b 8b 70 01 00 
0000000000002d92	00 4d 8b 8e 70 01 00 00 44 89 3c 24 48 8d 35 35 
0000000000002da2	0a 00 00 48 8d 15 56 0d 00 00 4c 8d 05 61 0d 00 
0000000000002db2	00 31 c0 e8 8e 07 00 00 48 8d 3d 68 0a 00 00 48 
0000000000002dc2	8d 35 74 0a 00 00 48 8d 0d d4 0a 00 00 ba a0 00 
0000000000002dd2	00 00 e8 45 07 00 00 55 48 89 e5 b9 01 00 00 00 
0000000000002de2	45 31 c0 5d e9 8c e7 ff ff 55 48 89 e5 53 50 48 
0000000000002df2	89 fb 48 83 3d a4 14 00 00 ff 75 28 66 48 0f 6e 
0000000000002e02	c3 66 0f 62 05 05 09 00 00 66 0f 5c 05 0d 09 00 
0000000000002e12	00 66 0f 7c c0 f2 0f 59 05 89 14 00 00 48 83 c4 
0000000000002e22	08 5b 5d c3 48 8d 3d 73 14 00 00 48 8d 35 2c 13 
0000000000002e32	00 00 e8 09 07 00 00 eb c3 55 48 89 e5 48 83 ec 
0000000000002e42	10 48 8d 7d f8 e8 1a 07 00 00 8b 45 f8 8b 4d fc 
0000000000002e52	f2 48 0f 2a c0 f2 48 0f 2a c9 f2 0f 5e c1 f2 0f 
0000000000002e62	11 05 40 14 00 00 48 83 c4 10 5d c3 55 48 89 e5 
0000000000002e72	41 56 53 48 83 ec 20 f2 0f 11 45 e8 49 89 fe 48 
0000000000002e82	83 3d a7 14 00 00 ff 0f 85 78 02 00 00 49 8b 9e 
0000000000002e92	8c 00 00 00 49 03 9e 84 00 00 00 48 83 3d fb 13 
0000000000002ea2	00 00 ff 0f 85 74 02 00 00 66 48 0f 6e c3 66 0f 
0000000000002eb2	6f 2d 58 08 00 00 66 0f 62 c5 66 0f 28 35 5c 08 
0000000000002ec2	00 00 66 0f 5c c6 66 0f 7c c0 f2 0f 59 05 d4 13 
0000000000002ed2	00 00 66 0f 29 45 d0 f3 41 0f 7e 86 00 01 00 00 
0000000000002ee2	66 0f 62 c5 66 0f 5c c6 66 0f 7c c0 f2 0f 59 05 
0000000000002ef2	ca 13 00 00 f3 41 0f 7e 8e 10 01 00 00 66 0f 62 
0000000000002f02	cd 66 0f 5c ce 66 0f 7c c9 f2 0f 59 0d b5 13 00 
0000000000002f12	00 f2 0f 58 c8 f3 41 0f 7e 86 18 01 00 00 66 0f 
0000000000002f22	62 c5 66 0f 5c c6 66 0f 7c c0 f2 0f 59 05 9c 13 
0000000000002f32	00 00 f2 0f 58 c1 f3 41 0f 7e 8e 20 01 00 00 66 
0000000000002f42	0f 62 cd 66 0f 5c ce 66 0f 7c c9 f2 0f 59 0d 83 
0000000000002f52	13 00 00 f2 0f 58 c8 f3 41 0f 7e 86 28 01 00 00 
0000000000002f62	66 0f 62 c5 66 0f 5c c6 66 0f 7c c0 f2 0f 59 05 
0000000000002f72	6a 13 00 00 f2 0f 58 c1 f3 41 0f 7e 8e 30 01 00 
0000000000002f82	00 66 0f 62 cd 66 0f 5c ce 66 0f 7c c9 f2 0f 59 
0000000000002f92	0d 51 13 00 00 f2 0f 58 c8 f2 0f 10 05 8d 07 00 
0000000000002fa2	00 66 0f 28 d1 f2 0f 5c d0 f2 48 0f 2c c2 48 b9 
0000000000002fb2	00 00 00 00 00 00 00 80 48 31 c1 f2 48 0f 2c d9 
0000000000002fc2	66 0f 2e c8 48 0f 43 d9 48 83 3d ce 12 00 00 ff 
0000000000002fd2	0f 85 5f 01 00 00 66 48 0f 6e c3 66 0f 62 c5 66 
0000000000002fe2	0f 5c c6 66 0f 7c c0 f2 0f 59 05 b7 12 00 00 f2 
0000000000002ff2	0f 5e 05 3f 07 00 00 f3 41 0f 7e 8e 9c 00 00 00 
0000000000003002	66 0f 62 cd 66 0f 5c ce 66 0f 7c c9 f2 0f 59 4d 
0000000000003012	e8 66 0f 57 d2 66 0f 2e c2 75 17 7a 15 66 0f 28 
0000000000003022	45 d0 f2 0f 59 05 84 12 00 00 f2 0f 5e 05 04 07 
0000000000003032	00 00 f2 0f 58 c8 f3 41 0f 7e 86 50 01 00 00 66 
0000000000003042	0f 62 c5 66 0f 5c c6 66 0f 7c c0 f2 0f 59 05 9b 
0000000000003052	12 00 00 f2 0f 5e 05 db 06 00 00 8b 05 c5 12 00 
0000000000003062	00 49 0f af 86 48 01 00 00 49 03 86 38 01 00 00 
0000000000003072	66 48 0f 6e d8 66 0f 62 dd 66 0f 5c de 66 0f 7c 
0000000000003082	db f2 0f 59 1d 6d 12 00 00 f3 41 0f 7e 96 40 01 
0000000000003092	00 00 66 0f 62 d5 66 0f 5c d6 66 0f 7c d2 f2 0f 
00000000000030a2	59 15 58 12 00 00 f2 0f 58 d3 f3 41 0f 7e 9e c0 
00000000000030b2	00 00 00 66 0f 62 dd 66 0f 5c de 66 0f 7c db f2 
00000000000030c2	0f 59 1d 3f 12 00 00 f3 41 0f 7e a6 c8 00 00 00 
00000000000030d2	66 0f 62 e5 66 0f 5c e6 66 0f 7c e4 f2 0f 59 25 
00000000000030e2	2a 12 00 00 f2 0f 58 e3 f2 0f 58 c1 f2 0f 58 c2 
00000000000030f2	f2 0f 58 c4 f2 0f 59 05 42 06 00 00 48 83 c4 20 
0000000000003102	5b 41 5e 5d c3 48 8d 3d 22 12 00 00 48 8d 35 8b 
0000000000003112	10 00 00 e8 28 04 00 00 e9 70 fd ff ff 48 8d 3d 
0000000000003122	7a 11 00 00 48 8d 35 33 10 00 00 e8 10 04 00 00 
0000000000003132	e9 74 fd ff ff 48 8d 3d 62 11 00 00 48 8d 35 1b 
0000000000003142	10 00 00 e8 f8 03 00 00 66 0f 28 35 ce 05 00 00 
0000000000003152	66 0f 6f 2d b6 05 00 00 e9 79 fe ff ff 55 48 89 
0000000000003162	e5 53 50 48 89 fb 48 83 3d c0 11 00 00 ff 75 16 
0000000000003172	f2 0f 10 05 3e 11 00 00 48 89 df 48 83 c4 08 5b 
0000000000003182	5d e9 e6 fc ff ff 48 8d 3d a1 11 00 00 48 8d 35 
0000000000003192	0a 10 00 00 e8 a7 03 00 00 eb d5 55 48 89 e5 41 
00000000000031a2	57 41 56 41 55 41 54 53 48 81 ec 18 01 00 00 4c 
00000000000031b2	8b 25 58 0e 00 00 4d 8b 24 24 4c 89 65 d0 e8 95 
00000000000031c2	03 00 00 89 05 5d 11 00 00 8a 05 ef 11 00 00 24 
00000000000031d2	01 0f 85 93 00 00 00 48 8b 05 50 0e 00 00 8b 38 
00000000000031e2	48 8d 35 5a 0c 00 00 e8 0c 03 00 00 89 c3 85 db 
00000000000031f2	74 71 48 8d 35 85 10 00 00 31 d2 31 c9 89 df e8 
0000000000003202	ee 02 00 00 49 89 c6 4d 85 f6 74 50 4c 89 f7 e8 
0000000000003212	fc 02 00 00 49 89 c7 e8 ee 02 00 00 49 39 c7 75 
0000000000003222	33 4c 89 f7 e8 db 02 00 00 49 89 c7 49 81 ff 80 
0000000000003232	00 00 00 77 1f 4c 89 f7 e8 c1 02 00 00 48 8d 3d 
0000000000003242	fa 10 00 00 b9 80 00 00 00 48 89 c6 4c 89 fa e8 
0000000000003252	ce 02 00 00 4c 89 f7 e8 ba 02 00 00 89 df e8 89 
0000000000003262	02 00 00 c6 05 54 11 00 00 01 48 8d 05 cd 10 00 
0000000000003272	00 48 89 04 24 4c 8d 05 92 0b 00 00 4c 8d 0d 77 
0000000000003282	0b 00 00 48 8d 9d d0 fe ff ff be ff 00 00 00 ba 
0000000000003292	00 00 00 00 b9 ff 00 00 00 31 c0 48 89 df e8 85 
00000000000032a2	02 00 00 31 f6 31 c0 48 89 df e8 c7 02 00 00 41 
00000000000032b2	89 c5 45 85 ed 79 51 48 8d 05 5c 0b 00 00 48 89 
00000000000032c2	04 24 4c 8d 05 45 0b 00 00 4c 8d 0d 2a 0b 00 00 
00000000000032d2	48 8d 9d d0 fe ff ff be ff 00 00 00 ba 00 00 00 
00000000000032e2	00 b9 ff 00 00 00 31 c0 48 89 df e8 38 02 00 00 
00000000000032f2	31 f6 31 c0 48 89 df e8 7a 02 00 00 41 89 c5 45 
0000000000003302	85 ed 0f 88 ea 00 00 00 45 31 e4 31 f6 ba 02 00 
0000000000003312	00 00 44 89 ef e8 44 02 00 00 48 89 c3 31 f6 31 
0000000000003322	d2 44 89 ef e8 35 02 00 00 48 89 df e8 39 02 00 
0000000000003332	00 49 89 c7 4d 85 ff b9 00 00 00 00 41 be 00 00 
0000000000003342	00 00 74 75 44 89 ef 4c 89 fe 48 89 da e8 2a 02 
0000000000003352	00 00 45 31 f6 31 c9 48 39 d8 75 5a 4c 89 ff 48 
0000000000003362	89 de e8 27 02 00 00 49 89 c6 31 c9 4d 85 f6 74 
0000000000003372	2c 48 8d 35 aa 0a 00 00 4c 89 f7 e8 1a 02 00 00 
0000000000003382	48 89 c3 48 85 db 74 11 48 89 df e8 16 02 00 00 
0000000000003392	48 3b 05 87 0c 00 00 74 0c 31 c9 eb 19 4d 89 fc 
00000000000033a2	45 31 f6 eb 14 48 8d 35 b2 0e 00 00 48 89 df e8 
00000000000033b2	e0 01 00 00 b1 01 4d 89 fc 48 89 cb 45 85 ed 7e 
00000000000033c2	08 44 89 ef e8 71 01 00 00 4d 85 e4 74 08 4c 89 
00000000000033d2	e7 e8 76 01 00 00 4d 85 f6 74 08 4c 89 f7 e8 c9 
00000000000033e2	01 00 00 84 db 4c 8b 25 22 0c 00 00 4d 8b 24 24 
00000000000033f2	75 52 48 8d 3d 5c 0b 00 00 48 8d b5 d0 fe ff ff 
0000000000003402	e8 7d 01 00 00 83 f8 ff 74 24 85 c0 75 09 f6 85 
0000000000003412	d5 fe ff ff 40 74 17 48 8d 3d 46 0b 00 00 48 8d 
0000000000003422	b5 d0 fe ff ff e8 58 01 00 00 85 c0 75 33 48 8d 
0000000000003432	3d 79 0e 00 00 48 8d 35 0a 03 00 00 b9 0f 00 00 
0000000000003442	00 f3 48 a5 4c 3b 65 d0 75 12 48 81 c4 18 01 00 
0000000000003452	00 5b 41 5c 41 5d 41 5e 41 5f 5d c3 e8 cd 00 00 
0000000000003462	00 48 8b 05 ae 0b 00 00 48 8b 08 48 8d 3d 5f 09 
0000000000003472	00 00 be 28 00 00 00 ba 01 00 00 00 e8 d1 00 00 
0000000000003482	00 e8 ae 00 00 00 55 48 89 e5 41 57 41 56 41 54 
0000000000003492	53 49 89 d6 49 89 f7 4c 89 f7 e8 07 01 00 00 31 
00000000000034a2	db 48 3b 05 7e 0b 00 00 75 37 4c 8d 25 0d 0d 00 
00000000000034b2	00 4a 8b 34 23 4c 89 ff e8 cb 00 00 00 85 c0 74 
00000000000034c2	0c 48 83 c3 08 48 83 fb 78 75 e6 eb 14 4c 89 f7 
00000000000034d2	e8 cb 00 00 00 48 8d 05 d2 0d 00 00 f2 0f 11 04 
00000000000034e2	03 b0 01 5b 41 5c 41 5e 41 5f 5d c3 
