test/unit_test_files/fat_lib/ssh-keychain.dylib:
Contents of (__TEXT,__text) section
0000000000001201	b8 54 00 00 00 48 85 ff 0f 85 a4 00 00 00 55 48 
0000000000001211	89 e5 41 57 41 56 53 50 4c 8b 35 60 5d 00 00 e8 
0000000000001221	ef 2d 00 00 48 89 c7 e8 2d 3f 00 00 48 89 c3 48 
0000000000001231	8b 35 41 5c 00 00 4c 8b 3d b2 4e 00 00 4c 89 f7 
0000000000001241	48 89 da 41 ff d7 48 89 c7 e8 0b 3f 00 00 48 8b 
0000000000001251	3d fa 60 00 00 48 89 05 f3 60 00 00 4c 8b 35 94 
0000000000001261	4e 00 00 41 ff d6 48 89 df 41 ff d6 48 8b 3d 2c 
0000000000001271	5d 00 00 48 8b 35 cd 5a 00 00 41 ff d7 48 8b 35 
0000000000001281	cb 5a 00 00 48 89 c7 41 ff d7 48 8b 3d b6 60 00 
0000000000001291	00 48 89 05 af 60 00 00 41 ff d6 48 c7 05 b1 60 
00000000000012a1	00 00 00 00 00 00 31 c0 48 83 c4 08 5b 41 5e 41 
00000000000012b1	5f 5d c3 55 48 89 e5 31 c0 5d c3 b8 07 00 00 00 
00000000000012c1	48 85 ff 0f 84 9d 00 00 00 55 48 89 e5 53 50 48 
00000000000012d1	c7 47 50 00 00 00 00 48 c7 47 48 00 00 00 00 48 
00000000000012e1	c7 47 40 00 00 00 00 48 c7 47 38 00 00 00 00 48 
00000000000012f1	c7 47 30 00 00 00 00 48 c7 47 28 00 00 00 00 48 
0000000000001301	c7 47 20 00 00 00 00 48 c7 47 18 00 00 00 00 48 
0000000000001311	c7 47 10 00 00 00 00 48 c7 47 08 00 00 00 00 48 
0000000000001321	c7 07 00 00 00 00 66 c7 07 02 14 66 c7 47 50 00 
0000000000001331	00 48 8d 5f 30 48 83 c7 02 48 8d 35 68 4b 00 00 
0000000000001341	ba 20 00 00 00 e8 e7 1d 00 00 48 8d 35 63 4b 00 
0000000000001351	00 ba 20 00 00 00 48 89 df e8 d3 1d 00 00 31 c0 
0000000000001361	48 83 c4 08 5b 5d c3 55 48 89 e5 53 50 48 89 fb 
0000000000001371	b8 07 00 00 00 48 85 db 74 1c e8 94 19 00 00 88 
0000000000001381	c1 b8 54 00 00 00 84 c9 74 0c 48 8d 05 8e 5d 00 
0000000000001391	00 48 89 03 31 c0 48 83 c4 08 5b 5d c3 55 48 89 
00000000000013a1	e5 41 57 41 56 53 50 49 89 d6 48 89 f3 b8 07 00 
00000000000013b1	00 00 4d 85 f6 74 56 48 85 db 74 38 4d 8b 3e 48 
00000000000013c1	8b 3d 89 5f 00 00 48 8b 35 a2 59 00 00 ff 15 1c 
00000000000013d1	4d 00 00 49 39 c7 49 0f 42 c7 49 89 06 31 c9 48 
00000000000013e1	85 c0 74 27 31 c0 48 89 0c cb 48 ff c1 49 3b 0e 
00000000000013f1	72 f4 eb 19 48 8b 3d 54 5f 00 00 48 8b 35 6d 59 
0000000000001401	00 00 ff 15 e7 4c 00 00 49 89 06 31 c0 48 83 c4 
0000000000001411	08 5b 41 5e 41 5f 5d c3 55 48 89 e5 41 57 41 56 
0000000000001421	41 54 53 49 89 f7 48 89 fb b8 07 00 00 00 4d 85 
0000000000001431	ff 0f 84 0d 01 00 00 48 8b 3d 11 5f 00 00 48 8b 
0000000000001441	35 2a 59 00 00 ff 15 a4 4c 00 00 48 89 c1 b8 03 
0000000000001451	00 00 00 48 39 d9 0f 82 e8 00 00 00 48 8b 3d ec 
0000000000001461	5e 00 00 48 8b 35 15 5a 00 00 4c 8b 25 7e 4c 00 
0000000000001471	00 48 89 da 41 ff d4 48 89 c7 e8 da 3c 00 00 49 
0000000000001481	89 c6 be d0 00 00 00 4c 89 ff e8 ee 3c 00 00 48 
0000000000001491	8b 35 f1 59 00 00 4c 89 f7 41 ff d4 84 c0 0f 94 
00000000000014a1	c0 0f b6 c0 48 8d 04 85 00 04 00 00 49 89 47 60 
00000000000014b1	48 8b 35 d8 59 00 00 4c 89 f7 41 ff d4 48 89 c7 
00000000000014c1	e8 94 3c 00 00 48 89 c7 e8 86 3c 00 00 48 89 c3 
00000000000014d1	48 8b 35 18 58 00 00 48 89 df 41 ff d4 ba 20 00 
00000000000014e1	00 00 4c 89 ff 48 89 c6 e8 44 1c 00 00 4c 8b 25 
00000000000014f1	03 4c 00 00 48 89 df 41 ff d4 49 8d 7f 20 48 8d 
0000000000001501	35 a3 49 00 00 ba 20 00 00 00 e8 22 1c 00 00 49 
0000000000001511	8d 7f 40 48 8d 35 b9 49 00 00 ba 10 00 00 00 e8 
0000000000001521	0d 1c 00 00 49 83 c7 50 48 8d 35 ad 49 00 00 ba 
0000000000001531	10 00 00 00 4c 89 ff e8 f5 1b 00 00 4c 89 f7 41 
0000000000001541	ff d4 31 c0 5b 41 5c 41 5e 41 5f 5d c3 55 48 89 
0000000000001551	e5 41 57 41 56 41 55 41 54 53 50 4d 89 c6 48 89 
0000000000001561	fb b8 b4 00 00 00 40 f6 c6 04 0f 84 fb 00 00 00 
0000000000001571	b8 07 00 00 00 48 f7 c6 f9 ff ff ff 0f 85 e9 00 
0000000000001581	00 00 48 85 d2 0f 85 e0 00 00 00 48 85 c9 0f 85 
0000000000001591	d7 00 00 00 48 8b 3d b4 5d 00 00 48 8b 35 cd 57 
00000000000015a1	00 00 ff 15 47 4b 00 00 48 89 c1 b8 03 00 00 00 
00000000000015b1	48 39 d9 0f 82 b2 00 00 00 48 8b 3d e7 59 00 00 
00000000000015c1	48 8b 35 80 57 00 00 4c 8b 2d 21 4b 00 00 41 ff 
00000000000015d1	d5 48 8b 35 77 57 00 00 48 89 c7 41 ff d5 49 89 
00000000000015e1	c7 48 8b 35 af 58 00 00 4c 89 ff 48 89 da 41 ff 
00000000000015f1	d5 48 8b 35 a7 58 00 00 48 c7 c2 ff ff ff ff 4c 
0000000000001601	89 ff 41 ff d5 4c 8b 25 3b 5d 00 00 48 8b 3d 44 
0000000000001611	59 00 00 48 8b 15 3d 5d 00 00 48 ff c2 48 89 15 
0000000000001621	33 5d 00 00 48 8b 35 7c 58 00 00 41 ff d5 48 89 
0000000000001631	c7 e8 23 3b 00 00 48 89 c3 48 8b 35 6f 58 00 00 
0000000000001641	4c 89 e7 4c 89 fa 48 89 d9 41 ff d5 4c 8b 25 a4 
0000000000001651	4a 00 00 48 89 df 41 ff d4 48 8b 05 f7 5c 00 00 
0000000000001661	49 89 06 4c 89 ff 41 ff d4 31 c0 48 83 c4 08 5b 
0000000000001671	41 5c 41 5d 41 5e 41 5f 5d c3 55 48 89 e5 41 57 
0000000000001681	41 56 41 54 53 49 89 fe e8 7d 18 00 00 48 89 c7 
0000000000001691	e8 c4 3a 00 00 48 89 c3 48 89 df ff 15 56 4a 00 
00000000000016a1	00 48 85 db b8 b3 00 00 00 74 48 4c 8b 3d 95 5c 
00000000000016b1	00 00 48 8b 3d 9e 58 00 00 48 8b 35 0f 56 00 00 
00000000000016c1	4c 8b 25 28 4a 00 00 4c 89 f2 41 ff d4 48 89 c7 
00000000000016d1	e8 84 3a 00 00 48 89 c3 48 8b 35 d8 57 00 00 4c 
00000000000016e1	89 ff 48 89 da 41 ff d4 48 89 df ff 15 06 4a 00 
00000000000016f1	00 31 c0 5b 41 5c 41 5e 41 5f 5d c3 55 48 89 e5 
0000000000001701	41 57 41 56 41 55 41 54 53 48 81 ec 78 01 00 00 
0000000000001711	49 89 d5 4c 8b 3d 05 49 00 00 4d 8b 3f 4c 89 7d 
0000000000001721	d0 bb 03 01 00 00 48 83 fe 01 0f 85 2a 05 00 00 
0000000000001731	48 89 8d b8 fe ff ff e8 ce 17 00 00 48 89 c7 e8 
0000000000001741	15 3a 00 00 49 89 c6 bb b3 00 00 00 4d 85 f6 0f 
0000000000001751	84 fc 04 00 00 48 8b 1d f3 5b 00 00 48 8b 35 5c 
0000000000001761	57 00 00 4c 8b 25 85 49 00 00 4c 89 f7 41 ff d4 
0000000000001771	48 8b 35 08 57 00 00 48 89 df 48 89 c2 41 ff d4 
0000000000001781	48 89 c7 e8 d1 39 00 00 49 89 c7 48 8b 35 35 57 
0000000000001791	00 00 4c 89 ff 41 ff d4 48 89 c7 e8 b9 39 00 00 
00000000000017a1	48 89 c3 48 85 db 74 15 4c 89 b5 70 fe ff ff 48 
00000000000017b1	89 df ff 15 3f 49 00 00 e9 3c 03 00 00 4c 89 b5 
00000000000017c1	70 fe ff ff 48 8b 35 54 56 00 00 4c 89 ff ff 15 
00000000000017d1	1b 49 00 00 48 89 c7 e8 7d 39 00 00 4d 89 fe 49 
00000000000017e1	89 c7 4c 8b 25 0e 49 00 00 4c 89 ff 41 ff d4 48 
00000000000017f1	89 df 41 ff d4 4d 85 ff 4d 89 f7 0f 84 f8 02 00 
0000000000001801	00 4c 89 ff 48 8b 35 14 56 00 00 48 8b 05 dd 48 
0000000000001811	00 00 48 89 c3 ff d3 48 89 c7 e8 3a 39 00 00 49 
0000000000001821	89 c6 48 8b 3d 86 57 00 00 48 8b 35 9f 56 00 00 
0000000000001831	4c 89 ea 48 8b 8d b8 fe ff ff 49 89 dd 41 ff d5 
0000000000001841	48 89 c7 e8 11 39 00 00 48 89 c3 48 8b 35 85 56 
0000000000001851	00 00 48 c7 c1 fd ff ff ff 4c 89 f7 48 89 da 41 
0000000000001861	ff d5 48 89 df 41 ff d4 4c 89 f7 41 ff d4 48 c7 
0000000000001871	85 30 ff ff ff 00 00 00 00 48 8d 85 30 ff ff ff 
0000000000001881	48 89 85 38 ff ff ff c7 85 40 ff ff ff 00 00 00 
0000000000001891	20 c7 85 44 ff ff ff 20 00 00 00 c6 85 48 ff ff 
00000000000018a1	ff 01 31 ff e8 e0 38 00 00 48 89 85 b0 fe ff ff 
00000000000018b1	0f 57 c0 0f 29 85 20 ff ff ff 0f 29 85 10 ff ff 
00000000000018c1	ff 0f 29 85 00 ff ff ff 0f 29 85 f0 fe ff ff 48 
00000000000018d1	8b 35 39 55 00 00 4c 89 ff 41 ff d5 48 89 c7 e8 
00000000000018e1	75 38 00 00 48 89 85 80 fe ff ff 48 8b 35 cd 53 
00000000000018f1	00 00 48 8d 95 f0 fe ff ff 48 8d 8d 50 ff ff ff 
0000000000001901	41 b8 10 00 00 00 48 89 c7 ff 15 e0 47 00 00 48 
0000000000001911	89 c1 48 85 c9 0f 84 e1 02 00 00 48 8b 85 00 ff 
0000000000001921	ff ff 48 8b 00 48 89 85 90 fe ff ff 48 8b 05 8c 
0000000000001931	53 00 00 48 89 85 68 fe ff ff 31 c0 48 89 85 78 
0000000000001941	fe ff ff 48 89 8d 88 fe ff ff 4c 89 bd b8 fe ff 
0000000000001951	ff 48 8b 05 c7 54 00 00 48 89 85 a8 fe ff ff 48 
0000000000001961	8b 05 79 55 00 00 48 89 85 a0 fe ff ff 48 8b 05 
0000000000001971	73 55 00 00 48 89 85 98 fe ff ff 45 31 ff 48 8b 
0000000000001981	85 00 ff ff ff 48 8b 8d 90 fe ff ff 48 39 08 74 
0000000000001991	0c 48 8b bd 80 fe ff ff e8 aa 37 00 00 48 8b 85 
00000000000019a1	f8 fe ff ff 4a 8b 1c f8 48 8b bd b8 fe ff ff 48 
00000000000019b1	8b b5 a8 fe ff ff ff 15 33 47 00 00 48 89 c7 e8 
00000000000019c1	95 37 00 00 49 89 c5 48 89 df 48 8b b5 a0 fe ff 
00000000000019d1	ff ff 15 18 47 00 00 48 89 c7 e8 7a 37 00 00 49 
00000000000019e1	89 c4 48 8b 05 26 46 00 00 48 89 85 c0 fe ff ff 
00000000000019f1	c7 85 c8 fe ff ff 00 00 00 c2 c7 85 cc fe ff ff 
0000000000001a01	00 00 00 00 48 8d 05 53 36 00 00 48 89 85 d0 fe 
0000000000001a11	ff ff 48 8d 05 46 48 00 00 48 89 85 d8 fe ff ff 
0000000000001a21	48 8d 85 30 ff ff ff 48 89 85 e8 fe ff ff 48 8b 
0000000000001a31	bd b0 fe ff ff ff 15 c4 46 00 00 49 89 c6 4c 89 
0000000000001a41	b5 e0 fe ff ff b9 03 00 00 00 45 31 c0 4c 89 ef 
0000000000001a51	48 8b b5 98 fe ff ff 4c 89 e2 4c 8d 8d c0 fe ff 
0000000000001a61	ff ff 15 88 46 00 00 4c 89 e7 4c 8b 25 86 46 00 
0000000000001a71	00 41 ff d4 4c 89 ef 41 ff d4 48 c7 c6 ff ff ff 
0000000000001a81	ff 4c 89 f7 e8 0c 37 00 00 48 8b 85 38 ff ff ff 
0000000000001a91	8a 58 18 48 8b bd e0 fe ff ff 41 ff d4 80 fb 00 
0000000000001aa1	0f 84 41 01 00 00 49 ff c7 48 8b 85 88 fe ff ff 
0000000000001ab1	49 39 c7 0f 82 c5 fe ff ff 41 b8 10 00 00 00 48 
0000000000001ac1	8b bd 80 fe ff ff 48 8b b5 68 fe ff ff 48 8d 95 
0000000000001ad1	f0 fe ff ff 48 8d 8d 50 ff ff ff ff 15 0e 46 00 
0000000000001ae1	00 48 89 c1 4c 8b bd b8 fe ff ff 48 85 c9 0f 85 
0000000000001af1	4f fe ff ff e9 13 01 00 00 4c 89 ff 4c 8b 25 c4 
0000000000001b01	53 00 00 4c 89 e6 ff 15 e3 45 00 00 48 89 c7 e8 
0000000000001b11	45 36 00 00 48 89 c3 48 8d b5 30 ff ff ff 48 89 
0000000000001b21	df e8 f1 35 00 00 41 89 c6 48 89 df ff 15 c5 45 
0000000000001b31	00 00 b8 06 00 00 00 48 89 85 78 fe ff ff 45 85 
0000000000001b41	f6 0f 85 e6 00 00 00 8b 95 30 ff ff ff 4c 8b 35 
0000000000001b51	e3 52 00 00 83 e2 01 4c 89 ff 4c 89 f6 48 8b 05 
0000000000001b61	8b 45 00 00 48 89 c3 ff d3 48 8b 35 17 53 00 00 
0000000000001b71	4c 89 ff ff d3 b9 00 01 00 00 48 89 8d 78 fe ff 
0000000000001b81	ff 84 c0 0f 85 a4 00 00 00 4c 89 ff 4c 89 e6 ff 
0000000000001b91	15 5a 45 00 00 48 89 c7 e8 bc 35 00 00 48 89 c3 
0000000000001ba1	b9 01 00 00 00 48 89 df 48 8b b5 b8 fe ff ff 4c 
0000000000001bb1	89 ea e8 66 35 00 00 4d 89 fc 41 89 c7 48 89 df 
0000000000001bc1	ff 15 31 45 00 00 45 85 ff 0f 84 a6 00 00 00 b8 
0000000000001bd1	01 01 00 00 48 89 85 78 fe ff ff 4c 8b b5 70 fe 
0000000000001be1	ff ff 4d 89 e7 eb 4d b8 06 00 00 00 48 89 85 78 
0000000000001bf1	fe ff ff 4c 8b bd b8 fe ff ff eb 10 31 c0 48 89 
0000000000001c01	85 78 fe ff ff 4c 8b b5 b0 fe ff ff 48 8b bd 80 
0000000000001c11	fe ff ff 41 ff d4 4c 89 f7 41 ff d4 48 8d bd 30 
0000000000001c21	ff ff ff be 08 00 00 00 e8 44 35 00 00 4c 8b b5 
0000000000001c31	70 fe ff ff 4c 89 ff ff 15 ba 44 00 00 48 8b 1d 
0000000000001c41	db 43 00 00 48 8b 1b 49 89 df 48 8b 9d 78 fe ff 
0000000000001c51	ff 4c 89 f7 ff 15 9d 44 00 00 4c 3b 7d d0 75 50 
0000000000001c61	48 89 d8 48 81 c4 78 01 00 00 5b 41 5c 41 5d 41 
0000000000001c71	5e 41 5f 5d c3 ba 01 00 00 00 4c 89 e7 4c 89 f6 
0000000000001c81	ff 15 69 44 00 00 31 c0 48 89 85 78 fe ff ff 4d 
0000000000001c91	89 e7 eb 99 48 89 c3 48 8d bd 30 ff ff ff be 08 
0000000000001ca1	00 00 00 e8 c9 34 00 00 48 89 df e8 c7 34 00 00 
0000000000001cb1	e8 ce 34 00 00 eb dd eb db 55 48 89 e5 41 57 41 
0000000000001cc1	56 41 55 41 54 53 48 83 ec 48 49 89 cf 48 89 d3 
0000000000001cd1	49 89 f4 e8 32 12 00 00 48 89 c7 e8 79 34 00 00 
0000000000001ce1	41 be b3 00 00 00 48 85 c0 0f 84 71 03 00 00 4c 
0000000000001cf1	89 65 d0 4c 8b 25 55 56 00 00 48 8b 35 be 51 00 
0000000000001d01	00 4c 8b 35 e7 43 00 00 48 89 c7 48 89 7d 98 41 
0000000000001d11	ff d6 48 8b 35 66 51 00 00 4c 89 e7 48 89 c2 41 
0000000000001d21	ff d6 48 89 c7 e8 2f 34 00 00 48 89 45 90 48 8b 
0000000000001d31	35 da 50 00 00 48 89 c7 41 ff d6 48 89 c7 e8 16 
0000000000001d41	34 00 00 49 89 c5 48 8b 35 aa 51 00 00 4c 89 ef 
0000000000001d51	48 8b 55 d0 41 ff d6 4d 89 f4 48 89 c7 e8 f7 33 
0000000000001d61	00 00 48 89 45 d0 4c 89 ef 49 89 c6 ff 15 85 43 
0000000000001d71	00 00 b8 82 00 00 00 48 89 45 a8 4d 85 f6 0f 84 
0000000000001d81	c1 02 00 00 31 c0 48 89 45 a8 4d 85 ff 0f 84 b2 
0000000000001d91	02 00 00 4c 8b 35 65 51 00 00 4c 89 75 c0 48 8b 
0000000000001da1	05 52 4f 00 00 48 89 45 c8 48 8b 05 a7 4f 00 00 
0000000000001db1	48 89 45 b0 48 8b 05 0c 50 00 00 48 89 45 a0 4c 
0000000000001dc1	8b 2d 09 50 00 00 4c 89 6d b8 48 83 c3 10 31 c0 
0000000000001dd1	48 89 45 a8 48 8b 73 f0 48 81 fe 01 01 00 00 0f 
0000000000001de1	8e d2 00 00 00 48 81 fe 22 01 00 00 0f 84 ef 00 
0000000000001df1	00 00 48 81 fe 20 01 00 00 0f 84 89 01 00 00 48 
0000000000001e01	81 fe 02 01 00 00 0f 85 c2 00 00 00 48 8b 7d d0 
0000000000001e11	4c 89 f6 41 ff d4 48 89 c7 e8 3b 33 00 00 49 89 
0000000000001e21	c6 4c 89 f7 48 8b 75 c8 41 ff d4 48 89 03 4c 89 
0000000000001e31	f7 ff 15 c0 42 00 00 4c 8b 73 f8 4d 85 f6 74 3f 
0000000000001e41	48 8b 7d d0 48 8b 75 c0 41 ff d4 48 89 c7 e8 06 
0000000000001e51	33 00 00 48 89 c7 e8 f8 32 00 00 49 89 c5 4c 89 
0000000000001e61	ef 48 8b 75 b0 41 ff d4 48 8b 13 4c 89 f7 48 89 
0000000000001e71	c6 e8 2b 33 00 00 4c 89 ef ff 15 78 42 00 00 48 
0000000000001e81	8b 7d d0 4c 8b 6d c0 4c 89 ee 41 ff d4 48 89 c7 
0000000000001e91	e8 c4 32 00 00 49 89 c6 4c 89 f7 48 8b 75 c8 41 
0000000000001ea1	ff d4 4c 89 f7 ff 15 4c 42 00 00 4d 89 ee 4c 8b 
0000000000001eb1	6d b8 e9 81 01 00 00 48 83 fe 11 0f 84 77 01 00 
0000000000001ec1	00 48 81 fe 01 01 00 00 0f 84 6a 01 00 00 31 c0 
0000000000001ed1	48 8d 3d b8 45 00 00 e8 59 32 00 00 e9 57 01 00 
0000000000001ee1	00 48 8b 7d d0 4c 89 ee 41 ff d4 48 89 c7 e8 66 
0000000000001ef1	32 00 00 49 89 c6 4c 89 f7 48 8b 75 c8 41 ff d4 
0000000000001f01	48 89 03 4c 89 f7 ff 15 eb 41 00 00 4c 8b 73 f8 
0000000000001f11	4d 85 f6 74 42 48 8b 7d d0 4c 89 ee 41 ff d4 48 
0000000000001f21	89 c7 e8 32 32 00 00 48 89 c7 e8 24 32 00 00 49 
0000000000001f31	89 c5 4c 89 ef 48 8b 75 b0 41 ff d4 48 8b 13 4c 
0000000000001f41	89 f7 48 89 c6 e8 57 32 00 00 4c 89 ef 4c 8b 6d 
0000000000001f51	b8 ff 15 a0 41 00 00 48 8b 7d d0 4c 89 ee 41 ff 
0000000000001f61	d4 48 89 c7 e8 f0 31 00 00 49 89 c6 4c 89 f7 48 
0000000000001f71	8b 75 c8 41 ff d4 4c 89 f7 ff 15 78 41 00 00 4c 
0000000000001f81	8b 75 c0 e9 b0 00 00 00 48 8b 7d d0 4c 8b 6d a0 
0000000000001f91	4c 89 ee 41 ff d4 48 89 c7 e8 bb 31 00 00 49 89 
0000000000001fa1	c6 4c 89 f7 48 8b 75 c8 41 ff d4 48 89 03 4c 89 
0000000000001fb1	f7 ff 15 40 41 00 00 4c 8b 73 f8 4d 85 f6 74 48 
0000000000001fc1	48 8b 7d d0 4c 89 ee 41 ff d4 48 89 c7 e8 87 31 
0000000000001fd1	00 00 48 89 c7 e8 79 31 00 00 49 89 c4 4c 89 e7 
0000000000001fe1	48 8b 75 b0 ff 15 05 41 00 00 48 8b 13 4c 89 f7 
0000000000001ff1	48 89 c6 e8 a9 31 00 00 4c 89 e7 4c 8b 25 ed 40 
0000000000002001	00 00 ff 15 ef 40 00 00 48 8b 7d d0 4c 89 ee 41 
0000000000002011	ff d4 48 89 c7 e8 3f 31 00 00 49 89 c6 4c 89 f7 
0000000000002021	48 8b 75 c8 41 ff d4 4c 89 f7 ff 15 c7 40 00 00 
0000000000002031	4c 8b 75 c0 4c 8b 6d b8 48 83 c3 18 49 ff cf 0f 
0000000000002041	85 8f fd ff ff 48 8b 1d ab 40 00 00 48 8b 7d d0 
0000000000002051	ff d3 48 8b 7d 90 ff d3 48 8b 45 98 4c 8b 75 a8 
0000000000002061	48 89 c7 ff 15 8e 40 00 00 4c 89 f0 48 83 c4 48 
0000000000002071	5b 41 5c 41 5d 41 5e 41 5f 5d c3 55 48 89 e5 41 
0000000000002081	57 41 56 41 55 41 54 53 48 81 ec a8 00 00 00 49 
0000000000002091	89 d4 4c 89 65 90 48 89 b5 70 ff ff ff 41 bf 07 
00000000000020a1	00 00 00 48 85 f6 75 09 4d 85 e4 0f 85 c7 03 00 
00000000000020b1	00 e8 54 0e 00 00 48 89 c7 e8 9b 30 00 00 48 89 
00000000000020c1	c3 41 bf b3 00 00 00 48 85 db 0f 84 9f 03 00 00 
00000000000020d1	48 8b 35 18 4e 00 00 48 89 df ff 15 0f 40 00 00 
00000000000020e1	48 89 c7 e8 71 30 00 00 49 89 c6 4c 89 f7 ff 15 
00000000000020f1	03 40 00 00 41 bf 00 02 00 00 4d 85 f6 0f 85 6c 
0000000000002101	03 00 00 48 8b 3d 75 4e 00 00 48 8b 35 36 4c 00 
0000000000002111	00 4c 8b 3d d7 3f 00 00 41 ff d7 48 8b 35 2d 4c 
0000000000002121	00 00 48 89 c7 41 ff d7 48 89 85 60 ff ff ff 4c 
0000000000002131	8b 35 19 52 00 00 48 8b 35 82 4d 00 00 48 89 df 
0000000000002141	48 89 9d 40 ff ff ff 41 ff d7 48 8b 35 2e 4d 00 
0000000000002151	00 4c 89 f7 48 89 c2 41 ff d7 48 89 c7 e8 f7 2f 
0000000000002161	00 00 49 89 c5 4c 89 ad 48 ff ff ff 48 8b 35 9c 
0000000000002171	4c 00 00 4c 89 ef 41 ff d7 48 89 c7 e8 d8 2f 00 
0000000000002181	00 48 89 c3 48 8b 35 e4 4b 00 00 48 89 df 41 ff 
0000000000002191	d7 49 89 c6 48 89 df ff 15 5a 3f 00 00 4d 85 f6 
00000000000021a1	0f 84 5f 02 00 00 4c 89 65 90 48 8b 35 5e 4c 00 
00000000000021b1	00 48 89 75 88 48 8b 05 3b 4d 00 00 48 89 85 68 
00000000000021c1	ff ff ff 48 8b 05 a5 4b 00 00 48 89 85 78 ff ff 
00000000000021d1	ff 48 8b 05 37 4d 00 00 48 89 85 58 ff ff ff 48 
00000000000021e1	8b 05 81 4b 00 00 48 89 85 50 ff ff ff 48 83 85 
00000000000021f1	70 ff ff ff 10 31 db 4c 89 ef 4d 89 ee 4c 8b 3d 
0000000000002201	eb 3e 00 00 41 ff d7 48 89 c7 e8 4a 2f 00 00 49 
0000000000002211	89 c4 4c 89 e7 48 8b b5 68 ff ff ff 48 89 da 41 
0000000000002221	ff d7 48 89 c7 e8 2f 2f 00 00 48 89 45 d0 4c 89 
0000000000002231	e7 ff 15 c0 3e 00 00 4c 8b 6d 90 4d 85 ed 0f 84 
0000000000002241	33 01 00 00 48 89 5d 80 48 8b 05 b0 4c 00 00 48 
0000000000002251	89 45 c8 48 8b 05 9d 4a 00 00 48 89 45 98 48 8b 
0000000000002261	05 6a 4c 00 00 48 89 45 a8 b1 01 48 8b 05 95 4c 
0000000000002271	00 00 48 89 45 a0 4c 8b b5 70 ff ff ff 49 8b 46 
0000000000002281	f0 4d 8b 66 f8 48 85 c0 0f 84 b5 00 00 00 48 3d 
0000000000002291	08 01 00 00 0f 84 bd 00 00 00 48 3d 02 01 00 00 
00000000000022a1	0f 85 af 00 00 00 4d 85 e4 74 6d 49 8b 1e 48 8b 
00000000000022b1	7d d0 48 8b 75 c8 89 4d c4 41 ff d7 48 89 c7 e8 
00000000000022c1	95 2e 00 00 48 89 45 b8 48 8b 3d e0 4c 00 00 48 
00000000000022d1	8b 75 a8 4c 89 e2 48 89 d9 41 ff d7 48 89 c7 e8 
00000000000022e1	75 2e 00 00 48 89 c3 4c 8b 65 b8 4c 89 e7 48 8b 
00000000000022f1	75 a0 48 89 da 41 ff d7 88 45 b7 48 89 df 48 8b 
0000000000002301	05 f2 3d 00 00 48 89 c3 ff d3 4c 89 e7 ff d3 8b 
0000000000002311	4d c4 80 7d b7 00 75 3f 48 8b 7d d0 48 8b 75 c8 
0000000000002321	41 ff d7 48 89 c7 e8 2e 2e 00 00 48 89 c3 48 89 
0000000000002331	df 48 8b 75 98 41 ff d7 48 89 df ff 15 b6 3d 00 
0000000000002341	00 eb 12 4d 85 e4 74 0d 49 8b 04 24 48 ff c8 48 
0000000000002351	83 f8 03 72 02 31 c9 49 83 c6 18 49 ff cd 0f 85 
0000000000002361	19 ff ff ff 84 c9 4c 8b 6d 90 4c 8b b5 48 ff ff 
0000000000002371	ff 48 8b 5d 80 74 3c 48 8b 3d d9 4b 00 00 48 8b 
0000000000002381	b5 58 ff ff ff 48 89 da 41 ff d7 48 89 c7 e8 c6 
0000000000002391	2d 00 00 49 89 c4 48 8b bd 60 ff ff ff 48 8b b5 
00000000000023a1	50 ff ff ff 4c 89 e2 41 ff d7 4c 89 e7 ff 15 44 
00000000000023b1	3d 00 00 4c 89 6d 90 48 8b 7d d0 4c 8b 25 35 3d 
00000000000023c1	00 00 41 ff d4 48 ff c3 4c 89 f7 48 8b 75 88 41 
00000000000023d1	ff d7 48 89 c7 e8 7f 2d 00 00 49 89 c5 4c 89 ef 
00000000000023e1	48 8b b5 78 ff ff ff 41 ff d7 49 89 c7 4c 89 ef 
00000000000023f1	4d 89 f5 41 ff d4 4c 39 fb 48 8b 75 88 0f 82 f4 
0000000000002401	fd ff ff eb 0e 48 8b 05 63 49 00 00 48 89 85 78 
0000000000002411	ff ff ff 4c 8b a5 60 ff ff ff 4c 89 e7 48 8b b5 
0000000000002421	78 ff ff ff 48 8b 05 c4 3c 00 00 48 89 c3 ff d3 
0000000000002431	48 8b 35 e0 4a 00 00 49 89 de 45 31 ff 31 d2 48 
0000000000002441	8b 9d 40 ff ff ff 48 89 df 41 ff d6 48 8b 35 cc 
0000000000002451	4a 00 00 48 89 df 4c 89 e2 41 ff d6 4c 8b 35 94 
0000000000002461	3c 00 00 4c 89 ef 41 ff d6 4c 89 e7 41 ff d6 48 
0000000000002471	89 df ff 15 7f 3c 00 00 4c 89 f8 48 81 c4 a8 00 
0000000000002481	00 00 5b 41 5c 41 5d 41 5e 41 5f 5d c3 55 48 89 
0000000000002491	e5 41 57 41 56 41 55 41 54 53 48 83 ec 18 49 89 
00000000000024a1	ce 49 89 d5 49 89 f7 e8 5e 0a 00 00 48 89 c7 e8 
00000000000024b1	a5 2c 00 00 49 89 c4 bb b3 00 00 00 4d 85 e4 0f 
00000000000024c1	84 50 01 00 00 4d 85 ff bb 07 00 00 00 0f 84 42 
00000000000024d1	01 00 00 4d 85 ed 0f 84 39 01 00 00 4d 85 f6 0f 
00000000000024e1	84 30 01 00 00 4c 89 7d c8 4c 89 75 d0 48 8b 1d 
00000000000024f1	fb 49 00 00 4c 89 e7 48 89 de ff 15 ef 3b 00 00 
0000000000002501	48 89 c7 e8 51 2c 00 00 49 89 c5 4d 85 ed 0f 84 
0000000000002511	eb 00 00 00 48 8b 35 0c 4a 00 00 4c 8b 35 cd 3b 
0000000000002521	00 00 4c 89 e7 41 ff d6 48 89 45 c0 4c 89 e7 48 
0000000000002531	89 de 41 ff d6 48 89 c7 e8 1c 2c 00 00 48 89 c3 
0000000000002541	48 8b 35 28 48 00 00 48 89 df 41 ff d6 49 89 c6 
0000000000002551	4c 8b 3d a0 3b 00 00 48 89 df 41 ff d7 4c 89 ef 
0000000000002561	41 ff d7 4c 39 75 c0 0f 83 9b 00 00 00 4c 89 e7 
0000000000002571	48 8b 35 78 49 00 00 4c 8b 2d 71 3b 00 00 41 ff 
0000000000002581	d5 48 89 c7 e8 d0 2b 00 00 49 89 c6 4c 89 e7 48 
0000000000002591	8b 35 91 49 00 00 41 ff d5 48 89 c3 48 8d 53 01 
00000000000025a1	48 8b 35 70 49 00 00 4c 89 e7 41 ff d5 48 8b 35 
00000000000025b1	43 49 00 00 4c 89 f7 48 89 da 41 ff d5 48 89 c7 
00000000000025c1	e8 94 2b 00 00 48 89 c3 4c 89 f7 48 8b 05 25 3b 
00000000000025d1	00 00 49 89 c6 41 ff d6 48 8b 35 50 49 00 00 48 
00000000000025e1	89 df 41 ff d5 48 8b 4d c8 48 89 01 48 8b 45 d0 
00000000000025f1	48 c7 00 01 00 00 00 48 89 df 41 ff d6 eb 14 4c 
0000000000002601	89 ef ff 15 ef 3a 00 00 48 8b 45 d0 48 c7 00 00 
0000000000002611	00 00 00 31 db 4c 89 e7 ff 15 d9 3a 00 00 48 89 
0000000000002621	d8 48 83 c4 18 5b 41 5c 41 5d 41 5e 41 5f 5d c3 
0000000000002631	55 48 89 e5 41 57 41 56 53 50 e8 cb 08 00 00 48 
0000000000002641	89 c7 e8 12 2b 00 00 48 89 c3 41 be b3 00 00 00 
0000000000002651	48 85 db 74 28 48 8b 35 c3 48 00 00 4c 8b 3d 8c 
0000000000002661	3a 00 00 45 31 f6 31 d2 48 89 df 41 ff d7 48 8b 
0000000000002671	35 a2 48 00 00 31 d2 48 89 df 41 ff d7 48 89 df 
0000000000002681	ff 15 71 3a 00 00 4c 89 f0 48 83 c4 08 5b 41 5e 
0000000000002691	41 5f 5d c3 55 48 89 e5 41 57 41 56 41 55 41 54 
00000000000026a1	53 48 83 ec 18 49 89 d6 49 89 f4 e8 5a 08 00 00 
00000000000026b1	48 89 c7 e8 a1 2a 00 00 49 89 c5 bb b3 00 00 00 
00000000000026c1	4d 85 ed 0f 84 c4 00 00 00 48 8b 1d 7f 4c 00 00 
00000000000026d1	48 8b 35 e8 47 00 00 4d 89 f7 4c 89 7d c8 4c 8b 
00000000000026e1	35 0a 3a 00 00 4c 89 ef 41 ff d6 48 8b 35 8d 47 
00000000000026f1	00 00 48 89 df 48 89 c2 41 ff d6 48 89 c7 e8 56 
0000000000002701	2a 00 00 48 89 45 d0 48 8b 35 01 47 00 00 48 89 
0000000000002711	c7 41 ff d6 48 89 c7 e8 3d 2a 00 00 48 89 c3 48 
0000000000002721	8b 35 d1 47 00 00 48 89 df 4c 89 fa 41 ff d6 48 
0000000000002731	89 c7 e8 22 2a 00 00 49 89 c6 48 89 df ff 15 b4 
0000000000002741	39 00 00 bb 82 00 00 00 4d 85 f6 74 2c bb 70 00 
0000000000002751	00 00 4d 85 e4 74 22 bb 70 00 00 00 49 83 3c 24 
0000000000002761	01 75 16 48 8b 35 35 47 00 00 4c 89 ef 48 8b 55 
0000000000002771	c8 ff 15 78 39 00 00 31 db 4c 8b 3d 77 39 00 00 
0000000000002781	4c 89 f7 41 ff d7 48 8b 7d d0 41 ff d7 4c 89 ef 
0000000000002791	ff 15 61 39 00 00 48 89 d8 48 83 c4 18 5b 41 5c 
00000000000027a1	41 5d 41 5e 41 5f 5d c3 55 48 89 e5 41 57 41 56 
00000000000027b1	41 55 41 54 53 48 83 ec 38 4d 89 c5 48 89 4d c8 
00000000000027c1	49 89 d7 48 89 f3 e8 3f 07 00 00 48 89 c7 e8 86 
00000000000027d1	29 00 00 49 89 c4 41 be b3 00 00 00 4d 85 e4 0f 
00000000000027e1	84 d7 01 00 00 48 8b 35 4b 47 00 00 4c 89 e7 ff 
00000000000027f1	15 fa 38 00 00 41 be 07 00 00 00 48 83 f8 ff 0f 
0000000000002801	84 b7 01 00 00 48 89 5d b8 4c 89 6d b0 48 8b 1d 
0000000000002811	3b 4b 00 00 48 8b 35 a4 46 00 00 4c 89 7d c0 4c 
0000000000002821	8b 3d c9 38 00 00 4c 89 e7 41 ff d7 48 8b 35 4c 
0000000000002831	46 00 00 48 89 df 48 89 c2 41 ff d7 48 89 c7 e8 
0000000000002841	15 29 00 00 49 89 c6 48 8b 35 c1 45 00 00 4c 89 
0000000000002851	f7 41 ff d7 48 89 c7 e8 fd 28 00 00 48 89 c3 4c 
0000000000002861	89 e7 48 8b 35 ce 46 00 00 41 ff d7 48 8b 35 84 
0000000000002871	46 00 00 48 89 df 48 89 c2 41 ff d7 48 89 c7 e8 
0000000000002881	d5 28 00 00 49 89 c7 4c 8b 2d 69 38 00 00 48 89 
0000000000002891	df 41 ff d5 4c 89 f7 41 ff d5 4c 89 ff 41 be 07 
00000000000028a1	00 00 00 48 85 ff 0f 84 0a 01 00 00 48 8b 45 b8 
00000000000028b1	48 85 c0 41 be 20 00 00 00 0f 84 f7 00 00 00 49 
00000000000028c1	89 c7 48 83 7d c0 00 0f 84 e9 00 00 00 41 be 07 
00000000000028d1	00 00 00 48 83 7d b0 00 0f 84 d8 00 00 00 48 c7 
00000000000028e1	45 d0 00 00 00 00 48 8b 35 52 46 00 00 48 89 7d 
00000000000028f1	a8 4c 8b 2d f7 37 00 00 41 ff d5 48 89 c7 e8 56 
0000000000002901	28 00 00 48 89 c3 48 8b 05 92 37 00 00 4c 8b 30 
0000000000002911	48 8b 3d 98 46 00 00 48 8b 35 b1 45 00 00 4c 89 
0000000000002921	fa 48 8b 4d c0 41 ff d5 48 8d 4d d0 48 89 df 4c 
0000000000002931	89 f6 48 89 c2 e8 cb 27 00 00 49 89 c7 48 89 df 
0000000000002941	ff 15 b1 37 00 00 4d 85 ff 74 58 4c 8b 35 a5 43 
0000000000002951	00 00 4c 89 ff 4c 89 f6 41 ff d5 4c 89 ff e8 f0 
0000000000002961	27 00 00 49 89 c7 48 8b 35 ea 43 00 00 4c 89 ff 
0000000000002971	41 ff d5 48 89 c3 4c 89 ff 4c 89 f6 41 ff d5 48 
0000000000002981	8b 7d c8 48 89 de 48 89 c2 e8 13 28 00 00 4c 89 
0000000000002991	ff 4c 89 f6 41 ff d5 48 8b 4d b0 48 89 01 45 31 
00000000000029a1	f6 eb 06 41 be 06 00 00 00 4c 89 ff ff 15 45 37 
00000000000029b1	00 00 48 8b 7d a8 ff 15 3b 37 00 00 4c 89 e7 ff 
00000000000029c1	15 32 37 00 00 4c 89 f0 48 83 c4 38 5b 41 5c 41 
00000000000029d1	5d 41 5e 41 5f 5d c3 55 48 89 e5 48 8b 15 d5 45 
00000000000029e1	00 00 b9 01 00 00 00 5d e9 60 27 00 00 55 48 89 
00000000000029f1	e5 48 8b 0d bf 45 00 00 5d e9 61 27 00 00 55 48 
0000000000002a01	89 e5 48 8b 15 b6 45 00 00 b9 01 00 00 00 5d e9 
0000000000002a11	39 27 00 00 55 48 89 e5 48 8b 0d a0 45 00 00 5d 
0000000000002a21	e9 3a 27 00 00 55 48 89 e5 48 8b 15 97 45 00 00 
0000000000002a31	b9 01 00 00 00 5d e9 12 27 00 00 55 48 89 e5 48 
0000000000002a41	8b 0d 81 45 00 00 5d e9 13 27 00 00 55 48 89 e5 
0000000000002a51	48 8b 15 78 45 00 00 b9 01 00 00 00 5d e9 eb 26 
0000000000002a61	00 00 55 48 89 e5 48 8b 0d 62 45 00 00 5d e9 ec 
0000000000002a71	26 00 00 55 48 89 e5 48 8b 05 59 45 00 00 8a 04 
0000000000002a81	07 0f be c0 5d c3 55 48 89 e5 48 8b 05 46 45 00 
0000000000002a91	00 88 14 07 5d c3 55 48 89 e5 48 8b 15 3e 45 00 
0000000000002aa1	00 b9 01 00 00 00 5d e9 a1 26 00 00 55 48 89 e5 
0000000000002ab1	48 8b 0d 28 45 00 00 5d e9 a2 26 00 00 55 48 89 
0000000000002ac1	e5 53 50 48 89 fb 48 8b 3d 12 45 00 00 48 01 df 
0000000000002ad1	31 f6 e8 8e 26 00 00 48 8b 3d f1 44 00 00 48 01 
0000000000002ae1	df 31 f6 e8 7d 26 00 00 48 8b 3d d8 44 00 00 48 
0000000000002af1	01 df 31 f6 e8 6c 26 00 00 48 8b 3d bf 44 00 00 
0000000000002b01	48 01 df 31 f6 e8 5b 26 00 00 48 03 1d a6 44 00 
0000000000002b11	00 31 f6 48 89 df 48 83 c4 08 5b 5d e9 44 26 00 
0000000000002b21	00 55 48 89 e5 48 8b 15 bb 44 00 00 b9 01 00 00 
0000000000002b31	00 5d e9 16 26 00 00 55 48 89 e5 48 8b 0d a5 44 
0000000000002b41	00 00 5d e9 17 26 00 00 55 48 89 e5 48 8b 05 9c 
0000000000002b51	44 00 00 48 8b 04 07 5d c3 55 48 89 e5 48 8b 05 
0000000000002b61	8b 44 00 00 48 89 14 07 5d c3 55 48 89 e5 48 8b 
0000000000002b71	05 82 44 00 00 48 8b 04 07 5d c3 55 48 89 e5 48 
0000000000002b81	8b 05 71 44 00 00 48 89 14 07 5d c3 55 48 89 e5 
0000000000002b91	48 8b 05 68 44 00 00 48 8b 04 07 5d c3 55 48 89 
0000000000002ba1	e5 48 8b 05 57 44 00 00 48 89 14 07 5d c3 55 48 
0000000000002bb1	89 e5 48 03 3d 2e 44 00 00 31 f6 5d e9 a4 25 00 
0000000000002bc1	00 55 48 89 e5 48 8b 15 3b 44 00 00 b9 01 00 00 
0000000000002bd1	00 5d e9 76 25 00 00 55 48 89 e5 48 8b 0d 25 44 
0000000000002be1	00 00 5d e9 77 25 00 00 55 48 89 e5 48 8b 15 1c 
0000000000002bf1	44 00 00 b9 01 00 00 00 5d e9 4f 25 00 00 55 48 
0000000000002c01	89 e5 48 8b 0d 06 44 00 00 5d e9 50 25 00 00 55 
0000000000002c11	48 89 e5 48 8b 15 fd 43 00 00 b9 01 00 00 00 5d 
0000000000002c21	e9 28 25 00 00 55 48 89 e5 48 8b 0d e7 43 00 00 
0000000000002c31	5d e9 29 25 00 00 55 48 89 e5 48 8b 15 de 43 00 
0000000000002c41	00 b9 01 00 00 00 5d e9 01 25 00 00 55 48 89 e5 
0000000000002c51	48 8b 0d c8 43 00 00 5d e9 02 25 00 00 55 48 89 
0000000000002c61	e5 48 8b 15 bf 43 00 00 b9 01 00 00 00 5d e9 da 
0000000000002c71	24 00 00 55 48 89 e5 48 8b 0d a9 43 00 00 5d e9 
0000000000002c81	db 24 00 00 55 48 89 e5 53 50 48 89 fb 48 8b 3d 
0000000000002c91	93 43 00 00 48 01 df 31 f6 e8 c7 24 00 00 48 8b 
0000000000002ca1	3d 7a 43 00 00 48 01 df 31 f6 e8 b6 24 00 00 48 
0000000000002cb1	8b 3d 61 43 00 00 48 01 df 31 f6 e8 a5 24 00 00 
0000000000002cc1	48 8b 3d 48 43 00 00 48 01 df 31 f6 e8 94 24 00 
0000000000002cd1	00 48 03 1d 2f 43 00 00 31 f6 48 89 df 48 83 c4 
0000000000002ce1	08 5b 5d e9 7d 24 00 00 55 48 89 e5 53 50 48 8b 
0000000000002cf1	1d 52 42 00 00 e8 a1 24 00 00 48 8b 35 ae 3f 00 
0000000000002d01	00 48 89 df 48 89 c2 48 83 c4 08 5b 5d ff 25 dc 
0000000000002d11	33 00 00 55 48 89 e5 41 57 41 56 41 55 41 54 53 
0000000000002d21	48 81 ec f8 00 00 00 48 8b 1d f1 32 00 00 48 8b 
0000000000002d31	1b 48 89 5d d0 4c 8b 35 0b 42 00 00 e8 5a 24 00 
0000000000002d41	00 48 8b 35 67 3f 00 00 4c 89 f7 48 89 c2 ff 15 
0000000000002d51	9b 33 00 00 48 89 c7 e8 fd 23 00 00 48 89 85 f8 
0000000000002d61	fe ff ff 48 85 c0 0f 84 6d 01 00 00 48 8d 05 3c 
0000000000002d71	35 00 00 66 48 0f 6e c0 48 8d 05 10 35 00 00 66 
0000000000002d81	48 0f 6e c8 66 0f 6c c8 66 0f 7f 8d 40 ff ff ff 
0000000000002d91	48 8b 3d b8 41 00 00 48 8b 35 19 3f 00 00 48 8b 
0000000000002da1	1d 4a 33 00 00 48 8d 95 40 ff ff ff b9 02 00 00 
0000000000002db1	00 ff d3 48 89 c7 e8 9e 23 00 00 66 0f ef c0 66 
0000000000002dc1	0f 7f 85 30 ff ff ff 66 0f 7f 85 20 ff ff ff 66 
0000000000002dd1	0f 7f 85 10 ff ff ff 66 0f 7f 85 00 ff ff ff 48 
0000000000002de1	89 c7 ff 15 17 33 00 00 48 89 85 f0 fe ff ff 48 
0000000000002df1	8b 35 c9 3e 00 00 48 8d 95 00 ff ff ff 48 8d 8d 
0000000000002e01	50 ff ff ff 41 b8 10 00 00 00 48 89 c7 ff d3 48 
0000000000002e11	89 c3 48 85 db 0f 84 95 00 00 00 48 8b 85 10 ff 
0000000000002e21	ff ff 4c 8b 38 48 8b 05 93 3e 00 00 48 89 85 e8 
0000000000002e31	fe ff ff 4c 8b 2d 8d 3e 00 00 45 31 e4 48 8b 85 
0000000000002e41	10 ff ff ff 4c 39 38 74 0c 48 8b bd f0 fe ff ff 
0000000000002e51	e8 f2 22 00 00 48 8b 85 08 ff ff ff 4a 8b 3c e0 
0000000000002e61	4c 89 ee 48 8b 95 f8 fe ff ff ff 15 7f 32 00 00 
0000000000002e71	41 b6 01 48 85 c0 74 3b 49 ff c4 49 39 dc 72 bd 
0000000000002e81	41 b8 10 00 00 00 48 8b bd f0 fe ff ff 48 8b b5 
0000000000002e91	e8 fe ff ff 48 8d 95 00 ff ff ff 48 8d 8d 50 ff 
0000000000002ea1	ff ff ff 15 47 32 00 00 48 89 c3 48 85 db 75 83 
0000000000002eb1	45 31 f6 4c 8b 3d 3d 32 00 00 48 8b 9d f0 fe ff 
0000000000002ec1	ff 48 89 df 41 ff d7 48 89 df 41 ff d7 48 8b 1d 
0000000000002ed1	4b 31 00 00 48 8b 1b eb 03 45 31 f6 48 8b bd f8 
0000000000002ee1	fe ff ff ff 15 0e 32 00 00 48 3b 5d d0 75 16 41 
0000000000002ef1	0f b6 c6 48 81 c4 f8 00 00 00 5b 41 5c 41 5d 41 
0000000000002f01	5e 41 5f 5d c3 e8 79 22 00 00 55 48 89 e5 41 57 
0000000000002f11	41 56 53 50 48 89 f8 4c 8b 35 29 44 00 00 48 8b 
0000000000002f21	3d 32 40 00 00 48 8b 35 a3 3d 00 00 4c 8b 3d bc 
0000000000002f31	31 00 00 48 89 c2 41 ff d7 48 89 c7 e8 18 22 00 
0000000000002f41	00 48 89 c3 48 8b 35 8c 3d 00 00 4c 89 f7 48 89 
0000000000002f51	da 41 ff d7 48 89 c7 e8 fd 21 00 00 49 89 c6 48 
0000000000002f61	89 df ff 15 8f 31 00 00 4c 89 f7 48 83 c4 08 5b 
0000000000002f71	41 5e 41 5f 5d e9 c7 21 00 00 55 48 89 e5 41 57 
0000000000002f81	41 56 41 55 41 54 53 50 41 89 f4 49 89 fd 43 8d 
0000000000002f91	04 24 48 63 d0 48 8b 3d c3 3f 00 00 48 8b 35 3c 
0000000000002fa1	3d 00 00 ff 15 46 31 00 00 48 89 c7 e8 a8 21 00 
0000000000002fb1	00 49 89 c6 45 85 e4 7e 2f 4c 8b 3d 27 3d 00 00 
0000000000002fc1	49 63 dc 4c 8d 25 05 33 00 00 41 0f b6 4d 00 31 
0000000000002fd1	c0 4c 89 f7 4c 89 fe 4c 89 e2 ff 15 0f 31 00 00 
0000000000002fe1	49 ff c5 48 ff cb 75 e2 4c 89 f7 48 83 c4 08 5b 
0000000000002ff1	41 5c 41 5d 41 5e 41 5f 5d e9 43 21 00 00 55 48 
0000000000003001	89 e5 41 57 41 56 41 55 41 54 53 48 83 ec 28 ff 
0000000000003011	15 ea 30 00 00 48 89 c7 e8 36 21 00 00 49 89 c6 
0000000000003021	48 8b 35 c8 3c 00 00 4c 8b 2d c1 30 00 00 4c 89 
0000000000003031	f7 41 ff d5 48 89 c3 4c 8b 3d 29 3f 00 00 4c 8b 
0000000000003041	25 b2 3c 00 00 4c 89 f7 4c 89 e6 41 ff d5 48 d1 
0000000000003051	e8 48 8b 35 a7 3c 00 00 4c 89 ff 48 89 c2 41 ff 
0000000000003061	d5 48 89 c7 e8 f0 20 00 00 48 89 45 b0 c6 45 d6 
0000000000003071	00 66 c7 45 d4 00 00 4c 89 f7 4d 89 f7 4c 89 e6 
0000000000003081	41 ff d5 48 85 c0 74 6b 48 8b 05 78 3c 00 00 48 
0000000000003091	89 45 b8 4d 89 ec 4c 8b 2d 5a 3c 00 00 45 31 f6 
00000000000030a1	4c 89 7d c0 4c 8b 7d b0 42 8a 04 33 88 45 d4 42 
00000000000030b1	8a 44 33 01 88 45 d5 31 f6 ba 10 00 00 00 48 8d 
00000000000030c1	7d d4 e8 f2 20 00 00 48 89 45 c8 b9 01 00 00 00 
00000000000030d1	4c 89 ff 48 8b 75 b8 48 8d 55 c8 41 ff d4 49 83 
00000000000030e1	c6 02 48 8b 7d c0 4c 89 ee 41 ff d4 49 39 c6 72 
00000000000030f1	b7 eb 08 4c 89 7d c0 4c 8b 7d b0 4c 89 ff ff 15 
0000000000003101	fb 2f 00 00 48 89 c3 4c 8b 35 e9 2f 00 00 4c 89 
0000000000003111	ff 41 ff d6 48 8b 7d c0 41 ff d6 48 89 df 48 83 
0000000000003121	c4 28 5b 41 5c 41 5d 41 5e 41 5f 5d e9 10 20 00 
0000000000003131	00 55 48 89 e5 41 57 41 56 53 50 48 89 d3 49 89 
0000000000003141	f7 49 89 fe e8 6a 20 00 00 4c 89 ff e8 5c 20 00 
0000000000003151	00 48 39 d8 73 16 49 01 c6 48 29 c3 be 20 00 00 
0000000000003161	00 4c 89 f7 48 89 da e8 3b 20 00 00 48 83 c4 08 
0000000000003171	5b 41 5e 41 5f 5d c3 55 48 89 e5 41 57 41 56 41 
0000000000003181	55 41 54 53 48 81 ec 38 01 00 00 48 8b 05 8d 2e 
0000000000003191	00 00 48 8b 00 48 89 45 d0 48 8b 3d cf 3d 00 00 
00000000000031a1	48 8b 35 68 3b 00 00 4c 8b 3d 41 2f 00 00 41 ff 
00000000000031b1	d7 48 89 c7 e8 a0 1f 00 00 49 89 c4 48 8b 35 54 
00000000000031c1	3b 00 00 4c 89 e7 41 ff d7 48 89 c7 e8 88 1f 00 
00000000000031d1	00 48 89 c3 48 8b 35 fc 3a 00 00 48 8d 15 0d 31 
00000000000031e1	00 00 48 89 df 41 ff d7 48 89 c7 e8 69 1f 00 00 
00000000000031f1	49 89 c6 48 8b 35 25 3b 00 00 48 8d 15 0e 31 00 
0000000000003201	00 4c 89 f7 41 ff d7 48 89 c7 e8 4a 1f 00 00 49 
0000000000003211	89 c7 4c 8b 2d de 2e 00 00 4c 89 f7 41 ff d5 48 
0000000000003221	89 df 41 ff d5 4c 89 e7 41 ff d5 4d 85 ff 4d 89 
0000000000003231	fe 0f 85 d4 00 00 00 4c 8b 35 39 3d 00 00 48 8b 
0000000000003241	35 e2 3a 00 00 48 8d 3d e3 30 00 00 4c 8b 2d 9c 
0000000000003251	2e 00 00 41 ff d5 48 89 c7 e8 fb 1e 00 00 48 89 
0000000000003261	c3 48 8b 35 c7 3a 00 00 4c 89 f7 48 89 da 41 ff 
0000000000003271	d5 48 89 c7 e8 e0 1e 00 00 49 89 c4 48 89 df 48 
0000000000003281	8b 05 71 2e 00 00 48 89 c3 ff d3 48 8d 15 bd 30 
0000000000003291	00 00 4c 89 e7 48 8b 35 3b 3a 00 00 41 ff d5 48 
00000000000032a1	89 c7 e8 b2 1e 00 00 49 89 c6 4c 89 ff ff d3 48 
00000000000032b1	8b 3d 91 3c 00 00 48 8b 35 7a 3a 00 00 41 ff d5 
00000000000032c1	48 8b 35 78 3a 00 00 4c 89 f7 48 89 c2 41 ff d5 
00000000000032d1	84 c0 74 2e 48 8d 15 34 30 00 00 4c 89 f7 48 8b 
00000000000032e1	35 3a 3a 00 00 ff 15 04 2e 00 00 48 89 c7 e8 66 
00000000000032f1	1e 00 00 48 89 c3 4c 89 f7 ff 15 f8 2d 00 00 49 
0000000000003301	89 de 4c 89 e7 ff 15 ec 2d 00 00 4d 85 f6 0f 84 
0000000000003311	58 02 00 00 48 8b 3d 34 3c 00 00 48 8b 35 15 3a 
0000000000003321	00 00 4c 8b 3d c6 2d 00 00 41 ff d7 48 8b 35 0c 
0000000000003331	3a 00 00 4c 89 f7 48 89 c2 41 ff d7 31 db 84 c0 
0000000000003341	0f 84 7c 02 00 00 48 8b 3d 32 3c 00 00 48 8b 35 
0000000000003351	f3 39 00 00 41 ff d7 48 8b 35 f1 39 00 00 48 89 
0000000000003361	c7 41 ff d7 48 89 85 c0 fe ff ff 0f 57 c0 0f 29 
0000000000003371	85 40 ff ff ff 0f 29 85 30 ff ff ff 0f 29 85 20 
0000000000003381	ff ff ff 0f 29 85 10 ff ff ff 4c 89 f7 ff 15 6c 
0000000000003391	2d 00 00 48 89 85 d0 fe ff ff 48 8b 35 1e 39 00 
00000000000033a1	00 48 8d 95 10 ff ff ff 48 8d 8d 50 ff ff ff 41 
00000000000033b1	b8 10 00 00 00 48 89 c7 41 ff d7 48 89 85 f8 fe 
00000000000033c1	ff ff 48 85 c0 0f 84 a5 01 00 00 4c 89 b5 b0 fe 
00000000000033d1	ff ff 48 8b 85 20 ff ff ff 48 8b 00 48 89 85 f0 
00000000000033e1	fe ff ff 48 8b 05 d5 38 00 00 48 89 85 b8 fe ff 
00000000000033f1	ff 48 8b 05 ff 38 00 00 48 89 85 08 ff ff ff 48 
0000000000003401	8b 05 51 39 00 00 48 89 85 e0 fe ff ff 48 8b 05 
0000000000003411	4b 39 00 00 48 89 85 d8 fe ff ff 48 8b 05 45 39 
0000000000003421	00 00 48 89 85 c8 fe ff ff 45 31 f6 48 8b 85 20 
0000000000003431	ff ff ff 48 8b 8d f0 fe ff ff 48 39 08 74 0c 48 
0000000000003441	8b bd d0 fe ff ff e8 fc 1c 00 00 48 8b 85 18 ff 
0000000000003451	ff ff 4a 8b 1c f0 48 89 df e8 a0 fb ff ff 48 89 
0000000000003461	c7 e8 f3 1c 00 00 49 89 c5 4c 89 ef 48 8b b5 08 
0000000000003471	ff ff ff ff 15 76 2c 00 00 48 85 c0 0f 84 97 00 
0000000000003481	00 00 4c 89 ef e8 c9 1c 00 00 49 89 c4 4c 89 a5 
0000000000003491	e8 fe ff ff 4c 89 e7 48 8b b5 e0 fe ff ff 4c 8b 
00000000000034a1	3d 4a 2c 00 00 41 ff d7 48 89 9d 00 ff ff ff 48 
00000000000034b1	89 c3 4c 89 e7 48 8b b5 08 ff ff ff 41 ff d7 48 
00000000000034c1	89 df 89 c6 e8 b1 fa ff ff 48 89 c7 e8 88 1c 00 
00000000000034d1	00 48 89 c3 b9 01 00 00 00 48 8b bd 00 ff ff ff 
00000000000034e1	48 8b b5 d8 fe ff ff 48 89 da 41 ff d7 49 89 c4 
00000000000034f1	48 89 df ff 15 fe 2b 00 00 4d 85 e4 75 1b 48 8b 
0000000000003501	bd c0 fe ff ff 48 8b b5 c8 fe ff ff 48 8b 95 e8 
0000000000003511	fe ff ff ff 15 d6 2b 00 00 4c 89 ef ff 15 d5 2b 
0000000000003521	00 00 49 ff c6 4c 3b b5 f8 fe ff ff 0f 82 fa fe 
0000000000003531	ff ff 41 b8 10 00 00 00 48 8b bd d0 fe ff ff 48 
0000000000003541	8b b5 b8 fe ff ff 48 8d 95 10 ff ff ff 48 8d 8d 
0000000000003551	50 ff ff ff ff 15 95 2b 00 00 48 89 85 f8 fe ff 
0000000000003561	ff 48 85 c0 0f 85 87 fe ff ff eb 0b 31 db eb 52 
0000000000003571	4c 89 b5 b0 fe ff ff 48 8b bd d0 fe ff ff 48 8b 
0000000000003581	05 72 2b 00 00 49 89 c6 41 ff d6 48 8b 35 dd 37 
0000000000003591	00 00 4c 8b bd c0 fe ff ff 4c 89 ff ff 15 4d 2b 
00000000000035a1	00 00 48 85 c0 4c 89 ff 48 0f 44 f8 ff 15 4d 2b 
00000000000035b1	00 00 48 89 c3 4c 89 ff 41 ff d6 4c 8b b5 b0 fe 
00000000000035c1	ff ff 4c 89 f7 ff 15 2c 2b 00 00 48 8b 05 4d 2a 
00000000000035d1	00 00 48 8b 00 48 3b 45 d0 75 19 48 89 df 48 81 
00000000000035e1	c4 38 01 00 00 5b 41 5c 41 5d 41 5e 41 5f 5d e9 
00000000000035f1	4d 1b 00 00 e8 8a 1b 00 00 55 48 89 e5 41 57 41 
0000000000003601	56 41 55 41 54 53 48 83 ec 68 48 89 d3 49 89 ff 
0000000000003611	48 89 f7 ff 15 e6 2a 00 00 49 89 c4 48 c7 45 d0 
0000000000003621	00 00 00 00 48 c7 45 c8 00 00 00 00 48 8d 75 d0 
0000000000003631	4c 89 ff e8 a3 1a 00 00 45 31 ed 85 c0 0f 85 ac 
0000000000003641	05 00 00 48 8b 7d d0 48 8d 75 c0 e8 7f 1a 00 00 
0000000000003651	45 31 f6 85 c0 74 19 31 c0 48 89 45 a0 31 c0 48 
0000000000003661	89 45 a8 45 31 ed 31 ff 45 31 ff e9 35 05 00 00 
0000000000003671	48 8b 45 c0 48 89 45 98 48 8b 35 f0 36 00 00 4c 
0000000000003681	89 e7 ff 15 67 2a 00 00 48 85 c0 74 30 48 8b 7d 
0000000000003691	d0 e8 3f 1a 00 00 49 89 c6 48 8b 35 d7 36 00 00 
00000000000036a1	4c 89 e7 4c 89 f2 ff 15 43 2a 00 00 84 c0 0f 84 
00000000000036b1	d6 00 00 00 4c 89 f7 ff 15 3a 2a 00 00 48 8b 3d 
00000000000036c1	c3 38 00 00 48 8b 35 7c 36 00 00 4c 8b 35 1d 2a 
00000000000036d1	00 00 41 ff d6 48 8b 35 73 36 00 00 48 89 c7 41 
00000000000036e1	ff d6 49 89 c5 45 31 f6 4d 85 ed 0f 84 89 00 00 
00000000000036f1	00 48 8b 7d d0 48 8d 55 c8 48 89 de e8 2e 1a 00 
0000000000003701	00 85 c0 48 8b 5d c8 0f 85 25 01 00 00 4c 89 6d 
0000000000003711	a8 48 85 db 0f 84 24 01 00 00 48 89 df e8 07 1a 
0000000000003721	00 00 48 89 45 a0 48 c7 45 b8 00 00 00 00 48 8d 
0000000000003731	75 b8 4c 89 ff e8 a7 19 00 00 85 c0 0f 84 11 01 
0000000000003741	00 00 48 8b 7d 98 e8 08 1a 00 00 49 89 c7 48 8b 
0000000000003751	35 9a 35 00 00 4c 89 ff ff 15 91 29 00 00 48 89 
0000000000003761	c1 48 8d 3d 47 2c 00 00 45 31 ed 31 c0 48 89 ce 
0000000000003771	e8 c0 19 00 00 e9 ae 00 00 00 4c 89 6d a8 45 31 
0000000000003781	ed 4c 8b 7d 98 e9 4e 04 00 00 48 8b 7d 98 e8 c0 
0000000000003791	19 00 00 49 89 c5 48 8b 35 52 35 00 00 4c 8b 3d 
00000000000037a1	4b 29 00 00 4c 89 ef 41 ff d7 48 89 45 a8 48 8b 
00000000000037b1	3d 92 37 00 00 48 8b 35 c3 35 00 00 48 8d 15 cc 
00000000000037c1	2b 00 00 31 c0 48 89 45 a0 31 c0 4c 89 f1 41 ff 
00000000000037d1	d7 48 89 c7 e8 80 19 00 00 48 89 c7 e8 72 19 00 
00000000000037e1	00 48 89 c3 48 89 df 48 8b 35 01 35 00 00 41 ff 
00000000000037f1	d7 48 89 c1 48 8d 3d 74 2b 00 00 31 c0 48 8b 75 
0000000000003801	a8 48 89 ca e8 2c 19 00 00 4c 8b 3d e7 28 00 00 
0000000000003811	48 89 df 41 ff d7 4c 89 f7 41 ff d7 4d 89 ef 31 
0000000000003821	c0 48 89 45 a8 45 31 ed 31 ff 45 31 f6 e9 73 03 
0000000000003831	00 00 31 c0 48 89 45 a0 4c 89 6d a8 eb 06 31 c0 
0000000000003841	48 89 45 a0 45 31 ed 45 31 f6 4c 8b 7d 98 e9 5c 
0000000000003851	03 00 00 48 8b 5d b8 48 8b 35 29 35 00 00 48 8b 
0000000000003861	7d a8 48 89 da 4c 8b 35 83 28 00 00 4d 89 f5 41 
0000000000003871	ff d5 4c 8b 35 7e 28 00 00 48 89 df 41 ff d6 48 
0000000000003881	8b 7d b8 e8 65 18 00 00 48 89 45 90 48 8b 0d bc 
0000000000003891	27 00 00 48 8b 11 48 8b 35 f2 34 00 00 48 89 c7 
00000000000038a1	41 ff d5 48 89 c7 e8 ae 18 00 00 49 89 c7 48 8b 
00000000000038b1	3d a2 36 00 00 48 8b 35 db 34 00 00 ba 01 00 00 
00000000000038c1	00 41 ff d5 48 89 c7 e8 8d 18 00 00 48 89 c3 48 
00000000000038d1	8b 35 c9 34 00 00 4c 89 ff 48 89 da 41 ff d5 41 
00000000000038e1	88 c5 48 89 df 41 ff d6 4c 89 ff 41 ff d6 45 84 
00000000000038f1	ed 0f 84 a7 00 00 00 48 8b 05 69 27 00 00 4c 8b 
0000000000003901	30 4c 8b 6d 90 4c 89 ef 48 8b 05 80 34 00 00 48 
0000000000003911	89 c6 4c 89 f2 48 8b 05 d3 27 00 00 48 89 c3 ff 
0000000000003921	d3 49 89 df 48 89 c7 e8 2d 18 00 00 48 89 c3 48 
0000000000003931	89 5d 88 48 8b 3d 1d 36 00 00 48 8b 35 f6 33 00 
0000000000003941	00 41 ff d7 48 8b 35 f4 33 00 00 48 89 df 48 89 
0000000000003951	c2 41 ff d7 4c 89 f9 41 88 c7 4c 89 ef 48 8b 35 
0000000000003961	2b 34 00 00 4c 89 f2 ff d1 48 89 c7 e8 e8 17 00 
0000000000003971	00 49 89 c5 45 84 ff 74 60 48 8b 35 27 34 00 00 
0000000000003981	4c 89 ef ff 15 66 27 00 00 48 89 c7 e8 c8 17 00 
0000000000003991	00 48 89 c3 b0 01 89 45 80 45 31 ff eb 48 48 8b 
00000000000039a1	7d 98 e8 ac 17 00 00 49 89 c7 48 8b 35 3e 33 00 
00000000000039b1	00 4c 89 ff ff 15 35 27 00 00 48 89 c1 48 8d 3d 
00000000000039c1	0b 2a 00 00 45 31 ed 31 c0 48 89 ce e8 64 17 00 
00000000000039d1	00 45 31 f6 e9 c8 01 00 00 c7 45 80 00 00 00 00 
00000000000039e1	41 b7 01 4c 89 eb 48 89 df ff 15 10 27 00 00 49 
00000000000039f1	89 c6 45 84 ff 74 09 4c 89 ef ff 15 f7 26 00 00 
0000000000003a01	8b 45 80 84 c0 4c 8b 7d 98 74 14 48 89 df 48 8b 
0000000000003a11	05 e2 26 00 00 48 89 c3 ff d3 4c 89 ef ff d3 48 
0000000000003a21	8b 7d 88 ff 15 ce 26 00 00 48 8b 05 3f 26 00 00 
0000000000003a31	48 8b 10 4c 89 f7 48 8b 35 62 33 00 00 ff 15 ac 
0000000000003a41	26 00 00 84 c0 0f 84 16 01 00 00 48 c7 45 b0 00 
0000000000003a51	00 00 00 48 8d 75 b0 48 8b 7d a0 e8 9f 16 00 00 
0000000000003a61	85 c0 4c 8b 6d a8 75 25 48 8b 5d b0 48 85 db 74 
0000000000003a71	1c 48 8b 35 37 33 00 00 4c 89 ef 48 89 da ff 15 
0000000000003a81	6b 26 00 00 48 89 df ff 15 6a 26 00 00 4c 89 eb 
0000000000003a91	4c 8b 6d a0 4c 89 ef e8 5d 16 00 00 48 8b 35 14 
0000000000003aa1	33 00 00 48 89 df 48 89 c2 48 89 c3 48 8b 05 3c 
0000000000003ab1	26 00 00 ff d0 48 89 df 48 8b 05 38 26 00 00 ff 
0000000000003ac1	d0 4c 89 ef e8 2a 16 00 00 48 89 c3 48 8b 35 ec 
0000000000003ad1	32 00 00 4c 8b 6d a8 4c 89 ef 48 89 da ff 15 0c 
0000000000003ae1	26 00 00 48 89 df ff 15 0b 26 00 00 48 8b 35 d4 
0000000000003af1	32 00 00 4c 89 ef ff 15 f3 25 00 00 48 89 c7 e8 
0000000000003b01	55 16 00 00 48 89 c3 48 85 db 0f 84 85 00 00 00 
0000000000003b11	48 8b 35 b8 32 00 00 48 8b 7d a8 ff 15 ce 25 00 
0000000000003b21	00 48 89 c7 e8 30 16 00 00 49 89 c7 4c 89 ff 48 
0000000000003b31	8b 05 c1 25 00 00 49 89 c5 41 ff d5 48 89 df 41 
0000000000003b41	ff d5 48 8b 7d a8 45 31 ed 4d 85 ff 74 0d ff 15 
0000000000003b51	ab 25 00 00 49 89 c5 4c 89 6d a8 4c 8b 7d 98 eb 
0000000000003b61	40 4c 89 ff e8 ea 15 00 00 49 89 c7 48 8b 35 7c 
0000000000003b71	31 00 00 4c 89 ff ff 15 73 25 00 00 48 89 c1 48 
0000000000003b81	8d 3d 69 28 00 00 45 31 ed 31 c0 48 89 ce e8 a2 
0000000000003b91	15 00 00 eb 0c 48 89 df ff 15 59 25 00 00 45 31 
0000000000003ba1	ed 48 8b 7d 90 48 8b 5d c8 ff 15 48 25 00 00 48 
0000000000003bb1	85 db 74 08 48 89 df e8 09 16 00 00 48 8b 7d a0 
0000000000003bc1	48 85 ff 74 05 e8 fb 15 00 00 48 8b 7d d0 48 85 
0000000000003bd1	ff 74 05 e8 ed 15 00 00 48 8b 1d 18 25 00 00 4c 
0000000000003be1	89 ff ff d3 4c 89 f7 ff d3 48 8b 7d a8 ff d3 4c 
0000000000003bf1	89 e7 ff 15 ff 24 00 00 4c 89 ef 48 83 c4 68 5b 
0000000000003c01	41 5c 41 5d 41 5e 41 5f 5d e9 33 15 00 00 55 48 
0000000000003c11	89 e5 41 57 41 56 41 55 41 54 53 48 81 ec 08 01 
0000000000003c21	00 00 49 89 d6 48 89 f3 48 8b 05 f0 23 00 00 48 
0000000000003c31	8b 00 48 89 45 d0 4c 8b 3d c2 24 00 00 41 ff d7 
0000000000003c41	48 89 85 08 ff ff ff 48 89 df 41 ff d7 48 89 85 
0000000000003c51	d8 fe ff ff 4c 89 f7 41 ff d7 0f 57 c0 0f 29 85 
0000000000003c61	40 ff ff ff 0f 29 85 30 ff ff ff 0f 29 85 20 ff 
0000000000003c71	ff ff 0f 29 85 10 ff ff ff 48 89 c7 41 ff d7 48 
0000000000003c81	89 c3 48 89 9d e0 fe ff ff 48 8b 35 2f 30 00 00 
0000000000003c91	48 8d 95 10 ff ff ff 48 8d 8d 50 ff ff ff 41 b8 
0000000000003ca1	10 00 00 00 48 89 df ff 15 42 24 00 00 48 89 85 
0000000000003cb1	f0 fe ff ff 48 85 c0 0f 84 f5 00 00 00 48 8b 85 
0000000000003cc1	20 ff ff ff 48 8b 00 48 89 85 e8 fe ff ff 48 8b 
0000000000003cd1	05 ea 2f 00 00 48 89 85 d0 fe ff ff 4c 8b 25 0c 
0000000000003ce1	24 00 00 48 8b 05 ed 30 00 00 48 89 85 00 ff ff 
0000000000003cf1	ff 48 8b 05 e7 30 00 00 48 89 85 f8 fe ff ff 45 
0000000000003d01	31 f6 48 8b 85 20 ff ff ff 48 8b 8d e8 fe ff ff 
0000000000003d11	48 39 08 74 0c 48 8b bd e0 fe ff ff e8 26 14 00 
0000000000003d21	00 48 8b 85 18 ff ff ff 4e 8b 3c f0 4c 89 ff 48 
0000000000003d31	8b b5 00 ff ff ff 41 ff d4 48 89 c7 e8 18 14 00 
0000000000003d41	00 49 89 c5 4c 89 ef 48 8b b5 f8 fe ff ff 48 8b 
0000000000003d51	95 08 ff ff ff 41 ff d4 88 c3 4c 89 ef ff 15 94 
0000000000003d61	23 00 00 84 db 0f 85 ad 00 00 00 49 ff c6 4c 3b 
0000000000003d71	b5 f0 fe ff ff 72 8b 41 b8 10 00 00 00 48 8b 9d 
0000000000003d81	e0 fe ff ff 48 89 df 48 8b b5 d0 fe ff ff 48 8d 
0000000000003d91	95 10 ff ff ff 48 8d 8d 50 ff ff ff ff 15 4d 23 
0000000000003da1	00 00 48 89 85 f0 fe ff ff 48 85 c0 0f 85 31 ff 
0000000000003db1	ff ff 48 89 df ff 15 3c 23 00 00 48 8b 3d cd 31 
0000000000003dc1	00 00 48 8b 35 1e 30 00 00 ff 15 20 23 00 00 49 
0000000000003dd1	89 c7 4d 85 ff 74 5d 48 8b 35 11 30 00 00 4c 8b 
0000000000003de1	35 0a 23 00 00 4c 89 ff 48 8b 95 08 ff ff ff 41 
0000000000003df1	ff d6 48 8b 35 fe 2f 00 00 4c 89 ff 48 8b 95 d8 
0000000000003e01	fe ff ff 41 ff d6 48 8b 35 5a 2f 00 00 48 89 df 
0000000000003e11	4c 89 fa 41 ff d6 eb 1c 4c 89 ff ff 15 de 22 00 
0000000000003e21	00 49 89 c7 48 8b 9d e0 fe ff ff 48 89 df ff 15 
0000000000003e31	c3 22 00 00 4c 8b 35 bc 22 00 00 48 89 df 41 ff 
0000000000003e41	d6 48 8b bd d8 fe ff ff 41 ff d6 48 8b bd 08 ff 
0000000000003e51	ff ff 41 ff d6 48 8b 05 c3 21 00 00 48 8b 00 48 
0000000000003e61	3b 45 d0 75 19 4c 89 ff 48 81 c4 08 01 00 00 5b 
0000000000003e71	41 5c 41 5d 41 5e 41 5f 5d e9 c3 12 00 00 e8 00 
0000000000003e81	13 00 00 55 48 89 e5 41 57 41 56 41 55 41 54 53 
0000000000003e91	48 83 ec 58 49 89 d6 49 89 f7 48 8b 05 7e 21 00 
0000000000003ea1	00 48 8b 00 48 89 45 d0 ff 15 51 22 00 00 49 89 
0000000000003eb1	c5 48 8b 05 cf 21 00 00 48 8b 00 48 89 45 90 48 
0000000000003ec1	8b 05 d1 21 00 00 48 8b 00 48 89 45 b0 48 8b 05 
0000000000003ed1	83 21 00 00 48 8b 00 48 89 45 98 48 8b 05 7d 21 
0000000000003ee1	00 00 48 8b 00 48 89 45 b8 48 8b 05 d7 21 00 00 
0000000000003ef1	48 8b 00 48 89 45 a0 48 8b 3d 59 30 00 00 48 8b 
0000000000003f01	35 92 2e 00 00 48 8b 1d e3 21 00 00 ba 01 00 00 
0000000000003f11	00 ff d3 48 89 c7 e8 3e 12 00 00 49 89 c4 4c 89 
0000000000003f21	65 c0 48 8b 05 1e 21 00 00 48 8b 00 48 89 45 a8 
0000000000003f31	4c 89 6d c8 48 8b 3d 3c 30 00 00 48 8b 35 bd 2e 
0000000000003f41	00 00 48 8d 55 b0 48 8d 4d 90 41 b8 04 00 00 00 
0000000000003f51	ff d3 48 8d 75 88 48 89 c7 e8 89 11 00 00 89 c3 
0000000000003f61	4c 89 e7 ff 15 8e 21 00 00 85 db 74 04 31 db eb 
0000000000003f71	73 4c 8b 65 88 4d 85 ff 74 2d 48 8b 05 f6 20 00 
0000000000003f81	00 48 8b 10 48 8b 35 04 2e 00 00 4c 89 e7 ff 15 
0000000000003f91	5b 21 00 00 48 89 c7 e8 bd 11 00 00 48 89 c7 e8 
0000000000003fa1	97 11 00 00 49 89 07 4d 85 f6 74 2d 48 8b 05 7c 
0000000000003fb1	20 00 00 48 8b 10 48 8b 35 d2 2d 00 00 4c 89 e7 
0000000000003fc1	ff 15 29 21 00 00 48 89 c7 e8 8b 11 00 00 48 89 
0000000000003fd1	c7 e8 65 11 00 00 49 89 06 4c 89 e7 ff 15 15 21 
0000000000003fe1	00 00 b3 01 4c 89 ef ff 15 0a 21 00 00 48 8b 05 
0000000000003ff1	2b 20 00 00 48 8b 00 48 3b 45 d0 75 11 88 d8 48 
0000000000004001	83 c4 58 5b 41 5c 41 5d 41 5e 41 5f 5d c3 e8 70 
0000000000004011	11 00 00 55 48 89 e5 41 57 41 56 41 55 41 54 53 
0000000000004021	48 81 ec c8 08 00 00 48 8b 05 f1 1f 00 00 48 8b 
0000000000004031	00 48 89 45 d0 48 8b 3d 43 2f 00 00 48 8b 35 04 
0000000000004041	2d 00 00 4c 8b 3d a5 20 00 00 41 ff d7 48 8b 35 
0000000000004051	fb 2c 00 00 48 89 c7 41 ff d7 48 89 85 88 f7 ff 
0000000000004061	ff 45 31 f6 48 85 c0 0f 84 b6 0f 00 00 e8 b1 10 
0000000000004071	00 00 48 89 85 50 f8 ff ff e8 f9 f0 ff ff 48 89 
0000000000004081	c7 e8 d3 10 00 00 48 89 85 58 f8 ff ff 48 85 c0 
0000000000004091	74 0e 48 8d 3d 76 23 00 00 31 c0 e8 95 10 00 00 
00000000000040a1	48 8b 05 e0 1f 00 00 4c 8b 28 4c 89 ad c0 f7 ff 
00000000000040b1	ff 4c 89 6d 80 48 8b 05 d3 1f 00 00 48 8b 00 48 
00000000000040c1	89 85 38 f8 ff ff 48 89 45 a8 48 8b 05 fe 1f 00 
00000000000040d1	00 48 8b 00 48 89 45 88 48 8b 3d 78 2e 00 00 4c 
00000000000040e1	8b 35 b1 2c 00 00 ba 01 00 00 00 4c 89 f6 41 ff 
00000000000040f1	d7 48 89 c7 e8 60 10 00 00 4d 89 fc 49 89 c7 4c 
0000000000004101	89 7d b0 48 8b 05 9d 1f 00 00 48 8b 00 48 89 85 
0000000000004111	30 f8 ff ff 48 89 45 90 48 8b 05 90 1f 00 00 48 
0000000000004121	8b 00 48 89 85 00 f8 ff ff 48 89 45 b8 48 8b 05 
0000000000004131	03 1f 00 00 48 8b 00 48 89 45 98 48 8b 05 fd 1e 
0000000000004141	00 00 48 8b 00 48 89 45 c0 48 8b 05 77 1f 00 00 
0000000000004151	48 8b 00 48 89 45 a0 48 8b 3d f9 2d 00 00 ba 01 
0000000000004161	00 00 00 4c 89 f6 41 ff d4 48 89 c7 e8 e8 0f 00 
0000000000004171	00 49 89 c6 4c 89 75 c8 48 8b 3d f8 2d 00 00 48 
0000000000004181	8b 35 79 2c 00 00 48 8d 55 a8 48 8d 4d 80 41 b8 
0000000000004191	05 00 00 00 41 ff d4 48 89 c7 e8 ba 0f 00 00 48 
00000000000041a1	89 c3 48 89 9d 30 f7 ff ff 4c 8b 25 47 1f 00 00 
00000000000041b1	4c 89 f7 41 ff d4 4c 89 ff 41 ff d4 48 8d b5 58 
00000000000041c1	f9 ff ff 48 89 df e8 1c 0f 00 00 85 c0 0f 85 7b 
00000000000041d1	06 00 00 48 8b bd 58 f9 ff ff e8 e0 0f 00 00 48 
00000000000041e1	85 c0 0f 8e 66 06 00 00 48 8b bd 58 f9 ff ff 0f 
00000000000041f1	57 c0 0f 29 85 40 f9 ff ff 0f 29 85 30 f9 ff ff 
0000000000004201	0f 29 85 20 f9 ff ff 0f 29 85 10 f9 ff ff ff 15 
0000000000004211	eb 1e 00 00 48 89 85 f0 f7 ff ff 48 8b 35 9d 2a 
0000000000004221	00 00 48 8d 95 10 f9 ff ff 48 8d 8d 00 ff ff ff 
0000000000004231	41 b8 10 00 00 00 48 89 c7 ff 15 b0 1e 00 00 48 
0000000000004241	89 85 40 f8 ff ff 48 85 c0 0f 84 e4 05 00 00 48 
0000000000004251	8b 85 20 f9 ff ff 4c 8b 30 4c 89 b5 c8 f7 ff ff 
0000000000004261	48 8b 05 18 1e 00 00 48 8b 00 48 89 85 20 f8 ff 
0000000000004271	ff 48 8b 05 6f 1e 00 00 48 8b 00 48 89 85 28 f8 
0000000000004281	ff ff 48 8b 05 4e 1e 00 00 48 8b 00 48 89 85 b8 
0000000000004291	f7 ff ff 48 8b 05 1d 1e 00 00 48 8b 00 48 89 85 
00000000000042a1	b0 f7 ff ff 48 8b 05 34 1e 00 00 48 8b 00 48 89 
00000000000042b1	85 a8 f7 ff ff 48 8b 05 8b 1d 00 00 48 8b 00 48 
00000000000042c1	89 85 90 f7 ff ff 48 8b 05 f2 29 00 00 48 89 85 
00000000000042d1	38 f7 ff ff 48 8b 05 b4 2a 00 00 48 89 85 48 f8 
00000000000042e1	ff ff 48 8b 05 5e 2a 00 00 48 89 85 e8 f7 ff ff 
00000000000042f1	48 8b 05 58 2a 00 00 48 89 85 e0 f7 ff ff 48 8b 
0000000000004301	05 92 2a 00 00 48 89 85 d8 f7 ff ff 48 8b 05 ec 
0000000000004311	2a 00 00 48 89 85 d0 f7 ff ff 48 8b 05 e6 2a 00 
0000000000004321	00 48 89 85 80 f7 ff ff 48 8b 05 50 2a 00 00 48 
0000000000004331	89 85 78 f7 ff ff 48 8b 05 d2 2a 00 00 48 89 85 
0000000000004341	98 f7 ff ff 48 8b 05 9c 2a 00 00 48 89 85 50 f7 
0000000000004351	ff ff 48 8b 05 be 2a 00 00 48 89 85 48 f7 ff ff 
0000000000004361	48 8b 05 b8 2a 00 00 48 89 85 70 f7 ff ff 48 8b 
0000000000004371	05 b2 2a 00 00 48 89 85 40 f7 ff ff 48 8b 05 e4 
0000000000004381	29 00 00 48 89 85 68 f7 ff ff 48 8b 05 9e 2a 00 
0000000000004391	00 48 89 85 60 f7 ff ff 48 8b 05 98 2a 00 00 48 
00000000000043a1	89 85 58 f7 ff ff 45 31 ff 48 8b 85 20 f9 ff ff 
00000000000043b1	4c 39 30 74 0c 48 8b bd f0 f7 ff ff e8 86 0d 00 
00000000000043c1	00 48 8b 85 18 f9 ff ff 4e 8b 24 f8 4c 89 e7 48 
00000000000043d1	8b b5 48 f8 ff ff 48 8b 95 20 f8 ff ff ff 15 0c 
00000000000043e1	1d 00 00 48 89 c7 e8 6e 0d 00 00 48 89 c3 48 85 
00000000000043f1	db 0f 84 eb 03 00 00 4c 89 e7 48 8b b5 48 f8 ff 
0000000000004401	ff 48 8b 95 28 f8 ff ff ff 15 e1 1c 00 00 48 89 
0000000000004411	c7 e8 43 0d 00 00 48 85 c0 0f 84 ba 03 00 00 4c 
0000000000004421	89 a5 f8 f7 ff ff 48 89 9d 18 f8 ff ff 48 c7 85 
0000000000004431	e0 f9 ff ff 00 00 00 00 48 8b 3d 58 2b 00 00 48 
0000000000004441	8b b5 e8 f7 ff ff 48 8b 1d a2 1c 00 00 49 89 c6 
0000000000004451	4c 89 b5 08 f8 ff ff ff d3 48 89 c7 48 8b b5 e0 
0000000000004461	f7 ff ff ff d3 49 89 c4 4c 89 a5 10 f8 ff ff 4c 
0000000000004471	89 ad b0 fe ff ff 48 8b 85 38 f8 ff ff 48 89 85 
0000000000004481	d8 fe ff ff 48 8b 85 b8 f7 ff ff 48 89 85 b8 fe 
0000000000004491	ff ff 48 8b 3d be 2a 00 00 ba 01 00 00 00 48 8b 
00000000000044a1	b5 d8 f7 ff ff ff d3 48 89 c7 e8 aa 0c 00 00 49 
00000000000044b1	89 c5 4c 89 ad e0 fe ff ff 48 8b 85 30 f8 ff ff 
00000000000044c1	48 89 85 c0 fe ff ff 48 8b 85 b0 f7 ff ff 48 89 
00000000000044d1	85 e8 fe ff ff 48 8b 85 28 f8 ff ff 48 89 85 c8 
00000000000044e1	fe ff ff 4c 89 b5 f0 fe ff ff 48 8b 85 a8 f7 ff 
00000000000044f1	ff 48 89 85 d0 fe ff ff 4c 89 a5 f8 fe ff ff 48 
0000000000004501	8b 3d 71 2a 00 00 41 b8 05 00 00 00 48 8b b5 d0 
0000000000004511	f7 ff ff 48 8d 95 d8 fe ff ff 48 8d 8d b0 fe ff 
0000000000004521	ff ff d3 48 89 c7 48 8d b5 e0 f9 ff ff e8 b5 0b 
0000000000004531	00 00 89 c3 4c 89 ef ff 15 ba 1b 00 00 85 db 0f 
0000000000004541	85 6b 02 00 00 48 8b bd e0 f9 ff ff 48 85 ff 0f 
0000000000004551	84 5b 02 00 00 48 8b b5 58 f8 ff ff 48 8b 95 50 
0000000000004561	f8 ff ff e8 91 f0 ff ff 48 89 c7 e8 e9 0b 00 00 
0000000000004571	48 85 c0 48 8b bd f8 f7 ff ff 0f 84 27 02 00 00 
0000000000004581	48 89 85 a0 f7 ff ff 48 8b b5 48 f8 ff ff 48 8b 
0000000000004591	95 90 f7 ff ff ff 15 54 1b 00 00 48 89 c7 e8 b6 
00000000000045a1	0b 00 00 49 89 c5 48 c7 85 08 f9 ff ff 00 00 00 
00000000000045b1	00 48 c7 85 00 f9 ff ff 00 00 00 00 4c 89 ef 48 
00000000000045c1	8d b5 08 f9 ff ff 48 8d 95 00 f9 ff ff e8 b1 f8 
00000000000045d1	ff ff 88 85 f8 f7 ff ff 48 8b bd 08 f9 ff ff 48 
00000000000045e1	8b 05 19 1b 00 00 48 89 c3 ff d3 49 89 c6 48 8b 
00000000000045f1	bd 00 f9 ff ff ff d3 49 89 c4 4c 89 ef ff 15 f4 
0000000000004601	1a 00 00 80 bd f8 f7 ff ff 00 0f 84 7c 01 00 00 
0000000000004611	48 8b bd a0 f7 ff ff 48 8b b5 80 f7 ff ff 4c 89 
0000000000004621	e2 4c 89 a5 f8 f7 ff ff 48 8b 1d c0 1a 00 00 ff 
0000000000004631	d3 48 8b 3d 0f 29 00 00 31 c0 48 8b b5 78 f7 ff 
0000000000004641	ff 48 8d 15 e7 1d 00 00 48 8b 8d 18 f8 ff ff 4d 
0000000000004651	89 f0 ff d3 48 89 c7 e8 fd 0a 00 00 49 89 c5 4c 
0000000000004661	89 ef 4c 89 f6 48 8b 95 88 f7 ff ff e8 9d f5 ff 
0000000000004671	ff 48 89 c7 e8 e0 0a 00 00 49 89 c4 4c 89 ef 4c 
0000000000004681	8b 2d 71 1a 00 00 41 ff d5 4c 89 e7 48 8b b5 98 
0000000000004691	f7 ff ff ff d3 48 89 c7 e8 bc 0a 00 00 48 89 c3 
00000000000046a1	48 89 df 41 ff d5 48 85 db 75 35 48 8b 3d cd 28 
00000000000046b1	00 00 48 8b b5 50 f7 ff ff 48 8b 05 2f 1a 00 00 
00000000000046c1	48 89 c3 ff d3 49 89 c5 4c 89 e7 48 8b b5 48 f7 
00000000000046d1	ff ff 4c 89 ea ff d3 4c 89 ef ff 15 17 1a 00 00 
00000000000046e1	4c 89 e7 48 8b b5 70 f7 ff ff ff 15 ff 19 00 00 
00000000000046f1	48 89 c7 e8 61 0a 00 00 48 89 c3 48 89 df ff 15 
0000000000004701	f3 19 00 00 48 85 db 75 17 4c 89 e7 48 8b b5 40 
0000000000004711	f7 ff ff 48 8b 95 10 f8 ff ff ff 15 cf 19 00 00 
0000000000004721	4c 89 e7 48 8b b5 98 f7 ff ff 4c 8b 2d be 19 00 
0000000000004731	00 41 ff d5 48 89 c7 e8 1d 0a 00 00 48 89 c3 48 
0000000000004741	89 df 48 8b b5 68 f7 ff ff 48 8b 95 a0 f7 ff ff 
0000000000004751	41 ff d5 48 89 df 48 8b 05 9a 19 00 00 48 89 c3 
0000000000004761	ff d3 31 d2 4c 89 e7 48 8b b5 60 f7 ff ff 41 ff 
0000000000004771	d5 31 d2 4c 89 e7 48 8b b5 58 f7 ff ff 41 ff d5 
0000000000004781	4c 89 e7 ff d3 4c 8b a5 f8 f7 ff ff 4c 89 f7 48 
0000000000004791	8b 05 61 19 00 00 48 89 c3 ff d3 4c 89 e7 ff d3 
00000000000047a1	48 8b 85 a0 f7 ff ff 48 89 c7 ff 15 47 19 00 00 
00000000000047b1	48 8b bd 10 f8 ff ff ff 15 3a 19 00 00 4c 8b ad 
00000000000047c1	c0 f7 ff ff 4c 8b b5 c8 f7 ff ff 48 8b 85 08 f8 
00000000000047d1	ff ff 48 8b 9d 18 f8 ff ff 48 89 c7 ff 15 15 19 
00000000000047e1	00 00 48 89 df ff 15 0c 19 00 00 49 ff c7 4c 3b 
00000000000047f1	bd 40 f8 ff ff 0f 82 ae fb ff ff 41 b8 10 00 00 
0000000000004801	00 48 8b bd f0 f7 ff ff 48 8b b5 38 f7 ff ff 48 
0000000000004811	8d 95 10 f9 ff ff 48 8d 8d 00 ff ff ff ff 15 cc 
0000000000004821	18 00 00 48 89 85 40 f8 ff ff 48 85 c0 0f 85 a1 
0000000000004831	fa ff ff 4c 8b b5 f0 f7 ff ff 4c 89 f7 48 8b 05 
0000000000004841	b3 18 00 00 48 89 c3 ff d3 4c 89 f7 ff d3 48 8d 
0000000000004851	b5 f8 f8 ff ff bf 03 00 00 00 e8 ac 08 00 00 45 
0000000000004861	31 f6 85 c0 0f 85 9d 07 00 00 48 8b 9d f8 f8 ff 
0000000000004871	ff 4c 8b 35 f7 24 00 00 48 89 df 4c 89 f6 4c 8b 
0000000000004881	3d 6a 18 00 00 41 ff d7 48 89 85 a0 f7 ff ff 48 
0000000000004891	8b bd 58 f8 ff ff 4c 89 f6 41 ff d7 48 85 c0 74 
00000000000048a1	40 48 8d b5 e0 f9 ff ff 31 ff e8 5c 08 00 00 85 
00000000000048b1	c0 74 0b 45 31 f6 48 89 df e9 43 07 00 00 4c 8b 
00000000000048c1	b5 e0 f9 ff ff 48 8b 35 73 25 00 00 48 89 df 4c 
00000000000048d1	89 f2 ff 15 17 18 00 00 4c 89 f7 ff 15 16 18 00 
00000000000048e1	00 48 89 9d 28 f7 ff ff 0f 57 c0 0f 29 85 e0 f8 
00000000000048f1	ff ff 0f 29 85 d0 f8 ff ff 0f 29 85 c0 f8 ff ff 
0000000000004901	0f 29 85 b0 f8 ff ff 48 89 df ff 15 ef 17 00 00 
0000000000004911	48 89 85 c8 f7 ff ff 48 8b 35 a1 23 00 00 48 8d 
0000000000004921	95 b0 f8 ff ff 48 8d 8d 30 fe ff ff 41 b8 10 00 
0000000000004931	00 00 48 89 c7 ff 15 b4 17 00 00 48 89 85 18 f8 
0000000000004941	ff ff 48 85 c0 0f 84 4a 06 00 00 48 8b 85 c0 f8 
0000000000004951	ff ff 48 8b 00 48 89 85 f8 f7 ff ff 48 8b 05 74 
0000000000004961	17 00 00 48 8b 00 48 89 85 f0 f7 ff ff 48 8b 05 
0000000000004971	b3 16 00 00 48 8b 00 48 89 85 e8 f7 ff ff 48 8b 
0000000000004981	05 3a 17 00 00 48 8b 00 48 89 85 e0 f7 ff ff 48 
0000000000004991	8b 05 29 23 00 00 48 89 85 38 f7 ff ff 31 c9 48 
00000000000049a1	89 8d 28 f8 ff ff eb 07 48 8b 05 10 23 00 00 48 
00000000000049b1	89 85 70 f7 ff ff 48 8b 05 fa 22 00 00 48 89 85 
00000000000049c1	10 f8 ff ff 48 8b 05 34 24 00 00 48 89 85 08 f8 
00000000000049d1	ff ff 48 8b 05 d6 22 00 00 48 89 85 a8 f7 ff ff 
00000000000049e1	48 8b 05 60 24 00 00 48 89 85 90 f7 ff ff 48 8b 
00000000000049f1	05 5a 24 00 00 48 89 85 80 f7 ff ff 48 8b 05 54 
0000000000004a01	24 00 00 48 89 85 78 f7 ff ff 48 8b 05 56 24 00 
0000000000004a11	00 48 89 85 58 f7 ff ff 48 8b 05 50 24 00 00 48 
0000000000004a21	89 85 68 f7 ff ff 48 8b 05 42 23 00 00 48 89 85 
0000000000004a31	60 f7 ff ff 48 8b 05 f4 23 00 00 48 89 85 50 f7 
0000000000004a41	ff ff 48 8b 05 ce 23 00 00 48 89 85 48 f7 ff ff 
0000000000004a51	48 8b 05 e0 23 00 00 48 89 85 40 f7 ff ff 45 31 
0000000000004a61	f6 48 8b 85 c0 f8 ff ff 48 8b 8d f8 f7 ff ff 48 
0000000000004a71	39 08 74 0c 48 8b bd c8 f7 ff ff e8 c7 06 00 00 
0000000000004a81	48 8b 85 b8 f8 ff ff 4e 8b 24 f0 48 ff 85 28 f8 
0000000000004a91	ff ff 4c 89 ad f0 fd ff ff 48 8b 85 38 f8 ff ff 
0000000000004aa1	48 89 85 10 fe ff ff 48 8b 85 f0 f7 ff ff 48 89 
0000000000004ab1	85 f8 fd ff ff 48 8b 85 e8 f7 ff ff 48 89 85 18 
0000000000004ac1	fe ff ff 48 8b 85 30 f8 ff ff 48 89 85 00 fe ff 
0000000000004ad1	ff 48 8b 85 00 f8 ff ff 48 89 85 20 fe ff ff 48 
0000000000004ae1	8b 85 e0 f7 ff ff 48 89 85 08 fe ff ff 4c 89 a5 
0000000000004af1	e8 fd ff ff 48 8b 3d 54 24 00 00 b9 01 00 00 00 
0000000000004b01	48 8b b5 10 f8 ff ff 48 8d 95 e8 fd ff ff 41 ff 
0000000000004b11	d7 48 89 c7 e8 40 06 00 00 48 89 c3 48 89 9d 28 
0000000000004b21	fe ff ff 48 8b 3d 4d 24 00 00 41 b8 04 00 00 00 
0000000000004b31	48 8b b5 08 f8 ff ff 48 8d 95 10 fe ff ff 48 8d 
0000000000004b41	8d f0 fd ff ff 41 ff d7 48 89 c7 e8 09 06 00 00 
0000000000004b51	48 89 df 48 89 c3 ff 15 9b 15 00 00 48 89 df 48 
0000000000004b61	8d b5 a8 f8 ff ff e8 7c 05 00 00 85 c0 0f 85 d1 
0000000000004b71	03 00 00 48 89 9d d0 f7 ff ff 4c 89 b5 d8 f7 ff 
0000000000004b81	ff 4c 8b b5 a8 f8 ff ff c7 85 a4 f8 ff ff 00 04 
0000000000004b91	00 00 4c 89 e7 48 8d b5 a4 f8 ff ff 48 8d 95 e0 
0000000000004ba1	f9 ff ff e8 69 05 00 00 85 c0 4c 89 e3 0f 85 7a 
0000000000004bb1	03 00 00 48 8b 3d 8d 23 00 00 48 8b b5 a8 f7 ff 
0000000000004bc1	ff 48 8d 95 e0 f9 ff ff ff 15 21 15 00 00 48 89 
0000000000004bd1	c7 e8 83 05 00 00 49 89 c4 48 8b 85 28 f8 ff ff 
0000000000004be1	48 3b 85 a0 f7 ff ff 0f 86 21 01 00 00 4c 89 b5 
0000000000004bf1	b8 f7 ff ff 48 89 9d b0 f7 ff ff 4c 89 e7 48 8b 
0000000000004c01	b5 90 f7 ff ff 41 ff d7 48 89 c7 e8 49 05 00 00 
0000000000004c11	49 89 c6 4c 89 f7 48 8b b5 80 f7 ff ff 41 ff d7 
0000000000004c21	48 89 c7 e8 31 05 00 00 4d 89 e5 49 89 c4 4c 89 
0000000000004c31	f7 48 8b 05 bf 14 00 00 48 89 c3 ff d3 4c 89 ef 
0000000000004c41	ff d3 ba 04 00 00 00 48 8d 3d 01 18 00 00 48 8b 
0000000000004c51	9d 78 f7 ff ff 48 89 de 41 ff d7 49 89 c6 ba 04 
0000000000004c61	00 00 00 4c 89 e7 48 89 de 41 ff d7 41 bd 1f 00 
0000000000004c71	00 00 4d 29 f5 4c 39 e8 76 7f 48 8b 05 de 21 00 
0000000000004c81	00 48 89 85 48 f8 ff ff 4c 8b 35 c8 21 00 00 4c 
0000000000004c91	89 e3 ba 01 00 00 00 48 89 df 48 8b b5 48 f8 ff 
0000000000004ca1	ff 41 ff d7 48 89 c7 e8 ad 04 00 00 49 89 c4 48 
0000000000004cb1	89 df ff 15 3f 14 00 00 ba 04 00 00 00 4c 89 e7 
0000000000004cc1	4c 89 f6 41 ff d7 4c 39 e8 77 c4 48 8d 3d 7d 17 
0000000000004cd1	00 00 48 8b b5 58 f7 ff ff 4c 89 e2 ff 15 0d 14 
0000000000004ce1	00 00 48 89 c7 e8 6f 04 00 00 48 89 c3 4c 89 e7 
0000000000004cf1	ff 15 01 14 00 00 49 89 dc 4c 8b ad c0 f7 ff ff 
0000000000004d01	48 8b 9d b0 f7 ff ff 4c 8b b5 b8 f7 ff ff 48 89 
0000000000004d11	df 48 8d b5 a0 f8 ff ff e8 fa 03 00 00 85 c0 0f 
0000000000004d21	85 ff 01 00 00 4c 89 a5 98 f7 ff ff 48 89 9d b0 
0000000000004d31	f7 ff ff 48 8b 3d 45 22 00 00 48 8b b5 68 f7 ff 
0000000000004d41	ff 41 ff d7 48 89 c7 e8 0d 04 00 00 48 89 85 48 
0000000000004d51	f8 ff ff 0f 57 c0 0f 29 85 90 f8 ff ff 0f 29 85 
0000000000004d61	80 f8 ff ff 0f 29 85 70 f8 ff ff 0f 29 85 60 f8 
0000000000004d71	ff ff 4c 89 f7 4c 89 b5 b8 f7 ff ff ff 15 7d 13 
0000000000004d81	00 00 48 89 85 40 f8 ff ff 41 b8 10 00 00 00 48 
0000000000004d91	89 c7 48 8b b5 70 f7 ff ff 48 8d 95 60 f8 ff ff 
0000000000004da1	48 8d 8d 60 f9 ff ff 41 ff d7 48 89 c3 48 85 db 
0000000000004db1	0f 84 c0 00 00 00 48 8b 85 70 f8 ff ff 4c 8b 20 
0000000000004dc1	48 8b 05 f8 1e 00 00 48 89 85 20 f8 ff ff 4c 8b 
0000000000004dd1	3d 92 1f 00 00 45 31 f6 48 8b 85 70 f8 ff ff 4c 
0000000000004de1	39 20 74 0c 48 8b bd 40 f8 ff ff e8 57 03 00 00 
0000000000004df1	48 8b 85 68 f8 ff ff 4a 8b 3c f0 48 8b b5 58 f8 
0000000000004e01	ff ff 48 8b 95 50 f8 ff ff e8 eb e7 ff ff 48 89 
0000000000004e11	c7 e8 43 03 00 00 49 89 c5 4d 85 ed 74 13 48 8b 
0000000000004e21	bd 48 f8 ff ff 4c 89 fe 4c 89 ea ff 15 be 12 00 
0000000000004e31	00 4c 89 ef ff 15 bd 12 00 00 49 ff c6 49 39 de 
0000000000004e41	72 96 41 b8 10 00 00 00 48 8b bd 40 f8 ff ff 48 
0000000000004e51	8b b5 20 f8 ff ff 48 8d 95 60 f8 ff ff 48 8d 8d 
0000000000004e61	60 f9 ff ff ff 15 85 12 00 00 48 89 c3 48 85 db 
0000000000004e71	0f 85 58 ff ff ff 48 8b bd 40 f8 ff ff ff 15 74 
0000000000004e81	12 00 00 4c 8b b5 48 f8 ff ff 4c 89 f7 48 8b b5 
0000000000004e91	60 f7 ff ff ff 15 55 12 00 00 48 85 c0 4c 8b 3d 
0000000000004ea1	4b 12 00 00 4c 8b a5 98 f7 ff ff 74 60 4c 89 e7 
0000000000004eb1	4c 89 e6 48 8b 95 88 f7 ff ff e8 4f ed ff ff 48 
0000000000004ec1	89 c7 e8 92 02 00 00 48 89 c3 48 89 df 48 8b b5 
0000000000004ed1	50 f7 ff ff 48 8b 95 b0 f7 ff ff 41 ff d7 48 89 
0000000000004ee1	df 48 8b b5 48 f7 ff ff 4c 89 f2 41 ff d7 8b 95 
0000000000004ef1	a0 f8 ff ff 83 e2 01 48 89 df 48 8b b5 40 f7 ff 
0000000000004f01	ff 41 ff d7 48 89 df ff 15 ea 11 00 00 4c 89 f7 
0000000000004f11	ff 15 e1 11 00 00 4c 8b ad c0 f7 ff ff 4c 8b b5 
0000000000004f21	b8 f7 ff ff 4c 89 e7 ff 15 ca 11 00 00 4c 89 f7 
0000000000004f31	ff 15 c1 11 00 00 4c 8b b5 d8 f7 ff ff 48 8b 9d 
0000000000004f41	d0 f7 ff ff 48 89 df ff 15 aa 11 00 00 49 ff c6 
0000000000004f51	4c 3b b5 18 f8 ff ff 0f 82 04 fb ff ff 41 b8 10 
0000000000004f61	00 00 00 48 8b bd c8 f7 ff ff 48 8b b5 38 f7 ff 
0000000000004f71	ff 48 8d 95 b0 f8 ff ff 48 8d 8d 30 fe ff ff ff 
0000000000004f81	15 6a 11 00 00 48 89 85 18 f8 ff ff 48 85 c0 0f 
0000000000004f91	85 13 fa ff ff 48 8b bd c8 f7 ff ff ff 15 55 11 
0000000000004fa1	00 00 48 8b bd 50 f8 ff ff 48 85 ff 74 05 e8 12 
0000000000004fb1	02 00 00 4c 8b 35 b5 1d 00 00 48 8b 9d 88 f7 ff 
0000000000004fc1	ff 48 89 df 4c 89 f6 41 ff d7 48 89 c1 48 8d 3d 
0000000000004fd1	9b 14 00 00 31 c0 48 89 ce e8 57 01 00 00 48 89 
0000000000004fe1	df 4c 89 f6 41 ff d7 48 85 c0 48 89 df 48 0f 44 
0000000000004ff1	f8 ff 15 08 11 00 00 49 89 c6 48 8b bd 28 f7 ff 
0000000000005001	ff ff 15 f0 10 00 00 48 8b bd 30 f7 ff ff 48 8b 
0000000000005011	05 e2 10 00 00 48 89 c3 ff d3 48 8b bd 58 f8 ff 
0000000000005021	ff ff d3 48 8b bd 88 f7 ff ff ff 15 c7 10 00 00 
0000000000005031	48 8b 05 e8 0f 00 00 48 8b 00 48 3b 45 d0 75 19 
0000000000005041	4c 89 f7 48 81 c4 c8 08 00 00 5b 41 5c 41 5d 41 
0000000000005051	5e 41 5f 5d e9 e8 00 00 00 e8 25 01 00 00 55 48 
0000000000005061	89 e5 48 85 d2 74 0c 48 8b 47 28 48 8b 40 08 c6 
0000000000005071	40 18 00 48 8b 7f 20 5d e9 12 01 00 00 55 48 89 
0000000000005081	e5 53 50 48 89 f3 48 83 c7 28 48 8b 73 28 ba 08 
0000000000005091	00 00 00 e8 d3 00 00 00 48 8b 7b 20 48 83 c4 08 
00000000000050a1	5b 5d ff 25 57 10 00 00 55 48 89 e5 53 50 48 89 
00000000000050b1	fb 48 8b 7b 28 be 08 00 00 00 e8 b2 00 00 00 48 
00000000000050c1	8b 7b 20 48 83 c4 08 5b 5d ff 25 28 10 00 00 
